{"contracts/Faucet.sol":{"l":{"11":110,"17":2,"18":2,"19":2},"path":"/home/fabianorodrigo/Projetos/bitbucket/solidity-test/workdir/golem-contracts/contracts/Faucet.sol","s":{"1":110,"2":2,"3":2,"4":0,"5":2},"b":{"1":[0,2]},"f":{"1":110,"2":2},"fnMap":{"1":{"name":"constructor","line":10,"loc":{"start":{"line":10,"column":4},"end":{"line":10,"column":36}}},"2":{"name":"create","line":16,"loc":{"start":{"line":16,"column":4},"end":{"line":16,"column":28}}}},"statementMap":{"1":{"start":{"line":11,"column":8},"end":{"line":11,"column":40}},"2":{"start":{"line":17,"column":8},"end":{"line":17,"column":63}},"3":{"start":{"line":18,"column":8},"end":{"line":18,"column":59}},"4":{"start":{"line":18,"column":51},"end":{"line":18,"column":58}},"5":{"start":{"line":19,"column":8},"end":{"line":19,"column":41}}},"branchMap":{"1":{"line":18,"type":"if","locations":[{"start":{"line":18,"column":8},"end":{"line":18,"column":8}},{"start":{"line":18,"column":8},"end":{"line":18,"column":8}}]}}},"contracts/GNTDeposit.sol":{"l":{"53":110,"54":110,"55":110,"56":110,"62":2,"63":0,"67":36,"68":24,"72":2,"73":0,"79":1,"83":1,"87":1,"91":3,"95":1,"99":1,"105":3,"106":1,"107":1,"111":3,"112":1,"113":1,"117":1,"121":1,"125":1,"131":1,"132":1,"136":1,"137":1,"143":0,"144":0,"145":0,"146":0,"147":0,"151":0,"152":0,"153":0,"154":0,"155":0,"159":4,"160":0,"161":0,"162":0,"164":0,"165":0,"181":4,"182":0,"183":0,"184":0,"201":10,"202":2,"203":2,"204":2,"207":2,"208":2,"210":0,"211":0,"212":0,"214":0,"215":0,"216":0,"231":4,"232":0,"233":0,"234":0,"244":2,"245":0,"251":2,"252":0,"253":0,"254":0,"255":0,"257":0,"258":0,"260":0,"261":0,"262":0,"264":0,"268":1,"269":1,"272":0,"276":1,"277":1,"280":0,"292":11},"path":"/home/fabianorodrigo/Projetos/bitbucket/solidity-test/workdir/golem-contracts/contracts/GNTDeposit.sol","s":{"1":110,"2":110,"3":110,"4":110,"5":2,"6":36,"7":2,"8":1,"9":1,"10":1,"11":3,"12":1,"13":1,"14":3,"15":1,"16":1,"17":3,"18":1,"19":1,"20":1,"21":1,"22":1,"23":1,"24":1,"25":1,"26":1,"27":0,"28":0,"29":0,"30":0,"31":0,"32":0,"33":0,"34":0,"35":0,"36":0,"37":4,"38":0,"39":0,"40":0,"41":0,"42":0,"43":4,"44":0,"45":0,"46":0,"47":10,"48":2,"49":2,"50":2,"51":2,"52":2,"53":0,"54":0,"55":0,"56":0,"57":0,"58":0,"59":4,"60":0,"61":0,"62":0,"63":2,"64":0,"65":2,"66":0,"67":0,"68":0,"69":0,"70":0,"71":0,"72":0,"73":0,"74":0,"75":0,"76":1,"77":1,"78":0,"79":1,"80":1,"81":0,"82":11},"b":{"1":[0,2],"2":[24,12],"3":[0,2],"4":[1,2],"5":[1,2],"6":[0,0],"7":[0,0],"8":[0,0],"9":[0,4],"10":[0,0],"11":[0,4],"12":[0,0],"13":[2,8],"14":[2,0],"15":[2,0],"16":[2,0],"17":[0,2],"18":[0,0],"19":[0,4],"20":[0,0],"21":[0,2],"22":[0,0],"23":[0,0],"24":[0,0],"25":[0,0],"26":[0,0],"27":[1,0],"28":[1,0]},"f":{"1":110,"2":2,"3":36,"4":2,"5":1,"6":1,"7":1,"8":3,"9":1,"10":1,"11":3,"12":3,"13":1,"14":1,"15":1,"16":1,"17":1,"18":0,"19":0,"20":4,"21":4,"22":10,"23":4,"24":2,"25":2,"26":1,"27":1,"28":11},"fnMap":{"1":{"name":"constructor","line":45,"loc":{"start":{"line":45,"column":4},"end":{"line":52,"column":5}}},"2":{"name":"onlyUnlocked","line":61,"loc":{"start":{"line":61,"column":4},"end":{"line":61,"column":25}}},"3":{"name":"onlyConcent","line":66,"loc":{"start":{"line":66,"column":4},"end":{"line":66,"column":24}}},"4":{"name":"onlyToken","line":71,"loc":{"start":{"line":71,"column":4},"end":{"line":71,"column":22}}},"5":{"name":"balanceOf","line":78,"loc":{"start":{"line":78,"column":4},"end":{"line":78,"column":68}}},"6":{"name":"isLocked","line":82,"loc":{"start":{"line":82,"column":4},"end":{"line":82,"column":64}}},"7":{"name":"isTimeLocked","line":86,"loc":{"start":{"line":86,"column":4},"end":{"line":86,"column":68}}},"8":{"name":"isUnlocked","line":90,"loc":{"start":{"line":90,"column":4},"end":{"line":90,"column":64}}},"9":{"name":"getTimelock","line":94,"loc":{"start":{"line":94,"column":4},"end":{"line":94,"column":70}}},"10":{"name":"isDepositPossible","line":98,"loc":{"start":{"line":98,"column":4},"end":{"line":98,"column":90}}},"11":{"name":"transferConcent","line":104,"loc":{"start":{"line":104,"column":4},"end":{"line":104,"column":66}}},"12":{"name":"transferColdwallet","line":110,"loc":{"start":{"line":110,"column":4},"end":{"line":110,"column":72}}},"13":{"name":"setMaximumDepositsTotal","line":116,"loc":{"start":{"line":116,"column":4},"end":{"line":116,"column":69}}},"14":{"name":"setMaximumDepositAmount","line":120,"loc":{"start":{"line":120,"column":4},"end":{"line":120,"column":69}}},"15":{"name":"setDailyReimbursementLimit","line":124,"loc":{"start":{"line":124,"column":4},"end":{"line":124,"column":72}}},"16":{"name":"unlock","line":130,"loc":{"start":{"line":130,"column":4},"end":{"line":130,"column":28}}},"17":{"name":"lock","line":135,"loc":{"start":{"line":135,"column":4},"end":{"line":135,"column":26}}},"18":{"name":"onTokenReceived","line":140,"loc":{"start":{"line":140,"column":4},"end":{"line":140,"column":105}}},"19":{"name":"withdraw","line":150,"loc":{"start":{"line":150,"column":4},"end":{"line":150,"column":54}}},"20":{"name":"burn","line":158,"loc":{"start":{"line":158,"column":4},"end":{"line":158,"column":68}}},"21":{"name":"reimburseForSubtask","line":168,"loc":{"start":{"line":168,"column":4},"end":{"line":180,"column":5}}},"22":{"name":"reimburseForNoPayment","line":187,"loc":{"start":{"line":187,"column":4},"end":{"line":200,"column":5}}},"23":{"name":"reimburseForVerificationCosts","line":219,"loc":{"start":{"line":219,"column":4},"end":{"line":230,"column":5}}},"24":{"name":"reimburseForCommunication","line":237,"loc":{"start":{"line":237,"column":4},"end":{"line":243,"column":5}}},"25":{"name":"_reimburse","line":250,"loc":{"start":{"line":250,"column":4},"end":{"line":250,"column":74}}},"26":{"name":"_isTotalDepositsLimitHit","line":267,"loc":{"start":{"line":267,"column":4},"end":{"line":267,"column":80}}},"27":{"name":"_isMaximumDepositLimitHit","line":275,"loc":{"start":{"line":275,"column":4},"end":{"line":275,"column":97}}},"28":{"name":"_isValidSignature","line":283,"loc":{"start":{"line":283,"column":4},"end":{"line":291,"column":34}}}},"statementMap":{"1":{"start":{"line":53,"column":8},"end":{"line":53,"column":21}},"2":{"start":{"line":54,"column":8},"end":{"line":54,"column":25}},"3":{"start":{"line":55,"column":8},"end":{"line":55,"column":31}},"4":{"start":{"line":56,"column":8},"end":{"line":56,"column":43}},"5":{"start":{"line":62,"column":8},"end":{"line":62,"column":65}},"6":{"start":{"line":67,"column":8},"end":{"line":67,"column":60}},"7":{"start":{"line":72,"column":8},"end":{"line":72,"column":65}},"8":{"start":{"line":79,"column":8},"end":{"line":79,"column":31}},"9":{"start":{"line":83,"column":8},"end":{"line":83,"column":40}},"10":{"start":{"line":87,"column":8},"end":{"line":87,"column":53}},"11":{"start":{"line":91,"column":8},"end":{"line":91,"column":82}},"12":{"start":{"line":95,"column":8},"end":{"line":95,"column":35}},"13":{"start":{"line":99,"column":8},"end":{"line":99,"column":96}},"14":{"start":{"line":105,"column":8},"end":{"line":105,"column":76}},"15":{"start":{"line":106,"column":8},"end":{"line":106,"column":53}},"16":{"start":{"line":107,"column":8},"end":{"line":107,"column":28}},"17":{"start":{"line":111,"column":8},"end":{"line":111,"column":82}},"18":{"start":{"line":112,"column":8},"end":{"line":112,"column":62}},"19":{"start":{"line":113,"column":8},"end":{"line":113,"column":34}},"20":{"start":{"line":117,"column":8},"end":{"line":117,"column":38}},"21":{"start":{"line":121,"column":8},"end":{"line":121,"column":38}},"22":{"start":{"line":125,"column":8},"end":{"line":125,"column":41}},"23":{"start":{"line":131,"column":8},"end":{"line":131,"column":68}},"24":{"start":{"line":132,"column":8},"end":{"line":132,"column":31}},"25":{"start":{"line":136,"column":8},"end":{"line":136,"column":35}},"26":{"start":{"line":137,"column":8},"end":{"line":137,"column":29}},"27":{"start":{"line":143,"column":8},"end":{"line":143,"column":72}},"28":{"start":{"line":144,"column":8},"end":{"line":144,"column":87}},"29":{"start":{"line":145,"column":8},"end":{"line":145,"column":33}},"30":{"start":{"line":146,"column":8},"end":{"line":146,"column":30}},"31":{"start":{"line":147,"column":8},"end":{"line":147,"column":36}},"32":{"start":{"line":151,"column":8},"end":{"line":151,"column":46}},"33":{"start":{"line":152,"column":8},"end":{"line":152,"column":31}},"34":{"start":{"line":153,"column":8},"end":{"line":153,"column":35}},"35":{"start":{"line":154,"column":8},"end":{"line":154,"column":44}},"36":{"start":{"line":155,"column":8},"end":{"line":155,"column":47}},"37":{"start":{"line":159,"column":8},"end":{"line":159,"column":70}},"38":{"start":{"line":160,"column":8},"end":{"line":160,"column":33}},"39":{"start":{"line":161,"column":8},"end":{"line":161,"column":5733}},"40":{"start":{"line":162,"column":12},"end":{"line":162,"column":34}},"41":{"start":{"line":164,"column":8},"end":{"line":164,"column":26}},"42":{"start":{"line":165,"column":8},"end":{"line":165,"column":33}},"43":{"start":{"line":181,"column":8},"end":{"line":181,"column":111}},"44":{"start":{"line":182,"column":8},"end":{"line":182,"column":80}},"45":{"start":{"line":183,"column":8},"end":{"line":183,"column":59}},"46":{"start":{"line":184,"column":8},"end":{"line":184,"column":87}},"47":{"start":{"line":201,"column":8},"end":{"line":201,"column":52}},"48":{"start":{"line":202,"column":8},"end":{"line":202,"column":43}},"49":{"start":{"line":203,"column":8},"end":{"line":203,"column":43}},"50":{"start":{"line":204,"column":8},"end":{"line":204,"column":43}},"51":{"start":{"line":207,"column":8},"end":{"line":207,"column":7284}},"52":{"start":{"line":208,"column":10},"end":{"line":208,"column":128}},"53":{"start":{"line":210,"column":8},"end":{"line":210,"column":32}},"54":{"start":{"line":211,"column":8},"end":{"line":211,"column":7514}},"55":{"start":{"line":212,"column":10},"end":{"line":212,"column":35}},"56":{"start":{"line":214,"column":8},"end":{"line":214,"column":83}},"57":{"start":{"line":215,"column":8},"end":{"line":215,"column":59}},"58":{"start":{"line":216,"column":8},"end":{"line":216,"column":91}},"59":{"start":{"line":231,"column":8},"end":{"line":231,"column":110}},"60":{"start":{"line":232,"column":8},"end":{"line":232,"column":80}},"61":{"start":{"line":233,"column":8},"end":{"line":233,"column":55}},"62":{"start":{"line":234,"column":8},"end":{"line":234,"column":81}},"63":{"start":{"line":244,"column":8},"end":{"line":244,"column":45}},"64":{"start":{"line":245,"column":8},"end":{"line":245,"column":54}},"65":{"start":{"line":251,"column":8},"end":{"line":251,"column":75}},"66":{"start":{"line":252,"column":8},"end":{"line":252,"column":8893}},"67":{"start":{"line":253,"column":12},"end":{"line":253,"column":8947}},"68":{"start":{"line":254,"column":16},"end":{"line":254,"column":67}},"69":{"start":{"line":255,"column":16},"end":{"line":255,"column":44}},"70":{"start":{"line":257,"column":12},"end":{"line":257,"column":117}},"71":{"start":{"line":258,"column":12},"end":{"line":258,"column":47}},"72":{"start":{"line":260,"column":8},"end":{"line":260,"column":33}},"73":{"start":{"line":261,"column":8},"end":{"line":261,"column":9359}},"74":{"start":{"line":262,"column":12},"end":{"line":262,"column":34}},"75":{"start":{"line":264,"column":8},"end":{"line":264,"column":44}},"76":{"start":{"line":268,"column":8},"end":{"line":268,"column":9581}},"77":{"start":{"line":269,"column":12},"end":{"line":269,"column":24}},"78":{"start":{"line":272,"column":8},"end":{"line":272,"column":80}},"79":{"start":{"line":276,"column":8},"end":{"line":276,"column":9944}},"80":{"start":{"line":277,"column":12},"end":{"line":277,"column":24}},"81":{"start":{"line":280,"column":8},"end":{"line":280,"column":66}},"82":{"start":{"line":292,"column":8},"end":{"line":292,"column":145}}},"branchMap":{"1":{"line":62,"type":"if","locations":[{"start":{"line":62,"column":8},"end":{"line":62,"column":8}},{"start":{"line":62,"column":8},"end":{"line":62,"column":8}}]},"2":{"line":67,"type":"if","locations":[{"start":{"line":67,"column":8},"end":{"line":67,"column":8}},{"start":{"line":67,"column":8},"end":{"line":67,"column":8}}]},"3":{"line":72,"type":"if","locations":[{"start":{"line":72,"column":8},"end":{"line":72,"column":8}},{"start":{"line":72,"column":8},"end":{"line":72,"column":8}}]},"4":{"line":105,"type":"if","locations":[{"start":{"line":105,"column":8},"end":{"line":105,"column":8}},{"start":{"line":105,"column":8},"end":{"line":105,"column":8}}]},"5":{"line":111,"type":"if","locations":[{"start":{"line":111,"column":8},"end":{"line":111,"column":8}},{"start":{"line":111,"column":8},"end":{"line":111,"column":8}}]},"6":{"line":143,"type":"if","locations":[{"start":{"line":143,"column":8},"end":{"line":143,"column":8}},{"start":{"line":143,"column":8},"end":{"line":143,"column":8}}]},"7":{"line":144,"type":"if","locations":[{"start":{"line":144,"column":8},"end":{"line":144,"column":8}},{"start":{"line":144,"column":8},"end":{"line":144,"column":8}}]},"8":{"line":154,"type":"if","locations":[{"start":{"line":154,"column":8},"end":{"line":154,"column":8}},{"start":{"line":154,"column":8},"end":{"line":154,"column":8}}]},"9":{"line":159,"type":"if","locations":[{"start":{"line":159,"column":8},"end":{"line":159,"column":8}},{"start":{"line":159,"column":8},"end":{"line":159,"column":8}}]},"10":{"line":161,"type":"if","locations":[{"start":{"line":161,"column":8},"end":{"line":161,"column":8}},{"start":{"line":161,"column":8},"end":{"line":161,"column":8}}]},"11":{"line":181,"type":"if","locations":[{"start":{"line":181,"column":8},"end":{"line":181,"column":8}},{"start":{"line":181,"column":8},"end":{"line":181,"column":8}}]},"12":{"line":182,"type":"if","locations":[{"start":{"line":182,"column":8},"end":{"line":182,"column":8}},{"start":{"line":182,"column":8},"end":{"line":182,"column":8}}]},"13":{"line":201,"type":"if","locations":[{"start":{"line":201,"column":8},"end":{"line":201,"column":8}},{"start":{"line":201,"column":8},"end":{"line":201,"column":8}}]},"14":{"line":202,"type":"if","locations":[{"start":{"line":202,"column":8},"end":{"line":202,"column":8}},{"start":{"line":202,"column":8},"end":{"line":202,"column":8}}]},"15":{"line":203,"type":"if","locations":[{"start":{"line":203,"column":8},"end":{"line":203,"column":8}},{"start":{"line":203,"column":8},"end":{"line":203,"column":8}}]},"16":{"line":204,"type":"if","locations":[{"start":{"line":204,"column":8},"end":{"line":204,"column":8}},{"start":{"line":204,"column":8},"end":{"line":204,"column":8}}]},"17":{"line":208,"type":"if","locations":[{"start":{"line":208,"column":10},"end":{"line":208,"column":10}},{"start":{"line":208,"column":10},"end":{"line":208,"column":10}}]},"18":{"line":214,"type":"if","locations":[{"start":{"line":214,"column":8},"end":{"line":214,"column":8}},{"start":{"line":214,"column":8},"end":{"line":214,"column":8}}]},"19":{"line":231,"type":"if","locations":[{"start":{"line":231,"column":8},"end":{"line":231,"column":8}},{"start":{"line":231,"column":8},"end":{"line":231,"column":8}}]},"20":{"line":232,"type":"if","locations":[{"start":{"line":232,"column":8},"end":{"line":232,"column":8}},{"start":{"line":232,"column":8},"end":{"line":232,"column":8}}]},"21":{"line":251,"type":"if","locations":[{"start":{"line":251,"column":8},"end":{"line":251,"column":8}},{"start":{"line":251,"column":8},"end":{"line":251,"column":8}}]},"22":{"line":252,"type":"if","locations":[{"start":{"line":252,"column":8},"end":{"line":252,"column":8}},{"start":{"line":252,"column":8},"end":{"line":252,"column":8}}]},"23":{"line":253,"type":"if","locations":[{"start":{"line":253,"column":12},"end":{"line":253,"column":12}},{"start":{"line":253,"column":12},"end":{"line":253,"column":12}}]},"24":{"line":257,"type":"if","locations":[{"start":{"line":257,"column":12},"end":{"line":257,"column":12}},{"start":{"line":257,"column":12},"end":{"line":257,"column":12}}]},"25":{"line":261,"type":"if","locations":[{"start":{"line":261,"column":8},"end":{"line":261,"column":8}},{"start":{"line":261,"column":8},"end":{"line":261,"column":8}}]},"26":{"line":264,"type":"if","locations":[{"start":{"line":264,"column":8},"end":{"line":264,"column":8}},{"start":{"line":264,"column":8},"end":{"line":264,"column":8}}]},"27":{"line":268,"type":"if","locations":[{"start":{"line":268,"column":8},"end":{"line":268,"column":8}},{"start":{"line":268,"column":8},"end":{"line":268,"column":8}}]},"28":{"line":276,"type":"if","locations":[{"start":{"line":276,"column":8},"end":{"line":276,"column":8}},{"start":{"line":276,"column":8},"end":{"line":276,"column":8}}]}}},"contracts/GNTPaymentChannels.sol":{"l":{"27":110,"28":110,"32":4,"33":0,"37":2,"38":0,"44":1,"48":1,"52":1,"56":1,"71":3,"78":0,"79":0,"80":0,"81":0,"84":0,"85":0,"86":0,"100":0,"101":0,"102":0,"103":0,"105":0,"106":0,"109":0,"110":0,"111":0,"117":1,"118":1,"119":1,"120":1,"127":2,"128":2,"129":2,"131":0,"132":0,"133":0,"134":0,"147":7},"path":"/home/fabianorodrigo/Projetos/bitbucket/solidity-test/workdir/golem-contracts/contracts/GNTPaymentChannels.sol","s":{"1":110,"2":110,"3":4,"4":2,"5":1,"6":1,"7":1,"8":1,"9":3,"10":0,"11":0,"12":0,"13":0,"14":0,"15":0,"16":0,"17":0,"18":0,"19":0,"20":0,"21":0,"22":0,"23":0,"24":0,"25":1,"26":1,"27":1,"28":1,"29":2,"30":2,"31":2,"32":0,"33":0,"34":0,"35":0,"36":7},"b":{"1":[0,4],"2":[0,2],"3":[0,0],"4":[0,0],"5":[0,0],"6":[0,0],"7":[0,2],"8":[0,0]},"f":{"1":110,"2":4,"3":2,"4":1,"5":1,"6":1,"7":1,"8":3,"9":0,"10":0,"11":1,"12":2,"13":7},"fnMap":{"1":{"name":"constructor","line":26,"loc":{"start":{"line":26,"column":4},"end":{"line":26,"column":58}}},"2":{"name":"onlyToken","line":31,"loc":{"start":{"line":31,"column":4},"end":{"line":31,"column":22}}},"3":{"name":"onlyValidSig","line":36,"loc":{"start":{"line":36,"column":4},"end":{"line":36,"column":105}}},"4":{"name":"getDeposited","line":43,"loc":{"start":{"line":43,"column":4},"end":{"line":43,"column":88}}},"5":{"name":"getWithdrawn","line":47,"loc":{"start":{"line":47,"column":4},"end":{"line":47,"column":88}}},"6":{"name":"isLocked","line":51,"loc":{"start":{"line":51,"column":4},"end":{"line":51,"column":79}}},"7":{"name":"isTimeLocked","line":55,"loc":{"start":{"line":55,"column":4},"end":{"line":55,"column":83}}},"8":{"name":"isValidSig","line":59,"loc":{"start":{"line":59,"column":4},"end":{"line":70,"column":5}}},"9":{"name":"onTokenReceived","line":77,"loc":{"start":{"line":77,"column":4},"end":{"line":77,"column":99}}},"10":{"name":"withdraw","line":90,"loc":{"start":{"line":90,"column":4},"end":{"line":99,"column":5}}},"11":{"name":"unlock","line":116,"loc":{"start":{"line":116,"column":4},"end":{"line":116,"column":44}}},"12":{"name":"close","line":126,"loc":{"start":{"line":126,"column":4},"end":{"line":126,"column":43}}},"13":{"name":"_getChannel","line":139,"loc":{"start":{"line":139,"column":4},"end":{"line":146,"column":5}}}},"statementMap":{"1":{"start":{"line":27,"column":8},"end":{"line":27,"column":48}},"2":{"start":{"line":28,"column":8},"end":{"line":28,"column":33}},"3":{"start":{"line":32,"column":8},"end":{"line":32,"column":44}},"4":{"start":{"line":37,"column":8},"end":{"line":37,"column":65}},"5":{"start":{"line":44,"column":8},"end":{"line":44,"column":53}},"6":{"start":{"line":48,"column":8},"end":{"line":48,"column":53}},"7":{"start":{"line":52,"column":8},"end":{"line":52,"column":61}},"8":{"start":{"line":56,"column":8},"end":{"line":56,"column":75}},"9":{"start":{"line":71,"column":8},"end":{"line":71,"column":138}},"10":{"start":{"line":78,"column":8},"end":{"line":78,"column":34}},"11":{"start":{"line":79,"column":8},"end":{"line":79,"column":33}},"12":{"start":{"line":80,"column":8},"end":{"line":80,"column":24}},"13":{"start":{"line":84,"column":8},"end":{"line":84,"column":65}},"14":{"start":{"line":85,"column":8},"end":{"line":85,"column":29}},"15":{"start":{"line":86,"column":8},"end":{"line":86,"column":43}},"16":{"start":{"line":100,"column":8},"end":{"line":100,"column":37}},"17":{"start":{"line":101,"column":8},"end":{"line":101,"column":64}},"18":{"start":{"line":102,"column":8},"end":{"line":102,"column":37}},"19":{"start":{"line":103,"column":8},"end":{"line":103,"column":46}},"20":{"start":{"line":105,"column":8},"end":{"line":105,"column":3387}},"21":{"start":{"line":106,"column":12},"end":{"line":106,"column":47}},"22":{"start":{"line":109,"column":8},"end":{"line":109,"column":29}},"23":{"start":{"line":110,"column":8},"end":{"line":110,"column":48}},"24":{"start":{"line":111,"column":8},"end":{"line":111,"column":38}},"25":{"start":{"line":117,"column":8},"end":{"line":117,"column":34}},"26":{"start":{"line":118,"column":8},"end":{"line":118,"column":64}},"27":{"start":{"line":119,"column":8},"end":{"line":119,"column":54}},"28":{"start":{"line":120,"column":8},"end":{"line":120,"column":40}},"29":{"start":{"line":127,"column":8},"end":{"line":127,"column":34}},"30":{"start":{"line":128,"column":8},"end":{"line":128,"column":64}},"31":{"start":{"line":129,"column":8},"end":{"line":129,"column":61}},"32":{"start":{"line":131,"column":8},"end":{"line":131,"column":52}},"33":{"start":{"line":132,"column":8},"end":{"line":132,"column":34}},"34":{"start":{"line":133,"column":8},"end":{"line":133,"column":45}},"35":{"start":{"line":134,"column":8},"end":{"line":134,"column":35}},"36":{"start":{"line":147,"column":8},"end":{"line":147,"column":69}}},"branchMap":{"1":{"line":32,"type":"if","locations":[{"start":{"line":32,"column":8},"end":{"line":32,"column":8}},{"start":{"line":32,"column":8},"end":{"line":32,"column":8}}]},"2":{"line":37,"type":"if","locations":[{"start":{"line":37,"column":8},"end":{"line":37,"column":8}},{"start":{"line":37,"column":8},"end":{"line":37,"column":8}}]},"3":{"line":78,"type":"if","locations":[{"start":{"line":78,"column":8},"end":{"line":78,"column":8}},{"start":{"line":78,"column":8},"end":{"line":78,"column":8}}]},"4":{"line":102,"type":"if","locations":[{"start":{"line":102,"column":8},"end":{"line":102,"column":8}},{"start":{"line":102,"column":8},"end":{"line":102,"column":8}}]},"5":{"line":105,"type":"if","locations":[{"start":{"line":105,"column":8},"end":{"line":105,"column":8}},{"start":{"line":105,"column":8},"end":{"line":105,"column":8}}]},"6":{"line":110,"type":"if","locations":[{"start":{"line":110,"column":8},"end":{"line":110,"column":8}},{"start":{"line":110,"column":8},"end":{"line":110,"column":8}}]},"7":{"line":129,"type":"if","locations":[{"start":{"line":129,"column":8},"end":{"line":129,"column":8}},{"start":{"line":129,"column":8},"end":{"line":129,"column":8}}]},"8":{"line":133,"type":"if","locations":[{"start":{"line":133,"column":8},"end":{"line":133,"column":8}},{"start":{"line":133,"column":8},"end":{"line":133,"column":8}}]}}},"contracts/GolemNetworkToken.sol":{"l":{"54":115,"55":115,"56":115,"57":115,"59":115,"60":115,"61":115,"62":115,"63":115,"75":6,"77":0,"78":0,"79":0,"80":0,"81":0,"82":0,"83":0,"85":0,"89":1,"93":3,"103":0,"104":0,"107":0,"108":0,"110":0,"111":0,"112":0,"113":0,"114":0,"124":10,"125":0,"126":0,"127":0,"131":5,"132":3,"133":1,"145":4,"146":4,"147":0,"150":0,"151":0,"152":0,"154":0,"155":0,"158":0,"161":0,"172":4,"173":4,"178":0,"184":0,"185":0,"187":0,"188":0,"189":0,"192":0,"200":2,"201":2,"202":0,"204":0,"205":0,"206":0,"207":0,"209":0,"210":0,"211":0},"path":"/home/fabianorodrigo/Projetos/bitbucket/solidity-test/workdir/golem-contracts/contracts/GolemNetworkToken.sol","s":{"1":115,"2":0,"3":115,"4":0,"5":115,"6":0,"7":115,"8":0,"9":115,"10":115,"11":115,"12":115,"13":115,"14":6,"15":6,"16":0,"17":0,"18":0,"19":0,"20":0,"21":0,"22":0,"23":0,"24":1,"25":3,"26":0,"27":0,"28":0,"29":0,"30":0,"31":0,"32":0,"33":0,"34":0,"35":0,"36":0,"37":0,"38":0,"39":10,"40":10,"41":0,"42":0,"43":0,"44":0,"45":0,"46":5,"47":2,"48":3,"49":2,"50":1,"51":4,"52":0,"53":4,"54":4,"55":0,"56":0,"57":0,"58":0,"59":0,"60":0,"61":0,"62":0,"63":0,"64":0,"65":4,"66":0,"67":4,"68":4,"69":0,"70":0,"71":0,"72":0,"73":0,"74":0,"75":0,"76":0,"77":2,"78":0,"79":2,"80":2,"81":0,"82":0,"83":0,"84":0,"85":0,"86":0,"87":0,"88":0,"89":0,"90":0,"91":0},"b":{"1":[0,115],"2":[0,115],"3":[0,115],"4":[0,115],"5":[6,0],"6":[0,0],"7":[0,0],"8":[0,0],"9":[0,0],"10":[0,0],"11":[10,0],"12":[0,0],"13":[0,0],"14":[2,3],"15":[2,1],"16":[0,4],"17":[4,0],"18":[0,0],"19":[0,0],"20":[0,0],"21":[0,4],"22":[4,0],"23":[0,0],"24":[0,2],"25":[2,0],"26":[0,0],"27":[0,0],"28":[0,0]},"f":{"1":225,"2":115,"3":6,"4":1,"5":3,"6":0,"7":10,"8":5,"9":4,"10":4,"11":2},"fnMap":{"1":{"name":"constructor","line":8,"loc":{"start":{"line":8,"column":4},"end":{"line":8,"column":43}}},"2":{"name":"constructor","line":49,"loc":{"start":{"line":49,"column":4},"end":{"line":52,"column":50}}},"3":{"name":"transfer","line":73,"loc":{"start":{"line":73,"column":4},"end":{"line":73,"column":70}}},"4":{"name":"totalSupply","line":88,"loc":{"start":{"line":88,"column":4},"end":{"line":88,"column":56}}},"5":{"name":"balanceOf","line":92,"loc":{"start":{"line":92,"column":4},"end":{"line":92,"column":68}}},"6":{"name":"migrate","line":101,"loc":{"start":{"line":101,"column":4},"end":{"line":101,"column":43}}},"7":{"name":"setMigrationAgent","line":122,"loc":{"start":{"line":122,"column":4},"end":{"line":122,"column":53}}},"8":{"name":"setMigrationMaster","line":130,"loc":{"start":{"line":130,"column":4},"end":{"line":130,"column":55}}},"9":{"name":"create","line":141,"loc":{"start":{"line":141,"column":4},"end":{"line":141,"column":36}}},"10":{"name":"finalize","line":170,"loc":{"start":{"line":170,"column":4},"end":{"line":170,"column":30}}},"11":{"name":"refund","line":198,"loc":{"start":{"line":198,"column":4},"end":{"line":198,"column":28}}}},"statementMap":{"1":{"start":{"line":54,"column":8},"end":{"line":54,"column":49}},"2":{"start":{"line":54,"column":41},"end":{"line":54,"column":48}},"3":{"start":{"line":55,"column":8},"end":{"line":55,"column":52}},"4":{"start":{"line":55,"column":44},"end":{"line":55,"column":51}},"5":{"start":{"line":56,"column":8},"end":{"line":56,"column":56}},"6":{"start":{"line":56,"column":48},"end":{"line":56,"column":55}},"7":{"start":{"line":57,"column":8},"end":{"line":57,"column":62}},"8":{"start":{"line":57,"column":54},"end":{"line":57,"column":61}},"9":{"start":{"line":59,"column":8},"end":{"line":59,"column":58}},"10":{"start":{"line":60,"column":8},"end":{"line":60,"column":41}},"11":{"start":{"line":61,"column":8},"end":{"line":61,"column":35}},"12":{"start":{"line":62,"column":8},"end":{"line":62,"column":45}},"13":{"start":{"line":63,"column":8},"end":{"line":63,"column":41}},"14":{"start":{"line":75,"column":8},"end":{"line":75,"column":29}},"15":{"start":{"line":75,"column":21},"end":{"line":75,"column":28}},"16":{"start":{"line":77,"column":8},"end":{"line":77,"column":52}},"17":{"start":{"line":78,"column":8},"end":{"line":78,"column":2824}},"18":{"start":{"line":79,"column":12},"end":{"line":79,"column":34}},"19":{"start":{"line":80,"column":12},"end":{"line":80,"column":47}},"20":{"start":{"line":81,"column":12},"end":{"line":81,"column":34}},"21":{"start":{"line":82,"column":12},"end":{"line":82,"column":50}},"22":{"start":{"line":83,"column":12},"end":{"line":83,"column":23}},"23":{"start":{"line":85,"column":8},"end":{"line":85,"column":20}},"24":{"start":{"line":89,"column":8},"end":{"line":89,"column":26}},"25":{"start":{"line":93,"column":8},"end":{"line":93,"column":31}},"26":{"start":{"line":103,"column":8},"end":{"line":103,"column":29}},"27":{"start":{"line":103,"column":21},"end":{"line":103,"column":28}},"28":{"start":{"line":104,"column":8},"end":{"line":104,"column":50}},"29":{"start":{"line":104,"column":42},"end":{"line":104,"column":49}},"30":{"start":{"line":107,"column":8},"end":{"line":107,"column":33}},"31":{"start":{"line":107,"column":25},"end":{"line":107,"column":32}},"32":{"start":{"line":108,"column":8},"end":{"line":108,"column":51}},"33":{"start":{"line":108,"column":43},"end":{"line":108,"column":50}},"34":{"start":{"line":110,"column":8},"end":{"line":110,"column":37}},"35":{"start":{"line":111,"column":8},"end":{"line":111,"column":28}},"36":{"start":{"line":112,"column":8},"end":{"line":112,"column":30}},"37":{"start":{"line":113,"column":8},"end":{"line":113,"column":69}},"38":{"start":{"line":114,"column":8},"end":{"line":114,"column":56}},"39":{"start":{"line":124,"column":8},"end":{"line":124,"column":29}},"40":{"start":{"line":124,"column":21},"end":{"line":124,"column":28}},"41":{"start":{"line":125,"column":8},"end":{"line":125,"column":50}},"42":{"start":{"line":125,"column":42},"end":{"line":125,"column":49}},"43":{"start":{"line":126,"column":8},"end":{"line":126,"column":51}},"44":{"start":{"line":126,"column":43},"end":{"line":126,"column":50}},"45":{"start":{"line":127,"column":8},"end":{"line":127,"column":30}},"46":{"start":{"line":131,"column":8},"end":{"line":131,"column":51}},"47":{"start":{"line":131,"column":43},"end":{"line":131,"column":50}},"48":{"start":{"line":132,"column":8},"end":{"line":132,"column":43}},"49":{"start":{"line":132,"column":35},"end":{"line":132,"column":42}},"50":{"start":{"line":133,"column":8},"end":{"line":133,"column":32}},"51":{"start":{"line":145,"column":8},"end":{"line":145,"column":30}},"52":{"start":{"line":145,"column":22},"end":{"line":145,"column":29}},"53":{"start":{"line":146,"column":8},"end":{"line":146,"column":54}},"54":{"start":{"line":146,"column":46},"end":{"line":146,"column":53}},"55":{"start":{"line":147,"column":8},"end":{"line":147,"column":52}},"56":{"start":{"line":147,"column":44},"end":{"line":147,"column":51}},"57":{"start":{"line":150,"column":8},"end":{"line":150,"column":36}},"58":{"start":{"line":150,"column":28},"end":{"line":150,"column":35}},"59":{"start":{"line":151,"column":8},"end":{"line":151,"column":5469}},"60":{"start":{"line":152,"column":12},"end":{"line":152,"column":19}},"61":{"start":{"line":154,"column":8},"end":{"line":154,"column":57}},"62":{"start":{"line":155,"column":8},"end":{"line":155,"column":31}},"63":{"start":{"line":158,"column":8},"end":{"line":158,"column":40}},"64":{"start":{"line":161,"column":8},"end":{"line":161,"column":56}},"65":{"start":{"line":172,"column":8},"end":{"line":172,"column":30}},"66":{"start":{"line":172,"column":22},"end":{"line":172,"column":29}},"67":{"start":{"line":173,"column":8},"end":{"line":173,"column":6308}},"68":{"start":{"line":175,"column":44},"end":{"line":175,"column":51}},"69":{"start":{"line":178,"column":8},"end":{"line":178,"column":22}},"70":{"start":{"line":184,"column":8},"end":{"line":184,"column":35}},"71":{"start":{"line":185,"column":8},"end":{"line":185,"column":6891}},"72":{"start":{"line":187,"column":8},"end":{"line":187,"column":38}},"73":{"start":{"line":188,"column":8},"end":{"line":188,"column":62}},"74":{"start":{"line":189,"column":8},"end":{"line":189,"column":78}},"75":{"start":{"line":192,"column":8},"end":{"line":192,"column":63}},"76":{"start":{"line":192,"column":55},"end":{"line":192,"column":62}},"77":{"start":{"line":200,"column":8},"end":{"line":200,"column":30}},"78":{"start":{"line":200,"column":22},"end":{"line":200,"column":29}},"79":{"start":{"line":201,"column":8},"end":{"line":201,"column":53}},"80":{"start":{"line":201,"column":45},"end":{"line":201,"column":52}},"81":{"start":{"line":202,"column":8},"end":{"line":202,"column":53}},"82":{"start":{"line":202,"column":45},"end":{"line":202,"column":52}},"83":{"start":{"line":204,"column":8},"end":{"line":204,"column":47}},"84":{"start":{"line":205,"column":8},"end":{"line":205,"column":35}},"85":{"start":{"line":205,"column":27},"end":{"line":205,"column":34}},"86":{"start":{"line":206,"column":8},"end":{"line":206,"column":31}},"87":{"start":{"line":207,"column":8},"end":{"line":207,"column":30}},"88":{"start":{"line":209,"column":8},"end":{"line":209,"column":55}},"89":{"start":{"line":210,"column":8},"end":{"line":210,"column":41}},"90":{"start":{"line":211,"column":8},"end":{"line":211,"column":48}},"91":{"start":{"line":211,"column":40},"end":{"line":211,"column":47}}},"branchMap":{"1":{"line":54,"type":"if","locations":[{"start":{"line":54,"column":8},"end":{"line":54,"column":8}},{"start":{"line":54,"column":8},"end":{"line":54,"column":8}}]},"2":{"line":55,"type":"if","locations":[{"start":{"line":55,"column":8},"end":{"line":55,"column":8}},{"start":{"line":55,"column":8},"end":{"line":55,"column":8}}]},"3":{"line":56,"type":"if","locations":[{"start":{"line":56,"column":8},"end":{"line":56,"column":8}},{"start":{"line":56,"column":8},"end":{"line":56,"column":8}}]},"4":{"line":57,"type":"if","locations":[{"start":{"line":57,"column":8},"end":{"line":57,"column":8}},{"start":{"line":57,"column":8},"end":{"line":57,"column":8}}]},"5":{"line":75,"type":"if","locations":[{"start":{"line":75,"column":8},"end":{"line":75,"column":8}},{"start":{"line":75,"column":8},"end":{"line":75,"column":8}}]},"6":{"line":78,"type":"if","locations":[{"start":{"line":78,"column":8},"end":{"line":78,"column":8}},{"start":{"line":78,"column":8},"end":{"line":78,"column":8}}]},"7":{"line":103,"type":"if","locations":[{"start":{"line":103,"column":8},"end":{"line":103,"column":8}},{"start":{"line":103,"column":8},"end":{"line":103,"column":8}}]},"8":{"line":104,"type":"if","locations":[{"start":{"line":104,"column":8},"end":{"line":104,"column":8}},{"start":{"line":104,"column":8},"end":{"line":104,"column":8}}]},"9":{"line":107,"type":"if","locations":[{"start":{"line":107,"column":8},"end":{"line":107,"column":8}},{"start":{"line":107,"column":8},"end":{"line":107,"column":8}}]},"10":{"line":108,"type":"if","locations":[{"start":{"line":108,"column":8},"end":{"line":108,"column":8}},{"start":{"line":108,"column":8},"end":{"line":108,"column":8}}]},"11":{"line":124,"type":"if","locations":[{"start":{"line":124,"column":8},"end":{"line":124,"column":8}},{"start":{"line":124,"column":8},"end":{"line":124,"column":8}}]},"12":{"line":125,"type":"if","locations":[{"start":{"line":125,"column":8},"end":{"line":125,"column":8}},{"start":{"line":125,"column":8},"end":{"line":125,"column":8}}]},"13":{"line":126,"type":"if","locations":[{"start":{"line":126,"column":8},"end":{"line":126,"column":8}},{"start":{"line":126,"column":8},"end":{"line":126,"column":8}}]},"14":{"line":131,"type":"if","locations":[{"start":{"line":131,"column":8},"end":{"line":131,"column":8}},{"start":{"line":131,"column":8},"end":{"line":131,"column":8}}]},"15":{"line":132,"type":"if","locations":[{"start":{"line":132,"column":8},"end":{"line":132,"column":8}},{"start":{"line":132,"column":8},"end":{"line":132,"column":8}}]},"16":{"line":145,"type":"if","locations":[{"start":{"line":145,"column":8},"end":{"line":145,"column":8}},{"start":{"line":145,"column":8},"end":{"line":145,"column":8}}]},"17":{"line":146,"type":"if","locations":[{"start":{"line":146,"column":8},"end":{"line":146,"column":8}},{"start":{"line":146,"column":8},"end":{"line":146,"column":8}}]},"18":{"line":147,"type":"if","locations":[{"start":{"line":147,"column":8},"end":{"line":147,"column":8}},{"start":{"line":147,"column":8},"end":{"line":147,"column":8}}]},"19":{"line":150,"type":"if","locations":[{"start":{"line":150,"column":8},"end":{"line":150,"column":8}},{"start":{"line":150,"column":8},"end":{"line":150,"column":8}}]},"20":{"line":151,"type":"if","locations":[{"start":{"line":151,"column":8},"end":{"line":151,"column":8}},{"start":{"line":151,"column":8},"end":{"line":151,"column":8}}]},"21":{"line":172,"type":"if","locations":[{"start":{"line":172,"column":8},"end":{"line":172,"column":8}},{"start":{"line":172,"column":8},"end":{"line":172,"column":8}}]},"22":{"line":173,"type":"if","locations":[{"start":{"line":173,"column":8},"end":{"line":173,"column":8}},{"start":{"line":173,"column":8},"end":{"line":173,"column":8}}]},"23":{"line":192,"type":"if","locations":[{"start":{"line":192,"column":8},"end":{"line":192,"column":8}},{"start":{"line":192,"column":8},"end":{"line":192,"column":8}}]},"24":{"line":200,"type":"if","locations":[{"start":{"line":200,"column":8},"end":{"line":200,"column":8}},{"start":{"line":200,"column":8},"end":{"line":200,"column":8}}]},"25":{"line":201,"type":"if","locations":[{"start":{"line":201,"column":8},"end":{"line":201,"column":8}},{"start":{"line":201,"column":8},"end":{"line":201,"column":8}}]},"26":{"line":202,"type":"if","locations":[{"start":{"line":202,"column":8},"end":{"line":202,"column":8}},{"start":{"line":202,"column":8},"end":{"line":202,"column":8}}]},"27":{"line":205,"type":"if","locations":[{"start":{"line":205,"column":8},"end":{"line":205,"column":8}},{"start":{"line":205,"column":8},"end":{"line":205,"column":8}}]},"28":{"line":211,"type":"if","locations":[{"start":{"line":211,"column":8},"end":{"line":211,"column":8}},{"start":{"line":211,"column":8},"end":{"line":211,"column":8}}]}}},"contracts/GolemNetworkTokenBatching.sol":{"l":{"30":4,"32":3,"34":3,"38":3,"39":3,"40":3,"41":3,"42":3,"43":0,"44":0,"45":0,"48":0,"53":4,"57":0},"path":"/home/fabianorodrigo/Projetos/bitbucket/solidity-test/workdir/golem-contracts/contracts/GolemNetworkTokenBatching.sol","s":{"1":4,"2":3,"3":3,"4":3,"5":3,"6":3,"7":3,"8":3,"9":0,"10":0,"11":0,"12":0,"13":4,"14":0},"b":{"1":[3,1],"2":[3,0],"3":[0,3]},"f":{"1":110,"2":4,"3":4},"fnMap":{"1":{"name":"constructor","line":26,"loc":{"start":{"line":26,"column":4},"end":{"line":26,"column":64}}},"2":{"name":"batchTransfer","line":29,"loc":{"start":{"line":29,"column":4},"end":{"line":29,"column":82}}},"3":{"name":"transferAndCall","line":51,"loc":{"start":{"line":51,"column":4},"end":{"line":51,"column":83}}}},"statementMap":{"1":{"start":{"line":30,"column":8},"end":{"line":30,"column":46}},"2":{"start":{"line":32,"column":8},"end":{"line":32,"column":43}},"3":{"start":{"line":34,"column":8},"end":{"line":34,"column":1183}},"4":{"start":{"line":38,"column":12},"end":{"line":38,"column":41}},"5":{"start":{"line":39,"column":12},"end":{"line":39,"column":52}},"6":{"start":{"line":40,"column":12},"end":{"line":40,"column":60}},"7":{"start":{"line":41,"column":12},"end":{"line":41,"column":43}},"8":{"start":{"line":42,"column":12},"end":{"line":42,"column":32}},"9":{"start":{"line":43,"column":12},"end":{"line":43,"column":30}},"10":{"start":{"line":44,"column":12},"end":{"line":44,"column":23}},"11":{"start":{"line":45,"column":12},"end":{"line":45,"column":64}},"12":{"start":{"line":48,"column":8},"end":{"line":48,"column":37}},"13":{"start":{"line":53,"column":6},"end":{"line":53,"column":24}},"14":{"start":{"line":57,"column":6},"end":{"line":57,"column":67}}},"branchMap":{"1":{"line":30,"type":"if","locations":[{"start":{"line":30,"column":8},"end":{"line":30,"column":8}},{"start":{"line":30,"column":8},"end":{"line":30,"column":8}}]},"2":{"line":40,"type":"if","locations":[{"start":{"line":40,"column":12},"end":{"line":40,"column":12}},{"start":{"line":40,"column":12},"end":{"line":40,"column":12}}]},"3":{"line":42,"type":"if","locations":[{"start":{"line":42,"column":12},"end":{"line":42,"column":12}},{"start":{"line":42,"column":12},"end":{"line":42,"column":12}}]}}},"contracts/open_zeppelin/BasicToken.sol":{"l":{"23":1,"32":10,"33":6,"36":0,"37":0,"38":0,"39":0,"48":1},"path":"/home/fabianorodrigo/Projetos/bitbucket/solidity-test/workdir/golem-contracts/contracts/open_zeppelin/BasicToken.sol","s":{"1":1,"2":10,"3":6,"4":0,"5":0,"6":0,"7":0,"8":1},"b":{"1":[6,4],"2":[0,6]},"f":{"1":1,"2":10,"3":1},"fnMap":{"1":{"name":"totalSupply","line":22,"loc":{"start":{"line":22,"column":2},"end":{"line":22,"column":54}}},"2":{"name":"transfer","line":31,"loc":{"start":{"line":31,"column":2},"end":{"line":31,"column":70}}},"3":{"name":"balanceOf","line":47,"loc":{"start":{"line":47,"column":2},"end":{"line":47,"column":74}}}},"statementMap":{"1":{"start":{"line":23,"column":4},"end":{"line":23,"column":23}},"2":{"start":{"line":32,"column":4},"end":{"line":32,"column":29}},"3":{"start":{"line":33,"column":4},"end":{"line":33,"column":42}},"4":{"start":{"line":36,"column":4},"end":{"line":36,"column":58}},"5":{"start":{"line":37,"column":4},"end":{"line":37,"column":44}},"6":{"start":{"line":38,"column":4},"end":{"line":38,"column":42}},"7":{"start":{"line":39,"column":4},"end":{"line":39,"column":15}},"8":{"start":{"line":48,"column":4},"end":{"line":48,"column":27}}},"branchMap":{"1":{"line":32,"type":"if","locations":[{"start":{"line":32,"column":4},"end":{"line":32,"column":4}},{"start":{"line":32,"column":4},"end":{"line":32,"column":4}}]},"2":{"line":33,"type":"if","locations":[{"start":{"line":33,"column":4},"end":{"line":33,"column":4}},{"start":{"line":33,"column":4},"end":{"line":33,"column":4}}]}}},"contracts/open_zeppelin/BurnableToken.sol":{"l":{"19":6,"23":0,"24":0,"25":0,"26":0,"27":0},"path":"/home/fabianorodrigo/Projetos/bitbucket/solidity-test/workdir/golem-contracts/contracts/open_zeppelin/BurnableToken.sol","s":{"1":6,"2":0,"3":0,"4":0,"5":0,"6":0},"b":{"1":[0,6]},"f":{"1":6},"fnMap":{"1":{"name":"burn","line":18,"loc":{"start":{"line":18,"column":2},"end":{"line":18,"column":38}}}},"statementMap":{"1":{"start":{"line":19,"column":4},"end":{"line":19,"column":42}},"2":{"start":{"line":23,"column":4},"end":{"line":23,"column":31}},"3":{"start":{"line":24,"column":4},"end":{"line":24,"column":50}},"4":{"start":{"line":25,"column":4},"end":{"line":25,"column":42}},"5":{"start":{"line":26,"column":4},"end":{"line":26,"column":29}},"6":{"start":{"line":27,"column":4},"end":{"line":27,"column":45}}},"branchMap":{"1":{"line":19,"type":"if","locations":[{"start":{"line":19,"column":4},"end":{"line":19,"column":4}},{"start":{"line":19,"column":4},"end":{"line":19,"column":4}}]}}},"contracts/open_zeppelin/ERC20.sol":{"l":{},"path":"/home/fabianorodrigo/Projetos/bitbucket/solidity-test/workdir/golem-contracts/contracts/open_zeppelin/ERC20.sol","s":{},"b":{},"f":{},"fnMap":{},"statementMap":{},"branchMap":{}},"contracts/open_zeppelin/ERC20Basic.sol":{"l":{},"path":"/home/fabianorodrigo/Projetos/bitbucket/solidity-test/workdir/golem-contracts/contracts/open_zeppelin/ERC20Basic.sol","s":{},"b":{},"f":{},"fnMap":{},"statementMap":{},"branchMap":{}},"contracts/open_zeppelin/Ownable.sol":{"l":{"18":110,"19":110,"26":1,"33":27,"34":13,"41":28,"51":1,"52":1,"60":3,"68":3,"69":1,"70":1},"path":"/home/fabianorodrigo/Projetos/bitbucket/solidity-test/workdir/golem-contracts/contracts/open_zeppelin/Ownable.sol","s":{"1":110,"2":110,"3":1,"4":27,"5":28,"6":1,"7":1,"8":3,"9":3,"10":1,"11":1},"b":{"1":[13,14],"2":[1,2]},"f":{"1":110,"2":1,"3":27,"4":28,"5":1,"6":3,"7":3},"fnMap":{"1":{"name":"constructor","line":17,"loc":{"start":{"line":17,"column":4},"end":{"line":17,"column":25}}},"2":{"name":"owner","line":25,"loc":{"start":{"line":25,"column":4},"end":{"line":25,"column":48}}},"3":{"name":"onlyOwner","line":32,"loc":{"start":{"line":32,"column":4},"end":{"line":32,"column":22}}},"4":{"name":"isOwner","line":40,"loc":{"start":{"line":40,"column":4},"end":{"line":40,"column":47}}},"5":{"name":"renounceOwnership","line":50,"loc":{"start":{"line":50,"column":4},"end":{"line":50,"column":47}}},"6":{"name":"transferOwnership","line":59,"loc":{"start":{"line":59,"column":4},"end":{"line":59,"column":63}}},"7":{"name":"_transferOwnership","line":67,"loc":{"start":{"line":67,"column":4},"end":{"line":67,"column":56}}}},"statementMap":{"1":{"start":{"line":18,"column":8},"end":{"line":18,"column":26}},"2":{"start":{"line":19,"column":8},"end":{"line":19,"column":53}},"3":{"start":{"line":26,"column":8},"end":{"line":26,"column":21}},"4":{"start":{"line":33,"column":8},"end":{"line":33,"column":46}},"5":{"start":{"line":41,"column":8},"end":{"line":41,"column":35}},"6":{"start":{"line":51,"column":8},"end":{"line":51,"column":53}},"7":{"start":{"line":52,"column":8},"end":{"line":52,"column":26}},"8":{"start":{"line":60,"column":8},"end":{"line":60,"column":35}},"9":{"start":{"line":68,"column":8},"end":{"line":68,"column":38}},"10":{"start":{"line":69,"column":8},"end":{"line":69,"column":51}},"11":{"start":{"line":70,"column":8},"end":{"line":70,"column":24}}},"branchMap":{"1":{"line":33,"type":"if","locations":[{"start":{"line":33,"column":8},"end":{"line":33,"column":8}},{"start":{"line":33,"column":8},"end":{"line":33,"column":8}}]},"2":{"line":68,"type":"if","locations":[{"start":{"line":68,"column":8},"end":{"line":68,"column":8}},{"start":{"line":68,"column":8},"end":{"line":68,"column":8}}]}}},"contracts/open_zeppelin/SafeMath.sol":{"l":{"14":2,"15":1,"17":1,"18":1,"19":1,"27":1,"29":1,"36":3,"37":2,"44":2,"45":2,"46":2},"path":"/home/fabianorodrigo/Projetos/bitbucket/solidity-test/workdir/golem-contracts/contracts/open_zeppelin/SafeMath.sol","s":{"1":2,"2":1,"3":1,"4":1,"5":1,"6":1,"7":1,"8":3,"9":2,"10":2,"11":2,"12":2},"b":{"1":[1,1],"2":[1,0],"3":[2,1],"4":[2,0]},"f":{"1":2,"2":1,"3":3,"4":2},"fnMap":{"1":{"name":"mul","line":13,"loc":{"start":{"line":13,"column":2},"end":{"line":13,"column":68}}},"2":{"name":"div","line":25,"loc":{"start":{"line":25,"column":2},"end":{"line":25,"column":68}}},"3":{"name":"sub","line":35,"loc":{"start":{"line":35,"column":2},"end":{"line":35,"column":68}}},"4":{"name":"add","line":43,"loc":{"start":{"line":43,"column":2},"end":{"line":43,"column":68}}}},"statementMap":{"1":{"start":{"line":14,"column":4},"end":{"line":14,"column":280}},"2":{"start":{"line":15,"column":6},"end":{"line":15,"column":14}},"3":{"start":{"line":17,"column":4},"end":{"line":17,"column":21}},"4":{"start":{"line":18,"column":4},"end":{"line":18,"column":21}},"5":{"start":{"line":19,"column":4},"end":{"line":19,"column":12}},"6":{"start":{"line":27,"column":4},"end":{"line":27,"column":21}},"7":{"start":{"line":29,"column":4},"end":{"line":29,"column":12}},"8":{"start":{"line":36,"column":4},"end":{"line":36,"column":17}},"9":{"start":{"line":37,"column":4},"end":{"line":37,"column":16}},"10":{"start":{"line":44,"column":4},"end":{"line":44,"column":21}},"11":{"start":{"line":45,"column":4},"end":{"line":45,"column":17}},"12":{"start":{"line":46,"column":4},"end":{"line":46,"column":12}}},"branchMap":{"1":{"line":14,"type":"if","locations":[{"start":{"line":14,"column":4},"end":{"line":14,"column":4}},{"start":{"line":14,"column":4},"end":{"line":14,"column":4}}]},"2":{"line":18,"type":"if","locations":[{"start":{"line":18,"column":4},"end":{"line":18,"column":4}},{"start":{"line":18,"column":4},"end":{"line":18,"column":4}}]},"3":{"line":36,"type":"if","locations":[{"start":{"line":36,"column":4},"end":{"line":36,"column":4}},{"start":{"line":36,"column":4},"end":{"line":36,"column":4}}]},"4":{"line":45,"type":"if","locations":[{"start":{"line":45,"column":4},"end":{"line":45,"column":4}},{"start":{"line":45,"column":4},"end":{"line":45,"column":4}}]}}},"contracts/open_zeppelin/StandardToken.sol":{"l":{"26":4,"27":2,"28":0,"30":0,"31":0,"32":0,"33":0,"34":0,"48":1,"49":1,"50":1,"51":1,"61":1,"75":1,"76":1,"77":1,"91":2,"92":2,"93":1,"95":1,"97":2,"98":2},"path":"/home/fabianorodrigo/Projetos/bitbucket/solidity-test/workdir/golem-contracts/contracts/open_zeppelin/StandardToken.sol","s":{"1":4,"2":2,"3":0,"4":0,"5":0,"6":0,"7":0,"8":0,"9":1,"10":1,"11":1,"12":1,"13":1,"14":1,"15":1,"16":1,"17":2,"18":2,"19":1,"20":1,"21":2,"22":2},"b":{"1":[2,2],"2":[0,2],"3":[0,0],"4":[1,0],"5":[1,1]},"f":{"1":4,"2":1,"3":1,"4":1,"5":2},"fnMap":{"1":{"name":"transferFrom","line":25,"loc":{"start":{"line":25,"column":2},"end":{"line":25,"column":89}}},"2":{"name":"approve","line":47,"loc":{"start":{"line":47,"column":2},"end":{"line":47,"column":74}}},"3":{"name":"allowance","line":60,"loc":{"start":{"line":60,"column":2},"end":{"line":60,"column":84}}},"4":{"name":"increaseApproval","line":74,"loc":{"start":{"line":74,"column":2},"end":{"line":74,"column":85}}},"5":{"name":"decreaseApproval","line":90,"loc":{"start":{"line":90,"column":2},"end":{"line":90,"column":90}}}},"statementMap":{"1":{"start":{"line":26,"column":4},"end":{"line":26,"column":29}},"2":{"start":{"line":27,"column":4},"end":{"line":27,"column":37}},"3":{"start":{"line":28,"column":4},"end":{"line":28,"column":48}},"4":{"start":{"line":30,"column":4},"end":{"line":30,"column":48}},"5":{"start":{"line":31,"column":4},"end":{"line":31,"column":44}},"6":{"start":{"line":32,"column":4},"end":{"line":32,"column":70}},"7":{"start":{"line":33,"column":4},"end":{"line":33,"column":37}},"8":{"start":{"line":34,"column":4},"end":{"line":34,"column":15}},"9":{"start":{"line":48,"column":4},"end":{"line":48,"column":46}},"10":{"start":{"line":49,"column":4},"end":{"line":49,"column":41}},"11":{"start":{"line":50,"column":4},"end":{"line":50,"column":47}},"12":{"start":{"line":51,"column":4},"end":{"line":51,"column":15}},"13":{"start":{"line":61,"column":4},"end":{"line":61,"column":36}},"14":{"start":{"line":75,"column":4},"end":{"line":75,"column":81}},"15":{"start":{"line":76,"column":4},"end":{"line":76,"column":70}},"16":{"start":{"line":77,"column":4},"end":{"line":77,"column":15}},"17":{"start":{"line":91,"column":4},"end":{"line":91,"column":49}},"18":{"start":{"line":92,"column":4},"end":{"line":92,"column":3816}},"19":{"start":{"line":93,"column":6},"end":{"line":93,"column":38}},"20":{"start":{"line":95,"column":6},"end":{"line":95,"column":67}},"21":{"start":{"line":97,"column":4},"end":{"line":97,"column":70}},"22":{"start":{"line":98,"column":4},"end":{"line":98,"column":15}}},"branchMap":{"1":{"line":26,"type":"if","locations":[{"start":{"line":26,"column":4},"end":{"line":26,"column":4}},{"start":{"line":26,"column":4},"end":{"line":26,"column":4}}]},"2":{"line":27,"type":"if","locations":[{"start":{"line":27,"column":4},"end":{"line":27,"column":4}},{"start":{"line":27,"column":4},"end":{"line":27,"column":4}}]},"3":{"line":28,"type":"if","locations":[{"start":{"line":28,"column":4},"end":{"line":28,"column":4}},{"start":{"line":28,"column":4},"end":{"line":28,"column":4}}]},"4":{"line":48,"type":"if","locations":[{"start":{"line":48,"column":4},"end":{"line":48,"column":4}},{"start":{"line":48,"column":4},"end":{"line":48,"column":4}}]},"5":{"line":92,"type":"if","locations":[{"start":{"line":92,"column":4},"end":{"line":92,"column":4}},{"start":{"line":92,"column":4},"end":{"line":92,"column":4}}]}}},"contracts/proxy4tests/SafeMath.sol":{"l":{"9":2,"13":1,"17":2,"21":1},"path":"/home/fabianorodrigo/Projetos/bitbucket/solidity-test/workdir/golem-contracts/contracts/proxy4tests/SafeMath.sol","s":{"1":2,"2":1,"3":2,"4":1},"b":{},"f":{"1":2,"2":1,"3":2,"4":1},"fnMap":{"1":{"name":"testmul","line":8,"loc":{"start":{"line":8,"column":3},"end":{"line":8,"column":72}}},"2":{"name":"testdiv","line":12,"loc":{"start":{"line":12,"column":3},"end":{"line":12,"column":72}}},"3":{"name":"testsub","line":16,"loc":{"start":{"line":16,"column":3},"end":{"line":16,"column":72}}},"4":{"name":"testadd","line":20,"loc":{"start":{"line":20,"column":3},"end":{"line":20,"column":72}}}},"statementMap":{"1":{"start":{"line":9,"column":4},"end":{"line":9,"column":19}},"2":{"start":{"line":13,"column":4},"end":{"line":13,"column":19}},"3":{"start":{"line":17,"column":4},"end":{"line":17,"column":19}},"4":{"start":{"line":21,"column":4},"end":{"line":21,"column":19}}},"branchMap":{}},"contracts/ReceivingContract.sol":{"l":{},"path":"/home/fabianorodrigo/Projetos/bitbucket/solidity-test/workdir/golem-contracts/contracts/ReceivingContract.sol","s":{},"b":{},"f":{},"fnMap":{},"statementMap":{},"branchMap":{}},"contracts/TokenProxy.sol":{"l":{"20":111,"21":111,"28":4,"30":2,"66":220,"70":1,"75":1,"78":1,"81":1,"84":1,"86":1,"90":2,"92":2,"95":2,"97":0,"99":0,"103":0,"104":0,"106":0,"110":4,"114":10,"115":4,"116":0},"path":"/home/fabianorodrigo/Projetos/bitbucket/solidity-test/workdir/golem-contracts/contracts/TokenProxy.sol","s":{"1":111,"2":111,"3":4,"4":2,"5":220,"6":1,"7":1,"8":1,"9":1,"10":1,"11":1,"12":2,"13":2,"14":2,"15":0,"16":0,"17":0,"18":0,"19":0,"20":4,"21":10,"22":4,"23":0},"b":{"1":[2,2],"2":[0,2],"3":[1,0],"4":[0,2],"5":[4,6]},"f":{"1":111,"2":4,"3":220,"4":1,"5":1,"6":2,"7":4,"8":10},"fnMap":{"1":{"name":"constructor","line":19,"loc":{"start":{"line":19,"column":4},"end":{"line":19,"column":55}}},"2":{"name":"transferToProxy","line":27,"loc":{"start":{"line":27,"column":4},"end":{"line":27,"column":49}}},"3":{"name":"constructor","line":65,"loc":{"start":{"line":65,"column":4},"end":{"line":65,"column":39}}},"4":{"name":"getGateAddress","line":69,"loc":{"start":{"line":69,"column":4},"end":{"line":69,"column":72}}},"5":{"name":"openGate","line":74,"loc":{"start":{"line":74,"column":4},"end":{"line":74,"column":30}}},"6":{"name":"transferFromGate","line":89,"loc":{"start":{"line":89,"column":4},"end":{"line":89,"column":38}}},"7":{"name":"withdraw","line":109,"loc":{"start":{"line":109,"column":4},"end":{"line":109,"column":44}}},"8":{"name":"withdrawTo","line":113,"loc":{"start":{"line":113,"column":4},"end":{"line":113,"column":66}}}},"statementMap":{"1":{"start":{"line":20,"column":8},"end":{"line":20,"column":21}},"2":{"start":{"line":21,"column":8},"end":{"line":21,"column":21}},"3":{"start":{"line":28,"column":8},"end":{"line":28,"column":35}},"4":{"start":{"line":30,"column":8},"end":{"line":30,"column":45}},"5":{"start":{"line":66,"column":8},"end":{"line":66,"column":21}},"6":{"start":{"line":70,"column":8},"end":{"line":70,"column":27}},"7":{"start":{"line":75,"column":8},"end":{"line":75,"column":33}},"8":{"start":{"line":78,"column":8},"end":{"line":78,"column":41}},"9":{"start":{"line":81,"column":8},"end":{"line":81,"column":62}},"10":{"start":{"line":84,"column":8},"end":{"line":84,"column":25}},"11":{"start":{"line":86,"column":8},"end":{"line":86,"column":35}},"12":{"start":{"line":90,"column":8},"end":{"line":90,"column":33}},"13":{"start":{"line":92,"column":8},"end":{"line":92,"column":34}},"14":{"start":{"line":95,"column":8},"end":{"line":95,"column":34}},"15":{"start":{"line":97,"column":8},"end":{"line":97,"column":45}},"16":{"start":{"line":99,"column":8},"end":{"line":99,"column":40}},"17":{"start":{"line":103,"column":8},"end":{"line":103,"column":28}},"18":{"start":{"line":104,"column":8},"end":{"line":104,"column":30}},"19":{"start":{"line":106,"column":8},"end":{"line":106,"column":30}},"20":{"start":{"line":110,"column":8},"end":{"line":110,"column":37}},"21":{"start":{"line":114,"column":8},"end":{"line":114,"column":56}},"22":{"start":{"line":115,"column":8},"end":{"line":115,"column":19}},"23":{"start":{"line":116,"column":8},"end":{"line":116,"column":43}}},"branchMap":{"1":{"line":28,"type":"if","locations":[{"start":{"line":28,"column":8},"end":{"line":28,"column":8}},{"start":{"line":28,"column":8},"end":{"line":28,"column":8}}]},"2":{"line":30,"type":"if","locations":[{"start":{"line":30,"column":8},"end":{"line":30,"column":8}},{"start":{"line":30,"column":8},"end":{"line":30,"column":8}}]},"3":{"line":78,"type":"if","locations":[{"start":{"line":78,"column":8},"end":{"line":78,"column":8}},{"start":{"line":78,"column":8},"end":{"line":78,"column":8}}]},"4":{"line":95,"type":"if","locations":[{"start":{"line":95,"column":8},"end":{"line":95,"column":8}},{"start":{"line":95,"column":8},"end":{"line":95,"column":8}}]},"5":{"line":114,"type":"if","locations":[{"start":{"line":114,"column":8},"end":{"line":114,"column":8}},{"start":{"line":114,"column":8},"end":{"line":114,"column":8}}]}}}}