TN:
SF:/home/fabianorodrigo/Projetos/bitbucket/solidity-test/workdir/button/contracts/Button.sol
FN:19,constructor
FN:25,tokenFallback
FN:32,withdraw
FN:38,_random
FNF:4
FNH:3
FNDA:31,constructor
FNDA:4,tokenFallback
FNDA:4,withdraw
FNDA:0,_random
DA:20,31
DA:21,31
DA:22,31
DA:26,4
DA:27,2
DA:28,0
DA:29,0
DA:33,4
DA:34,2
DA:35,2
DA:39,0
LF:11
LH:8
BRDA:26,1,0,2
BRDA:26,1,1,2
BRDA:27,2,0,0
BRDA:27,2,1,2
BRDA:33,3,0,2
BRDA:33,3,1,2
BRDA:35,4,0,0
BRDA:35,4,1,2
BRF:8
BRH:6
end_of_record
TN:
SF:/home/fabianorodrigo/Projetos/bitbucket/solidity-test/workdir/button/contracts/proxy4tests/TESTBUXX.sol
FN:5,constructor
FN:6,test_transfer
FNF:2
FNH:2
FNDA:2,constructor
FNDA:4,test_transfer
DA:7,4
LF:1
LH:1
BRF:0
BRH:0
end_of_record
TN:
SF:/home/fabianorodrigo/Projetos/bitbucket/solidity-test/workdir/button/contracts/TESTBUXX.sol
FN:44,constructor
FN:58,
FN:60,mint
FN:68,balanceOf
FN:79,approve
FN:88,safeApprove
FN:103,allowance
FN:110,transfer
FN:118,transferFrom
FN:131,approveAndCall
FN:146,burn
FN:158,burnFrom
FN:173,transfer
FN:193,transfer
FN:205,transferToContract
FN:217,isContract
FN:224,_transfer
FNF:17
FNH:16
FNDA:31,constructor
FNDA:2,
FNDA:3,mint
FNDA:1,balanceOf
FNDA:5,approve
FNDA:1,safeApprove
FNDA:1,allowance
FNDA:3,transfer
FNDA:4,transferFrom
FNDA:4,approveAndCall
FNDA:1,burn
FNDA:2,burnFrom
FNDA:7,transfer
FNDA:6,transfer
FNDA:0,transferToContract
FNDA:7,isContract
FNDA:20,_transfer
DA:49,31
DA:50,31
DA:51,31
DA:52,31
DA:53,31
DA:54,31
DA:55,31
DA:61,3
DA:62,1
DA:63,1
DA:64,1
DA:69,1
DA:82,5
DA:83,5
DA:84,5
DA:96,1
DA:97,0
DA:99,1
DA:106,1
DA:112,3
DA:113,3
DA:114,1
DA:121,4
DA:123,0
DA:124,0
DA:125,0
DA:127,0
DA:136,4
DA:138,4
DA:139,4
DA:140,0
DA:142,0
DA:149,1
DA:150,1
DA:151,1
DA:153,1
DA:154,1
DA:161,2
DA:162,0
DA:164,0
DA:165,0
DA:166,0
DA:168,0
DA:169,0
DA:178,7
DA:180,1
DA:182,0
DA:183,0
DA:189,1
DA:196,6
DA:197,0
DA:200,6
DA:201,2
DA:208,0
DA:210,0
DA:211,0
DA:213,0
DA:219,7
DA:220,7
DA:221,7
DA:229,20
DA:230,8
DA:231,8
DA:233,4
DA:234,4
DA:237,4
DA:238,4
DA:239,4
LF:68
LH:48
BRDA:61,1,0,1
BRDA:61,1,1,2
BRDA:96,2,0,0
BRDA:96,2,1,1
BRDA:121,3,0,0
BRDA:121,3,1,4
BRDA:136,4,0,4
BRDA:136,4,1,0
BRDA:149,5,0,1
BRDA:149,5,1,0
BRDA:161,6,0,0
BRDA:161,6,1,2
BRDA:162,7,0,0
BRDA:162,7,1,0
BRDA:180,8,0,0
BRDA:180,8,1,1
BRDA:183,9,0,0
BRDA:183,9,1,0
BRDA:196,10,0,0
BRDA:196,10,1,6
BRDA:229,11,0,8
BRDA:229,11,1,12
BRDA:230,12,0,8
BRDA:230,12,1,0
BRDA:231,13,0,4
BRDA:231,13,1,4
BRF:26
BRH:14
end_of_record
