{"contracts/IERC20.sol":{"l":{},"path":"/home/fabianorodrigo/Projetos/bitbucket/solidity-test/workdir/swaps2/contracts/IERC20.sol","s":{},"b":{},"f":{},"fnMap":{},"statementMap":{},"branchMap":{}},"contracts/ISwaps.sol":{"l":{},"path":"/home/fabianorodrigo/Projetos/bitbucket/solidity-test/workdir/swaps2/contracts/ISwaps.sol","s":{},"b":{},"f":{},"fnMap":{},"statementMap":{},"branchMap":{}},"contracts/misc/Migrations.sol":{"l":{"8":2,"12":2,"16":2,"20":0,"21":0},"path":"/home/fabianorodrigo/Projetos/bitbucket/solidity-test/workdir/swaps2/contracts/misc/Migrations.sol","s":{"1":2,"2":2,"3":2,"4":0,"5":0},"b":{"1":[2,0]},"f":{"1":2,"2":2,"3":2,"4":0},"fnMap":{"1":{"name":"constructor","line":7,"loc":{"start":{"line":7,"column":4},"end":{"line":7,"column":22}}},"2":{"name":"restricted","line":11,"loc":{"start":{"line":11,"column":4},"end":{"line":11,"column":23}}},"3":{"name":"setCompleted","line":15,"loc":{"start":{"line":15,"column":4},"end":{"line":15,"column":57}}},"4":{"name":"upgrade","line":19,"loc":{"start":{"line":19,"column":4},"end":{"line":19,"column":57}}}},"statementMap":{"1":{"start":{"line":8,"column":8},"end":{"line":8,"column":25}},"2":{"start":{"line":12,"column":8},"end":{"line":12,"column":34}},"3":{"start":{"line":16,"column":8},"end":{"line":16,"column":43}},"4":{"start":{"line":20,"column":8},"end":{"line":20,"column":53}},"5":{"start":{"line":21,"column":8},"end":{"line":21,"column":54}}},"branchMap":{"1":{"line":12,"type":"if","locations":[{"start":{"line":12,"column":8},"end":{"line":12,"column":8}},{"start":{"line":12,"column":8},"end":{"line":12,"column":8}}]}}},"contracts/proxy4tests/Swaps.sol":{"l":{"7":1,"11":2,"15":1,"19":2,"23":6,"27":1},"path":"/home/fabianorodrigo/Projetos/bitbucket/solidity-test/workdir/swaps2/contracts/proxy4tests/Swaps.sol","s":{"1":1,"2":2,"3":1,"4":2,"5":6,"6":1},"b":{},"f":{"1":1,"2":2,"3":1,"4":2,"5":6,"6":1},"fnMap":{"1":{"name":"test_allBrokersPercent","line":6,"loc":{"start":{"line":6,"column":3},"end":{"line":6,"column":90}}},"2":{"name":"test_swap","line":10,"loc":{"start":{"line":10,"column":3},"end":{"line":10,"column":42}}},"3":{"name":"test_distribute","line":14,"loc":{"start":{"line":14,"column":3},"end":{"line":14,"column":82}}},"4":{"name":"test_removeInvestor","line":18,"loc":{"start":{"line":18,"column":3},"end":{"line":18,"column":83}}},"5":{"name":"test_deposit","line":22,"loc":{"start":{"line":22,"column":3},"end":{"line":22,"column":93}}},"6":{"name":"test_isInvestor","line":26,"loc":{"start":{"line":26,"column":3},"end":{"line":26,"column":99}}}},"statementMap":{"1":{"start":{"line":7,"column":4},"end":{"line":7,"column":40}},"2":{"start":{"line":11,"column":4},"end":{"line":11,"column":13}},"3":{"start":{"line":15,"column":4},"end":{"line":15,"column":33}},"4":{"start":{"line":19,"column":4},"end":{"line":19,"column":45}},"5":{"start":{"line":23,"column":4},"end":{"line":23,"column":37}},"6":{"start":{"line":27,"column":4},"end":{"line":27,"column":39}}},"branchMap":{}},"contracts/Swaps.sol":{"l":{"50":8,"54":0,"58":46,"59":0,"63":0,"64":0,"68":0,"69":0,"134":0,"135":0,"139":0,"140":0,"141":0,"145":0,"149":0,"154":0,"155":0,"156":0,"157":0,"158":0,"159":0,"160":0,"161":0,"162":0,"163":0,"164":0,"165":0,"166":0,"168":0,"169":0,"170":0,"171":0,"174":0,"198":0,"199":0,"203":0,"205":0,"206":0,"210":0,"214":0,"216":0,"226":0,"227":0,"229":0,"230":0,"231":0,"232":0,"233":0,"234":0,"235":0,"239":0,"240":0,"250":0,"251":0,"252":0,"253":0,"254":0,"257":0,"259":0,"260":0,"261":0,"264":0,"268":1,"275":5,"276":3,"281":1,"288":1,"289":1,"293":11,"294":11,"298":1,"299":1,"300":1,"307":1,"311":1,"315":1,"319":1,"323":1,"327":1,"331":3,"335":3,"339":1,"347":1,"355":1,"363":1,"367":1,"371":3,"373":3,"374":0,"375":0,"376":0,"378":3,"382":2,"383":2,"384":2,"385":2,"386":2,"388":0,"389":0,"391":0,"392":0,"396":1,"397":1,"398":0,"399":0,"400":0,"403":1,"404":1,"406":1,"407":1,"408":0,"409":0,"411":0,"412":0,"414":0,"415":0,"416":0,"417":0,"420":0,"421":0,"424":1,"425":1,"426":0,"427":0,"428":0,"429":0,"431":0,"432":0,"433":0,"436":0,"437":0,"444":2,"445":2,"446":2,"447":0,"448":0,"452":0,"453":0,"454":0,"460":6,"461":6,"465":0,"469":0,"470":0,"473":0,"478":0,"481":0,"487":0,"488":0,"492":0,"495":0,"496":0,"497":0,"498":0,"499":0,"502":0,"506":0,"507":0,"515":0,"516":0,"525":9},"path":"/home/fabianorodrigo/Projetos/bitbucket/solidity-test/workdir/swaps2/contracts/Swaps.sol","s":{"1":8,"2":46,"3":0,"4":0,"5":0,"6":0,"7":0,"8":0,"9":0,"10":0,"11":0,"12":0,"13":0,"14":0,"15":0,"16":0,"17":0,"18":0,"19":0,"20":0,"21":0,"22":0,"23":0,"24":0,"25":0,"26":0,"27":0,"28":0,"29":0,"30":0,"31":0,"32":0,"33":0,"34":0,"35":0,"36":0,"37":0,"38":0,"39":0,"40":0,"41":0,"42":0,"43":0,"44":0,"45":0,"46":0,"47":0,"48":0,"49":0,"50":0,"51":0,"52":0,"53":0,"54":0,"55":0,"56":0,"57":0,"58":1,"59":5,"60":3,"61":1,"62":1,"63":1,"64":11,"65":11,"66":1,"67":1,"68":1,"69":1,"70":1,"71":1,"72":1,"73":1,"74":3,"75":3,"76":1,"77":1,"78":1,"79":1,"80":1,"81":3,"82":3,"83":0,"84":0,"85":0,"86":3,"87":2,"88":2,"89":2,"90":2,"91":2,"92":0,"93":0,"94":0,"95":0,"96":1,"97":1,"98":0,"99":0,"100":0,"101":1,"102":1,"103":1,"104":1,"105":0,"106":0,"107":0,"108":0,"109":0,"110":0,"111":0,"112":0,"113":0,"114":0,"115":1,"116":1,"117":0,"118":0,"119":0,"120":0,"121":0,"122":0,"123":0,"124":0,"125":0,"126":2,"127":2,"128":2,"129":0,"130":0,"131":6,"132":6,"133":0,"134":0,"135":0,"136":0,"137":0,"138":0,"139":0,"140":0,"141":0,"142":0,"143":0,"144":0,"145":0,"146":0,"147":0,"148":0,"149":0,"150":0,"151":0,"152":9},"b":{"1":[0,8],"2":[0,46],"3":[0,0],"4":[0,0],"5":[0,0],"6":[0,0],"7":[0,0],"8":[0,0],"9":[0,0],"10":[0,0],"11":[0,0],"12":[0,0],"13":[0,0],"14":[0,0],"15":[0,0],"16":[0,0],"17":[0,0],"18":[0,0],"19":[0,0],"20":[0,0],"21":[0,0],"22":[0,0],"23":[3,2],"24":[1,2],"25":[2,0],"26":[2,0],"27":[2,0],"28":[2,0],"29":[0,2],"30":[0,0],"31":[0,0],"32":[0,0],"33":[0,6],"34":[0,0],"35":[0,0],"36":[0,0],"37":[0,0],"38":[0,0],"39":[0,0],"40":[0,0],"41":[0,0],"42":[0,0],"43":[0,0]},"f":{"1":8,"2":46,"3":0,"4":0,"5":1,"6":0,"7":0,"8":0,"9":0,"10":1,"11":5,"12":11,"13":1,"14":1,"15":1,"16":1,"17":1,"18":1,"19":1,"20":3,"21":3,"22":1,"23":1,"24":1,"25":1,"26":1,"27":3,"28":2,"29":1,"30":2,"31":6,"32":9},"fnMap":{"1":{"name":"onlyInvestor","line":49,"loc":{"start":{"line":49,"column":4},"end":{"line":49,"column":52}}},"2":{"name":"onlyWhenVaultDefined","line":57,"loc":{"start":{"line":57,"column":4},"end":{"line":57,"column":33}}},"3":{"name":"onlyOrderOwner","line":62,"loc":{"start":{"line":62,"column":4},"end":{"line":62,"column":38}}},"4":{"name":"onlyWhenOrderExists","line":67,"loc":{"start":{"line":67,"column":4},"end":{"line":67,"column":43}}},"5":{"name":"tokenFallback","line":118,"loc":{"start":{"line":118,"column":4},"end":{"line":118,"column":64}}},"6":{"name":"createOrder","line":120,"loc":{"start":{"line":120,"column":4},"end":{"line":133,"column":50}}},"7":{"name":"deposit","line":191,"loc":{"start":{"line":191,"column":4},"end":{"line":197,"column":5}}},"8":{"name":"cancel","line":219,"loc":{"start":{"line":219,"column":4},"end":{"line":225,"column":5}}},"9":{"name":"refund","line":243,"loc":{"start":{"line":243,"column":4},"end":{"line":249,"column":5}}},"10":{"name":"setVault","line":267,"loc":{"start":{"line":267,"column":4},"end":{"line":267,"column":52}}},"11":{"name":"setMyWishPercents","line":271,"loc":{"start":{"line":271,"column":4},"end":{"line":274,"column":5}}},"12":{"name":"setMyWishAddress","line":292,"loc":{"start":{"line":292,"column":4},"end":{"line":292,"column":70}}},"13":{"name":"createKey","line":297,"loc":{"start":{"line":297,"column":4},"end":{"line":297,"column":73}}},"14":{"name":"allBrokersBasePercent","line":306,"loc":{"start":{"line":306,"column":4},"end":{"line":306,"column":72}}},"15":{"name":"allBrokersQuotePercent","line":310,"loc":{"start":{"line":310,"column":4},"end":{"line":310,"column":73}}},"16":{"name":"baseLimit","line":314,"loc":{"start":{"line":314,"column":4},"end":{"line":314,"column":60}}},"17":{"name":"quoteLimit","line":318,"loc":{"start":{"line":318,"column":4},"end":{"line":318,"column":61}}},"18":{"name":"baseRaised","line":322,"loc":{"start":{"line":322,"column":4},"end":{"line":322,"column":61}}},"19":{"name":"quoteRaised","line":326,"loc":{"start":{"line":326,"column":4},"end":{"line":326,"column":62}}},"20":{"name":"isBaseFilled","line":330,"loc":{"start":{"line":330,"column":4},"end":{"line":330,"column":63}}},"21":{"name":"isQuoteFilled","line":334,"loc":{"start":{"line":334,"column":4},"end":{"line":334,"column":64}}},"22":{"name":"baseInvestors","line":338,"loc":{"start":{"line":338,"column":4},"end":{"line":338,"column":76}}},"23":{"name":"quoteInvestors","line":342,"loc":{"start":{"line":342,"column":4},"end":{"line":346,"column":5}}},"24":{"name":"baseUserInvestment","line":350,"loc":{"start":{"line":350,"column":4},"end":{"line":354,"column":5}}},"25":{"name":"quoteUserInvestment","line":358,"loc":{"start":{"line":358,"column":4},"end":{"line":362,"column":5}}},"26":{"name":"orderBrokers","line":366,"loc":{"start":{"line":366,"column":4},"end":{"line":366,"column":75}}},"27":{"name":"_allBrokersPercent","line":370,"loc":{"start":{"line":370,"column":4},"end":{"line":370,"column":86}}},"28":{"name":"_swap","line":381,"loc":{"start":{"line":381,"column":4},"end":{"line":381,"column":38}}},"29":{"name":"_distribute","line":395,"loc":{"start":{"line":395,"column":4},"end":{"line":395,"column":76}}},"30":{"name":"_removeInvestor","line":441,"loc":{"start":{"line":441,"column":4},"end":{"line":443,"column":5}}},"31":{"name":"_deposit","line":457,"loc":{"start":{"line":457,"column":4},"end":{"line":459,"column":5}}},"32":{"name":"_isInvestor","line":520,"loc":{"start":{"line":520,"column":4},"end":{"line":524,"column":5}}}},"statementMap":{"1":{"start":{"line":50,"column":8},"end":{"line":50,"column":2072}},"2":{"start":{"line":58,"column":8},"end":{"line":58,"column":68}},"3":{"start":{"line":63,"column":8},"end":{"line":63,"column":67}},"4":{"start":{"line":68,"column":8},"end":{"line":68,"column":64}},"5":{"start":{"line":134,"column":8},"end":{"line":134,"column":65}},"6":{"start":{"line":135,"column":8},"end":{"line":135,"column":4304}},"7":{"start":{"line":139,"column":8},"end":{"line":139,"column":61}},"8":{"start":{"line":140,"column":8},"end":{"line":140,"column":63}},"9":{"start":{"line":141,"column":8},"end":{"line":141,"column":4554}},"10":{"start":{"line":145,"column":8},"end":{"line":145,"column":4670}},"11":{"start":{"line":149,"column":8},"end":{"line":149,"column":4818}},"12":{"start":{"line":154,"column":8},"end":{"line":154,"column":31}},"13":{"start":{"line":155,"column":8},"end":{"line":155,"column":40}},"14":{"start":{"line":156,"column":8},"end":{"line":156,"column":42}},"15":{"start":{"line":157,"column":8},"end":{"line":157,"column":55}},"16":{"start":{"line":158,"column":8},"end":{"line":158,"column":45}},"17":{"start":{"line":159,"column":8},"end":{"line":159,"column":47}},"18":{"start":{"line":160,"column":8},"end":{"line":160,"column":48}},"19":{"start":{"line":161,"column":8},"end":{"line":161,"column":61}},"20":{"start":{"line":162,"column":8},"end":{"line":162,"column":63}},"21":{"start":{"line":163,"column":8},"end":{"line":163,"column":5429}},"22":{"start":{"line":164,"column":12},"end":{"line":164,"column":44}},"23":{"start":{"line":165,"column":12},"end":{"line":165,"column":81}},"24":{"start":{"line":166,"column":12},"end":{"line":166,"column":83}},"25":{"start":{"line":168,"column":8},"end":{"line":168,"column":5700}},"26":{"start":{"line":169,"column":12},"end":{"line":169,"column":43}},"27":{"start":{"line":170,"column":12},"end":{"line":170,"column":79}},"28":{"start":{"line":171,"column":12},"end":{"line":171,"column":81}},"29":{"start":{"line":174,"column":8},"end":{"line":174,"column":5967}},"30":{"start":{"line":198,"column":8},"end":{"line":198,"column":6562}},"31":{"start":{"line":199,"column":12},"end":{"line":199,"column":6606}},"32":{"start":{"line":203,"column":12},"end":{"line":203,"column":45}},"33":{"start":{"line":205,"column":12},"end":{"line":205,"column":62}},"34":{"start":{"line":206,"column":12},"end":{"line":206,"column":6866}},"35":{"start":{"line":210,"column":12},"end":{"line":210,"column":6993}},"36":{"start":{"line":214,"column":12},"end":{"line":214,"column":75}},"37":{"start":{"line":216,"column":8},"end":{"line":216,"column":49}},"38":{"start":{"line":226,"column":8},"end":{"line":226,"column":54}},"39":{"start":{"line":227,"column":8},"end":{"line":227,"column":50}},"40":{"start":{"line":229,"column":8},"end":{"line":229,"column":76}},"41":{"start":{"line":230,"column":8},"end":{"line":230,"column":7621}},"42":{"start":{"line":231,"column":12},"end":{"line":231,"column":37}},"43":{"start":{"line":232,"column":12},"end":{"line":232,"column":7719}},"44":{"start":{"line":233,"column":16},"end":{"line":233,"column":55}},"45":{"start":{"line":234,"column":16},"end":{"line":234,"column":67}},"46":{"start":{"line":235,"column":16},"end":{"line":235,"column":58}},"47":{"start":{"line":239,"column":8},"end":{"line":239,"column":30}},"48":{"start":{"line":240,"column":8},"end":{"line":240,"column":32}},"49":{"start":{"line":250,"column":8},"end":{"line":250,"column":50}},"50":{"start":{"line":251,"column":8},"end":{"line":251,"column":33}},"51":{"start":{"line":252,"column":8},"end":{"line":252,"column":56}},"52":{"start":{"line":253,"column":8},"end":{"line":253,"column":8402}},"53":{"start":{"line":257,"column":8},"end":{"line":257,"column":52}},"54":{"start":{"line":259,"column":8},"end":{"line":259,"column":8550}},"55":{"start":{"line":260,"column":12},"end":{"line":260,"column":68}},"56":{"start":{"line":261,"column":12},"end":{"line":261,"column":51}},"57":{"start":{"line":264,"column":8},"end":{"line":264,"column":50}},"58":{"start":{"line":268,"column":8},"end":{"line":268,"column":21}},"59":{"start":{"line":275,"column":8},"end":{"line":275,"column":78}},"60":{"start":{"line":276,"column":8},"end":{"line":276,"column":9055}},"61":{"start":{"line":281,"column":8},"end":{"line":281,"column":9174}},"62":{"start":{"line":288,"column":8},"end":{"line":288,"column":39}},"63":{"start":{"line":289,"column":8},"end":{"line":289,"column":41}},"64":{"start":{"line":293,"column":8},"end":{"line":293,"column":63}},"65":{"start":{"line":294,"column":8},"end":{"line":294,"column":37}},"66":{"start":{"line":298,"column":8},"end":{"line":298,"column":31}},"67":{"start":{"line":299,"column":8},"end":{"line":299,"column":82}},"68":{"start":{"line":307,"column":8},"end":{"line":307,"column":58}},"69":{"start":{"line":311,"column":8},"end":{"line":311,"column":59}},"70":{"start":{"line":315,"column":8},"end":{"line":315,"column":46}},"71":{"start":{"line":319,"column":8},"end":{"line":319,"column":47}},"72":{"start":{"line":323,"column":8},"end":{"line":323,"column":46}},"73":{"start":{"line":327,"column":8},"end":{"line":327,"column":47}},"74":{"start":{"line":331,"column":8},"end":{"line":331,"column":81}},"75":{"start":{"line":335,"column":8},"end":{"line":335,"column":83}},"76":{"start":{"line":339,"column":8},"end":{"line":339,"column":49}},"77":{"start":{"line":347,"column":8},"end":{"line":347,"column":50}},"78":{"start":{"line":355,"column":8},"end":{"line":355,"column":58}},"79":{"start":{"line":363,"column":8},"end":{"line":363,"column":59}},"80":{"start":{"line":367,"column":8},"end":{"line":367,"column":27}},"81":{"start":{"line":371,"column":8},"end":{"line":371,"column":21}},"82":{"start":{"line":373,"column":8},"end":{"line":373,"column":12006}},"83":{"start":{"line":374,"column":12},"end":{"line":374,"column":44}},"84":{"start":{"line":375,"column":12},"end":{"line":375,"column":61}},"85":{"start":{"line":376,"column":12},"end":{"line":376,"column":43}},"86":{"start":{"line":378,"column":8},"end":{"line":378,"column":23}},"87":{"start":{"line":382,"column":8},"end":{"line":382,"column":50}},"88":{"start":{"line":383,"column":8},"end":{"line":383,"column":54}},"89":{"start":{"line":384,"column":8},"end":{"line":384,"column":59}},"90":{"start":{"line":385,"column":8},"end":{"line":385,"column":61}},"91":{"start":{"line":386,"column":8},"end":{"line":386,"column":68}},"92":{"start":{"line":388,"column":8},"end":{"line":388,"column":64}},"93":{"start":{"line":389,"column":8},"end":{"line":389,"column":64}},"94":{"start":{"line":391,"column":8},"end":{"line":391,"column":28}},"95":{"start":{"line":392,"column":8},"end":{"line":392,"column":42}},"96":{"start":{"line":396,"column":8},"end":{"line":396,"column":27}},"97":{"start":{"line":397,"column":8},"end":{"line":397,"column":12938}},"98":{"start":{"line":398,"column":12},"end":{"line":398,"column":44}},"99":{"start":{"line":399,"column":12},"end":{"line":399,"column":62}},"100":{"start":{"line":400,"column":12},"end":{"line":400,"column":55}},"101":{"start":{"line":403,"column":8},"end":{"line":403,"column":78}},"102":{"start":{"line":404,"column":8},"end":{"line":404,"column":67}},"103":{"start":{"line":406,"column":8},"end":{"line":406,"column":39}},"104":{"start":{"line":407,"column":8},"end":{"line":407,"column":13365}},"105":{"start":{"line":408,"column":12},"end":{"line":408,"column":52}},"106":{"start":{"line":409,"column":12},"end":{"line":409,"column":22}},"107":{"start":{"line":411,"column":12},"end":{"line":411,"column":13538}},"108":{"start":{"line":412,"column":16},"end":{"line":412,"column":32}},"109":{"start":{"line":414,"column":16},"end":{"line":414,"column":54}},"110":{"start":{"line":415,"column":16},"end":{"line":415,"column":68}},"111":{"start":{"line":416,"column":16},"end":{"line":416,"column":74}},"112":{"start":{"line":417,"column":16},"end":{"line":417,"column":47}},"113":{"start":{"line":420,"column":12},"end":{"line":420,"column":46}},"114":{"start":{"line":421,"column":12},"end":{"line":421,"column":51}},"115":{"start":{"line":424,"column":8},"end":{"line":424,"column":31}},"116":{"start":{"line":425,"column":8},"end":{"line":425,"column":14059}},"117":{"start":{"line":426,"column":12},"end":{"line":426,"column":44}},"118":{"start":{"line":427,"column":12},"end":{"line":427,"column":22}},"119":{"start":{"line":428,"column":12},"end":{"line":428,"column":14194}},"120":{"start":{"line":429,"column":16},"end":{"line":429,"column":32}},"121":{"start":{"line":431,"column":16},"end":{"line":431,"column":66}},"122":{"start":{"line":432,"column":16},"end":{"line":432,"column":68}},"123":{"start":{"line":433,"column":16},"end":{"line":433,"column":47}},"124":{"start":{"line":436,"column":12},"end":{"line":436,"column":48}},"125":{"start":{"line":437,"column":12},"end":{"line":437,"column":55}},"126":{"start":{"line":444,"column":8},"end":{"line":444,"column":36}},"127":{"start":{"line":445,"column":8},"end":{"line":445,"column":14754}},"128":{"start":{"line":446,"column":12},"end":{"line":446,"column":14817}},"129":{"start":{"line":447,"column":16},"end":{"line":447,"column":22}},"130":{"start":{"line":452,"column":8},"end":{"line":452,"column":46}},"131":{"start":{"line":460,"column":8},"end":{"line":460,"column":29}},"132":{"start":{"line":461,"column":8},"end":{"line":461,"column":15181}},"133":{"start":{"line":465,"column":8},"end":{"line":465,"column":15342}},"134":{"start":{"line":469,"column":8},"end":{"line":469,"column":68}},"135":{"start":{"line":470,"column":8},"end":{"line":470,"column":15532}},"136":{"start":{"line":473,"column":12},"end":{"line":473,"column":15645}},"137":{"start":{"line":478,"column":8},"end":{"line":478,"column":15789}},"138":{"start":{"line":481,"column":12},"end":{"line":481,"column":15909}},"139":{"start":{"line":487,"column":8},"end":{"line":487,"column":16060}},"140":{"start":{"line":488,"column":12},"end":{"line":488,"column":16116}},"141":{"start":{"line":492,"column":12},"end":{"line":492,"column":45}},"142":{"start":{"line":495,"column":8},"end":{"line":495,"column":65}},"143":{"start":{"line":496,"column":8},"end":{"line":496,"column":16370}},"144":{"start":{"line":497,"column":12},"end":{"line":497,"column":71}},"145":{"start":{"line":498,"column":12},"end":{"line":498,"column":50}},"146":{"start":{"line":499,"column":12},"end":{"line":499,"column":40}},"147":{"start":{"line":502,"column":8},"end":{"line":502,"column":16606}},"148":{"start":{"line":506,"column":8},"end":{"line":506,"column":60}},"149":{"start":{"line":507,"column":8},"end":{"line":507,"column":16780}},"150":{"start":{"line":515,"column":8},"end":{"line":515,"column":16933}},"151":{"start":{"line":516,"column":12},"end":{"line":516,"column":21}},"152":{"start":{"line":525,"column":8},"end":{"line":525,"column":49}}},"branchMap":{"1":{"line":50,"type":"if","locations":[{"start":{"line":50,"column":8},"end":{"line":50,"column":8}},{"start":{"line":50,"column":8},"end":{"line":50,"column":8}}]},"2":{"line":58,"type":"if","locations":[{"start":{"line":58,"column":8},"end":{"line":58,"column":8}},{"start":{"line":58,"column":8},"end":{"line":58,"column":8}}]},"3":{"line":63,"type":"if","locations":[{"start":{"line":63,"column":8},"end":{"line":63,"column":8}},{"start":{"line":63,"column":8},"end":{"line":63,"column":8}}]},"4":{"line":68,"type":"if","locations":[{"start":{"line":68,"column":8},"end":{"line":68,"column":8}},{"start":{"line":68,"column":8},"end":{"line":68,"column":8}}]},"5":{"line":134,"type":"if","locations":[{"start":{"line":134,"column":8},"end":{"line":134,"column":8}},{"start":{"line":134,"column":8},"end":{"line":134,"column":8}}]},"6":{"line":135,"type":"if","locations":[{"start":{"line":135,"column":8},"end":{"line":135,"column":8}},{"start":{"line":135,"column":8},"end":{"line":135,"column":8}}]},"7":{"line":139,"type":"if","locations":[{"start":{"line":139,"column":8},"end":{"line":139,"column":8}},{"start":{"line":139,"column":8},"end":{"line":139,"column":8}}]},"8":{"line":140,"type":"if","locations":[{"start":{"line":140,"column":8},"end":{"line":140,"column":8}},{"start":{"line":140,"column":8},"end":{"line":140,"column":8}}]},"9":{"line":141,"type":"if","locations":[{"start":{"line":141,"column":8},"end":{"line":141,"column":8}},{"start":{"line":141,"column":8},"end":{"line":141,"column":8}}]},"10":{"line":145,"type":"if","locations":[{"start":{"line":145,"column":8},"end":{"line":145,"column":8}},{"start":{"line":145,"column":8},"end":{"line":145,"column":8}}]},"11":{"line":149,"type":"if","locations":[{"start":{"line":149,"column":8},"end":{"line":149,"column":8}},{"start":{"line":149,"column":8},"end":{"line":149,"column":8}}]},"12":{"line":163,"type":"if","locations":[{"start":{"line":163,"column":8},"end":{"line":163,"column":8}},{"start":{"line":163,"column":8},"end":{"line":163,"column":8}}]},"13":{"line":168,"type":"if","locations":[{"start":{"line":168,"column":8},"end":{"line":168,"column":8}},{"start":{"line":168,"column":8},"end":{"line":168,"column":8}}]},"14":{"line":198,"type":"if","locations":[{"start":{"line":198,"column":8},"end":{"line":198,"column":8}},{"start":{"line":198,"column":8},"end":{"line":198,"column":8}}]},"15":{"line":199,"type":"if","locations":[{"start":{"line":199,"column":12},"end":{"line":199,"column":12}},{"start":{"line":199,"column":12},"end":{"line":199,"column":12}}]},"16":{"line":205,"type":"if","locations":[{"start":{"line":205,"column":12},"end":{"line":205,"column":12}},{"start":{"line":205,"column":12},"end":{"line":205,"column":12}}]},"17":{"line":210,"type":"if","locations":[{"start":{"line":210,"column":12},"end":{"line":210,"column":12}},{"start":{"line":210,"column":12},"end":{"line":210,"column":12}}]},"18":{"line":226,"type":"if","locations":[{"start":{"line":226,"column":8},"end":{"line":226,"column":8}},{"start":{"line":226,"column":8},"end":{"line":226,"column":8}}]},"19":{"line":227,"type":"if","locations":[{"start":{"line":227,"column":8},"end":{"line":227,"column":8}},{"start":{"line":227,"column":8},"end":{"line":227,"column":8}}]},"20":{"line":250,"type":"if","locations":[{"start":{"line":250,"column":8},"end":{"line":250,"column":8}},{"start":{"line":250,"column":8},"end":{"line":250,"column":8}}]},"21":{"line":253,"type":"if","locations":[{"start":{"line":253,"column":8},"end":{"line":253,"column":8}},{"start":{"line":253,"column":8},"end":{"line":253,"column":8}}]},"22":{"line":259,"type":"if","locations":[{"start":{"line":259,"column":8},"end":{"line":259,"column":8}},{"start":{"line":259,"column":8},"end":{"line":259,"column":8}}]},"23":{"line":275,"type":"if","locations":[{"start":{"line":275,"column":8},"end":{"line":275,"column":8}},{"start":{"line":275,"column":8},"end":{"line":275,"column":8}}]},"24":{"line":276,"type":"if","locations":[{"start":{"line":276,"column":8},"end":{"line":276,"column":8}},{"start":{"line":276,"column":8},"end":{"line":276,"column":8}}]},"25":{"line":382,"type":"if","locations":[{"start":{"line":382,"column":8},"end":{"line":382,"column":8}},{"start":{"line":382,"column":8},"end":{"line":382,"column":8}}]},"26":{"line":383,"type":"if","locations":[{"start":{"line":383,"column":8},"end":{"line":383,"column":8}},{"start":{"line":383,"column":8},"end":{"line":383,"column":8}}]},"27":{"line":384,"type":"if","locations":[{"start":{"line":384,"column":8},"end":{"line":384,"column":8}},{"start":{"line":384,"column":8},"end":{"line":384,"column":8}}]},"28":{"line":385,"type":"if","locations":[{"start":{"line":385,"column":8},"end":{"line":385,"column":8}},{"start":{"line":385,"column":8},"end":{"line":385,"column":8}}]},"29":{"line":386,"type":"if","locations":[{"start":{"line":386,"column":8},"end":{"line":386,"column":8}},{"start":{"line":386,"column":8},"end":{"line":386,"column":8}}]},"30":{"line":411,"type":"if","locations":[{"start":{"line":411,"column":12},"end":{"line":411,"column":12}},{"start":{"line":411,"column":12},"end":{"line":411,"column":12}}]},"31":{"line":428,"type":"if","locations":[{"start":{"line":428,"column":12},"end":{"line":428,"column":12}},{"start":{"line":428,"column":12},"end":{"line":428,"column":12}}]},"32":{"line":446,"type":"if","locations":[{"start":{"line":446,"column":12},"end":{"line":446,"column":12}},{"start":{"line":446,"column":12},"end":{"line":446,"column":12}}]},"33":{"line":461,"type":"if","locations":[{"start":{"line":461,"column":8},"end":{"line":461,"column":8}},{"start":{"line":461,"column":8},"end":{"line":461,"column":8}}]},"34":{"line":465,"type":"if","locations":[{"start":{"line":465,"column":8},"end":{"line":465,"column":8}},{"start":{"line":465,"column":8},"end":{"line":465,"column":8}}]},"35":{"line":469,"type":"if","locations":[{"start":{"line":469,"column":8},"end":{"line":469,"column":8}},{"start":{"line":469,"column":8},"end":{"line":469,"column":8}}]},"36":{"line":470,"type":"if","locations":[{"start":{"line":470,"column":8},"end":{"line":470,"column":8}},{"start":{"line":470,"column":8},"end":{"line":470,"column":8}}]},"37":{"line":473,"type":"if","locations":[{"start":{"line":473,"column":12},"end":{"line":473,"column":12}},{"start":{"line":473,"column":12},"end":{"line":473,"column":12}}]},"38":{"line":478,"type":"if","locations":[{"start":{"line":478,"column":8},"end":{"line":478,"column":8}},{"start":{"line":478,"column":8},"end":{"line":478,"column":8}}]},"39":{"line":481,"type":"if","locations":[{"start":{"line":481,"column":12},"end":{"line":481,"column":12}},{"start":{"line":481,"column":12},"end":{"line":481,"column":12}}]},"40":{"line":487,"type":"if","locations":[{"start":{"line":487,"column":8},"end":{"line":487,"column":8}},{"start":{"line":487,"column":8},"end":{"line":487,"column":8}}]},"41":{"line":488,"type":"if","locations":[{"start":{"line":488,"column":12},"end":{"line":488,"column":12}},{"start":{"line":488,"column":12},"end":{"line":488,"column":12}}]},"42":{"line":496,"type":"if","locations":[{"start":{"line":496,"column":8},"end":{"line":496,"column":8}},{"start":{"line":496,"column":8},"end":{"line":496,"column":8}}]},"43":{"line":515,"type":"if","locations":[{"start":{"line":515,"column":8},"end":{"line":515,"column":8}},{"start":{"line":515,"column":8},"end":{"line":515,"column":8}}]}}},"contracts/Vault.sol":{"l":{"10":8,"11":4,"19":5,"26":4,"27":2,"29":2},"path":"/home/fabianorodrigo/Projetos/bitbucket/solidity-test/workdir/swaps2/contracts/Vault.sol","s":{"1":8,"2":5,"3":4,"4":2,"5":2},"b":{"1":[4,4],"2":[2,2]},"f":{"1":8,"2":1,"3":1,"4":5,"5":4},"fnMap":{"1":{"name":"onlySwaps","line":9,"loc":{"start":{"line":9,"column":4},"end":{"line":9,"column":22}}},"2":{"name":"","line":14,"loc":{"start":{"line":14,"column":4},"end":{"line":14,"column":29}}},"3":{"name":"tokenFallback","line":16,"loc":{"start":{"line":16,"column":4},"end":{"line":16,"column":64}}},"4":{"name":"setSwaps","line":18,"loc":{"start":{"line":18,"column":4},"end":{"line":18,"column":52}}},"5":{"name":"withdraw","line":22,"loc":{"start":{"line":22,"column":4},"end":{"line":25,"column":5}}}},"statementMap":{"1":{"start":{"line":10,"column":8},"end":{"line":10,"column":35}},"2":{"start":{"line":19,"column":8},"end":{"line":19,"column":21}},"3":{"start":{"line":26,"column":8},"end":{"line":26,"column":573}},"4":{"start":{"line":27,"column":12},"end":{"line":27,"column":56}},"5":{"start":{"line":29,"column":12},"end":{"line":29,"column":54}}},"branchMap":{"1":{"line":10,"type":"if","locations":[{"start":{"line":10,"column":8},"end":{"line":10,"column":8}},{"start":{"line":10,"column":8},"end":{"line":10,"column":8}}]},"2":{"line":26,"type":"if","locations":[{"start":{"line":26,"column":8},"end":{"line":26,"column":8}},{"start":{"line":26,"column":8},"end":{"line":26,"column":8}}]}}}}