TN:
SF:/home/fabianorodrigo/Projetos/bitbucket/solidity-test/workdir/swaps2/contracts/IERC20.sol
FNF:0
FNH:0
LF:0
LH:0
BRF:0
BRH:0
end_of_record
TN:
SF:/home/fabianorodrigo/Projetos/bitbucket/solidity-test/workdir/swaps2/contracts/ISwaps.sol
FNF:0
FNH:0
LF:0
LH:0
BRF:0
BRH:0
end_of_record
TN:
SF:/home/fabianorodrigo/Projetos/bitbucket/solidity-test/workdir/swaps2/contracts/misc/Migrations.sol
FN:7,constructor
FN:11,restricted
FN:15,setCompleted
FN:19,upgrade
FNF:4
FNH:3
FNDA:2,constructor
FNDA:2,restricted
FNDA:2,setCompleted
FNDA:0,upgrade
DA:8,2
DA:12,2
DA:16,2
DA:20,0
DA:21,0
LF:5
LH:3
BRDA:12,1,0,2
BRDA:12,1,1,0
BRF:2
BRH:1
end_of_record
TN:
SF:/home/fabianorodrigo/Projetos/bitbucket/solidity-test/workdir/swaps2/contracts/proxy4tests/Swaps.sol
FN:6,test_allBrokersPercent
FN:10,test_swap
FN:14,test_distribute
FN:18,test_removeInvestor
FN:22,test_deposit
FN:26,test_isInvestor
FNF:6
FNH:6
FNDA:1,test_allBrokersPercent
FNDA:2,test_swap
FNDA:1,test_distribute
FNDA:2,test_removeInvestor
FNDA:6,test_deposit
FNDA:1,test_isInvestor
DA:7,1
DA:11,2
DA:15,1
DA:19,2
DA:23,6
DA:27,1
LF:6
LH:6
BRF:0
BRH:0
end_of_record
TN:
SF:/home/fabianorodrigo/Projetos/bitbucket/solidity-test/workdir/swaps2/contracts/Swaps.sol
FN:49,onlyInvestor
FN:57,onlyWhenVaultDefined
FN:62,onlyOrderOwner
FN:67,onlyWhenOrderExists
FN:118,tokenFallback
FN:120,createOrder
FN:191,deposit
FN:219,cancel
FN:243,refund
FN:267,setVault
FN:271,setMyWishPercents
FN:292,setMyWishAddress
FN:297,createKey
FN:306,allBrokersBasePercent
FN:310,allBrokersQuotePercent
FN:314,baseLimit
FN:318,quoteLimit
FN:322,baseRaised
FN:326,quoteRaised
FN:330,isBaseFilled
FN:334,isQuoteFilled
FN:338,baseInvestors
FN:342,quoteInvestors
FN:350,baseUserInvestment
FN:358,quoteUserInvestment
FN:366,orderBrokers
FN:370,_allBrokersPercent
FN:381,_swap
FN:395,_distribute
FN:441,_removeInvestor
FN:457,_deposit
FN:520,_isInvestor
FNF:32
FNH:26
FNDA:8,onlyInvestor
FNDA:46,onlyWhenVaultDefined
FNDA:0,onlyOrderOwner
FNDA:0,onlyWhenOrderExists
FNDA:1,tokenFallback
FNDA:0,createOrder
FNDA:0,deposit
FNDA:0,cancel
FNDA:0,refund
FNDA:1,setVault
FNDA:5,setMyWishPercents
FNDA:11,setMyWishAddress
FNDA:1,createKey
FNDA:1,allBrokersBasePercent
FNDA:1,allBrokersQuotePercent
FNDA:1,baseLimit
FNDA:1,quoteLimit
FNDA:1,baseRaised
FNDA:1,quoteRaised
FNDA:3,isBaseFilled
FNDA:3,isQuoteFilled
FNDA:1,baseInvestors
FNDA:1,quoteInvestors
FNDA:1,baseUserInvestment
FNDA:1,quoteUserInvestment
FNDA:1,orderBrokers
FNDA:3,_allBrokersPercent
FNDA:2,_swap
FNDA:1,_distribute
FNDA:2,_removeInvestor
FNDA:6,_deposit
FNDA:9,_isInvestor
DA:50,8
DA:54,0
DA:58,46
DA:59,0
DA:63,0
DA:64,0
DA:68,0
DA:69,0
DA:134,0
DA:135,0
DA:139,0
DA:140,0
DA:141,0
DA:145,0
DA:149,0
DA:154,0
DA:155,0
DA:156,0
DA:157,0
DA:158,0
DA:159,0
DA:160,0
DA:161,0
DA:162,0
DA:163,0
DA:164,0
DA:165,0
DA:166,0
DA:168,0
DA:169,0
DA:170,0
DA:171,0
DA:174,0
DA:198,0
DA:199,0
DA:203,0
DA:205,0
DA:206,0
DA:210,0
DA:214,0
DA:216,0
DA:226,0
DA:227,0
DA:229,0
DA:230,0
DA:231,0
DA:232,0
DA:233,0
DA:234,0
DA:235,0
DA:239,0
DA:240,0
DA:250,0
DA:251,0
DA:252,0
DA:253,0
DA:254,0
DA:257,0
DA:259,0
DA:260,0
DA:261,0
DA:264,0
DA:268,1
DA:275,5
DA:276,3
DA:281,1
DA:288,1
DA:289,1
DA:293,11
DA:294,11
DA:298,1
DA:299,1
DA:300,1
DA:307,1
DA:311,1
DA:315,1
DA:319,1
DA:323,1
DA:327,1
DA:331,3
DA:335,3
DA:339,1
DA:347,1
DA:355,1
DA:363,1
DA:367,1
DA:371,3
DA:373,3
DA:374,0
DA:375,0
DA:376,0
DA:378,3
DA:382,2
DA:383,2
DA:384,2
DA:385,2
DA:386,2
DA:388,0
DA:389,0
DA:391,0
DA:392,0
DA:396,1
DA:397,1
DA:398,0
DA:399,0
DA:400,0
DA:403,1
DA:404,1
DA:406,1
DA:407,1
DA:408,0
DA:409,0
DA:411,0
DA:412,0
DA:414,0
DA:415,0
DA:416,0
DA:417,0
DA:420,0
DA:421,0
DA:424,1
DA:425,1
DA:426,0
DA:427,0
DA:428,0
DA:429,0
DA:431,0
DA:432,0
DA:433,0
DA:436,0
DA:437,0
DA:444,2
DA:445,2
DA:446,2
DA:447,0
DA:448,0
DA:452,0
DA:453,0
DA:454,0
DA:460,6
DA:461,6
DA:465,0
DA:469,0
DA:470,0
DA:473,0
DA:478,0
DA:481,0
DA:487,0
DA:488,0
DA:492,0
DA:495,0
DA:496,0
DA:497,0
DA:498,0
DA:499,0
DA:502,0
DA:506,0
DA:507,0
DA:515,0
DA:516,0
DA:525,9
LF:161
LH:48
BRDA:50,1,0,0
BRDA:50,1,1,8
BRDA:58,2,0,0
BRDA:58,2,1,46
BRDA:63,3,0,0
BRDA:63,3,1,0
BRDA:68,4,0,0
BRDA:68,4,1,0
BRDA:134,5,0,0
BRDA:134,5,1,0
BRDA:135,6,0,0
BRDA:135,6,1,0
BRDA:139,7,0,0
BRDA:139,7,1,0
BRDA:140,8,0,0
BRDA:140,8,1,0
BRDA:141,9,0,0
BRDA:141,9,1,0
BRDA:145,10,0,0
BRDA:145,10,1,0
BRDA:149,11,0,0
BRDA:149,11,1,0
BRDA:163,12,0,0
BRDA:163,12,1,0
BRDA:168,13,0,0
BRDA:168,13,1,0
BRDA:198,14,0,0
BRDA:198,14,1,0
BRDA:199,15,0,0
BRDA:199,15,1,0
BRDA:205,16,0,0
BRDA:205,16,1,0
BRDA:210,17,0,0
BRDA:210,17,1,0
BRDA:226,18,0,0
BRDA:226,18,1,0
BRDA:227,19,0,0
BRDA:227,19,1,0
BRDA:250,20,0,0
BRDA:250,20,1,0
BRDA:253,21,0,0
BRDA:253,21,1,0
BRDA:259,22,0,0
BRDA:259,22,1,0
BRDA:275,23,0,3
BRDA:275,23,1,2
BRDA:276,24,0,1
BRDA:276,24,1,2
BRDA:382,25,0,2
BRDA:382,25,1,0
BRDA:383,26,0,2
BRDA:383,26,1,0
BRDA:384,27,0,2
BRDA:384,27,1,0
BRDA:385,28,0,2
BRDA:385,28,1,0
BRDA:386,29,0,0
BRDA:386,29,1,2
BRDA:411,30,0,0
BRDA:411,30,1,0
BRDA:428,31,0,0
BRDA:428,31,1,0
BRDA:446,32,0,0
BRDA:446,32,1,0
BRDA:461,33,0,0
BRDA:461,33,1,6
BRDA:465,34,0,0
BRDA:465,34,1,0
BRDA:469,35,0,0
BRDA:469,35,1,0
BRDA:470,36,0,0
BRDA:470,36,1,0
BRDA:473,37,0,0
BRDA:473,37,1,0
BRDA:478,38,0,0
BRDA:478,38,1,0
BRDA:481,39,0,0
BRDA:481,39,1,0
BRDA:487,40,0,0
BRDA:487,40,1,0
BRDA:488,41,0,0
BRDA:488,41,1,0
BRDA:496,42,0,0
BRDA:496,42,1,0
BRDA:515,43,0,0
BRDA:515,43,1,0
BRF:86
BRH:12
end_of_record
TN:
SF:/home/fabianorodrigo/Projetos/bitbucket/solidity-test/workdir/swaps2/contracts/Vault.sol
FN:9,onlySwaps
FN:14,
FN:16,tokenFallback
FN:18,setSwaps
FN:22,withdraw
FNF:5
FNH:5
FNDA:8,onlySwaps
FNDA:1,
FNDA:1,tokenFallback
FNDA:5,setSwaps
FNDA:4,withdraw
DA:10,8
DA:11,4
DA:19,5
DA:26,4
DA:27,2
DA:29,2
LF:6
LH:6
BRDA:10,1,0,4
BRDA:10,1,1,4
BRDA:26,2,0,2
BRDA:26,2,1,2
BRF:4
BRH:4
end_of_record
