{"contracts/Button.sol":{"l":{"20":31,"21":31,"22":31,"26":4,"27":2,"28":0,"29":0,"33":4,"34":2,"35":2,"39":0},"path":"/home/fabianorodrigo/Projetos/bitbucket/solidity-test/workdir/button/contracts/Button.sol","s":{"1":31,"2":31,"3":31,"4":4,"5":2,"6":0,"7":4,"8":2,"9":2,"10":0},"b":{"1":[2,2],"2":[0,2],"3":[2,2],"4":[0,2]},"f":{"1":31,"2":4,"3":4,"4":0},"fnMap":{"1":{"name":"constructor","line":19,"loc":{"start":{"line":19,"column":2},"end":{"line":19,"column":38}}},"2":{"name":"tokenFallback","line":25,"loc":{"start":{"line":25,"column":2},"end":{"line":25,"column":72}}},"3":{"name":"withdraw","line":32,"loc":{"start":{"line":32,"column":2},"end":{"line":32,"column":29}}},"4":{"name":"_random","line":38,"loc":{"start":{"line":38,"column":2},"end":{"line":38,"column":49}}}},"statementMap":{"1":{"start":{"line":20,"column":5},"end":{"line":20,"column":25}},"2":{"start":{"line":21,"column":5},"end":{"line":21,"column":22}},"3":{"start":{"line":22,"column":5},"end":{"line":22,"column":14}},"4":{"start":{"line":26,"column":4},"end":{"line":26,"column":30}},"5":{"start":{"line":27,"column":4},"end":{"line":27,"column":43}},"6":{"start":{"line":29,"column":4},"end":{"line":29,"column":37}},"7":{"start":{"line":33,"column":4},"end":{"line":33,"column":31}},"8":{"start":{"line":34,"column":4},"end":{"line":34,"column":22}},"9":{"start":{"line":35,"column":4},"end":{"line":35,"column":78}},"10":{"start":{"line":39,"column":4},"end":{"line":39,"column":73}}},"branchMap":{"1":{"line":26,"type":"if","locations":[{"start":{"line":26,"column":4},"end":{"line":26,"column":4}},{"start":{"line":26,"column":4},"end":{"line":26,"column":4}}]},"2":{"line":27,"type":"if","locations":[{"start":{"line":27,"column":4},"end":{"line":27,"column":4}},{"start":{"line":27,"column":4},"end":{"line":27,"column":4}}]},"3":{"line":33,"type":"if","locations":[{"start":{"line":33,"column":4},"end":{"line":33,"column":4}},{"start":{"line":33,"column":4},"end":{"line":33,"column":4}}]},"4":{"line":35,"type":"if","locations":[{"start":{"line":35,"column":4},"end":{"line":35,"column":4}},{"start":{"line":35,"column":4},"end":{"line":35,"column":4}}]}}},"contracts/proxy4tests/TESTBUXX.sol":{"l":{"7":4},"path":"/home/fabianorodrigo/Projetos/bitbucket/solidity-test/workdir/button/contracts/proxy4tests/TESTBUXX.sol","s":{"1":4},"b":{},"f":{"1":2,"2":4},"fnMap":{"1":{"name":"constructor","line":5,"loc":{"start":{"line":5,"column":6},"end":{"line":5,"column":165}}},"2":{"name":"test_transfer","line":6,"loc":{"start":{"line":6,"column":3},"end":{"line":6,"column":86}}}},"statementMap":{"1":{"start":{"line":7,"column":4},"end":{"line":7,"column":32}}},"branchMap":{}},"contracts/TESTBUXX.sol":{"l":{"49":31,"50":31,"51":31,"52":31,"53":31,"54":31,"55":31,"61":3,"62":1,"63":1,"64":1,"69":1,"82":5,"83":5,"84":5,"96":1,"97":0,"99":1,"106":1,"112":3,"113":3,"114":1,"121":4,"123":0,"124":0,"125":0,"127":0,"136":4,"138":4,"139":4,"140":0,"142":0,"149":1,"150":1,"151":1,"153":1,"154":1,"161":2,"162":0,"164":0,"165":0,"166":0,"168":0,"169":0,"178":7,"180":1,"182":0,"183":0,"189":1,"196":6,"197":0,"200":6,"201":2,"208":0,"210":0,"211":0,"213":0,"219":7,"220":7,"221":7,"229":20,"230":8,"231":8,"233":4,"234":4,"237":4,"238":4,"239":4},"path":"/home/fabianorodrigo/Projetos/bitbucket/solidity-test/workdir/button/contracts/TESTBUXX.sol","s":{"1":31,"2":31,"3":31,"4":31,"5":31,"6":31,"7":31,"8":2,"9":3,"10":1,"11":1,"12":1,"13":1,"14":5,"15":5,"16":5,"17":1,"18":0,"19":1,"20":1,"21":3,"22":3,"23":1,"24":4,"25":0,"26":0,"27":0,"28":0,"29":4,"30":4,"31":4,"32":0,"33":0,"34":1,"35":1,"36":1,"37":1,"38":1,"39":2,"40":0,"41":0,"42":0,"43":0,"44":0,"45":0,"46":7,"47":1,"48":0,"49":0,"50":1,"51":6,"52":0,"53":6,"54":2,"55":0,"56":0,"57":0,"58":0,"59":7,"60":7,"61":20,"62":8,"63":8,"64":4,"65":4,"66":4,"67":4,"68":4},"b":{"1":[1,2],"2":[0,1],"3":[0,4],"4":[4,0],"5":[1,0],"6":[0,2],"7":[0,0],"8":[0,1],"9":[0,0],"10":[0,6],"11":[8,12],"12":[8,0],"13":[4,4]},"f":{"1":31,"2":2,"3":3,"4":1,"5":5,"6":1,"7":1,"8":3,"9":4,"10":4,"11":1,"12":2,"13":7,"14":6,"15":0,"16":7,"17":20},"fnMap":{"1":{"name":"constructor","line":44,"loc":{"start":{"line":44,"column":2},"end":{"line":48,"column":3}}},"2":{"name":"","line":58,"loc":{"start":{"line":58,"column":2},"end":{"line":58,"column":27}}},"3":{"name":"mint","line":60,"loc":{"start":{"line":60,"column":2},"end":{"line":60,"column":52}}},"4":{"name":"balanceOf","line":68,"loc":{"start":{"line":68,"column":2},"end":{"line":68,"column":68}}},"5":{"name":"approve","line":79,"loc":{"start":{"line":79,"column":2},"end":{"line":81,"column":3}}},"6":{"name":"safeApprove","line":88,"loc":{"start":{"line":88,"column":2},"end":{"line":91,"column":48}}},"7":{"name":"allowance","line":103,"loc":{"start":{"line":103,"column":2},"end":{"line":105,"column":3}}},"8":{"name":"transfer","line":110,"loc":{"start":{"line":110,"column":2},"end":{"line":111,"column":3}}},"9":{"name":"transferFrom","line":118,"loc":{"start":{"line":118,"column":2},"end":{"line":120,"column":3}}},"10":{"name":"approveAndCall","line":131,"loc":{"start":{"line":131,"column":2},"end":{"line":135,"column":3}}},"11":{"name":"burn","line":146,"loc":{"start":{"line":146,"column":2},"end":{"line":148,"column":3}}},"12":{"name":"burnFrom","line":158,"loc":{"start":{"line":158,"column":2},"end":{"line":160,"column":3}}},"13":{"name":"transfer","line":173,"loc":{"start":{"line":173,"column":2},"end":{"line":177,"column":3}}},"14":{"name":"transfer","line":193,"loc":{"start":{"line":193,"column":2},"end":{"line":195,"column":3}}},"15":{"name":"transferToContract","line":205,"loc":{"start":{"line":205,"column":2},"end":{"line":207,"column":3}}},"16":{"name":"isContract","line":217,"loc":{"start":{"line":217,"column":2},"end":{"line":218,"column":3}}},"17":{"name":"_transfer","line":224,"loc":{"start":{"line":224,"column":2},"end":{"line":228,"column":3}}}},"statementMap":{"1":{"start":{"line":49,"column":4},"end":{"line":49,"column":60}},"2":{"start":{"line":50,"column":4},"end":{"line":50,"column":38}},"3":{"start":{"line":51,"column":4},"end":{"line":51,"column":19}},"4":{"start":{"line":52,"column":4},"end":{"line":52,"column":26}},"5":{"start":{"line":53,"column":4},"end":{"line":53,"column":23}},"6":{"start":{"line":54,"column":4},"end":{"line":54,"column":21}},"7":{"start":{"line":55,"column":4},"end":{"line":55,"column":50}},"8":{"start":{"line":58,"column":30},"end":{"line":58,"column":37}},"9":{"start":{"line":61,"column":4},"end":{"line":61,"column":31}},"10":{"start":{"line":62,"column":4},"end":{"line":62,"column":23}},"11":{"start":{"line":63,"column":4},"end":{"line":63,"column":25}},"12":{"start":{"line":64,"column":4},"end":{"line":64,"column":36}},"13":{"start":{"line":69,"column":4},"end":{"line":69,"column":27}},"14":{"start":{"line":82,"column":4},"end":{"line":82,"column":43}},"15":{"start":{"line":83,"column":4},"end":{"line":83,"column":41}},"16":{"start":{"line":84,"column":4},"end":{"line":84,"column":15}},"17":{"start":{"line":96,"column":4},"end":{"line":96,"column":2986}},"18":{"start":{"line":97,"column":6},"end":{"line":97,"column":38}},"19":{"start":{"line":99,"column":4},"end":{"line":99,"column":16}},"20":{"start":{"line":106,"column":4},"end":{"line":106,"column":38}},"21":{"start":{"line":112,"column":4},"end":{"line":112,"column":22}},"22":{"start":{"line":113,"column":4},"end":{"line":113,"column":42}},"23":{"start":{"line":114,"column":4},"end":{"line":114,"column":15}},"24":{"start":{"line":121,"column":4},"end":{"line":121,"column":52}},"25":{"start":{"line":123,"column":4},"end":{"line":123,"column":41}},"26":{"start":{"line":124,"column":4},"end":{"line":124,"column":22}},"27":{"start":{"line":125,"column":4},"end":{"line":125,"column":38}},"28":{"start":{"line":127,"column":4},"end":{"line":127,"column":15}},"29":{"start":{"line":136,"column":4},"end":{"line":136,"column":3915}},"30":{"start":{"line":138,"column":6},"end":{"line":138,"column":54}},"31":{"start":{"line":139,"column":6},"end":{"line":139,"column":56}},"32":{"start":{"line":140,"column":6},"end":{"line":140,"column":17}},"33":{"start":{"line":142,"column":4},"end":{"line":142,"column":16}},"34":{"start":{"line":149,"column":4},"end":{"line":149,"column":44}},"35":{"start":{"line":150,"column":4},"end":{"line":150,"column":33}},"36":{"start":{"line":151,"column":4},"end":{"line":151,"column":23}},"37":{"start":{"line":153,"column":4},"end":{"line":153,"column":28}},"38":{"start":{"line":154,"column":4},"end":{"line":154,"column":15}},"39":{"start":{"line":161,"column":4},"end":{"line":161,"column":38}},"40":{"start":{"line":162,"column":4},"end":{"line":162,"column":52}},"41":{"start":{"line":164,"column":4},"end":{"line":164,"column":27}},"42":{"start":{"line":165,"column":4},"end":{"line":165,"column":41}},"43":{"start":{"line":166,"column":4},"end":{"line":166,"column":23}},"44":{"start":{"line":168,"column":4},"end":{"line":168,"column":22}},"45":{"start":{"line":169,"column":4},"end":{"line":169,"column":15}},"46":{"start":{"line":178,"column":4},"end":{"line":178,"column":43}},"47":{"start":{"line":180,"column":4},"end":{"line":180,"column":5000}},"48":{"start":{"line":182,"column":6},"end":{"line":182,"column":50}},"49":{"start":{"line":183,"column":6},"end":{"line":183,"column":5103}},"50":{"start":{"line":189,"column":4},"end":{"line":189,"column":15}},"51":{"start":{"line":196,"column":4},"end":{"line":196,"column":5420}},"52":{"start":{"line":197,"column":6},"end":{"line":197,"column":50}},"53":{"start":{"line":200,"column":4},"end":{"line":200,"column":43}},"54":{"start":{"line":201,"column":4},"end":{"line":201,"column":15}},"55":{"start":{"line":208,"column":4},"end":{"line":208,"column":43}},"56":{"start":{"line":210,"column":4},"end":{"line":210,"column":46}},"57":{"start":{"line":211,"column":4},"end":{"line":211,"column":46}},"58":{"start":{"line":213,"column":4},"end":{"line":213,"column":15}},"59":{"start":{"line":219,"column":4},"end":{"line":219,"column":15}},"60":{"start":{"line":221,"column":4},"end":{"line":221,"column":23}},"61":{"start":{"line":229,"column":4},"end":{"line":229,"column":23}},"62":{"start":{"line":230,"column":4},"end":{"line":230,"column":38}},"63":{"start":{"line":231,"column":4},"end":{"line":231,"column":51}},"64":{"start":{"line":233,"column":4},"end":{"line":233,"column":27}},"65":{"start":{"line":234,"column":4},"end":{"line":234,"column":25}},"66":{"start":{"line":237,"column":4},"end":{"line":237,"column":22}},"67":{"start":{"line":238,"column":4},"end":{"line":238,"column":15}},"68":{"start":{"line":239,"column":4},"end":{"line":239,"column":30}}},"branchMap":{"1":{"line":61,"type":"if","locations":[{"start":{"line":61,"column":4},"end":{"line":61,"column":4}},{"start":{"line":61,"column":4},"end":{"line":61,"column":4}}]},"2":{"line":96,"type":"if","locations":[{"start":{"line":96,"column":4},"end":{"line":96,"column":4}},{"start":{"line":96,"column":4},"end":{"line":96,"column":4}}]},"3":{"line":121,"type":"if","locations":[{"start":{"line":121,"column":4},"end":{"line":121,"column":4}},{"start":{"line":121,"column":4},"end":{"line":121,"column":4}}]},"4":{"line":136,"type":"if","locations":[{"start":{"line":136,"column":4},"end":{"line":136,"column":4}},{"start":{"line":136,"column":4},"end":{"line":136,"column":4}}]},"5":{"line":149,"type":"if","locations":[{"start":{"line":149,"column":4},"end":{"line":149,"column":4}},{"start":{"line":149,"column":4},"end":{"line":149,"column":4}}]},"6":{"line":161,"type":"if","locations":[{"start":{"line":161,"column":4},"end":{"line":161,"column":4}},{"start":{"line":161,"column":4},"end":{"line":161,"column":4}}]},"7":{"line":162,"type":"if","locations":[{"start":{"line":162,"column":4},"end":{"line":162,"column":4}},{"start":{"line":162,"column":4},"end":{"line":162,"column":4}}]},"8":{"line":180,"type":"if","locations":[{"start":{"line":180,"column":4},"end":{"line":180,"column":4}},{"start":{"line":180,"column":4},"end":{"line":180,"column":4}}]},"9":{"line":183,"type":"if","locations":[{"start":{"line":183,"column":6},"end":{"line":183,"column":6}},{"start":{"line":183,"column":6},"end":{"line":183,"column":6}}]},"10":{"line":196,"type":"if","locations":[{"start":{"line":196,"column":4},"end":{"line":196,"column":4}},{"start":{"line":196,"column":4},"end":{"line":196,"column":4}}]},"11":{"line":229,"type":"if","locations":[{"start":{"line":229,"column":4},"end":{"line":229,"column":4}},{"start":{"line":229,"column":4},"end":{"line":229,"column":4}}]},"12":{"line":230,"type":"if","locations":[{"start":{"line":230,"column":4},"end":{"line":230,"column":4}},{"start":{"line":230,"column":4},"end":{"line":230,"column":4}}]},"13":{"line":231,"type":"if","locations":[{"start":{"line":231,"column":4},"end":{"line":231,"column":4}},{"start":{"line":231,"column":4},"end":{"line":231,"column":4}}]}}}}