{"contracts/MerkleShip.sol":{"l":{"93":4,"94":0,"99":0,"103":4,"110":12,"113":0,"120":7,"123":7,"131":18,"134":0,"140":24,"142":18,"148":4,"150":2,"156":14,"158":12,"166":70,"248":12,"249":12,"266":3,"268":1,"270":1,"272":1,"273":1,"274":1,"275":1,"276":1,"278":1,"292":1,"294":1,"296":1,"297":1,"298":1,"299":1,"300":1,"302":1,"314":2,"316":0,"318":0,"320":0,"321":0,"323":0,"325":0,"351":0,"354":0,"356":0,"358":0,"360":0,"362":0,"365":0,"367":0,"369":0,"371":0,"375":0,"376":0,"377":0,"378":0,"379":0,"382":0,"383":0,"399":2,"401":2,"402":2,"403":0,"406":0,"410":2,"415":0,"416":0,"417":0,"420":0,"423":0,"424":0,"426":0,"428":0,"429":0,"430":0,"431":0,"432":0,"435":0,"436":0,"442":0,"443":0,"444":0,"447":0,"451":0,"453":0,"463":1,"465":1,"466":0,"467":0,"470":0,"471":0,"474":1,"475":0,"477":0,"490":0,"496":0,"497":0,"500":0,"503":0,"505":0,"506":0,"508":0,"510":0,"512":0,"514":0,"528":0,"530":0,"531":0,"532":0,"535":0,"538":0,"540":0,"541":0,"543":0,"545":0,"547":0,"549":0,"550":0,"552":0,"565":0,"567":0,"568":0,"570":0,"572":0,"574":0,"589":0,"591":0,"595":0,"599":0,"604":0,"606":0,"607":0,"610":0,"613":0,"625":0,"627":0,"629":0,"634":0,"636":0,"646":1,"649":1,"650":1,"651":1,"652":1,"654":1,"655":1,"656":1,"657":1,"658":1,"659":1,"660":1,"662":0,"664":1,"666":0,"668":1,"669":1,"680":0,"682":0,"686":0,"692":0,"694":0,"696":0,"698":0,"700":0,"711":0,"713":0,"717":0,"723":0,"724":0,"727":0,"731":0,"733":0,"735":0,"737":0,"739":0,"747":2,"749":0,"751":0,"754":0,"756":0,"767":0,"769":0,"771":0,"772":0,"773":0,"774":0,"781":0,"782":0,"783":0,"784":0,"785":0,"788":0,"806":1,"808":1,"809":64,"810":0,"811":0,"812":0,"827":1,"829":1,"830":64,"831":64,"832":64,"833":64,"835":64,"836":0,"845":0,"846":0,"849":64,"850":0,"857":0,"858":0,"861":64,"862":0,"867":0,"868":0,"871":64,"872":0,"886":1,"887":1,"888":64,"891":1,"903":1,"904":1,"918":4,"919":4,"920":4,"921":4,"922":3,"923":4,"924":4,"925":4,"926":4,"927":4,"928":4,"931":3,"932":1,"933":3,"934":1,"946":3,"948":1,"949":1,"950":1,"951":1,"952":1,"953":1,"955":1,"956":0,"959":0,"963":0,"979":1,"1004":3,"1006":3,"1007":18,"1008":18,"1011":3,"1024":2,"1025":0,"1028":2,"1042":1,"1044":0,"1045":0,"1047":0,"1049":0,"1053":0,"1068":129,"1070":129,"1083":1,"1084":1,"1086":1,"1088":1,"1089":5,"1096":0},"path":"/home/fabianorodrigo/Projetos/bitbucket/solidity-test/workdir/truffle/contracts/MerkleShip.sol","s":{"1":4,"2":0,"3":4,"4":0,"5":12,"6":7,"7":18,"8":24,"9":4,"10":14,"11":70,"12":12,"13":12,"14":3,"15":1,"16":1,"17":1,"18":1,"19":1,"20":1,"21":1,"22":1,"23":1,"24":1,"25":1,"26":1,"27":1,"28":1,"29":1,"30":2,"31":0,"32":0,"33":0,"34":0,"35":0,"36":0,"37":0,"38":0,"39":0,"40":0,"41":0,"42":0,"43":0,"44":0,"45":0,"46":0,"47":0,"48":0,"49":0,"50":0,"51":0,"52":0,"53":0,"54":0,"55":2,"56":2,"57":2,"58":0,"59":2,"60":0,"61":2,"62":0,"63":0,"64":0,"65":0,"66":0,"67":0,"68":0,"69":0,"70":0,"71":0,"72":0,"73":0,"74":0,"75":0,"76":0,"77":0,"78":0,"79":0,"80":0,"81":0,"82":0,"83":0,"84":1,"85":1,"86":0,"87":0,"88":1,"89":0,"90":0,"91":1,"92":0,"93":0,"94":0,"95":0,"96":0,"97":0,"98":0,"99":0,"100":0,"101":0,"102":0,"103":0,"104":0,"105":0,"106":0,"107":0,"108":0,"109":0,"110":0,"111":0,"112":0,"113":0,"114":0,"115":0,"116":0,"117":0,"118":0,"119":0,"120":0,"121":0,"122":0,"123":0,"124":0,"125":0,"126":0,"127":0,"128":0,"129":0,"130":0,"131":0,"132":0,"133":0,"134":0,"135":0,"136":0,"137":0,"138":0,"139":0,"140":0,"141":0,"142":1,"143":1,"144":1,"145":1,"146":0,"147":0,"148":0,"149":0,"150":0,"151":0,"152":0,"153":0,"154":0,"155":0,"156":0,"157":0,"158":0,"159":0,"160":0,"161":0,"162":0,"163":0,"164":0,"165":0,"166":2,"167":0,"168":0,"169":0,"170":0,"171":0,"172":0,"173":0,"174":0,"175":0,"176":0,"177":0,"178":0,"179":0,"180":0,"181":0,"182":0,"183":0,"184":1,"185":1,"186":64,"187":0,"188":0,"189":1,"190":1,"191":64,"192":64,"193":64,"194":64,"195":64,"196":0,"197":0,"198":64,"199":0,"200":0,"201":64,"202":0,"203":0,"204":64,"205":0,"206":1,"207":1,"208":64,"209":1,"210":1,"211":1,"212":4,"213":4,"214":4,"215":0,"216":4,"217":3,"218":4,"219":4,"220":4,"221":4,"222":3,"223":1,"224":3,"225":1,"226":3,"227":1,"228":1,"229":1,"230":1,"231":1,"232":1,"233":0,"234":1,"235":0,"236":0,"237":0,"238":1,"239":3,"240":3,"241":18,"242":18,"243":3,"244":2,"245":0,"246":2,"247":1,"248":0,"249":0,"250":0,"251":0,"252":0,"253":129,"254":129,"255":1,"256":1,"257":1,"258":1,"259":5,"260":0},"b":{"1":[0,4],"2":[0,0],"3":[0,4],"4":[0,0],"5":[0,12],"6":[7,0],"7":[0,18],"8":[18,6],"9":[2,2],"10":[12,2],"11":[1,2],"12":[1,0],"13":[0,2],"14":[0,0],"15":[0,0],"16":[0,0],"17":[0,0],"18":[0,2],"19":[0,2],"20":[0,2],"21":[0,0],"22":[0,0],"23":[0,0],"24":[0,0],"25":[0,0],"26":[0,0],"27":[0,0],"28":[0,0],"29":[0,0],"30":[0,1],"31":[0,1],"32":[0,1],"33":[0,0],"34":[0,0],"35":[0,0],"36":[0,0],"37":[0,0],"38":[0,0],"39":[0,0],"40":[0,0],"41":[0,0],"42":[0,0],"43":[0,0],"44":[0,0],"45":[0,0],"46":[0,0],"47":[0,0],"48":[0,0],"49":[0,0],"50":[0,0],"51":[0,0],"52":[0,0],"53":[0,0],"54":[0,2],"55":[0,0],"56":[0,0],"57":[0,64],"58":[0,0],"59":[0,64],"60":[0,0],"61":[0,64],"62":[0,0],"63":[0,64],"64":[0,0],"65":[0,64],"66":[0,4],"67":[4,0],"68":[1,2],"69":[1,2],"70":[1,2],"71":[1,0],"72":[0,1],"73":[0,1],"74":[0,0],"75":[0,2],"76":[0,1],"77":[0,0],"78":[1,0],"79":[4,1]},"f":{"1":4,"2":12,"3":7,"4":18,"5":24,"6":4,"7":14,"8":70,"9":12,"10":3,"11":1,"12":2,"13":0,"14":2,"15":1,"16":0,"17":0,"18":0,"19":0,"20":1,"21":0,"22":0,"23":2,"24":0,"25":1,"26":1,"27":1,"28":1,"29":4,"30":3,"31":1,"32":3,"33":2,"34":1,"35":129,"36":1},"fnMap":{"1":{"name":"turnControl","line":92,"loc":{"start":{"line":92,"column":2},"end":{"line":92,"column":34}}},"2":{"name":"isActive","line":109,"loc":{"start":{"line":109,"column":2},"end":{"line":109,"column":31}}},"3":{"name":"isReady","line":119,"loc":{"start":{"line":119,"column":2},"end":{"line":119,"column":30}}},"4":{"name":"isPlayer","line":130,"loc":{"start":{"line":130,"column":2},"end":{"line":130,"column":31}}},"5":{"name":"notEmergency","line":139,"loc":{"start":{"line":139,"column":2},"end":{"line":139,"column":25}}},"6":{"name":"onlyEmergency","line":147,"loc":{"start":{"line":147,"column":2},"end":{"line":147,"column":26}}},"7":{"name":"onlyAdmin","line":155,"loc":{"start":{"line":155,"column":2},"end":{"line":155,"column":22}}},"8":{"name":"constructor","line":165,"loc":{"start":{"line":165,"column":2},"end":{"line":165,"column":22}}},"9":{"name":"emergencyStop","line":243,"loc":{"start":{"line":243,"column":2},"end":{"line":247,"column":3}}},"10":{"name":"proposeGame","line":261,"loc":{"start":{"line":261,"column":2},"end":{"line":265,"column":3}}},"11":{"name":"acceptGame","line":286,"loc":{"start":{"line":286,"column":2},"end":{"line":291,"column":3}}},"12":{"name":"cancelProposedGame","line":309,"loc":{"start":{"line":309,"column":2},"end":{"line":313,"column":3}}},"13":{"name":"guessAndReveal","line":339,"loc":{"start":{"line":339,"column":2},"end":{"line":350,"column":3}}},"14":{"name":"_reveal","line":391,"loc":{"start":{"line":391,"column":2},"end":{"line":397,"column":3}}},"15":{"name":"_checkForVictoryByHit","line":459,"loc":{"start":{"line":459,"column":2},"end":{"line":461,"column":3}}},"16":{"name":"resolveAbandonedGame","line":484,"loc":{"start":{"line":484,"column":2},"end":{"line":489,"column":3}}},"17":{"name":"concedeGame","line":521,"loc":{"start":{"line":521,"column":2},"end":{"line":526,"column":3}}},"18":{"name":"challengeVictory","line":560,"loc":{"start":{"line":560,"column":2},"end":{"line":564,"column":3}}},"19":{"name":"answerChallenge","line":583,"loc":{"start":{"line":583,"column":2},"end":{"line":587,"column":3}}},"20":{"name":"_zeroOutStorage","line":642,"loc":{"start":{"line":642,"column":2},"end":{"line":644,"column":3}}},"21":{"name":"resolveUnclaimedVictory","line":675,"loc":{"start":{"line":675,"column":2},"end":{"line":679,"column":3}}},"22":{"name":"resolveUnansweredChallenge","line":706,"loc":{"start":{"line":706,"column":2},"end":{"line":710,"column":3}}},"23":{"name":"withdraw","line":744,"loc":{"start":{"line":744,"column":2},"end":{"line":746,"column":3}}},"24":{"name":"emergencyResolve","line":762,"loc":{"start":{"line":762,"column":2},"end":{"line":766,"column":3}}},"25":{"name":"_checkShipCount","line":801,"loc":{"start":{"line":801,"column":2},"end":{"line":805,"column":3}}},"26":{"name":"_checkShipLength","line":822,"loc":{"start":{"line":822,"column":2},"end":{"line":826,"column":3}}},"27":{"name":"_hashEach","line":881,"loc":{"start":{"line":881,"column":2},"end":{"line":885,"column":3}}},"28":{"name":"_sortArray","line":898,"loc":{"start":{"line":898,"column":2},"end":{"line":902,"column":3}}},"29":{"name":"_quickSort","line":914,"loc":{"start":{"line":914,"column":2},"end":{"line":917,"column":3}}},"30":{"name":"_computeMerkleTree","line":941,"loc":{"start":{"line":941,"column":2},"end":{"line":945,"column":3}}},"31":{"name":"getBalance","line":974,"loc":{"start":{"line":974,"column":2},"end":{"line":978,"column":3}}},"32":{"name":"_verifyMerkleProof","line":994,"loc":{"start":{"line":994,"column":2},"end":{"line":1002,"column":3}}},"33":{"name":"_isCoordinateValid","line":1019,"loc":{"start":{"line":1019,"column":2},"end":{"line":1023,"column":3}}},"34":{"name":"_coordinateToIndex","line":1037,"loc":{"start":{"line":1037,"column":2},"end":{"line":1041,"column":3}}},"35":{"name":"_subString","line":1062,"loc":{"start":{"line":1062,"column":2},"end":{"line":1066,"column":3}}},"36":{"name":"_isStringValid","line":1077,"loc":{"start":{"line":1077,"column":2},"end":{"line":1081,"column":3}}}},"statementMap":{"1":{"start":{"line":93,"column":4},"end":{"line":93,"column":3425}},"2":{"start":{"line":94,"column":6},"end":{"line":94,"column":3496}},"3":{"start":{"line":98,"column":9},"end":{"line":98,"column":3571}},"4":{"start":{"line":99,"column":6},"end":{"line":99,"column":3642}},"5":{"start":{"line":110,"column":4},"end":{"line":110,"column":3862}},"6":{"start":{"line":120,"column":4},"end":{"line":120,"column":4131}},"7":{"start":{"line":131,"column":4},"end":{"line":131,"column":4381}},"8":{"start":{"line":140,"column":4},"end":{"line":140,"column":4654}},"9":{"start":{"line":148,"column":4},"end":{"line":148,"column":4861}},"10":{"start":{"line":156,"column":4},"end":{"line":156,"column":5033}},"11":{"start":{"line":166,"column":4},"end":{"line":166,"column":21}},"12":{"start":{"line":248,"column":4},"end":{"line":248,"column":19}},"13":{"start":{"line":249,"column":4},"end":{"line":249,"column":31}},"14":{"start":{"line":266,"column":4},"end":{"line":266,"column":66}},"15":{"start":{"line":270,"column":4},"end":{"line":270,"column":37}},"16":{"start":{"line":272,"column":4},"end":{"line":272,"column":19}},"17":{"start":{"line":273,"column":4},"end":{"line":273,"column":19}},"18":{"start":{"line":274,"column":4},"end":{"line":274,"column":25}},"19":{"start":{"line":275,"column":4},"end":{"line":275,"column":28}},"20":{"start":{"line":276,"column":4},"end":{"line":276,"column":43}},"21":{"start":{"line":278,"column":4},"end":{"line":278,"column":58}},"22":{"start":{"line":292,"column":4},"end":{"line":292,"column":70}},"23":{"start":{"line":294,"column":4},"end":{"line":294,"column":31}},"24":{"start":{"line":296,"column":4},"end":{"line":296,"column":32}},"25":{"start":{"line":297,"column":4},"end":{"line":297,"column":25}},"26":{"start":{"line":298,"column":4},"end":{"line":298,"column":29}},"27":{"start":{"line":299,"column":4},"end":{"line":299,"column":24}},"28":{"start":{"line":300,"column":4},"end":{"line":300,"column":43}},"29":{"start":{"line":302,"column":4},"end":{"line":302,"column":52}},"30":{"start":{"line":314,"column":4},"end":{"line":314,"column":81}},"31":{"start":{"line":316,"column":4},"end":{"line":316,"column":46}},"32":{"start":{"line":318,"column":4},"end":{"line":318,"column":31}},"33":{"start":{"line":320,"column":4},"end":{"line":320,"column":32}},"34":{"start":{"line":321,"column":4},"end":{"line":321,"column":14}},"35":{"start":{"line":323,"column":4},"end":{"line":323,"column":45}},"36":{"start":{"line":325,"column":4},"end":{"line":325,"column":42}},"37":{"start":{"line":351,"column":4},"end":{"line":351,"column":109}},"38":{"start":{"line":354,"column":4},"end":{"line":354,"column":61}},"39":{"start":{"line":356,"column":4},"end":{"line":356,"column":31}},"40":{"start":{"line":358,"column":4},"end":{"line":358,"column":9953}},"41":{"start":{"line":360,"column":6},"end":{"line":360,"column":10056}},"42":{"start":{"line":362,"column":8},"end":{"line":362,"column":38}},"43":{"start":{"line":365,"column":6},"end":{"line":365,"column":41}},"44":{"start":{"line":367,"column":6},"end":{"line":367,"column":81}},"45":{"start":{"line":369,"column":6},"end":{"line":369,"column":34}},"46":{"start":{"line":371,"column":6},"end":{"line":371,"column":26}},"47":{"start":{"line":374,"column":9},"end":{"line":374,"column":10649}},"48":{"start":{"line":375,"column":6},"end":{"line":375,"column":36}},"49":{"start":{"line":376,"column":6},"end":{"line":376,"column":41}},"50":{"start":{"line":377,"column":6},"end":{"line":377,"column":81}},"51":{"start":{"line":378,"column":6},"end":{"line":378,"column":34}},"52":{"start":{"line":379,"column":6},"end":{"line":379,"column":26}},"53":{"start":{"line":382,"column":4},"end":{"line":382,"column":42}},"54":{"start":{"line":383,"column":4},"end":{"line":383,"column":50}},"55":{"start":{"line":399,"column":4},"end":{"line":399,"column":31}},"56":{"start":{"line":401,"column":4},"end":{"line":401,"column":16}},"57":{"start":{"line":402,"column":4},"end":{"line":402,"column":11532}},"58":{"start":{"line":403,"column":6},"end":{"line":403,"column":31}},"59":{"start":{"line":405,"column":9},"end":{"line":405,"column":11622}},"60":{"start":{"line":406,"column":6},"end":{"line":406,"column":31}},"61":{"start":{"line":410,"column":4},"end":{"line":410,"column":11905}},"62":{"start":{"line":415,"column":4},"end":{"line":415,"column":23}},"63":{"start":{"line":416,"column":4},"end":{"line":416,"column":12114}},"64":{"start":{"line":417,"column":6},"end":{"line":417,"column":90}},"65":{"start":{"line":419,"column":9},"end":{"line":419,"column":12263}},"66":{"start":{"line":420,"column":6},"end":{"line":420,"column":90}},"67":{"start":{"line":423,"column":4},"end":{"line":423,"column":43}},"68":{"start":{"line":424,"column":4},"end":{"line":424,"column":82}},"69":{"start":{"line":426,"column":4},"end":{"line":426,"column":12}},"70":{"start":{"line":428,"column":4},"end":{"line":428,"column":12739}},"71":{"start":{"line":429,"column":6},"end":{"line":429,"column":15}},"72":{"start":{"line":430,"column":6},"end":{"line":430,"column":12786}},"73":{"start":{"line":431,"column":8},"end":{"line":431,"column":55}},"74":{"start":{"line":434,"column":11},"end":{"line":434,"column":12933}},"75":{"start":{"line":435,"column":8},"end":{"line":435,"column":55}},"76":{"start":{"line":441,"column":9},"end":{"line":441,"column":13173}},"77":{"start":{"line":442,"column":6},"end":{"line":442,"column":16}},"78":{"start":{"line":443,"column":6},"end":{"line":443,"column":13221}},"79":{"start":{"line":444,"column":8},"end":{"line":444,"column":56}},"80":{"start":{"line":446,"column":11},"end":{"line":446,"column":13340}},"81":{"start":{"line":447,"column":8},"end":{"line":447,"column":56}},"82":{"start":{"line":451,"column":4},"end":{"line":451,"column":29}},"83":{"start":{"line":453,"column":4},"end":{"line":453,"column":61}},"84":{"start":{"line":463,"column":4},"end":{"line":463,"column":31}},"85":{"start":{"line":465,"column":4},"end":{"line":465,"column":13802}},"86":{"start":{"line":466,"column":6},"end":{"line":466,"column":39}},"87":{"start":{"line":467,"column":6},"end":{"line":467,"column":34}},"88":{"start":{"line":469,"column":9},"end":{"line":469,"column":13938}},"89":{"start":{"line":470,"column":6},"end":{"line":470,"column":39}},"90":{"start":{"line":471,"column":6},"end":{"line":471,"column":34}},"91":{"start":{"line":474,"column":4},"end":{"line":474,"column":14095}},"92":{"start":{"line":475,"column":6},"end":{"line":475,"column":26}},"93":{"start":{"line":477,"column":6},"end":{"line":477,"column":45}},"94":{"start":{"line":490,"column":4},"end":{"line":490,"column":14458}},"95":{"start":{"line":496,"column":4},"end":{"line":496,"column":14645}},"96":{"start":{"line":497,"column":6},"end":{"line":497,"column":84}},"97":{"start":{"line":499,"column":9},"end":{"line":499,"column":14788}},"98":{"start":{"line":500,"column":6},"end":{"line":500,"column":84}},"99":{"start":{"line":503,"column":4},"end":{"line":503,"column":31}},"100":{"start":{"line":505,"column":4},"end":{"line":505,"column":32}},"101":{"start":{"line":506,"column":4},"end":{"line":506,"column":24}},"102":{"start":{"line":508,"column":4},"end":{"line":508,"column":28}},"103":{"start":{"line":510,"column":4},"end":{"line":510,"column":14}},"104":{"start":{"line":512,"column":4},"end":{"line":512,"column":35}},"105":{"start":{"line":514,"column":4},"end":{"line":514,"column":59}},"106":{"start":{"line":528,"column":4},"end":{"line":528,"column":38}},"107":{"start":{"line":530,"column":4},"end":{"line":530,"column":26}},"108":{"start":{"line":531,"column":4},"end":{"line":531,"column":15798}},"109":{"start":{"line":532,"column":6},"end":{"line":532,"column":32}},"110":{"start":{"line":534,"column":9},"end":{"line":534,"column":15889}},"111":{"start":{"line":535,"column":6},"end":{"line":535,"column":32}},"112":{"start":{"line":538,"column":4},"end":{"line":538,"column":31}},"113":{"start":{"line":540,"column":4},"end":{"line":540,"column":31}},"114":{"start":{"line":541,"column":4},"end":{"line":541,"column":20}},"115":{"start":{"line":543,"column":4},"end":{"line":543,"column":47}},"116":{"start":{"line":545,"column":4},"end":{"line":545,"column":50}},"117":{"start":{"line":547,"column":4},"end":{"line":547,"column":14}},"118":{"start":{"line":549,"column":4},"end":{"line":549,"column":31}},"119":{"start":{"line":550,"column":4},"end":{"line":550,"column":35}},"120":{"start":{"line":552,"column":4},"end":{"line":552,"column":58}},"121":{"start":{"line":565,"column":4},"end":{"line":565,"column":31}},"122":{"start":{"line":567,"column":4},"end":{"line":567,"column":98}},"123":{"start":{"line":568,"column":4},"end":{"line":568,"column":35}},"124":{"start":{"line":570,"column":4},"end":{"line":570,"column":24}},"125":{"start":{"line":572,"column":4},"end":{"line":572,"column":40}},"126":{"start":{"line":574,"column":4},"end":{"line":574,"column":46}},"127":{"start":{"line":589,"column":4},"end":{"line":589,"column":31}},"128":{"start":{"line":591,"column":4},"end":{"line":591,"column":18022}},"129":{"start":{"line":595,"column":4},"end":{"line":595,"column":18147}},"130":{"start":{"line":599,"column":4},"end":{"line":599,"column":18272}},"131":{"start":{"line":604,"column":4},"end":{"line":604,"column":16}},"132":{"start":{"line":606,"column":4},"end":{"line":606,"column":18409}},"133":{"start":{"line":607,"column":6},"end":{"line":607,"column":31}},"134":{"start":{"line":609,"column":9},"end":{"line":609,"column":18499}},"135":{"start":{"line":610,"column":6},"end":{"line":610,"column":31}},"136":{"start":{"line":613,"column":4},"end":{"line":613,"column":18584}},"137":{"start":{"line":625,"column":4},"end":{"line":625,"column":31}},"138":{"start":{"line":627,"column":4},"end":{"line":627,"column":14}},"139":{"start":{"line":629,"column":4},"end":{"line":629,"column":33}},"140":{"start":{"line":634,"column":4},"end":{"line":634,"column":23}},"141":{"start":{"line":636,"column":4},"end":{"line":636,"column":66}},"142":{"start":{"line":646,"column":4},"end":{"line":646,"column":31}},"143":{"start":{"line":656,"column":4},"end":{"line":656,"column":29}},"144":{"start":{"line":660,"column":4},"end":{"line":660,"column":19897}},"145":{"start":{"line":664,"column":4},"end":{"line":664,"column":20064}},"146":{"start":{"line":680,"column":4},"end":{"line":680,"column":31}},"147":{"start":{"line":682,"column":4},"end":{"line":682,"column":20547}},"148":{"start":{"line":686,"column":4},"end":{"line":686,"column":20679}},"149":{"start":{"line":692,"column":4},"end":{"line":692,"column":31}},"150":{"start":{"line":694,"column":4},"end":{"line":694,"column":31}},"151":{"start":{"line":696,"column":4},"end":{"line":696,"column":14}},"152":{"start":{"line":698,"column":4},"end":{"line":698,"column":33}},"153":{"start":{"line":700,"column":4},"end":{"line":700,"column":70}},"154":{"start":{"line":711,"column":4},"end":{"line":711,"column":31}},"155":{"start":{"line":713,"column":4},"end":{"line":713,"column":21363}},"156":{"start":{"line":717,"column":4},"end":{"line":717,"column":21495}},"157":{"start":{"line":723,"column":4},"end":{"line":723,"column":21641}},"158":{"start":{"line":724,"column":6},"end":{"line":724,"column":34}},"159":{"start":{"line":726,"column":9},"end":{"line":726,"column":21732}},"160":{"start":{"line":727,"column":6},"end":{"line":727,"column":34}},"161":{"start":{"line":731,"column":4},"end":{"line":731,"column":31}},"162":{"start":{"line":733,"column":4},"end":{"line":733,"column":31}},"163":{"start":{"line":735,"column":4},"end":{"line":735,"column":14}},"164":{"start":{"line":737,"column":4},"end":{"line":737,"column":33}},"165":{"start":{"line":739,"column":4},"end":{"line":739,"column":68}},"166":{"start":{"line":747,"column":4},"end":{"line":747,"column":80}},"167":{"start":{"line":749,"column":4},"end":{"line":749,"column":45}},"168":{"start":{"line":751,"column":4},"end":{"line":751,"column":30}},"169":{"start":{"line":754,"column":4},"end":{"line":754,"column":31}},"170":{"start":{"line":756,"column":4},"end":{"line":756,"column":45}},"171":{"start":{"line":767,"column":4},"end":{"line":767,"column":31}},"172":{"start":{"line":769,"column":4},"end":{"line":769,"column":23000}},"173":{"start":{"line":771,"column":6},"end":{"line":771,"column":33}},"174":{"start":{"line":772,"column":6},"end":{"line":772,"column":30}},"175":{"start":{"line":773,"column":6},"end":{"line":773,"column":16}},"176":{"start":{"line":774,"column":6},"end":{"line":774,"column":37}},"177":{"start":{"line":775,"column":11},"end":{"line":775,"column":23205}},"178":{"start":{"line":781,"column":6},"end":{"line":781,"column":33}},"179":{"start":{"line":782,"column":6},"end":{"line":782,"column":30}},"180":{"start":{"line":783,"column":6},"end":{"line":783,"column":16}},"181":{"start":{"line":784,"column":6},"end":{"line":784,"column":37}},"182":{"start":{"line":785,"column":6},"end":{"line":785,"column":37}},"183":{"start":{"line":788,"column":4},"end":{"line":788,"column":68}},"184":{"start":{"line":806,"column":4},"end":{"line":806,"column":21}},"185":{"start":{"line":808,"column":4},"end":{"line":808,"column":24179}},"186":{"start":{"line":809,"column":6},"end":{"line":809,"column":24222}},"187":{"start":{"line":811,"column":8},"end":{"line":811,"column":24292}},"188":{"start":{"line":812,"column":10},"end":{"line":812,"column":21}},"189":{"start":{"line":827,"column":4},"end":{"line":827,"column":28}},"190":{"start":{"line":829,"column":4},"end":{"line":829,"column":24705}},"191":{"start":{"line":830,"column":6},"end":{"line":830,"column":49}},"192":{"start":{"line":831,"column":6},"end":{"line":831,"column":20}},"193":{"start":{"line":832,"column":6},"end":{"line":832,"column":21}},"194":{"start":{"line":833,"column":6},"end":{"line":833,"column":19}},"195":{"start":{"line":835,"column":6},"end":{"line":835,"column":24866}},"196":{"start":{"line":836,"column":8},"end":{"line":836,"column":24924}},"197":{"start":{"line":846,"column":8},"end":{"line":846,"column":23}},"198":{"start":{"line":849,"column":6},"end":{"line":849,"column":25383}},"199":{"start":{"line":850,"column":8},"end":{"line":850,"column":25442}},"200":{"start":{"line":858,"column":8},"end":{"line":858,"column":24}},"201":{"start":{"line":861,"column":6},"end":{"line":861,"column":25798}},"202":{"start":{"line":862,"column":8},"end":{"line":862,"column":25855}},"203":{"start":{"line":868,"column":8},"end":{"line":868,"column":22}},"204":{"start":{"line":871,"column":6},"end":{"line":871,"column":26102}},"205":{"start":{"line":872,"column":8},"end":{"line":872,"column":19}},"206":{"start":{"line":886,"column":4},"end":{"line":886,"column":44}},"207":{"start":{"line":887,"column":7},"end":{"line":887,"column":26485}},"208":{"start":{"line":888,"column":11},"end":{"line":888,"column":56}},"209":{"start":{"line":891,"column":4},"end":{"line":891,"column":14}},"210":{"start":{"line":903,"column":4},"end":{"line":903,"column":54}},"211":{"start":{"line":904,"column":4},"end":{"line":904,"column":16}},"212":{"start":{"line":918,"column":4},"end":{"line":918,"column":17}},"213":{"start":{"line":919,"column":4},"end":{"line":919,"column":18}},"214":{"start":{"line":920,"column":4},"end":{"line":920,"column":19}},"215":{"start":{"line":920,"column":13},"end":{"line":920,"column":19}},"216":{"start":{"line":921,"column":4},"end":{"line":921,"column":60}},"217":{"start":{"line":922,"column":4},"end":{"line":922,"column":27471}},"218":{"start":{"line":923,"column":6},"end":{"line":923,"column":39}},"219":{"start":{"line":924,"column":6},"end":{"line":924,"column":39}},"220":{"start":{"line":925,"column":6},"end":{"line":925,"column":27578}},"221":{"start":{"line":926,"column":8},"end":{"line":926,"column":70}},"222":{"start":{"line":931,"column":4},"end":{"line":931,"column":27735}},"223":{"start":{"line":932,"column":6},"end":{"line":932,"column":31}},"224":{"start":{"line":933,"column":4},"end":{"line":933,"column":27789}},"225":{"start":{"line":934,"column":6},"end":{"line":934,"column":32}},"226":{"start":{"line":946,"column":4},"end":{"line":946,"column":55}},"227":{"start":{"line":948,"column":4},"end":{"line":948,"column":28087}},"228":{"start":{"line":949,"column":6},"end":{"line":949,"column":64}},"229":{"start":{"line":950,"column":6},"end":{"line":950,"column":19}},"230":{"start":{"line":951,"column":6},"end":{"line":951,"column":28207}},"231":{"start":{"line":952,"column":8},"end":{"line":952,"column":69}},"232":{"start":{"line":955,"column":6},"end":{"line":955,"column":28352}},"233":{"start":{"line":956,"column":8},"end":{"line":956,"column":42}},"234":{"start":{"line":958,"column":11},"end":{"line":958,"column":28441}},"235":{"start":{"line":959,"column":8},"end":{"line":959,"column":66}},"236":{"start":{"line":962,"column":9},"end":{"line":962,"column":28558}},"237":{"start":{"line":963,"column":6},"end":{"line":963,"column":60}},"238":{"start":{"line":979,"column":4},"end":{"line":979,"column":32}},"239":{"start":{"line":1004,"column":4},"end":{"line":1004,"column":65}},"240":{"start":{"line":1006,"column":4},"end":{"line":1006,"column":29760}},"241":{"start":{"line":1007,"column":6},"end":{"line":1007,"column":38}},"242":{"start":{"line":1008,"column":6},"end":{"line":1008,"column":75}},"243":{"start":{"line":1011,"column":4},"end":{"line":1011,"column":32}},"244":{"start":{"line":1024,"column":4},"end":{"line":1024,"column":30332}},"245":{"start":{"line":1025,"column":6},"end":{"line":1025,"column":17}},"246":{"start":{"line":1028,"column":6},"end":{"line":1028,"column":18}},"247":{"start":{"line":1042,"column":4},"end":{"line":1042,"column":67}},"248":{"start":{"line":1044,"column":4},"end":{"line":1044,"column":27}},"249":{"start":{"line":1045,"column":4},"end":{"line":1045,"column":27}},"250":{"start":{"line":1047,"column":4},"end":{"line":1047,"column":30907}},"251":{"start":{"line":1049,"column":6},"end":{"line":1049,"column":53}},"252":{"start":{"line":1053,"column":6},"end":{"line":1053,"column":32}},"253":{"start":{"line":1068,"column":4},"end":{"line":1068,"column":40}},"254":{"start":{"line":1070,"column":4},"end":{"line":1070,"column":23}},"255":{"start":{"line":1083,"column":4},"end":{"line":1083,"column":40}},"256":{"start":{"line":1084,"column":4},"end":{"line":1084,"column":33}},"257":{"start":{"line":1086,"column":4},"end":{"line":1086,"column":71}},"258":{"start":{"line":1088,"column":4},"end":{"line":1088,"column":32165}},"259":{"start":{"line":1089,"column":6},"end":{"line":1089,"column":32213}},"260":{"start":{"line":1096,"column":4},"end":{"line":1096,"column":15}}},"branchMap":{"1":{"line":93,"type":"if","locations":[{"start":{"line":93,"column":4},"end":{"line":93,"column":4}},{"start":{"line":93,"column":4},"end":{"line":93,"column":4}}]},"2":{"line":94,"type":"if","locations":[{"start":{"line":94,"column":6},"end":{"line":94,"column":6}},{"start":{"line":94,"column":6},"end":{"line":94,"column":6}}]},"3":{"line":98,"type":"if","locations":[{"start":{"line":98,"column":9},"end":{"line":98,"column":9}},{"start":{"line":98,"column":9},"end":{"line":98,"column":9}}]},"4":{"line":99,"type":"if","locations":[{"start":{"line":99,"column":6},"end":{"line":99,"column":6}},{"start":{"line":99,"column":6},"end":{"line":99,"column":6}}]},"5":{"line":110,"type":"if","locations":[{"start":{"line":110,"column":4},"end":{"line":110,"column":4}},{"start":{"line":110,"column":4},"end":{"line":110,"column":4}}]},"6":{"line":120,"type":"if","locations":[{"start":{"line":120,"column":4},"end":{"line":120,"column":4}},{"start":{"line":120,"column":4},"end":{"line":120,"column":4}}]},"7":{"line":131,"type":"if","locations":[{"start":{"line":131,"column":4},"end":{"line":131,"column":4}},{"start":{"line":131,"column":4},"end":{"line":131,"column":4}}]},"8":{"line":140,"type":"if","locations":[{"start":{"line":140,"column":4},"end":{"line":140,"column":4}},{"start":{"line":140,"column":4},"end":{"line":140,"column":4}}]},"9":{"line":148,"type":"if","locations":[{"start":{"line":148,"column":4},"end":{"line":148,"column":4}},{"start":{"line":148,"column":4},"end":{"line":148,"column":4}}]},"10":{"line":156,"type":"if","locations":[{"start":{"line":156,"column":4},"end":{"line":156,"column":4}},{"start":{"line":156,"column":4},"end":{"line":156,"column":4}}]},"11":{"line":266,"type":"if","locations":[{"start":{"line":266,"column":4},"end":{"line":266,"column":4}},{"start":{"line":266,"column":4},"end":{"line":266,"column":4}}]},"12":{"line":292,"type":"if","locations":[{"start":{"line":292,"column":4},"end":{"line":292,"column":4}},{"start":{"line":292,"column":4},"end":{"line":292,"column":4}}]},"13":{"line":314,"type":"if","locations":[{"start":{"line":314,"column":4},"end":{"line":314,"column":4}},{"start":{"line":314,"column":4},"end":{"line":314,"column":4}}]},"14":{"line":351,"type":"if","locations":[{"start":{"line":351,"column":4},"end":{"line":351,"column":4}},{"start":{"line":351,"column":4},"end":{"line":351,"column":4}}]},"15":{"line":358,"type":"if","locations":[{"start":{"line":358,"column":4},"end":{"line":358,"column":4}},{"start":{"line":358,"column":4},"end":{"line":358,"column":4}}]},"16":{"line":360,"type":"if","locations":[{"start":{"line":360,"column":6},"end":{"line":360,"column":6}},{"start":{"line":360,"column":6},"end":{"line":360,"column":6}}]},"17":{"line":374,"type":"if","locations":[{"start":{"line":374,"column":9},"end":{"line":374,"column":9}},{"start":{"line":374,"column":9},"end":{"line":374,"column":9}}]},"18":{"line":402,"type":"if","locations":[{"start":{"line":402,"column":4},"end":{"line":402,"column":4}},{"start":{"line":402,"column":4},"end":{"line":402,"column":4}}]},"19":{"line":405,"type":"if","locations":[{"start":{"line":405,"column":9},"end":{"line":405,"column":9}},{"start":{"line":405,"column":9},"end":{"line":405,"column":9}}]},"20":{"line":410,"type":"if","locations":[{"start":{"line":410,"column":4},"end":{"line":410,"column":4}},{"start":{"line":410,"column":4},"end":{"line":410,"column":4}}]},"21":{"line":416,"type":"if","locations":[{"start":{"line":416,"column":4},"end":{"line":416,"column":4}},{"start":{"line":416,"column":4},"end":{"line":416,"column":4}}]},"22":{"line":419,"type":"if","locations":[{"start":{"line":419,"column":9},"end":{"line":419,"column":9}},{"start":{"line":419,"column":9},"end":{"line":419,"column":9}}]},"23":{"line":424,"type":"if","locations":[{"start":{"line":424,"column":4},"end":{"line":424,"column":4}},{"start":{"line":424,"column":4},"end":{"line":424,"column":4}}]},"24":{"line":428,"type":"if","locations":[{"start":{"line":428,"column":4},"end":{"line":428,"column":4}},{"start":{"line":428,"column":4},"end":{"line":428,"column":4}}]},"25":{"line":430,"type":"if","locations":[{"start":{"line":430,"column":6},"end":{"line":430,"column":6}},{"start":{"line":430,"column":6},"end":{"line":430,"column":6}}]},"26":{"line":434,"type":"if","locations":[{"start":{"line":434,"column":11},"end":{"line":434,"column":11}},{"start":{"line":434,"column":11},"end":{"line":434,"column":11}}]},"27":{"line":441,"type":"if","locations":[{"start":{"line":441,"column":9},"end":{"line":441,"column":9}},{"start":{"line":441,"column":9},"end":{"line":441,"column":9}}]},"28":{"line":443,"type":"if","locations":[{"start":{"line":443,"column":6},"end":{"line":443,"column":6}},{"start":{"line":443,"column":6},"end":{"line":443,"column":6}}]},"29":{"line":446,"type":"if","locations":[{"start":{"line":446,"column":11},"end":{"line":446,"column":11}},{"start":{"line":446,"column":11},"end":{"line":446,"column":11}}]},"30":{"line":465,"type":"if","locations":[{"start":{"line":465,"column":4},"end":{"line":465,"column":4}},{"start":{"line":465,"column":4},"end":{"line":465,"column":4}}]},"31":{"line":469,"type":"if","locations":[{"start":{"line":469,"column":9},"end":{"line":469,"column":9}},{"start":{"line":469,"column":9},"end":{"line":469,"column":9}}]},"32":{"line":474,"type":"if","locations":[{"start":{"line":474,"column":4},"end":{"line":474,"column":4}},{"start":{"line":474,"column":4},"end":{"line":474,"column":4}}]},"33":{"line":490,"type":"if","locations":[{"start":{"line":490,"column":4},"end":{"line":490,"column":4}},{"start":{"line":490,"column":4},"end":{"line":490,"column":4}}]},"34":{"line":496,"type":"if","locations":[{"start":{"line":496,"column":4},"end":{"line":496,"column":4}},{"start":{"line":496,"column":4},"end":{"line":496,"column":4}}]},"35":{"line":497,"type":"if","locations":[{"start":{"line":497,"column":6},"end":{"line":497,"column":6}},{"start":{"line":497,"column":6},"end":{"line":497,"column":6}}]},"36":{"line":499,"type":"if","locations":[{"start":{"line":499,"column":9},"end":{"line":499,"column":9}},{"start":{"line":499,"column":9},"end":{"line":499,"column":9}}]},"37":{"line":500,"type":"if","locations":[{"start":{"line":500,"column":6},"end":{"line":500,"column":6}},{"start":{"line":500,"column":6},"end":{"line":500,"column":6}}]},"38":{"line":531,"type":"if","locations":[{"start":{"line":531,"column":4},"end":{"line":531,"column":4}},{"start":{"line":531,"column":4},"end":{"line":531,"column":4}}]},"39":{"line":534,"type":"if","locations":[{"start":{"line":534,"column":9},"end":{"line":534,"column":9}},{"start":{"line":534,"column":9},"end":{"line":534,"column":9}}]},"40":{"line":567,"type":"if","locations":[{"start":{"line":567,"column":4},"end":{"line":567,"column":4}},{"start":{"line":567,"column":4},"end":{"line":567,"column":4}}]},"41":{"line":568,"type":"if","locations":[{"start":{"line":568,"column":4},"end":{"line":568,"column":4}},{"start":{"line":568,"column":4},"end":{"line":568,"column":4}}]},"42":{"line":591,"type":"if","locations":[{"start":{"line":591,"column":4},"end":{"line":591,"column":4}},{"start":{"line":591,"column":4},"end":{"line":591,"column":4}}]},"43":{"line":595,"type":"if","locations":[{"start":{"line":595,"column":4},"end":{"line":595,"column":4}},{"start":{"line":595,"column":4},"end":{"line":595,"column":4}}]},"44":{"line":599,"type":"if","locations":[{"start":{"line":599,"column":4},"end":{"line":599,"column":4}},{"start":{"line":599,"column":4},"end":{"line":599,"column":4}}]},"45":{"line":606,"type":"if","locations":[{"start":{"line":606,"column":4},"end":{"line":606,"column":4}},{"start":{"line":606,"column":4},"end":{"line":606,"column":4}}]},"46":{"line":609,"type":"if","locations":[{"start":{"line":609,"column":9},"end":{"line":609,"column":9}},{"start":{"line":609,"column":9},"end":{"line":609,"column":9}}]},"47":{"line":613,"type":"if","locations":[{"start":{"line":613,"column":4},"end":{"line":613,"column":4}},{"start":{"line":613,"column":4},"end":{"line":613,"column":4}}]},"48":{"line":682,"type":"if","locations":[{"start":{"line":682,"column":4},"end":{"line":682,"column":4}},{"start":{"line":682,"column":4},"end":{"line":682,"column":4}}]},"49":{"line":686,"type":"if","locations":[{"start":{"line":686,"column":4},"end":{"line":686,"column":4}},{"start":{"line":686,"column":4},"end":{"line":686,"column":4}}]},"50":{"line":713,"type":"if","locations":[{"start":{"line":713,"column":4},"end":{"line":713,"column":4}},{"start":{"line":713,"column":4},"end":{"line":713,"column":4}}]},"51":{"line":717,"type":"if","locations":[{"start":{"line":717,"column":4},"end":{"line":717,"column":4}},{"start":{"line":717,"column":4},"end":{"line":717,"column":4}}]},"52":{"line":723,"type":"if","locations":[{"start":{"line":723,"column":4},"end":{"line":723,"column":4}},{"start":{"line":723,"column":4},"end":{"line":723,"column":4}}]},"53":{"line":726,"type":"if","locations":[{"start":{"line":726,"column":9},"end":{"line":726,"column":9}},{"start":{"line":726,"column":9},"end":{"line":726,"column":9}}]},"54":{"line":747,"type":"if","locations":[{"start":{"line":747,"column":4},"end":{"line":747,"column":4}},{"start":{"line":747,"column":4},"end":{"line":747,"column":4}}]},"55":{"line":769,"type":"if","locations":[{"start":{"line":769,"column":4},"end":{"line":769,"column":4}},{"start":{"line":769,"column":4},"end":{"line":769,"column":4}}]},"56":{"line":775,"type":"if","locations":[{"start":{"line":775,"column":11},"end":{"line":775,"column":11}},{"start":{"line":775,"column":11},"end":{"line":775,"column":11}}]},"57":{"line":809,"type":"if","locations":[{"start":{"line":809,"column":6},"end":{"line":809,"column":6}},{"start":{"line":809,"column":6},"end":{"line":809,"column":6}}]},"58":{"line":811,"type":"if","locations":[{"start":{"line":811,"column":8},"end":{"line":811,"column":8}},{"start":{"line":811,"column":8},"end":{"line":811,"column":8}}]},"59":{"line":835,"type":"if","locations":[{"start":{"line":835,"column":6},"end":{"line":835,"column":6}},{"start":{"line":835,"column":6},"end":{"line":835,"column":6}}]},"60":{"line":836,"type":"if","locations":[{"start":{"line":836,"column":8},"end":{"line":836,"column":8}},{"start":{"line":836,"column":8},"end":{"line":836,"column":8}}]},"61":{"line":849,"type":"if","locations":[{"start":{"line":849,"column":6},"end":{"line":849,"column":6}},{"start":{"line":849,"column":6},"end":{"line":849,"column":6}}]},"62":{"line":850,"type":"if","locations":[{"start":{"line":850,"column":8},"end":{"line":850,"column":8}},{"start":{"line":850,"column":8},"end":{"line":850,"column":8}}]},"63":{"line":861,"type":"if","locations":[{"start":{"line":861,"column":6},"end":{"line":861,"column":6}},{"start":{"line":861,"column":6},"end":{"line":861,"column":6}}]},"64":{"line":862,"type":"if","locations":[{"start":{"line":862,"column":8},"end":{"line":862,"column":8}},{"start":{"line":862,"column":8},"end":{"line":862,"column":8}}]},"65":{"line":871,"type":"if","locations":[{"start":{"line":871,"column":6},"end":{"line":871,"column":6}},{"start":{"line":871,"column":6},"end":{"line":871,"column":6}}]},"66":{"line":920,"type":"if","locations":[{"start":{"line":920,"column":4},"end":{"line":920,"column":4}},{"start":{"line":920,"column":4},"end":{"line":920,"column":4}}]},"67":{"line":925,"type":"if","locations":[{"start":{"line":925,"column":6},"end":{"line":925,"column":6}},{"start":{"line":925,"column":6},"end":{"line":925,"column":6}}]},"68":{"line":931,"type":"if","locations":[{"start":{"line":931,"column":4},"end":{"line":931,"column":4}},{"start":{"line":931,"column":4},"end":{"line":931,"column":4}}]},"69":{"line":933,"type":"if","locations":[{"start":{"line":933,"column":4},"end":{"line":933,"column":4}},{"start":{"line":933,"column":4},"end":{"line":933,"column":4}}]},"70":{"line":946,"type":"if","locations":[{"start":{"line":946,"column":4},"end":{"line":946,"column":4}},{"start":{"line":946,"column":4},"end":{"line":946,"column":4}}]},"71":{"line":948,"type":"if","locations":[{"start":{"line":948,"column":4},"end":{"line":948,"column":4}},{"start":{"line":948,"column":4},"end":{"line":948,"column":4}}]},"72":{"line":955,"type":"if","locations":[{"start":{"line":955,"column":6},"end":{"line":955,"column":6}},{"start":{"line":955,"column":6},"end":{"line":955,"column":6}}]},"73":{"line":958,"type":"if","locations":[{"start":{"line":958,"column":11},"end":{"line":958,"column":11}},{"start":{"line":958,"column":11},"end":{"line":958,"column":11}}]},"74":{"line":962,"type":"if","locations":[{"start":{"line":962,"column":9},"end":{"line":962,"column":9}},{"start":{"line":962,"column":9},"end":{"line":962,"column":9}}]},"75":{"line":1024,"type":"if","locations":[{"start":{"line":1024,"column":4},"end":{"line":1024,"column":4}},{"start":{"line":1024,"column":4},"end":{"line":1024,"column":4}}]},"76":{"line":1042,"type":"if","locations":[{"start":{"line":1042,"column":4},"end":{"line":1042,"column":4}},{"start":{"line":1042,"column":4},"end":{"line":1042,"column":4}}]},"77":{"line":1047,"type":"if","locations":[{"start":{"line":1047,"column":4},"end":{"line":1047,"column":4}},{"start":{"line":1047,"column":4},"end":{"line":1047,"column":4}}]},"78":{"line":1086,"type":"if","locations":[{"start":{"line":1086,"column":4},"end":{"line":1086,"column":4}},{"start":{"line":1086,"column":4},"end":{"line":1086,"column":4}}]},"79":{"line":1089,"type":"if","locations":[{"start":{"line":1089,"column":6},"end":{"line":1089,"column":6}},{"start":{"line":1089,"column":6},"end":{"line":1089,"column":6}}]}}},"contracts/proxy4tests/MerkleShip.sol":{"l":{"7":2,"11":1,"15":1,"19":1,"23":1,"27":1,"31":1,"35":1,"39":3,"43":1,"47":1,"51":1,"55":1,"59":1},"path":"/home/fabianorodrigo/Projetos/bitbucket/solidity-test/workdir/truffle/contracts/proxy4tests/MerkleShip.sol","s":{"1":2,"2":1,"3":1,"4":1,"5":1,"6":1,"7":1,"8":1,"9":3,"10":1,"11":1,"12":1,"13":1,"14":1},"b":{},"f":{"1":2,"2":1,"3":1,"4":1,"5":1,"6":1,"7":1,"8":1,"9":3,"10":1,"11":1,"12":1,"13":1,"14":1},"fnMap":{"1":{"name":"test_reveal","line":6,"loc":{"start":{"line":6,"column":7},"end":{"line":6,"column":94}}},"2":{"name":"test_checkForVictoryByHit","line":10,"loc":{"start":{"line":10,"column":3},"end":{"line":10,"column":57}}},"3":{"name":"test_zeroOutStorage","line":14,"loc":{"start":{"line":14,"column":3},"end":{"line":14,"column":51}}},"4":{"name":"test_checkShipCount","line":18,"loc":{"start":{"line":18,"column":3},"end":{"line":18,"column":82}}},"5":{"name":"test_checkShipLength","line":22,"loc":{"start":{"line":22,"column":3},"end":{"line":22,"column":83}}},"6":{"name":"test_hashEach","line":26,"loc":{"start":{"line":26,"column":3},"end":{"line":26,"column":87}}},"7":{"name":"test_sortArray","line":30,"loc":{"start":{"line":30,"column":3},"end":{"line":30,"column":87}}},"8":{"name":"test_quickSort","line":34,"loc":{"start":{"line":34,"column":3},"end":{"line":34,"column":85}}},"9":{"name":"test_computeMerkleTree","line":38,"loc":{"start":{"line":38,"column":3},"end":{"line":38,"column":87}}},"10":{"name":"test_verifyMerkleProof","line":42,"loc":{"start":{"line":42,"column":3},"end":{"line":42,"column":127}}},"11":{"name":"test_isCoordinateValid","line":46,"loc":{"start":{"line":46,"column":3},"end":{"line":46,"column":82}}},"12":{"name":"test_coordinateToIndex","line":50,"loc":{"start":{"line":50,"column":3},"end":{"line":50,"column":83}}},"13":{"name":"test_subString","line":54,"loc":{"start":{"line":54,"column":3},"end":{"line":54,"column":96}}},"14":{"name":"test_isStringValid","line":58,"loc":{"start":{"line":58,"column":3},"end":{"line":58,"column":81}}}},"statementMap":{"1":{"start":{"line":7,"column":4},"end":{"line":7,"column":32}},"2":{"start":{"line":11,"column":4},"end":{"line":11,"column":29}},"3":{"start":{"line":15,"column":4},"end":{"line":15,"column":23}},"4":{"start":{"line":19,"column":4},"end":{"line":19,"column":33}},"5":{"start":{"line":23,"column":4},"end":{"line":23,"column":34}},"6":{"start":{"line":27,"column":4},"end":{"line":27,"column":27}},"7":{"start":{"line":31,"column":4},"end":{"line":31,"column":28}},"8":{"start":{"line":35,"column":4},"end":{"line":35,"column":32}},"9":{"start":{"line":39,"column":4},"end":{"line":39,"column":36}},"10":{"start":{"line":43,"column":4},"end":{"line":43,"column":53}},"11":{"start":{"line":47,"column":4},"end":{"line":47,"column":36}},"12":{"start":{"line":51,"column":4},"end":{"line":51,"column":36}},"13":{"start":{"line":55,"column":4},"end":{"line":55,"column":39}},"14":{"start":{"line":59,"column":4},"end":{"line":59,"column":36}}},"branchMap":{}},"contracts/proxy4tests/SafeMath.sol":{"l":{"9":2,"13":2,"17":2,"21":1,"25":2},"path":"/home/fabianorodrigo/Projetos/bitbucket/solidity-test/workdir/truffle/contracts/proxy4tests/SafeMath.sol","s":{"1":2,"2":2,"3":2,"4":1,"5":2},"b":{},"f":{"1":2,"2":2,"3":2,"4":1,"5":2},"fnMap":{"1":{"name":"testmul","line":8,"loc":{"start":{"line":8,"column":3},"end":{"line":8,"column":72}}},"2":{"name":"testdiv","line":12,"loc":{"start":{"line":12,"column":3},"end":{"line":12,"column":72}}},"3":{"name":"testsub","line":16,"loc":{"start":{"line":16,"column":3},"end":{"line":16,"column":72}}},"4":{"name":"testadd","line":20,"loc":{"start":{"line":20,"column":3},"end":{"line":20,"column":72}}},"5":{"name":"testmod","line":24,"loc":{"start":{"line":24,"column":3},"end":{"line":24,"column":72}}}},"statementMap":{"1":{"start":{"line":9,"column":4},"end":{"line":9,"column":19}},"2":{"start":{"line":13,"column":4},"end":{"line":13,"column":19}},"3":{"start":{"line":17,"column":4},"end":{"line":17,"column":19}},"4":{"start":{"line":21,"column":4},"end":{"line":21,"column":19}},"5":{"start":{"line":25,"column":4},"end":{"line":25,"column":19}}},"branchMap":{}},"contracts/SafeMath.sol":{"l":{"15":2,"16":1,"19":1,"20":1,"22":1,"30":2,"31":1,"34":1,"41":3,"42":2,"44":2,"51":1,"52":1,"54":1,"62":5,"63":4},"path":"/home/fabianorodrigo/Projetos/bitbucket/solidity-test/workdir/truffle/contracts/SafeMath.sol","s":{"1":2,"2":1,"3":1,"4":1,"5":1,"6":2,"7":1,"8":1,"9":3,"10":2,"11":2,"12":1,"13":1,"14":1,"15":5,"16":4},"b":{"1":[1,1],"2":[1,0],"3":[1,1],"4":[2,1],"5":[1,0],"6":[4,1]},"f":{"1":2,"2":2,"3":3,"4":1,"5":5},"fnMap":{"1":{"name":"mul","line":11,"loc":{"start":{"line":11,"column":4},"end":{"line":11,"column":68}}},"2":{"name":"div","line":28,"loc":{"start":{"line":28,"column":4},"end":{"line":28,"column":68}}},"3":{"name":"sub","line":40,"loc":{"start":{"line":40,"column":4},"end":{"line":40,"column":68}}},"4":{"name":"add","line":50,"loc":{"start":{"line":50,"column":4},"end":{"line":50,"column":68}}},"5":{"name":"mod","line":61,"loc":{"start":{"line":61,"column":4},"end":{"line":61,"column":68}}}},"statementMap":{"1":{"start":{"line":15,"column":8},"end":{"line":15,"column":534}},"2":{"start":{"line":16,"column":12},"end":{"line":16,"column":20}},"3":{"start":{"line":19,"column":8},"end":{"line":19,"column":25}},"4":{"start":{"line":20,"column":8},"end":{"line":20,"column":26}},"5":{"start":{"line":22,"column":8},"end":{"line":22,"column":16}},"6":{"start":{"line":30,"column":8},"end":{"line":30,"column":21}},"7":{"start":{"line":31,"column":8},"end":{"line":31,"column":25}},"8":{"start":{"line":34,"column":8},"end":{"line":34,"column":16}},"9":{"start":{"line":41,"column":8},"end":{"line":41,"column":22}},"10":{"start":{"line":42,"column":8},"end":{"line":42,"column":25}},"11":{"start":{"line":44,"column":8},"end":{"line":44,"column":16}},"12":{"start":{"line":51,"column":8},"end":{"line":51,"column":25}},"13":{"start":{"line":52,"column":8},"end":{"line":52,"column":22}},"14":{"start":{"line":54,"column":8},"end":{"line":54,"column":16}},"15":{"start":{"line":62,"column":8},"end":{"line":62,"column":22}},"16":{"start":{"line":63,"column":8},"end":{"line":63,"column":20}}},"branchMap":{"1":{"line":15,"type":"if","locations":[{"start":{"line":15,"column":8},"end":{"line":15,"column":8}},{"start":{"line":15,"column":8},"end":{"line":15,"column":8}}]},"2":{"line":20,"type":"if","locations":[{"start":{"line":20,"column":8},"end":{"line":20,"column":8}},{"start":{"line":20,"column":8},"end":{"line":20,"column":8}}]},"3":{"line":30,"type":"if","locations":[{"start":{"line":30,"column":8},"end":{"line":30,"column":8}},{"start":{"line":30,"column":8},"end":{"line":30,"column":8}}]},"4":{"line":41,"type":"if","locations":[{"start":{"line":41,"column":8},"end":{"line":41,"column":8}},{"start":{"line":41,"column":8},"end":{"line":41,"column":8}}]},"5":{"line":52,"type":"if","locations":[{"start":{"line":52,"column":8},"end":{"line":52,"column":8}},{"start":{"line":52,"column":8},"end":{"line":52,"column":8}}]},"6":{"line":62,"type":"if","locations":[{"start":{"line":62,"column":8},"end":{"line":62,"column":8}},{"start":{"line":62,"column":8},"end":{"line":62,"column":8}}]}}}}