{"contracts/ERC1261MetaData.sol":{"l":{"11":35,"13":35,"14":35,"18":1,"22":1},"path":"/home/fabianorodrigo/Projetos/bitbucket/solidity-test/workdir/MembershipVerificationToken/contracts/ERC1261MetaData.sol","s":{"1":35,"2":35,"3":35,"4":1,"5":1},"b":{},"f":{"1":35,"2":1,"3":1},"fnMap":{"1":{"name":"constructor","line":10,"loc":{"start":{"line":10,"column":4},"end":{"line":10,"column":58}}},"2":{"name":"name","line":17,"loc":{"start":{"line":17,"column":4},"end":{"line":17,"column":49}}},"3":{"name":"symbol","line":21,"loc":{"start":{"line":21,"column":4},"end":{"line":21,"column":51}}}},"statementMap":{"1":{"start":{"line":11,"column":8},"end":{"line":11,"column":37}},"2":{"start":{"line":13,"column":8},"end":{"line":13,"column":25}},"3":{"start":{"line":14,"column":8},"end":{"line":14,"column":29}},"4":{"start":{"line":18,"column":8},"end":{"line":18,"column":22}},"5":{"start":{"line":22,"column":8},"end":{"line":22,"column":24}}},"branchMap":{}},"contracts/MembershipVerificationToken.sol":{"l":{"44":75,"45":75,"49":2,"50":0,"54":3,"55":3,"60":1,"61":1,"62":1,"63":1,"67":0,"68":0,"72":4,"73":4,"74":0,"75":0,"79":2,"80":2,"81":0,"82":0,"89":5,"90":1,"94":3,"95":1,"99":1,"100":1,"102":1,"105":1,"106":5,"116":2,"120":0,"121":0,"122":0,"123":0,"124":0,"135":1,"139":1,"143":1,"147":2,"148":1,"156":1,"164":1,"168":0,"172":7,"173":6,"177":10,"178":6,"182":2,"183":2,"184":2,"185":2,"186":0,"188":2,"189":2,"193":6,"194":2,"195":2,"196":2},"path":"/home/fabianorodrigo/Projetos/bitbucket/solidity-test/workdir/MembershipVerificationToken/contracts/MembershipVerificationToken.sol","s":{"1":75,"2":75,"3":2,"4":3,"5":3,"6":1,"7":1,"8":1,"9":1,"10":0,"11":0,"12":4,"13":4,"14":0,"15":0,"16":2,"17":2,"18":0,"19":5,"20":1,"21":3,"22":1,"23":1,"24":1,"25":1,"26":1,"27":5,"28":2,"29":0,"30":0,"31":0,"32":0,"33":0,"34":1,"35":1,"36":1,"37":2,"38":1,"39":1,"40":1,"41":0,"42":7,"43":6,"44":10,"45":6,"46":2,"47":2,"48":2,"49":2,"50":0,"51":2,"52":2,"53":6,"54":2,"55":2,"56":2},"b":{"1":[0,2],"2":[3,0],"3":[1,2],"4":[0,4],"5":[0,2],"6":[0,2],"7":[1,1],"8":[0,1],"9":[6,1],"10":[6,4],"11":[2,4],"12":[2,4]},"f":{"1":75,"2":2,"3":3,"4":0,"5":4,"6":2,"7":5,"8":3,"9":1,"10":2,"11":1,"12":1,"13":1,"14":2,"15":1,"16":1,"17":7,"18":10,"19":6},"fnMap":{"1":{"name":"constructor","line":43,"loc":{"start":{"line":43,"column":4},"end":{"line":43,"column":22}}},"2":{"name":"isCurrentHolder","line":48,"loc":{"start":{"line":48,"column":4},"end":{"line":48,"column":26}}},"3":{"name":"requestMembership","line":53,"loc":{"start":{"line":53,"column":4},"end":{"line":53,"column":71}}},"4":{"name":"forfeitMembership","line":66,"loc":{"start":{"line":66,"column":4},"end":{"line":66,"column":63}}},"5":{"name":"approveRequest","line":71,"loc":{"start":{"line":71,"column":4},"end":{"line":71,"column":59}}},"6":{"name":"discardRequest","line":78,"loc":{"start":{"line":78,"column":4},"end":{"line":78,"column":59}}},"7":{"name":"assignTo","line":85,"loc":{"start":{"line":85,"column":4},"end":{"line":88,"column":5}}},"8":{"name":"revokeFrom","line":93,"loc":{"start":{"line":93,"column":4},"end":{"line":93,"column":55}}},"9":{"name":"addAttributeSet","line":98,"loc":{"start":{"line":98,"column":4},"end":{"line":98,"column":68}}},"10":{"name":"modifyAttributeByIndex","line":110,"loc":{"start":{"line":110,"column":4},"end":{"line":114,"column":26}}},"11":{"name":"getAllMembers","line":134,"loc":{"start":{"line":134,"column":4},"end":{"line":134,"column":60}}},"12":{"name":"getCurrentMemberCount","line":138,"loc":{"start":{"line":138,"column":4},"end":{"line":138,"column":63}}},"13":{"name":"getAttributeNames","line":142,"loc":{"start":{"line":142,"column":4},"end":{"line":142,"column":64}}},"14":{"name":"getAttributes","line":146,"loc":{"start":{"line":146,"column":4},"end":{"line":146,"column":68}}},"15":{"name":"getAttributeExhaustiveCollection","line":151,"loc":{"start":{"line":151,"column":4},"end":{"line":155,"column":5}}},"16":{"name":"getAttributeByIndex","line":159,"loc":{"start":{"line":159,"column":4},"end":{"line":163,"column":5}}},"17":{"name":"isCurrentMember","line":171,"loc":{"start":{"line":171,"column":4},"end":{"line":171,"column":66}}},"18":{"name":"_assign","line":176,"loc":{"start":{"line":176,"column":4},"end":{"line":176,"column":66}}},"19":{"name":"_revoke","line":192,"loc":{"start":{"line":192,"column":4},"end":{"line":192,"column":42}}}},"statementMap":{"1":{"start":{"line":44,"column":8},"end":{"line":44,"column":37}},"2":{"start":{"line":45,"column":8},"end":{"line":45,"column":37}},"3":{"start":{"line":49,"column":8},"end":{"line":49,"column":67}},"4":{"start":{"line":54,"column":8},"end":{"line":54,"column":64}},"5":{"start":{"line":55,"column":8},"end":{"line":55,"column":1622}},"6":{"start":{"line":60,"column":8},"end":{"line":60,"column":68}},"7":{"start":{"line":61,"column":8},"end":{"line":61,"column":31}},"8":{"start":{"line":62,"column":8},"end":{"line":62,"column":45}},"9":{"start":{"line":63,"column":8},"end":{"line":63,"column":44}},"10":{"start":{"line":67,"column":8},"end":{"line":67,"column":26}},"11":{"start":{"line":68,"column":8},"end":{"line":68,"column":34}},"12":{"start":{"line":72,"column":8},"end":{"line":72,"column":63}},"13":{"start":{"line":73,"column":8},"end":{"line":73,"column":58}},"14":{"start":{"line":74,"column":8},"end":{"line":74,"column":41}},"15":{"start":{"line":75,"column":8},"end":{"line":75,"column":58}},"16":{"start":{"line":79,"column":8},"end":{"line":79,"column":63}},"17":{"start":{"line":80,"column":8},"end":{"line":80,"column":58}},"18":{"start":{"line":81,"column":8},"end":{"line":81,"column":32}},"19":{"start":{"line":89,"column":8},"end":{"line":89,"column":38}},"20":{"start":{"line":90,"column":8},"end":{"line":90,"column":45}},"21":{"start":{"line":94,"column":8},"end":{"line":94,"column":21}},"22":{"start":{"line":95,"column":8},"end":{"line":95,"column":27}},"23":{"start":{"line":99,"column":8},"end":{"line":99,"column":33}},"24":{"start":{"line":100,"column":8},"end":{"line":100,"column":3164}},"25":{"start":{"line":102,"column":8},"end":{"line":102,"column":3255}},"26":{"start":{"line":105,"column":8},"end":{"line":105,"column":3372}},"27":{"start":{"line":106,"column":12},"end":{"line":106,"column":43}},"28":{"start":{"line":116,"column":8},"end":{"line":116,"column":3716}},"29":{"start":{"line":120,"column":8},"end":{"line":120,"column":66}},"30":{"start":{"line":121,"column":8},"end":{"line":121,"column":80}},"31":{"start":{"line":122,"column":8},"end":{"line":122,"column":70}},"32":{"start":{"line":123,"column":8},"end":{"line":123,"column":94}},"33":{"start":{"line":124,"column":8},"end":{"line":124,"column":4173}},"34":{"start":{"line":135,"column":8},"end":{"line":135,"column":25}},"35":{"start":{"line":139,"column":8},"end":{"line":139,"column":33}},"36":{"start":{"line":143,"column":8},"end":{"line":143,"column":29}},"37":{"start":{"line":147,"column":8},"end":{"line":147,"column":59}},"38":{"start":{"line":148,"column":8},"end":{"line":148,"column":39}},"39":{"start":{"line":156,"column":8},"end":{"line":156,"column":47}},"40":{"start":{"line":164,"column":8},"end":{"line":164,"column":5179}},"41":{"start":{"line":168,"column":8},"end":{"line":168,"column":56}},"42":{"start":{"line":172,"column":8},"end":{"line":172,"column":67}},"43":{"start":{"line":173,"column":8},"end":{"line":173,"column":43}},"44":{"start":{"line":177,"column":8},"end":{"line":177,"column":65}},"45":{"start":{"line":178,"column":8},"end":{"line":178,"column":5713}},"46":{"start":{"line":182,"column":8},"end":{"line":182,"column":32}},"47":{"start":{"line":183,"column":8},"end":{"line":183,"column":29}},"48":{"start":{"line":184,"column":8},"end":{"line":184,"column":35}},"49":{"start":{"line":185,"column":8},"end":{"line":185,"column":5951}},"50":{"start":{"line":186,"column":12},"end":{"line":186,"column":66}},"51":{"start":{"line":188,"column":8},"end":{"line":188,"column":27}},"52":{"start":{"line":189,"column":8},"end":{"line":189,"column":30}},"53":{"start":{"line":193,"column":8},"end":{"line":193,"column":69}},"54":{"start":{"line":194,"column":8},"end":{"line":194,"column":57}},"55":{"start":{"line":195,"column":8},"end":{"line":195,"column":30}},"56":{"start":{"line":196,"column":8},"end":{"line":196,"column":30}}},"branchMap":{"1":{"line":49,"type":"if","locations":[{"start":{"line":49,"column":8},"end":{"line":49,"column":8}},{"start":{"line":49,"column":8},"end":{"line":49,"column":8}}]},"2":{"line":54,"type":"if","locations":[{"start":{"line":54,"column":8},"end":{"line":54,"column":8}},{"start":{"line":54,"column":8},"end":{"line":54,"column":8}}]},"3":{"line":55,"type":"if","locations":[{"start":{"line":55,"column":8},"end":{"line":55,"column":8}},{"start":{"line":55,"column":8},"end":{"line":55,"column":8}}]},"4":{"line":73,"type":"if","locations":[{"start":{"line":73,"column":8},"end":{"line":73,"column":8}},{"start":{"line":73,"column":8},"end":{"line":73,"column":8}}]},"5":{"line":80,"type":"if","locations":[{"start":{"line":80,"column":8},"end":{"line":80,"column":8}},{"start":{"line":80,"column":8},"end":{"line":80,"column":8}}]},"6":{"line":116,"type":"if","locations":[{"start":{"line":116,"column":8},"end":{"line":116,"column":8}},{"start":{"line":116,"column":8},"end":{"line":116,"column":8}}]},"7":{"line":147,"type":"if","locations":[{"start":{"line":147,"column":8},"end":{"line":147,"column":8}},{"start":{"line":147,"column":8},"end":{"line":147,"column":8}}]},"8":{"line":164,"type":"if","locations":[{"start":{"line":164,"column":8},"end":{"line":164,"column":8}},{"start":{"line":164,"column":8},"end":{"line":164,"column":8}}]},"9":{"line":172,"type":"if","locations":[{"start":{"line":172,"column":8},"end":{"line":172,"column":8}},{"start":{"line":172,"column":8},"end":{"line":172,"column":8}}]},"10":{"line":177,"type":"if","locations":[{"start":{"line":177,"column":8},"end":{"line":177,"column":8}},{"start":{"line":177,"column":8},"end":{"line":177,"column":8}}]},"11":{"line":178,"type":"if","locations":[{"start":{"line":178,"column":8},"end":{"line":178,"column":8}},{"start":{"line":178,"column":8},"end":{"line":178,"column":8}}]},"12":{"line":193,"type":"if","locations":[{"start":{"line":193,"column":8},"end":{"line":193,"column":8}},{"start":{"line":193,"column":8},"end":{"line":193,"column":8}}]}}},"contracts/Protocol/IERC1261.sol":{"l":{},"path":"/home/fabianorodrigo/Projetos/bitbucket/solidity-test/workdir/MembershipVerificationToken/contracts/Protocol/IERC1261.sol","s":{},"b":{},"f":{},"fnMap":{},"statementMap":{},"branchMap":{}},"contracts/proxy4tests/MembershipVerificationToken.sol":{"l":{"7":5,"11":3},"path":"/home/fabianorodrigo/Projetos/bitbucket/solidity-test/workdir/MembershipVerificationToken/contracts/proxy4tests/MembershipVerificationToken.sol","s":{"1":5,"2":3},"b":{},"f":{"1":5,"2":5,"3":3},"fnMap":{"1":{"name":"constructor","line":5,"loc":{"start":{"line":5,"column":6},"end":{"line":5,"column":23}}},"2":{"name":"test_assign","line":6,"loc":{"start":{"line":6,"column":3},"end":{"line":6,"column":71}}},"3":{"name":"test_revoke","line":10,"loc":{"start":{"line":10,"column":3},"end":{"line":10,"column":46}}}},"statementMap":{"1":{"start":{"line":7,"column":4},"end":{"line":7,"column":33}},"2":{"start":{"line":11,"column":4},"end":{"line":11,"column":17}}},"branchMap":{}}}