TN:
SF:/home/fabianorodrigo/Projetos/bitbucket/solidity-test/workdir/equilibrium-bonding-curve/contracts/BondingCurve.sol
FN:29,validHolder
FN:38,constructor
FN:48,buyTokens
FN:91,sellTokens
FN:107,changeTargetPrice
FN:114,queryNextPrice
FN:124,getTokenSupply
FN:129,getTokenBalance
FN:133,findNextHolder
FNF:9
FNH:6
FNDA:9,validHolder
FNDA:51,constructor
FNDA:6,buyTokens
FNDA:0,sellTokens
FNDA:0,changeTargetPrice
FNDA:2,queryNextPrice
FNDA:1,getTokenSupply
FNDA:0,getTokenBalance
FNDA:1,findNextHolder
DA:30,9
DA:31,0
DA:39,51
DA:41,51
DA:43,51
DA:45,51
DA:50,6
DA:51,6
DA:52,6
DA:56,6
DA:57,6
DA:59,6
DA:61,0
DA:63,0
DA:65,0
DA:72,0
DA:74,0
DA:76,0
DA:78,0
DA:80,0
DA:82,0
DA:84,0
DA:86,0
DA:88,0
DA:93,0
DA:95,0
DA:97,0
DA:99,0
DA:101,0
DA:103,0
DA:104,0
DA:109,0
DA:110,0
DA:116,2
DA:117,2
DA:119,0
DA:125,1
DA:130,0
DA:134,1
DA:135,1
DA:137,0
DA:138,0
DA:141,0
DA:142,0
DA:146,1
LF:45
LH:17
BRDA:30,1,0,0
BRDA:30,1,1,9
BRDA:39,2,0,51
BRDA:39,2,1,0
BRDA:50,3,0,6
BRDA:50,3,1,0
BRDA:56,4,0,6
BRDA:56,4,1,0
BRDA:59,5,0,0
BRDA:59,5,1,6
BRDA:72,6,0,0
BRDA:72,6,1,0
BRDA:80,7,0,0
BRDA:80,7,1,0
BRDA:93,8,0,0
BRDA:93,8,1,0
BRDA:97,9,0,0
BRDA:97,9,1,0
BRDA:99,10,0,0
BRDA:99,10,1,0
BRDA:116,11,0,2
BRDA:116,11,1,0
BRDA:118,12,0,0
BRDA:118,12,1,0
BRDA:137,13,0,0
BRDA:137,13,1,0
BRDA:141,14,0,0
BRDA:141,14,1,0
BRF:28
BRH:6
end_of_record
TN:
SF:/home/fabianorodrigo/Projetos/bitbucket/solidity-test/workdir/equilibrium-bonding-curve/contracts/PriorityQueue.sol
FN:36,onlyOwner
FN:46,constructor
FN:62,insertOrder
FN:77,getMinOrder
FN:88,getMin
FN:96,delMin
FN:116,_minChild
FN:131,_percUp
FN:145,_percDown
FN:163,_splitElement
FNF:10
FNH:7
FNDA:4,onlyOwner
FNDA:50,constructor
FNDA:1,insertOrder
FNDA:1,getMinOrder
FNDA:1,getMin
FNDA:2,delMin
FNDA:0,_minChild
FNDA:1,_percUp
FNDA:0,_percDown
FNDA:0,_splitElement
DA:37,4
DA:38,2
DA:47,50
DA:48,50
DA:49,50
DA:63,1
DA:64,1
DA:65,1
DA:66,1
DA:67,1
DA:69,1
DA:78,1
DA:79,0
DA:80,0
DA:81,0
DA:89,1
DA:97,2
DA:98,0
DA:99,0
DA:100,0
DA:101,0
DA:102,0
DA:103,0
DA:117,0
DA:118,0
DA:120,0
DA:121,0
DA:123,0
DA:132,1
DA:133,1
DA:134,1
DA:135,1
DA:136,0
DA:137,0
DA:139,1
DA:146,0
DA:147,0
DA:148,0
DA:149,0
DA:150,0
DA:151,0
DA:152,0
DA:153,0
DA:155,0
DA:164,0
DA:165,0
DA:166,0
LF:47
LH:19
BRDA:37,1,0,2
BRDA:37,1,1,2
BRDA:117,2,0,0
BRDA:117,2,1,0
BRDA:120,3,0,0
BRDA:120,3,1,0
BRDA:139,4,0,0
BRDA:139,4,1,1
BRDA:155,5,0,0
BRDA:155,5,1,0
BRF:10
BRH:3
end_of_record
TN:
SF:/home/fabianorodrigo/Projetos/bitbucket/solidity-test/workdir/equilibrium-bonding-curve/contracts/proxy4tests/BondingCurve.sol
FN:5,constructor
FN:6,testfindNextHolder
FNF:2
FNH:2
FNDA:1,constructor
FNDA:1,testfindNextHolder
DA:7,1
LF:1
LH:1
BRF:0
BRH:0
end_of_record
TN:
SF:/home/fabianorodrigo/Projetos/bitbucket/solidity-test/workdir/equilibrium-bonding-curve/contracts/proxy4tests/SafeMath.sol
FN:7,testmul
FN:11,testdiv
FN:15,testsub
FN:19,testadd
FNF:4
FNH:4
FNDA:2,testmul
FNDA:1,testdiv
FNDA:2,testsub
FNDA:1,testadd
DA:8,2
DA:12,1
DA:16,2
DA:20,1
LF:4
LH:4
BRF:0
BRH:0
end_of_record
TN:
SF:/home/fabianorodrigo/Projetos/bitbucket/solidity-test/workdir/equilibrium-bonding-curve/contracts/Token.sol
FN:20,onlyOwner
FN:26,constructor
FN:39,transfer
FN:52,transferFrom
FN:64,approve
FN:68,allowance
FNF:6
FNH:5
FNDA:0,onlyOwner
FNDA:50,constructor
FNDA:3,transfer
FNDA:4,transferFrom
FNDA:1,approve
FNDA:1,allowance
DA:21,0
DA:22,0
DA:28,50
DA:30,50
DA:32,50
DA:40,3
DA:42,1
DA:43,1
DA:53,4
DA:55,2
DA:56,0
DA:65,1
DA:69,1
LF:13
LH:10
BRDA:21,1,0,0
BRDA:21,1,1,0
BRDA:40,2,0,1
BRDA:40,2,1,2
BRDA:42,3,0,1
BRDA:42,3,1,0
BRDA:53,4,0,2
BRDA:53,4,1,2
BRDA:55,5,0,0
BRDA:55,5,1,2
BRF:10
BRH:6
end_of_record
TN:
SF:/home/fabianorodrigo/Projetos/bitbucket/solidity-test/workdir/equilibrium-bonding-curve/contracts/zeppelin/BasicToken.sol
FN:20,transfer
FN:35,balanceOf
FNF:2
FNH:2
FNDA:5,transfer
FNDA:1,balanceOf
DA:21,5
DA:22,3
DA:24,1
DA:25,1
DA:26,1
DA:27,1
DA:36,1
LF:7
LH:7
BRDA:21,1,0,3
BRDA:21,1,1,2
BRDA:22,2,0,1
BRDA:22,2,1,2
BRF:4
BRH:4
end_of_record
TN:
SF:/home/fabianorodrigo/Projetos/bitbucket/solidity-test/workdir/equilibrium-bonding-curve/contracts/zeppelin/EIP20.sol
FN:24,constructor
FN:37,transfer
FN:45,transferFrom
FN:57,balanceOf
FN:61,approve
FN:67,allowance
FNF:6
FNH:6
FNDA:48,constructor
FNDA:2,transfer
FNDA:4,transferFrom
FNDA:1,balanceOf
FNDA:1,approve
FNDA:1,allowance
DA:30,48
DA:31,48
DA:32,48
DA:33,48
DA:34,48
DA:38,2
DA:39,0
DA:40,0
DA:41,0
DA:42,0
DA:46,4
DA:47,4
DA:48,0
DA:49,0
DA:50,0
DA:51,0
DA:53,0
DA:54,0
DA:58,1
DA:62,1
DA:63,1
DA:64,1
DA:68,1
LF:23
LH:13
BRDA:38,1,0,0
BRDA:38,1,1,2
BRDA:47,2,0,0
BRDA:47,2,1,4
BRDA:50,3,0,0
BRDA:50,3,1,0
BRF:6
BRH:2
end_of_record
TN:
SF:/home/fabianorodrigo/Projetos/bitbucket/solidity-test/workdir/equilibrium-bonding-curve/contracts/zeppelin/EIP20Interface.sol
FNF:0
FNH:0
LF:0
LH:0
BRF:0
BRH:0
end_of_record
TN:
SF:/home/fabianorodrigo/Projetos/bitbucket/solidity-test/workdir/equilibrium-bonding-curve/contracts/zeppelin/ERC20.sol
FNF:0
FNH:0
LF:0
LH:0
BRF:0
BRH:0
end_of_record
TN:
SF:/home/fabianorodrigo/Projetos/bitbucket/solidity-test/workdir/equilibrium-bonding-curve/contracts/zeppelin/ERC20Basic.sol
FNF:0
FNH:0
LF:0
LH:0
BRF:0
BRH:0
end_of_record
TN:
SF:/home/fabianorodrigo/Projetos/bitbucket/solidity-test/workdir/equilibrium-bonding-curve/contracts/zeppelin/Ownable.sol
FN:19,constructor
FN:26,onlyOwner
FN:35,transferOwnership
FNF:3
FNH:3
FNDA:48,constructor
FNDA:5,onlyOwner
FNDA:3,transferOwnership
DA:20,48
DA:27,5
DA:28,3
DA:36,3
DA:38,1
LF:5
LH:5
BRDA:27,1,0,3
BRDA:27,1,1,2
BRDA:36,2,0,1
BRDA:36,2,1,2
BRF:4
BRH:4
end_of_record
TN:
SF:/home/fabianorodrigo/Projetos/bitbucket/solidity-test/workdir/equilibrium-bonding-curve/contracts/zeppelin/SafeMath.sol
FN:9,mul
FN:15,div
FN:22,sub
FN:27,add
FNF:4
FNH:4
FNDA:8,mul
FNDA:2,div
FNDA:4,sub
FNDA:5,add
DA:10,8
DA:11,8
DA:12,8
DA:17,2
DA:19,2
DA:23,4
DA:24,3
DA:28,5
DA:29,5
DA:30,5
LF:10
LH:10
BRDA:11,1,0,8
BRDA:11,1,1,0
BRDA:23,2,0,3
BRDA:23,2,1,1
BRDA:29,3,0,5
BRDA:29,3,1,0
BRF:6
BRH:4
end_of_record
TN:
SF:/home/fabianorodrigo/Projetos/bitbucket/solidity-test/workdir/equilibrium-bonding-curve/contracts/zeppelin/StandardToken.sol
FN:25,transferFrom
FN:46,approve
FN:64,allowance
FN:74,increaseApproval
FN:80,decreaseApproval
FNF:5
FNH:5
FNDA:6,transferFrom
FNDA:2,approve
FNDA:2,allowance
FNDA:1,increaseApproval
FNDA:2,decreaseApproval
DA:26,6
DA:27,4
DA:28,0
DA:29,0
DA:30,0
DA:31,0
DA:32,0
DA:33,0
DA:47,2
DA:48,2
DA:49,2
DA:50,2
DA:51,2
DA:52,2
DA:65,2
DA:75,1
DA:76,1
DA:77,1
DA:81,2
DA:82,2
DA:83,1
DA:85,1
DA:87,2
DA:88,2
LF:24
LH:18
BRDA:26,1,0,4
BRDA:26,1,1,2
BRDA:27,2,0,0
BRDA:27,2,1,4
BRDA:28,3,0,0
BRDA:28,3,1,0
BRDA:82,4,0,1
BRDA:82,4,1,1
BRF:8
BRH:5
end_of_record
