{"contracts/Master.sol":{"l":{},"path":"/home/fabianorodrigo/Projetos/bitbucket/solidity-test/workdir/left-gallery-token/contracts/Master.sol","s":{},"b":{},"f":{},"fnMap":{},"statementMap":{},"branchMap":{}},"contracts/proxy4tests/AddressUtils.sol":{"l":{"8":1},"path":"/home/fabianorodrigo/Projetos/bitbucket/solidity-test/workdir/left-gallery-token/contracts/proxy4tests/AddressUtils.sol","s":{"1":1},"b":{},"f":{"1":1},"fnMap":{"1":{"name":"testisContract","line":7,"loc":{"start":{"line":7,"column":3},"end":{"line":7,"column":67}}}},"statementMap":{"1":{"start":{"line":8,"column":4},"end":{"line":8,"column":28}}},"branchMap":{}},"contracts/proxy4tests/ERC721BasicToken.sol":{"l":{"6":1,"10":3,"14":2,"18":4,"22":1,"26":2,"30":2},"path":"/home/fabianorodrigo/Projetos/bitbucket/solidity-test/workdir/left-gallery-token/contracts/proxy4tests/ERC721BasicToken.sol","s":{"1":1,"2":3,"3":2,"4":4,"5":1,"6":2,"7":2},"b":{},"f":{"1":1,"2":3,"3":2,"4":4,"5":1,"6":2,"7":2},"fnMap":{"1":{"name":"testisApprovedOrOwner","line":5,"loc":{"start":{"line":5,"column":7},"end":{"line":5,"column":97}}},"2":{"name":"test_mint","line":9,"loc":{"start":{"line":9,"column":3},"end":{"line":9,"column":61}}},"3":{"name":"test_burn","line":13,"loc":{"start":{"line":13,"column":3},"end":{"line":13,"column":64}}},"4":{"name":"testclearApproval","line":17,"loc":{"start":{"line":17,"column":3},"end":{"line":17,"column":72}}},"5":{"name":"testaddTokenTo","line":21,"loc":{"start":{"line":21,"column":3},"end":{"line":21,"column":66}}},"6":{"name":"testremoveTokenFrom","line":25,"loc":{"start":{"line":25,"column":3},"end":{"line":25,"column":73}}},"7":{"name":"testcheckAndCallSafeTransfer","line":29,"loc":{"start":{"line":29,"column":3},"end":{"line":29,"column":125}}}},"statementMap":{"1":{"start":{"line":6,"column":4},"end":{"line":6,"column":47}},"2":{"start":{"line":10,"column":4},"end":{"line":10,"column":22}},"3":{"start":{"line":14,"column":4},"end":{"line":14,"column":25}},"4":{"start":{"line":18,"column":4},"end":{"line":18,"column":33}},"5":{"start":{"line":22,"column":4},"end":{"line":22,"column":27}},"6":{"start":{"line":26,"column":4},"end":{"line":26,"column":34}},"7":{"start":{"line":30,"column":4},"end":{"line":30,"column":61}}},"branchMap":{}},"contracts/proxy4tests/LeftGalleryToken.sol":{"l":{"6":2,"10":1,"14":2,"18":3,"22":2},"path":"/home/fabianorodrigo/Projetos/bitbucket/solidity-test/workdir/left-gallery-token/contracts/proxy4tests/LeftGalleryToken.sol","s":{"1":2,"2":1,"3":2,"4":3,"5":2},"b":{},"f":{"1":2,"2":1,"3":2,"4":3,"5":2},"fnMap":{"1":{"name":"test_setTokenURI","line":5,"loc":{"start":{"line":5,"column":7},"end":{"line":5,"column":68}}},"2":{"name":"testaddTokenTo","line":9,"loc":{"start":{"line":9,"column":3},"end":{"line":9,"column":66}}},"3":{"name":"testremoveTokenFrom","line":13,"loc":{"start":{"line":13,"column":3},"end":{"line":13,"column":73}}},"4":{"name":"test_mint","line":17,"loc":{"start":{"line":17,"column":3},"end":{"line":17,"column":61}}},"5":{"name":"test_burn","line":21,"loc":{"start":{"line":21,"column":3},"end":{"line":21,"column":64}}}},"statementMap":{"1":{"start":{"line":6,"column":4},"end":{"line":6,"column":30}},"2":{"start":{"line":10,"column":4},"end":{"line":10,"column":27}},"3":{"start":{"line":14,"column":4},"end":{"line":14,"column":34}},"4":{"start":{"line":18,"column":4},"end":{"line":18,"column":22}},"5":{"start":{"line":22,"column":4},"end":{"line":22,"column":25}}},"branchMap":{}},"contracts/proxy4tests/SafeMath.sol":{"l":{"8":2,"12":2,"16":2,"20":1},"path":"/home/fabianorodrigo/Projetos/bitbucket/solidity-test/workdir/left-gallery-token/contracts/proxy4tests/SafeMath.sol","s":{"1":2,"2":2,"3":2,"4":1},"b":{},"f":{"1":2,"2":2,"3":2,"4":1},"fnMap":{"1":{"name":"testmul","line":7,"loc":{"start":{"line":7,"column":3},"end":{"line":7,"column":72}}},"2":{"name":"testdiv","line":11,"loc":{"start":{"line":11,"column":3},"end":{"line":11,"column":72}}},"3":{"name":"testsub","line":15,"loc":{"start":{"line":15,"column":3},"end":{"line":15,"column":72}}},"4":{"name":"testadd","line":19,"loc":{"start":{"line":19,"column":3},"end":{"line":19,"column":72}}}},"statementMap":{"1":{"start":{"line":8,"column":4},"end":{"line":8,"column":19}},"2":{"start":{"line":12,"column":4},"end":{"line":12,"column":19}},"3":{"start":{"line":16,"column":4},"end":{"line":16,"column":19}},"4":{"start":{"line":20,"column":4},"end":{"line":20,"column":19}}},"branchMap":{}},"contracts/Token.sol":{"l":{"11":79,"15":1,"19":1,"20":1,"21":0,"25":3,"26":3,"31":3,"33":3,"35":1,"36":1,"40":4,"41":0,"42":0,"43":0},"path":"/home/fabianorodrigo/Projetos/bitbucket/solidity-test/workdir/left-gallery-token/contracts/Token.sol","s":{"1":79,"2":1,"3":1,"4":1,"5":0,"6":3,"7":3,"8":3,"9":3,"10":1,"11":1,"12":4,"13":0,"14":0,"15":0},"b":{"1":[0,1],"2":[3,0],"3":[3,0],"4":[0,0]},"f":{"1":79,"2":1,"3":1,"4":3,"5":4},"fnMap":{"1":{"name":"constructor","line":10,"loc":{"start":{"line":10,"column":2},"end":{"line":10,"column":100}}},"2":{"name":"getEditionSize","line":14,"loc":{"start":{"line":14,"column":2},"end":{"line":14,"column":59}}},"3":{"name":"tokenIdByUri","line":18,"loc":{"start":{"line":18,"column":2},"end":{"line":18,"column":68}}},"4":{"name":"mint","line":24,"loc":{"start":{"line":24,"column":2},"end":{"line":24,"column":60}}},"5":{"name":"burn","line":39,"loc":{"start":{"line":39,"column":2},"end":{"line":39,"column":42}}}},"statementMap":{"1":{"start":{"line":11,"column":4},"end":{"line":11,"column":29}},"2":{"start":{"line":15,"column":4},"end":{"line":15,"column":22}},"3":{"start":{"line":19,"column":4},"end":{"line":19,"column":40}},"4":{"start":{"line":20,"column":4},"end":{"line":20,"column":27}},"5":{"start":{"line":21,"column":4},"end":{"line":21,"column":18}},"6":{"start":{"line":25,"column":4},"end":{"line":25,"column":39}},"7":{"start":{"line":26,"column":4},"end":{"line":26,"column":792}},"8":{"start":{"line":31,"column":4},"end":{"line":31,"column":45}},"9":{"start":{"line":33,"column":4},"end":{"line":33,"column":25}},"10":{"start":{"line":35,"column":4},"end":{"line":35,"column":33}},"11":{"start":{"line":36,"column":4},"end":{"line":36,"column":34}},"12":{"start":{"line":40,"column":4},"end":{"line":40,"column":37}},"13":{"start":{"line":41,"column":4},"end":{"line":41,"column":31}},"14":{"start":{"line":42,"column":4},"end":{"line":42,"column":40}},"15":{"start":{"line":43,"column":4},"end":{"line":43,"column":25}}},"branchMap":{"1":{"line":20,"type":"if","locations":[{"start":{"line":20,"column":4},"end":{"line":20,"column":4}},{"start":{"line":20,"column":4},"end":{"line":20,"column":4}}]},"2":{"line":25,"type":"if","locations":[{"start":{"line":25,"column":4},"end":{"line":25,"column":4}},{"start":{"line":25,"column":4},"end":{"line":25,"column":4}}]},"3":{"line":26,"type":"if","locations":[{"start":{"line":26,"column":4},"end":{"line":26,"column":4}},{"start":{"line":26,"column":4},"end":{"line":26,"column":4}}]},"4":{"line":41,"type":"if","locations":[{"start":{"line":41,"column":4},"end":{"line":41,"column":4}},{"start":{"line":41,"column":4},"end":{"line":41,"column":4}}]}}},"contracts/works/Autobreeder.sol":{"l":{},"path":"/home/fabianorodrigo/Projetos/bitbucket/solidity-test/workdir/left-gallery-token/contracts/works/Autobreeder.sol","s":{},"b":{},"f":{},"fnMap":{},"statementMap":{},"branchMap":{}},"contracts/works/BedroomCuboroStacks.sol":{"l":{},"path":"/home/fabianorodrigo/Projetos/bitbucket/solidity-test/workdir/left-gallery-token/contracts/works/BedroomCuboroStacks.sol","s":{},"b":{},"f":{},"fnMap":{},"statementMap":{},"branchMap":{}},"contracts/works/BubamaraOCR.sol":{"l":{},"path":"/home/fabianorodrigo/Projetos/bitbucket/solidity-test/workdir/left-gallery-token/contracts/works/BubamaraOCR.sol","s":{},"b":{},"f":{},"fnMap":{},"statementMap":{},"branchMap":{}},"contracts/works/EventListeners.sol":{"l":{},"path":"/home/fabianorodrigo/Projetos/bitbucket/solidity-test/workdir/left-gallery-token/contracts/works/EventListeners.sol","s":{},"b":{},"f":{},"fnMap":{},"statementMap":{},"branchMap":{}},"contracts/works/FamilyMaker.sol":{"l":{"5":2,"6":1,"8":1,"9":1,"10":1,"17":2,"21":2,"22":1,"26":6,"27":6,"28":6,"34":3,"35":3,"36":3,"99":0,"100":0,"108":0,"109":0,"118":1,"119":1,"128":13,"129":13,"130":0,"139":4,"140":4,"152":0,"153":0,"154":0,"156":0,"157":0,"158":0,"168":0,"178":0,"179":0,"180":0,"190":0,"202":0,"203":0,"205":0,"206":0,"207":0,"209":0,"231":0,"255":0,"256":0,"267":1,"268":0,"278":9,"279":3,"280":3,"289":4,"290":0,"291":0,"301":8,"302":0,"303":0,"304":0,"314":5,"315":5,"316":5,"325":4,"326":0,"327":0,"348":2,"349":2,"351":0,"352":0,"389":69,"393":5,"394":3,"398":0,"399":0,"429":1,"437":1,"446":1,"447":0,"457":1,"458":0,"466":5,"476":1,"477":0,"487":3,"488":1,"497":3,"498":3,"499":3,"500":3,"509":2,"511":0,"512":0,"513":0,"515":0,"516":0,"521":0,"522":0,"523":0,"533":6,"535":2,"536":2,"546":2,"549":0,"550":0,"554":0,"555":0,"556":0,"558":0,"559":0,"561":0,"562":0,"563":0,"567":3,"568":3,"569":1},"path":"/home/fabianorodrigo/Projetos/bitbucket/solidity-test/workdir/left-gallery-token/contracts/works/FamilyMaker.sol","s":{"1":2,"2":1,"3":1,"4":1,"5":1,"6":2,"7":2,"8":1,"9":6,"10":6,"11":6,"12":3,"13":3,"14":0,"15":0,"16":1,"17":1,"18":13,"19":13,"20":0,"21":4,"22":4,"23":0,"24":0,"25":0,"26":0,"27":0,"28":0,"29":0,"30":0,"31":0,"32":0,"33":0,"34":0,"35":0,"36":0,"37":0,"38":0,"39":0,"40":0,"41":0,"42":0,"43":1,"44":0,"45":9,"46":3,"47":3,"48":4,"49":0,"50":0,"51":8,"52":0,"53":0,"54":0,"55":5,"56":5,"57":5,"58":4,"59":0,"60":0,"61":2,"62":2,"63":0,"64":0,"65":69,"66":5,"67":0,"68":0,"69":1,"70":1,"71":1,"72":0,"73":1,"74":0,"75":5,"76":1,"77":0,"78":3,"79":1,"80":3,"81":3,"82":3,"83":3,"84":2,"85":0,"86":0,"87":0,"88":0,"89":0,"90":0,"91":0,"92":6,"93":2,"94":2,"95":2,"96":0,"97":0,"98":0,"99":0,"100":0,"101":0,"102":0,"103":0,"104":3,"105":3,"106":1},"b":{"1":[1,1],"2":[1,0],"3":[1,1],"4":[6,0],"5":[0,0],"6":[0,0],"7":[1,0],"8":[0,13],"9":[0,0],"10":[0,0],"11":[0,0],"12":[0,0],"13":[0,0],"14":[0,0],"15":[0,0],"16":[3,6],"17":[0,8],"18":[0,0],"19":[5,0],"20":[0,4],"21":[2,0],"22":[3,2],"23":[0,0],"24":[0,1],"25":[0,1],"26":[0,1],"27":[1,2],"28":[0,0]},"f":{"1":2,"2":2,"3":2,"4":6,"5":3,"6":0,"7":0,"8":1,"9":13,"10":4,"11":0,"12":0,"13":0,"14":0,"15":0,"16":0,"17":0,"18":1,"19":9,"20":4,"21":8,"22":5,"23":4,"24":2,"25":69,"26":5,"27":0,"28":1,"29":1,"30":1,"31":1,"32":5,"33":1,"34":3,"35":3,"36":2,"37":6,"38":2,"39":3},"fnMap":{"1":{"name":"mul","line":4,"loc":{"start":{"line":4,"column":2},"end":{"line":4,"column":68}}},"2":{"name":"div","line":13,"loc":{"start":{"line":13,"column":2},"end":{"line":13,"column":68}}},"3":{"name":"sub","line":20,"loc":{"start":{"line":20,"column":2},"end":{"line":20,"column":68}}},"4":{"name":"add","line":25,"loc":{"start":{"line":25,"column":2},"end":{"line":25,"column":68}}},"5":{"name":"isContract","line":33,"loc":{"start":{"line":33,"column":2},"end":{"line":33,"column":64}}},"6":{"name":"onlyOwnerOf","line":98,"loc":{"start":{"line":98,"column":2},"end":{"line":98,"column":40}}},"7":{"name":"canTransfer","line":107,"loc":{"start":{"line":107,"column":2},"end":{"line":107,"column":40}}},"8":{"name":"balanceOf","line":117,"loc":{"start":{"line":117,"column":2},"end":{"line":117,"column":66}}},"9":{"name":"ownerOf","line":127,"loc":{"start":{"line":127,"column":2},"end":{"line":127,"column":66}}},"10":{"name":"exists","line":138,"loc":{"start":{"line":138,"column":2},"end":{"line":138,"column":62}}},"11":{"name":"approve","line":151,"loc":{"start":{"line":151,"column":2},"end":{"line":151,"column":56}}},"12":{"name":"getApproved","line":167,"loc":{"start":{"line":167,"column":2},"end":{"line":167,"column":70}}},"13":{"name":"setApprovalForAll","line":177,"loc":{"start":{"line":177,"column":2},"end":{"line":177,"column":64}}},"14":{"name":"isApprovedForAll","line":189,"loc":{"start":{"line":189,"column":2},"end":{"line":189,"column":89}}},"15":{"name":"transferFrom","line":201,"loc":{"start":{"line":201,"column":2},"end":{"line":201,"column":98}}},"16":{"name":"safeTransferFrom","line":223,"loc":{"start":{"line":223,"column":2},"end":{"line":230,"column":3}}},"17":{"name":"safeTransferFrom","line":246,"loc":{"start":{"line":246,"column":2},"end":{"line":254,"column":3}}},"18":{"name":"isApprovedOrOwner","line":266,"loc":{"start":{"line":266,"column":2},"end":{"line":266,"column":93}}},"19":{"name":"_mint","line":277,"loc":{"start":{"line":277,"column":2},"end":{"line":277,"column":56}}},"20":{"name":"_burn","line":288,"loc":{"start":{"line":288,"column":2},"end":{"line":288,"column":59}}},"21":{"name":"clearApproval","line":300,"loc":{"start":{"line":300,"column":2},"end":{"line":300,"column":67}}},"22":{"name":"addTokenTo","line":313,"loc":{"start":{"line":313,"column":2},"end":{"line":313,"column":61}}},"23":{"name":"removeTokenFrom","line":324,"loc":{"start":{"line":324,"column":2},"end":{"line":324,"column":68}}},"24":{"name":"checkAndCallSafeTransfer","line":339,"loc":{"start":{"line":339,"column":2},"end":{"line":347,"column":3}}},"25":{"name":"constructor","line":388,"loc":{"start":{"line":388,"column":2},"end":{"line":388,"column":27}}},"26":{"name":"onlyOwner","line":392,"loc":{"start":{"line":392,"column":2},"end":{"line":392,"column":22}}},"27":{"name":"transferOwnership","line":397,"loc":{"start":{"line":397,"column":2},"end":{"line":397,"column":63}}},"28":{"name":"name","line":428,"loc":{"start":{"line":428,"column":2},"end":{"line":428,"column":46}}},"29":{"name":"symbol","line":436,"loc":{"start":{"line":436,"column":2},"end":{"line":436,"column":48}}},"30":{"name":"tokenURI","line":445,"loc":{"start":{"line":445,"column":2},"end":{"line":445,"column":66}}},"31":{"name":"tokenOfOwnerByIndex","line":456,"loc":{"start":{"line":456,"column":2},"end":{"line":456,"column":92}}},"32":{"name":"totalSupply","line":465,"loc":{"start":{"line":465,"column":2},"end":{"line":465,"column":54}}},"33":{"name":"tokenByIndex","line":475,"loc":{"start":{"line":475,"column":2},"end":{"line":475,"column":69}}},"34":{"name":"_setTokenURI","line":486,"loc":{"start":{"line":486,"column":2},"end":{"line":486,"column":63}}},"35":{"name":"addTokenTo","line":496,"loc":{"start":{"line":496,"column":2},"end":{"line":496,"column":61}}},"36":{"name":"removeTokenFrom","line":508,"loc":{"start":{"line":508,"column":2},"end":{"line":508,"column":68}}},"37":{"name":"_mint","line":532,"loc":{"start":{"line":532,"column":2},"end":{"line":532,"column":56}}},"38":{"name":"_burn","line":545,"loc":{"start":{"line":545,"column":2},"end":{"line":545,"column":59}}},"39":{"name":"createWork","line":566,"loc":{"start":{"line":566,"column":2},"end":{"line":566,"column":66}}}},"statementMap":{"1":{"start":{"line":5,"column":4},"end":{"line":5,"column":125}},"2":{"start":{"line":6,"column":6},"end":{"line":6,"column":14}},"3":{"start":{"line":8,"column":4},"end":{"line":8,"column":21}},"4":{"start":{"line":9,"column":4},"end":{"line":9,"column":21}},"5":{"start":{"line":10,"column":4},"end":{"line":10,"column":12}},"6":{"start":{"line":17,"column":4},"end":{"line":17,"column":16}},"7":{"start":{"line":21,"column":4},"end":{"line":21,"column":17}},"8":{"start":{"line":22,"column":4},"end":{"line":22,"column":16}},"9":{"start":{"line":26,"column":4},"end":{"line":26,"column":21}},"10":{"start":{"line":27,"column":4},"end":{"line":27,"column":17}},"11":{"start":{"line":28,"column":4},"end":{"line":28,"column":12}},"12":{"start":{"line":34,"column":4},"end":{"line":34,"column":16}},"13":{"start":{"line":36,"column":4},"end":{"line":36,"column":19}},"14":{"start":{"line":99,"column":4},"end":{"line":99,"column":43}},"15":{"start":{"line":108,"column":4},"end":{"line":108,"column":51}},"16":{"start":{"line":118,"column":4},"end":{"line":118,"column":32}},"17":{"start":{"line":119,"column":4},"end":{"line":119,"column":35}},"18":{"start":{"line":128,"column":4},"end":{"line":128,"column":40}},"19":{"start":{"line":129,"column":4},"end":{"line":129,"column":31}},"20":{"start":{"line":130,"column":4},"end":{"line":130,"column":16}},"21":{"start":{"line":139,"column":4},"end":{"line":139,"column":40}},"22":{"start":{"line":140,"column":4},"end":{"line":140,"column":30}},"23":{"start":{"line":152,"column":4},"end":{"line":152,"column":37}},"24":{"start":{"line":153,"column":4},"end":{"line":153,"column":24}},"25":{"start":{"line":154,"column":4},"end":{"line":154,"column":70}},"26":{"start":{"line":156,"column":4},"end":{"line":156,"column":5149}},"27":{"start":{"line":157,"column":6},"end":{"line":157,"column":35}},"28":{"start":{"line":158,"column":6},"end":{"line":158,"column":41}},"29":{"start":{"line":168,"column":4},"end":{"line":168,"column":35}},"30":{"start":{"line":178,"column":4},"end":{"line":178,"column":29}},"31":{"start":{"line":179,"column":4},"end":{"line":179,"column":49}},"32":{"start":{"line":180,"column":4},"end":{"line":180,"column":51}},"33":{"start":{"line":190,"column":4},"end":{"line":190,"column":47}},"34":{"start":{"line":202,"column":4},"end":{"line":202,"column":31}},"35":{"start":{"line":203,"column":4},"end":{"line":203,"column":29}},"36":{"start":{"line":205,"column":4},"end":{"line":205,"column":33}},"37":{"start":{"line":206,"column":4},"end":{"line":206,"column":35}},"38":{"start":{"line":207,"column":4},"end":{"line":207,"column":28}},"39":{"start":{"line":209,"column":4},"end":{"line":209,"column":39}},"40":{"start":{"line":231,"column":4},"end":{"line":231,"column":45}},"41":{"start":{"line":255,"column":4},"end":{"line":255,"column":37}},"42":{"start":{"line":256,"column":4},"end":{"line":256,"column":65}},"43":{"start":{"line":267,"column":4},"end":{"line":267,"column":37}},"44":{"start":{"line":268,"column":4},"end":{"line":268,"column":102}},"45":{"start":{"line":278,"column":4},"end":{"line":278,"column":29}},"46":{"start":{"line":279,"column":4},"end":{"line":279,"column":28}},"47":{"start":{"line":280,"column":4},"end":{"line":280,"column":44}},"48":{"start":{"line":289,"column":4},"end":{"line":289,"column":34}},"49":{"start":{"line":290,"column":4},"end":{"line":290,"column":36}},"50":{"start":{"line":291,"column":4},"end":{"line":291,"column":47}},"51":{"start":{"line":301,"column":4},"end":{"line":301,"column":39}},"52":{"start":{"line":302,"column":4},"end":{"line":302,"column":10785}},"53":{"start":{"line":303,"column":6},"end":{"line":303,"column":42}},"54":{"start":{"line":304,"column":6},"end":{"line":304,"column":49}},"55":{"start":{"line":314,"column":4},"end":{"line":314,"column":46}},"56":{"start":{"line":315,"column":4},"end":{"line":315,"column":29}},"57":{"start":{"line":316,"column":4},"end":{"line":316,"column":55}},"58":{"start":{"line":325,"column":4},"end":{"line":325,"column":38}},"59":{"start":{"line":326,"column":4},"end":{"line":326,"column":59}},"60":{"start":{"line":327,"column":4},"end":{"line":327,"column":36}},"61":{"start":{"line":348,"column":4},"end":{"line":348,"column":12540}},"62":{"start":{"line":349,"column":6},"end":{"line":349,"column":17}},"63":{"start":{"line":351,"column":4},"end":{"line":351,"column":80}},"64":{"start":{"line":352,"column":4},"end":{"line":352,"column":38}},"65":{"start":{"line":389,"column":4},"end":{"line":389,"column":21}},"66":{"start":{"line":393,"column":4},"end":{"line":393,"column":31}},"67":{"start":{"line":398,"column":4},"end":{"line":398,"column":14008}},"68":{"start":{"line":399,"column":6},"end":{"line":399,"column":21}},"69":{"start":{"line":429,"column":4},"end":{"line":429,"column":16}},"70":{"start":{"line":437,"column":4},"end":{"line":437,"column":18}},"71":{"start":{"line":446,"column":4},"end":{"line":446,"column":28}},"72":{"start":{"line":447,"column":4},"end":{"line":447,"column":30}},"73":{"start":{"line":457,"column":4},"end":{"line":457,"column":38}},"74":{"start":{"line":458,"column":4},"end":{"line":458,"column":38}},"75":{"start":{"line":466,"column":4},"end":{"line":466,"column":27}},"76":{"start":{"line":476,"column":4},"end":{"line":476,"column":34}},"77":{"start":{"line":477,"column":4},"end":{"line":477,"column":28}},"78":{"start":{"line":487,"column":4},"end":{"line":487,"column":28}},"79":{"start":{"line":488,"column":4},"end":{"line":488,"column":29}},"80":{"start":{"line":497,"column":4},"end":{"line":497,"column":34}},"81":{"start":{"line":498,"column":4},"end":{"line":498,"column":44}},"82":{"start":{"line":499,"column":4},"end":{"line":499,"column":34}},"83":{"start":{"line":500,"column":4},"end":{"line":500,"column":38}},"84":{"start":{"line":509,"column":4},"end":{"line":509,"column":41}},"85":{"start":{"line":511,"column":4},"end":{"line":511,"column":51}},"86":{"start":{"line":512,"column":4},"end":{"line":512,"column":61}},"87":{"start":{"line":513,"column":4},"end":{"line":513,"column":58}},"88":{"start":{"line":515,"column":4},"end":{"line":515,"column":45}},"89":{"start":{"line":516,"column":4},"end":{"line":516,"column":41}},"90":{"start":{"line":522,"column":4},"end":{"line":522,"column":33}},"91":{"start":{"line":523,"column":4},"end":{"line":523,"column":43}},"92":{"start":{"line":533,"column":4},"end":{"line":533,"column":29}},"93":{"start":{"line":535,"column":4},"end":{"line":535,"column":46}},"94":{"start":{"line":536,"column":4},"end":{"line":536,"column":27}},"95":{"start":{"line":546,"column":4},"end":{"line":546,"column":32}},"96":{"start":{"line":549,"column":4},"end":{"line":549,"column":19377}},"97":{"start":{"line":554,"column":4},"end":{"line":554,"column":49}},"98":{"start":{"line":555,"column":4},"end":{"line":555,"column":52}},"99":{"start":{"line":556,"column":4},"end":{"line":556,"column":49}},"100":{"start":{"line":558,"column":4},"end":{"line":558,"column":36}},"101":{"start":{"line":559,"column":4},"end":{"line":559,"column":32}},"102":{"start":{"line":562,"column":4},"end":{"line":562,"column":31}},"103":{"start":{"line":563,"column":4},"end":{"line":563,"column":41}},"104":{"start":{"line":567,"column":4},"end":{"line":567,"column":42}},"105":{"start":{"line":568,"column":4},"end":{"line":568,"column":25}},"106":{"start":{"line":569,"column":4},"end":{"line":569,"column":33}}},"branchMap":{"1":{"line":5,"type":"if","locations":[{"start":{"line":5,"column":4},"end":{"line":5,"column":4}},{"start":{"line":5,"column":4},"end":{"line":5,"column":4}}]},"2":{"line":9,"type":"if","locations":[{"start":{"line":9,"column":4},"end":{"line":9,"column":4}},{"start":{"line":9,"column":4},"end":{"line":9,"column":4}}]},"3":{"line":21,"type":"if","locations":[{"start":{"line":21,"column":4},"end":{"line":21,"column":4}},{"start":{"line":21,"column":4},"end":{"line":21,"column":4}}]},"4":{"line":27,"type":"if","locations":[{"start":{"line":27,"column":4},"end":{"line":27,"column":4}},{"start":{"line":27,"column":4},"end":{"line":27,"column":4}}]},"5":{"line":99,"type":"if","locations":[{"start":{"line":99,"column":4},"end":{"line":99,"column":4}},{"start":{"line":99,"column":4},"end":{"line":99,"column":4}}]},"6":{"line":108,"type":"if","locations":[{"start":{"line":108,"column":4},"end":{"line":108,"column":4}},{"start":{"line":108,"column":4},"end":{"line":108,"column":4}}]},"7":{"line":118,"type":"if","locations":[{"start":{"line":118,"column":4},"end":{"line":118,"column":4}},{"start":{"line":118,"column":4},"end":{"line":118,"column":4}}]},"8":{"line":129,"type":"if","locations":[{"start":{"line":129,"column":4},"end":{"line":129,"column":4}},{"start":{"line":129,"column":4},"end":{"line":129,"column":4}}]},"9":{"line":153,"type":"if","locations":[{"start":{"line":153,"column":4},"end":{"line":153,"column":4}},{"start":{"line":153,"column":4},"end":{"line":153,"column":4}}]},"10":{"line":154,"type":"if","locations":[{"start":{"line":154,"column":4},"end":{"line":154,"column":4}},{"start":{"line":154,"column":4},"end":{"line":154,"column":4}}]},"11":{"line":156,"type":"if","locations":[{"start":{"line":156,"column":4},"end":{"line":156,"column":4}},{"start":{"line":156,"column":4},"end":{"line":156,"column":4}}]},"12":{"line":178,"type":"if","locations":[{"start":{"line":178,"column":4},"end":{"line":178,"column":4}},{"start":{"line":178,"column":4},"end":{"line":178,"column":4}}]},"13":{"line":202,"type":"if","locations":[{"start":{"line":202,"column":4},"end":{"line":202,"column":4}},{"start":{"line":202,"column":4},"end":{"line":202,"column":4}}]},"14":{"line":203,"type":"if","locations":[{"start":{"line":203,"column":4},"end":{"line":203,"column":4}},{"start":{"line":203,"column":4},"end":{"line":203,"column":4}}]},"15":{"line":256,"type":"if","locations":[{"start":{"line":256,"column":4},"end":{"line":256,"column":4}},{"start":{"line":256,"column":4},"end":{"line":256,"column":4}}]},"16":{"line":278,"type":"if","locations":[{"start":{"line":278,"column":4},"end":{"line":278,"column":4}},{"start":{"line":278,"column":4},"end":{"line":278,"column":4}}]},"17":{"line":301,"type":"if","locations":[{"start":{"line":301,"column":4},"end":{"line":301,"column":4}},{"start":{"line":301,"column":4},"end":{"line":301,"column":4}}]},"18":{"line":302,"type":"if","locations":[{"start":{"line":302,"column":4},"end":{"line":302,"column":4}},{"start":{"line":302,"column":4},"end":{"line":302,"column":4}}]},"19":{"line":314,"type":"if","locations":[{"start":{"line":314,"column":4},"end":{"line":314,"column":4}},{"start":{"line":314,"column":4},"end":{"line":314,"column":4}}]},"20":{"line":325,"type":"if","locations":[{"start":{"line":325,"column":4},"end":{"line":325,"column":4}},{"start":{"line":325,"column":4},"end":{"line":325,"column":4}}]},"21":{"line":348,"type":"if","locations":[{"start":{"line":348,"column":4},"end":{"line":348,"column":4}},{"start":{"line":348,"column":4},"end":{"line":348,"column":4}}]},"22":{"line":393,"type":"if","locations":[{"start":{"line":393,"column":4},"end":{"line":393,"column":4}},{"start":{"line":393,"column":4},"end":{"line":393,"column":4}}]},"23":{"line":398,"type":"if","locations":[{"start":{"line":398,"column":4},"end":{"line":398,"column":4}},{"start":{"line":398,"column":4},"end":{"line":398,"column":4}}]},"24":{"line":446,"type":"if","locations":[{"start":{"line":446,"column":4},"end":{"line":446,"column":4}},{"start":{"line":446,"column":4},"end":{"line":446,"column":4}}]},"25":{"line":457,"type":"if","locations":[{"start":{"line":457,"column":4},"end":{"line":457,"column":4}},{"start":{"line":457,"column":4},"end":{"line":457,"column":4}}]},"26":{"line":476,"type":"if","locations":[{"start":{"line":476,"column":4},"end":{"line":476,"column":4}},{"start":{"line":476,"column":4},"end":{"line":476,"column":4}}]},"27":{"line":487,"type":"if","locations":[{"start":{"line":487,"column":4},"end":{"line":487,"column":4}},{"start":{"line":487,"column":4},"end":{"line":487,"column":4}}]},"28":{"line":549,"type":"if","locations":[{"start":{"line":549,"column":4},"end":{"line":549,"column":4}},{"start":{"line":549,"column":4},"end":{"line":549,"column":4}}]}}},"contracts/works/File.sol":{"l":{},"path":"/home/fabianorodrigo/Projetos/bitbucket/solidity-test/workdir/left-gallery-token/contracts/works/File.sol","s":{},"b":{},"f":{},"fnMap":{},"statementMap":{},"branchMap":{}},"contracts/works/MonacoMix.sol":{"l":{},"path":"/home/fabianorodrigo/Projetos/bitbucket/solidity-test/workdir/left-gallery-token/contracts/works/MonacoMix.sol","s":{},"b":{},"f":{},"fnMap":{},"statementMap":{},"branchMap":{}},"contracts/works/Tumpin.sol":{"l":{},"path":"/home/fabianorodrigo/Projetos/bitbucket/solidity-test/workdir/left-gallery-token/contracts/works/Tumpin.sol","s":{},"b":{},"f":{},"fnMap":{},"statementMap":{},"branchMap":{}},"contracts/works/Undelivered.sol":{"l":{},"path":"/home/fabianorodrigo/Projetos/bitbucket/solidity-test/workdir/left-gallery-token/contracts/works/Undelivered.sol","s":{},"b":{},"f":{},"fnMap":{},"statementMap":{},"branchMap":{}}}