npx solidity-coverage
sex 13 nov 2020 12:51:09 -03
Truffle v5.0.2 (core: 5.0.2)
Solidity - 0.4.24 (solc-js)
Node v10.15.3
Generating coverage environment
Running: truffle compile --network coverage 
(this can take a few seconds)...
Compiling ./contracts/Account.sol...
Compiling ./contracts/ConvergentBeta.sol...
Compiling ./contracts/DoubleCurveToken.sol...
Compiling ./contracts/GasPriceOracle.sol...
Compiling ./contracts/Migrations.sol...
Compiling ./contracts/Test/MockERC20.sol...
Compiling ./contracts/proxy4tests/DoubleCurveToken.sol...
Compiling openzeppelin-eth/contracts/math/SafeMath.sol...
Compiling openzeppelin-eth/contracts/ownership/Ownable.sol...
Compiling openzeppelin-eth/contracts/token/ERC20/ERC20.sol...
Compiling openzeppelin-eth/contracts/token/ERC20/ERC20Detailed.sol...
Compiling openzeppelin-eth/contracts/token/ERC20/IERC20.sol...
Compiling openzeppelin-solidity/contracts/AddressUtils.sol...
Compiling zos-lib/contracts/Initializable.sol...
Compiling zos-lib/contracts/upgradeability/AdminUpgradeabilityProxy.sol...
Compiling zos-lib/contracts/upgradeability/Proxy.sol...
Compiling zos-lib/contracts/upgradeability/UpgradeabilityProxy.sol...

Compilation warnings encountered:

/home/fabianorodrigo/Projetos/bitbucket/solidity-test/workdir/liquid/coverageEnv/contracts/proxy4tests/DoubleCurveToken.sol:1:1: Warning: Source file does not specify required compiler version!Consider adding "pragma solidity ^0.4.24;"
import "../DoubleCurveToken.sol";
^ (Relevant source part starts here and spans across multiple lines).
,zos-lib/contracts/upgradeability/AdminUpgradeabilityProxy.sol:59:34: Warning: Function declared as view, but this expression (potentially) modifies the state and thus requires non-payable (the default) or payable.
  function admin() external view ifAdmin returns (address) {
                                 ^-----^
,zos-lib/contracts/upgradeability/AdminUpgradeabilityProxy.sol:66:43: Warning: Function declared as view, but this expression (potentially) modifies the state and thus requires non-payable (the default) or payable.
  function implementation() external view ifAdmin returns (address) {
                                          ^-----^
,zos-lib/contracts/upgradeability/Proxy.sol:56:3: Warning: Function state mutability can be restricted to pure
  function _willFallback() internal {
  ^ (Relevant source part starts here and spans across multiple lines).

Writing artifacts to ./build/contracts

Instrumenting  ./coverageEnv/contracts/Account.sol
Instrumenting  ./coverageEnv/contracts/ConvergentBeta.sol
Instrumenting  ./coverageEnv/contracts/DoubleCurveToken.sol
Instrumenting  ./coverageEnv/contracts/GasPriceOracle.sol
Skipping instrumentation of  ./coverageEnv/contracts/Migrations.sol
Instrumenting  ./coverageEnv/contracts/proxy4tests/DoubleCurveToken.sol
Instrumenting  ./coverageEnv/contracts/Test/MockERC20.sol
Running: truffle compile --network coverage 
(this can take a few seconds)...
Compiling ./contracts/Account.sol...
Compiling ./contracts/ConvergentBeta.sol...
Compiling ./contracts/DoubleCurveToken.sol...
Compiling ./contracts/GasPriceOracle.sol...
Compiling ./contracts/Migrations.sol...
Compiling ./contracts/Test/MockERC20.sol...
Compiling ./contracts/proxy4tests/DoubleCurveToken.sol...
Compiling openzeppelin-eth/contracts/math/SafeMath.sol...
Compiling openzeppelin-eth/contracts/ownership/Ownable.sol...
Compiling openzeppelin-eth/contracts/token/ERC20/ERC20.sol...
Compiling openzeppelin-eth/contracts/token/ERC20/ERC20Detailed.sol...
Compiling openzeppelin-eth/contracts/token/ERC20/IERC20.sol...
Compiling openzeppelin-solidity/contracts/AddressUtils.sol...
Compiling zos-lib/contracts/Initializable.sol...
Compiling zos-lib/contracts/upgradeability/AdminUpgradeabilityProxy.sol...
Compiling zos-lib/contracts/upgradeability/Proxy.sol...
Compiling zos-lib/contracts/upgradeability/UpgradeabilityProxy.sol...

Compilation warnings encountered:

/home/fabianorodrigo/Projetos/bitbucket/solidity-test/workdir/liquid/coverageEnv/contracts/proxy4tests/DoubleCurveToken.sol:1:1: Warning: Source file does not specify required compiler version!Consider adding "pragma solidity ^0.4.24;"
import "../DoubleCurveToken.sol";
^ (Relevant source part starts here and spans across multiple lines).
,zos-lib/contracts/upgradeability/AdminUpgradeabilityProxy.sol:59:34: Warning: Function declared as view, but this expression (potentially) modifies the state and thus requires non-payable (the default) or payable.
  function admin() external view ifAdmin returns (address) {
                                 ^-----^
,zos-lib/contracts/upgradeability/AdminUpgradeabilityProxy.sol:66:43: Warning: Function declared as view, but this expression (potentially) modifies the state and thus requires non-payable (the default) or payable.
  function implementation() external view ifAdmin returns (address) {
                                          ^-----^
,zos-lib/contracts/upgradeability/Proxy.sol:56:3: Warning: Function state mutability can be restricted to pure
  function _willFallback() internal {
  ^ (Relevant source part starts here and spans across multiple lines).

Writing artifacts to ./build/contracts

Launched testrpc on port 8555
Running: truffle test --network coverage 
(this can take a few seconds)...
Using network 'coverage'.


[0m[0m
[0m  Contract: Account[0m
  [32m  âœ“[0m[90m Should execute proxy(address,bytes) WHEN msg.sender==beneficiary[0m[31m (237ms)[0m
  [32m  âœ“[0m[90m Should fail proxy(address,bytes) when NOT comply with: msg.sender == beneficiary[0m[31m (173ms)[0m
  [32m  âœ“[0m[90m Should execute initialize(address,address,uint256,uint256,uint256,uint256,uint256,uint256,bytes32,string,string,address) WHEN initialized!=true[0m[31m (104ms)[0m
  [32m  âœ“[0m[90m Should execute addService(uint256) WHEN msg.sender==beneficiary[0m[31m (142ms)[0m
  [32m  âœ“[0m[90m Should fail addService(uint256) when NOT comply with: msg.sender == beneficiary[0m[31m (132ms)[0m
  [31m  1) Should execute removeService(uint8) WHEN msg.sender==beneficiary,services!=0[0m

    Events emitted during test:
    ---------------------------

    Transfer(from: <indexed>, to: <indexed>, value: 5)
    Transfer(from: <indexed>, to: <indexed>, value: 95)
    MetadataUpdated(newMetadata: 0x83b56725395810203bfa795b44ceff28dc9bd8b496d3604c419876871ed12b55)

    ---------------------------
  [32m  âœ“[0m[90m Should fail removeService(uint8) when NOT comply with: msg.sender == beneficiary[0m[31m (122ms)[0m
  [32m  âœ“[0m[90m Should execute updateMetadata(bytes32) WHEN msg.sender==beneficiary[0m[31m (120ms)[0m
  [32m  âœ“[0m[90m Should fail updateMetadata(bytes32) when NOT comply with: msg.sender == beneficiary[0m[31m (147ms)[0m
  [31m  2) Should execute requestService(uint256,string) WHEN msg.sender!=0[0m

    Events emitted during test:
    ---------------------------

    Transfer(from: <indexed>, to: <indexed>, value: 5)

    ---------------------------
  [31m  3) Should fail requestService(uint256,string) when NOT comply with: msg.sender != 0[0m

    Events emitted during test:
    ---------------------------

    Transfer(from: <indexed>, to: <indexed>, value: 5)

    ---------------------------
  [32m  âœ“[0m[90m Should execute creator()[0m

[0m  Contract: ConvergentBeta[0m
  [32m  âœ“[0m[90m Should execute initialize(address,address) WHEN initialized!=true[0m[33m (54ms)[0m
  [32m  âœ“[0m[90m Should execute setBaseAccount(address) WHEN msg.sender==_owner,_newBaseAccount!=0x0000000000000000000000000000000000000000[0m[31m (90ms)[0m
  [32m  âœ“[0m[90m Should fail setBaseAccount(address) when NOT comply with: _newBaseAccount != 0x0000000000000000000000000000000000000000[0m[31m (89ms)[0m
  [31m  4) Should execute createAccount(address,uint256,uint256,uint256,uint256,uint256,uint256,bytes32,string,string)[0m

    Events emitted during test:
    ---------------------------

    Transfer(from: <indexed>, to: <indexed>, value: 5)

    ---------------------------
  [31m  5) Should execute upgradeAccount(address) WHEN msg.sender==accountToCreator[0m

    Events emitted during test:
    ---------------------------

    Transfer(from: <indexed>, to: <indexed>, value: 5)

    ---------------------------
  [31m  6) Should execute getImplementationForAccount(address)[0m

    Events emitted during test:
    ---------------------------

    Transfer(from: <indexed>, to: <indexed>, value: 5)

    ---------------------------

[0m  Contract: contractProxyDoubleCurveToken[0m
  [31m  7) Should execute testsolveForY(uint256) WHEN slopeD>0[0m

    Events emitted during test:
    ---------------------------

    Transfer(from: <indexed>, to: <indexed>, value: 5)
    Transfer(from: <indexed>, to: <indexed>, value: 10)

    ---------------------------
  [32m  âœ“[0m[90m Should fail testsolveForY(uint256) when NOT comply with: slopeD > 0[0m[33m (74ms)[0m
  [31m  8) Should execute testcurveIntegral(uint256) WHEN NumberLiteral ** NumberLiteral>0[0m

    Events emitted during test:
    ---------------------------

    Transfer(from: <indexed>, to: <indexed>, value: 5)

    ---------------------------

[0m  Contract: DoubleCurveToken[0m
  [31m  9) Should execute fallback()[0m

    Events emitted during test:
    ---------------------------

    Transfer(from: <indexed>, to: <indexed>, value: 5)

    ---------------------------
  [32m  âœ“[0m[90m Should execute initialize(address,address,uint256,uint256,uint256,uint256,uint256,uint256,string,string,address) WHEN _preMint>0,initialized!=true[0m[31m (78ms)[0m
  [32m  âœ“[0m[90m Should execute initialize(address,address,uint256,uint256,uint256,uint256,uint256,uint256,string,string,address) WHEN _preMint<=0,initialized!=true[0m[33m (52ms)[0m
  [31m  10) Should execute withdraw() WHEN reserveAsset==0x0000000000000000000000000000000000000000,contributions>0[0m

    Events emitted during test:
    ---------------------------

    Transfer(from: <indexed>, to: <indexed>, value: 5)
    Transfer(from: <indexed>, to: <indexed>, value: 1336)

    ---------------------------
  [32m  âœ“[0m[90m Should fail withdraw() when NOT comply with: contributions > 0[0m[31m (197ms)[0m
  [31m  11) Should execute withdraw() WHEN reserveAsset!=0x0000000000000000000000000000000000000000,contributions>0[0m

    Events emitted during test:
    ---------------------------

    Transfer(from: <indexed>, to: <indexed>, value: 5)
    Transfer(from: <indexed>, to: <indexed>, value: 27)

    ---------------------------
  [31m  12) Should fail withdraw() when NOT comply with: contributions > 0[0m

    Events emitted during test:
    ---------------------------

    Transfer(from: <indexed>, to: <indexed>, value: 5)
    Transfer(from: <indexed>, to: <indexed>, value: 27)

    ---------------------------
  [31m  13) Should execute buy(uint256,uint256) WHEN msg.value>cost,reserveAsset==0x0000000000000000000000000000000000000000,msg.gasprice<=GasPriceOracle.maxGas,cost<=_maxSpend,msg.sender!=0[0m

    Events emitted during test:
    ---------------------------

    Transfer(from: <indexed>, to: <indexed>, value: 5)
    Transfer(from: <indexed>, to: <indexed>, value: 64)

    ---------------------------
  [31m  14) Should fail buy(uint256,uint256) when NOT comply with: msg.sender != 0[0m

    Events emitted during test:
    ---------------------------

    Transfer(from: <indexed>, to: <indexed>, value: 5)
    Transfer(from: <indexed>, to: <indexed>, value: 64)

    ---------------------------
  [32m  âœ“[0m[90m Should execute buy(uint256,uint256) WHEN msg.value<=cost,reserveAsset==0x0000000000000000000000000000000000000000,msg.gasprice<=GasPriceOracle.maxGas,cost<=_maxSpend,msg.sender!=0[0m[31m (156ms)[0m
  [31m  15) Should fail buy(uint256,uint256) when NOT comply with: msg.sender != 0[0m

    Events emitted during test:
    ---------------------------

    Transfer(from: <indexed>, to: <indexed>, value: 5)
    Transfer(from: <indexed>, to: <indexed>, value: 10)

    ---------------------------
  [31m  16) Should execute buy(uint256,uint256) WHEN reserveAsset!=0x0000000000000000000000000000000000000000,msg.gasprice<=GasPriceOracle.maxGas,cost<=_maxSpend,msg.sender!=0[0m

    Events emitted during test:
    ---------------------------

    Transfer(from: <indexed>, to: <indexed>, value: 5)
    Transfer(from: <indexed>, to: <indexed>, value: 255)

    ---------------------------
  [31m  17) Should fail buy(uint256,uint256) when NOT comply with: msg.sender != 0[0m

    Events emitted during test:
    ---------------------------

    Transfer(from: <indexed>, to: <indexed>, value: 5)
    Transfer(from: <indexed>, to: <indexed>, value: 255)

    ---------------------------
  [31m  18) Should execute sell(uint256,uint256) WHEN reserveAsset==0x0000000000000000000000000000000000000000,msg.gasprice<=GasPriceOracle.maxGas,amountReturned>=_minReturn,msg.sender!=0,_tokens<=_balances[0m

    Events emitted during test:
    ---------------------------

    Transfer(from: <indexed>, to: <indexed>, value: 5)
    Transfer(from: <indexed>, to: <indexed>, value: 2014223715)

    ---------------------------
  [31m  19) Should fail sell(uint256,uint256) when NOT comply with: msg.sender != 0[0m

    Events emitted during test:
    ---------------------------

    Transfer(from: <indexed>, to: <indexed>, value: 5)
    Transfer(from: <indexed>, to: <indexed>, value: 2014223715)

    ---------------------------
  [31m  20) Should execute sell(uint256,uint256) WHEN reserveAsset!=0x0000000000000000000000000000000000000000,msg.gasprice<=GasPriceOracle.maxGas,amountReturned>=_minReturn,msg.sender!=0,_tokens<=_balances[0m

    Events emitted during test:
    ---------------------------

    Transfer(from: <indexed>, to: <indexed>, value: 5)
    Transfer(from: <indexed>, to: <indexed>, value: 6)

    ---------------------------
  [31m  21) Should fail sell(uint256,uint256) when NOT comply with: msg.sender != 0[0m

    Events emitted during test:
    ---------------------------

    Transfer(from: <indexed>, to: <indexed>, value: 5)
    Transfer(from: <indexed>, to: <indexed>, value: 6)

    ---------------------------
  [31m  22) Should execute priceToBuy(uint256)[0m

    Events emitted during test:
    ---------------------------

    Transfer(from: <indexed>, to: <indexed>, value: 5)

    ---------------------------
  [31m  23) Should execute returnForSell(uint256)[0m

    Events emitted during test:
    ---------------------------

    Transfer(from: <indexed>, to: <indexed>, value: 5)

    ---------------------------
  [32m  âœ“[0m[90m Should execute amountToReserve(uint256) WHEN spreadD>0[0m[31m (81ms)[0m
  [32m  âœ“[0m[90m Should fail amountToReserve(uint256) when NOT comply with: spreadD > 0[0m[33m (74ms)[0m
  [32m  âœ“[0m[90m Should execute currentPrice() WHEN slopeD>0[0m[33m (70ms)[0m
  [32m  âœ“[0m[90m Should fail currentPrice() when NOT comply with: slopeD > 0[0m[33m (75ms)[0m
  [31m  24) Should execute marketCap() WHEN NumberLiteral ** NumberLiteral>0[0m

    Events emitted during test:
    ---------------------------

    Transfer(from: <indexed>, to: <indexed>, value: 5)

    ---------------------------

[0m  Contract: GasPriceOracle[0m
  [32m  âœ“[0m[90m Should execute initialize(uint256) WHEN initialized!=true[0m
  [32m  âœ“[0m[90m Should execute setGasPrice(uint256) WHEN msg.sender==_owner[0m[33m (69ms)[0m


[92m [0m[32m 23 passing[0m[90m (32s)[0m
[31m  24 failing[0m

[0m  1) Contract: Account
       Should execute removeService(uint8) WHEN msg.sender==beneficiary,services!=0:
[0m[31m     Error: Returned error: VM Exception while processing transaction: revert Service not initialized or already removed -- Reason given: Service not initialized or already removed.[0m[90m
      at Object.ErrorResponse (/home/fabianorodrigo/Projetos/bitbucket/solidity-test/workdir/liquid/node_modules/truffle/build/webpack:/~/web3-core-requestmanager/~/web3-core-helpers/src/errors.js:29:1)
      at /home/fabianorodrigo/Projetos/bitbucket/solidity-test/workdir/liquid/node_modules/truffle/build/webpack:/~/web3-core-requestmanager/src/index.js:140:1
      at /home/fabianorodrigo/Projetos/bitbucket/solidity-test/workdir/liquid/node_modules/truffle/build/webpack:/packages/truffle-provider/wrapper.js:112:1
      at XMLHttpRequest.request.onreadystatechange (/home/fabianorodrigo/Projetos/bitbucket/solidity-test/workdir/liquid/node_modules/truffle/build/webpack:/~/web3-providers-http/src/index.js:96:1)
      at XMLHttpRequestEventTarget.dispatchEvent (/home/fabianorodrigo/Projetos/bitbucket/solidity-test/workdir/liquid/node_modules/truffle/build/webpack:/~/xhr2-cookies/dist/xml-http-request-event-target.js:34:1)
      at XMLHttpRequest._setReadyState (/home/fabianorodrigo/Projetos/bitbucket/solidity-test/workdir/liquid/node_modules/truffle/build/webpack:/~/xhr2-cookies/dist/xml-http-request.js:208:1)
      at XMLHttpRequest._onHttpResponseEnd (/home/fabianorodrigo/Projetos/bitbucket/solidity-test/workdir/liquid/node_modules/truffle/build/webpack:/~/xhr2-cookies/dist/xml-http-request.js:318:1)
      at IncomingMessage.<anonymous> (/home/fabianorodrigo/Projetos/bitbucket/solidity-test/workdir/liquid/node_modules/truffle/build/webpack:/~/xhr2-cookies/dist/xml-http-request.js:289:47)
      at endReadableNT (_stream_readable.js:1125:12)
      at process._tickCallback (internal/process/next_tick.js:63:19)
[0m
[0m  2) Contract: Account
       Should execute requestService(uint256,string) WHEN msg.sender!=0:
[0m[31m     Error: Returned error: VM Exception while processing transaction: revert[0m[90m
      at Object.ErrorResponse (/home/fabianorodrigo/Projetos/bitbucket/solidity-test/workdir/liquid/node_modules/truffle/build/webpack:/~/web3-core-requestmanager/~/web3-core-helpers/src/errors.js:29:1)
      at /home/fabianorodrigo/Projetos/bitbucket/solidity-test/workdir/liquid/node_modules/truffle/build/webpack:/~/web3-core-requestmanager/src/index.js:140:1
      at /home/fabianorodrigo/Projetos/bitbucket/solidity-test/workdir/liquid/node_modules/truffle/build/webpack:/packages/truffle-provider/wrapper.js:112:1
      at XMLHttpRequest.request.onreadystatechange (/home/fabianorodrigo/Projetos/bitbucket/solidity-test/workdir/liquid/node_modules/truffle/build/webpack:/~/web3-providers-http/src/index.js:96:1)
      at XMLHttpRequestEventTarget.dispatchEvent (/home/fabianorodrigo/Projetos/bitbucket/solidity-test/workdir/liquid/node_modules/truffle/build/webpack:/~/xhr2-cookies/dist/xml-http-request-event-target.js:34:1)
      at XMLHttpRequest._setReadyState (/home/fabianorodrigo/Projetos/bitbucket/solidity-test/workdir/liquid/node_modules/truffle/build/webpack:/~/xhr2-cookies/dist/xml-http-request.js:208:1)
      at XMLHttpRequest._onHttpResponseEnd (/home/fabianorodrigo/Projetos/bitbucket/solidity-test/workdir/liquid/node_modules/truffle/build/webpack:/~/xhr2-cookies/dist/xml-http-request.js:318:1)
      at IncomingMessage.<anonymous> (/home/fabianorodrigo/Projetos/bitbucket/solidity-test/workdir/liquid/node_modules/truffle/build/webpack:/~/xhr2-cookies/dist/xml-http-request.js:289:47)
      at endReadableNT (_stream_readable.js:1125:12)
      at process._tickCallback (internal/process/next_tick.js:63:19)
[0m
[0m  3) Contract: Account
       Should fail requestService(uint256,string) when NOT comply with: msg.sender != 0:
[0m[31m     AssertionError: Expected to fail with revert, but failed with: Error: Returned error: from not found; is required[0m[90m
      at fails (/home/fabianorodrigo/.nvm/versions/node/v10.15.3/lib/node_modules/truffle-assertions/index.js:152:13)
      at process._tickCallback (internal/process/next_tick.js:68:7)
[0m
[0m  4) Contract: ConvergentBeta
       Should execute createAccount(address,uint256,uint256,uint256,uint256,uint256,uint256,bytes32,string,string):
[0m[31m     Error: Returned error: VM Exception while processing transaction: revert Cannot set a proxy implementation to a non-contract address -- Reason given: Cannot set a proxy implementation to a non-contract address.[0m[90m
      at Object.ErrorResponse (/home/fabianorodrigo/Projetos/bitbucket/solidity-test/workdir/liquid/node_modules/truffle/build/webpack:/~/web3-core-requestmanager/~/web3-core-helpers/src/errors.js:29:1)
      at /home/fabianorodrigo/Projetos/bitbucket/solidity-test/workdir/liquid/node_modules/truffle/build/webpack:/~/web3-core-requestmanager/src/index.js:140:1
      at /home/fabianorodrigo/Projetos/bitbucket/solidity-test/workdir/liquid/node_modules/truffle/build/webpack:/packages/truffle-provider/wrapper.js:112:1
      at XMLHttpRequest.request.onreadystatechange (/home/fabianorodrigo/Projetos/bitbucket/solidity-test/workdir/liquid/node_modules/truffle/build/webpack:/~/web3-providers-http/src/index.js:96:1)
      at XMLHttpRequestEventTarget.dispatchEvent (/home/fabianorodrigo/Projetos/bitbucket/solidity-test/workdir/liquid/node_modules/truffle/build/webpack:/~/xhr2-cookies/dist/xml-http-request-event-target.js:34:1)
      at XMLHttpRequest._setReadyState (/home/fabianorodrigo/Projetos/bitbucket/solidity-test/workdir/liquid/node_modules/truffle/build/webpack:/~/xhr2-cookies/dist/xml-http-request.js:208:1)
      at XMLHttpRequest._onHttpResponseEnd (/home/fabianorodrigo/Projetos/bitbucket/solidity-test/workdir/liquid/node_modules/truffle/build/webpack:/~/xhr2-cookies/dist/xml-http-request.js:318:1)
      at IncomingMessage.<anonymous> (/home/fabianorodrigo/Projetos/bitbucket/solidity-test/workdir/liquid/node_modules/truffle/build/webpack:/~/xhr2-cookies/dist/xml-http-request.js:289:47)
      at endReadableNT (_stream_readable.js:1125:12)
      at process._tickCallback (internal/process/next_tick.js:63:19)
[0m
[0m  5) Contract: ConvergentBeta
       Should execute upgradeAccount(address) WHEN msg.sender==accountToCreator:
[0m[31m     Error: Returned error: from not found; is required[0m[90m
      at Object.ErrorResponse (/home/fabianorodrigo/Projetos/bitbucket/solidity-test/workdir/liquid/node_modules/truffle/build/webpack:/~/web3-core-requestmanager/~/web3-core-helpers/src/errors.js:29:1)
      at /home/fabianorodrigo/Projetos/bitbucket/solidity-test/workdir/liquid/node_modules/truffle/build/webpack:/~/web3-core-requestmanager/src/index.js:140:1
      at /home/fabianorodrigo/Projetos/bitbucket/solidity-test/workdir/liquid/node_modules/truffle/build/webpack:/packages/truffle-provider/wrapper.js:112:1
      at XMLHttpRequest.request.onreadystatechange (/home/fabianorodrigo/Projetos/bitbucket/solidity-test/workdir/liquid/node_modules/truffle/build/webpack:/~/web3-providers-http/src/index.js:96:1)
      at XMLHttpRequestEventTarget.dispatchEvent (/home/fabianorodrigo/Projetos/bitbucket/solidity-test/workdir/liquid/node_modules/truffle/build/webpack:/~/xhr2-cookies/dist/xml-http-request-event-target.js:34:1)
      at XMLHttpRequest._setReadyState (/home/fabianorodrigo/Projetos/bitbucket/solidity-test/workdir/liquid/node_modules/truffle/build/webpack:/~/xhr2-cookies/dist/xml-http-request.js:208:1)
      at XMLHttpRequest._onHttpResponseEnd (/home/fabianorodrigo/Projetos/bitbucket/solidity-test/workdir/liquid/node_modules/truffle/build/webpack:/~/xhr2-cookies/dist/xml-http-request.js:318:1)
      at IncomingMessage.<anonymous> (/home/fabianorodrigo/Projetos/bitbucket/solidity-test/workdir/liquid/node_modules/truffle/build/webpack:/~/xhr2-cookies/dist/xml-http-request.js:289:47)
      at endReadableNT (_stream_readable.js:1125:12)
      at process._tickCallback (internal/process/next_tick.js:63:19)
[0m
[0m  6) Contract: ConvergentBeta
       Should execute getImplementationForAccount(address):
[0m[31m     Error: Returned error: VM Exception while processing transaction: revert[0m[90m
      at Object.ErrorResponse (/home/fabianorodrigo/Projetos/bitbucket/solidity-test/workdir/liquid/node_modules/truffle/build/webpack:/~/web3-core-requestmanager/~/web3-core-helpers/src/errors.js:29:1)
      at /home/fabianorodrigo/Projetos/bitbucket/solidity-test/workdir/liquid/node_modules/truffle/build/webpack:/~/web3-core-requestmanager/src/index.js:140:1
      at /home/fabianorodrigo/Projetos/bitbucket/solidity-test/workdir/liquid/node_modules/truffle/build/webpack:/packages/truffle-provider/wrapper.js:112:1
      at XMLHttpRequest.request.onreadystatechange (/home/fabianorodrigo/Projetos/bitbucket/solidity-test/workdir/liquid/node_modules/truffle/build/webpack:/~/web3-providers-http/src/index.js:96:1)
      at XMLHttpRequestEventTarget.dispatchEvent (/home/fabianorodrigo/Projetos/bitbucket/solidity-test/workdir/liquid/node_modules/truffle/build/webpack:/~/xhr2-cookies/dist/xml-http-request-event-target.js:34:1)
      at XMLHttpRequest._setReadyState (/home/fabianorodrigo/Projetos/bitbucket/solidity-test/workdir/liquid/node_modules/truffle/build/webpack:/~/xhr2-cookies/dist/xml-http-request.js:208:1)
      at XMLHttpRequest._onHttpResponseEnd (/home/fabianorodrigo/Projetos/bitbucket/solidity-test/workdir/liquid/node_modules/truffle/build/webpack:/~/xhr2-cookies/dist/xml-http-request.js:318:1)
      at IncomingMessage.<anonymous> (/home/fabianorodrigo/Projetos/bitbucket/solidity-test/workdir/liquid/node_modules/truffle/build/webpack:/~/xhr2-cookies/dist/xml-http-request.js:289:47)
      at endReadableNT (_stream_readable.js:1125:12)
      at process._tickCallback (internal/process/next_tick.js:63:19)
[0m
[0m  7) Contract: contractProxyDoubleCurveToken
       Should execute testsolveForY(uint256) WHEN slopeD>0:
[0m[31m     Error: Returned error: VM Exception while processing transaction: revert[0m[90m
      at Object.ErrorResponse (/home/fabianorodrigo/Projetos/bitbucket/solidity-test/workdir/liquid/node_modules/truffle/build/webpack:/~/web3-core-requestmanager/~/web3-core-helpers/src/errors.js:29:1)
      at /home/fabianorodrigo/Projetos/bitbucket/solidity-test/workdir/liquid/node_modules/truffle/build/webpack:/~/web3-core-requestmanager/src/index.js:140:1
      at /home/fabianorodrigo/Projetos/bitbucket/solidity-test/workdir/liquid/node_modules/truffle/build/webpack:/packages/truffle-provider/wrapper.js:112:1
      at XMLHttpRequest.request.onreadystatechange (/home/fabianorodrigo/Projetos/bitbucket/solidity-test/workdir/liquid/node_modules/truffle/build/webpack:/~/web3-providers-http/src/index.js:96:1)
      at XMLHttpRequestEventTarget.dispatchEvent (/home/fabianorodrigo/Projetos/bitbucket/solidity-test/workdir/liquid/node_modules/truffle/build/webpack:/~/xhr2-cookies/dist/xml-http-request-event-target.js:34:1)
      at XMLHttpRequest._setReadyState (/home/fabianorodrigo/Projetos/bitbucket/solidity-test/workdir/liquid/node_modules/truffle/build/webpack:/~/xhr2-cookies/dist/xml-http-request.js:208:1)
      at XMLHttpRequest._onHttpResponseEnd (/home/fabianorodrigo/Projetos/bitbucket/solidity-test/workdir/liquid/node_modules/truffle/build/webpack:/~/xhr2-cookies/dist/xml-http-request.js:318:1)
      at IncomingMessage.<anonymous> (/home/fabianorodrigo/Projetos/bitbucket/solidity-test/workdir/liquid/node_modules/truffle/build/webpack:/~/xhr2-cookies/dist/xml-http-request.js:289:47)
      at endReadableNT (_stream_readable.js:1125:12)
      at process._tickCallback (internal/process/next_tick.js:63:19)
[0m
[0m  8) Contract: contractProxyDoubleCurveToken
       Should execute testcurveIntegral(uint256) WHEN NumberLiteral ** NumberLiteral>0:
[0m[31m     Error: Returned error: VM Exception while processing transaction: revert[0m[90m
      at Object.ErrorResponse (/home/fabianorodrigo/Projetos/bitbucket/solidity-test/workdir/liquid/node_modules/truffle/build/webpack:/~/web3-core-requestmanager/~/web3-core-helpers/src/errors.js:29:1)
      at /home/fabianorodrigo/Projetos/bitbucket/solidity-test/workdir/liquid/node_modules/truffle/build/webpack:/~/web3-core-requestmanager/src/index.js:140:1
      at /home/fabianorodrigo/Projetos/bitbucket/solidity-test/workdir/liquid/node_modules/truffle/build/webpack:/packages/truffle-provider/wrapper.js:112:1
      at XMLHttpRequest.request.onreadystatechange (/home/fabianorodrigo/Projetos/bitbucket/solidity-test/workdir/liquid/node_modules/truffle/build/webpack:/~/web3-providers-http/src/index.js:96:1)
      at XMLHttpRequestEventTarget.dispatchEvent (/home/fabianorodrigo/Projetos/bitbucket/solidity-test/workdir/liquid/node_modules/truffle/build/webpack:/~/xhr2-cookies/dist/xml-http-request-event-target.js:34:1)
      at XMLHttpRequest._setReadyState (/home/fabianorodrigo/Projetos/bitbucket/solidity-test/workdir/liquid/node_modules/truffle/build/webpack:/~/xhr2-cookies/dist/xml-http-request.js:208:1)
      at XMLHttpRequest._onHttpResponseEnd (/home/fabianorodrigo/Projetos/bitbucket/solidity-test/workdir/liquid/node_modules/truffle/build/webpack:/~/xhr2-cookies/dist/xml-http-request.js:318:1)
      at IncomingMessage.<anonymous> (/home/fabianorodrigo/Projetos/bitbucket/solidity-test/workdir/liquid/node_modules/truffle/build/webpack:/~/xhr2-cookies/dist/xml-http-request.js:289:47)
      at endReadableNT (_stream_readable.js:1125:12)
      at process._tickCallback (internal/process/next_tick.js:63:19)
[0m
[0m  9) Contract: DoubleCurveToken
       Should execute fallback():
[0m[31m     Error: Returned error: VM Exception while processing transaction: revert Fallback disabled -- Reason given: Fallback disabled.[0m[90m
      at Object.ErrorResponse (/home/fabianorodrigo/Projetos/bitbucket/solidity-test/workdir/liquid/node_modules/truffle/build/webpack:/~/web3-core-requestmanager/~/web3-core-helpers/src/errors.js:29:1)
      at /home/fabianorodrigo/Projetos/bitbucket/solidity-test/workdir/liquid/node_modules/truffle/build/webpack:/~/web3-core-requestmanager/src/index.js:140:1
      at /home/fabianorodrigo/Projetos/bitbucket/solidity-test/workdir/liquid/node_modules/truffle/build/webpack:/packages/truffle-provider/wrapper.js:112:1
      at XMLHttpRequest.request.onreadystatechange (/home/fabianorodrigo/Projetos/bitbucket/solidity-test/workdir/liquid/node_modules/truffle/build/webpack:/~/web3-providers-http/src/index.js:96:1)
      at XMLHttpRequestEventTarget.dispatchEvent (/home/fabianorodrigo/Projetos/bitbucket/solidity-test/workdir/liquid/node_modules/truffle/build/webpack:/~/xhr2-cookies/dist/xml-http-request-event-target.js:34:1)
      at XMLHttpRequest._setReadyState (/home/fabianorodrigo/Projetos/bitbucket/solidity-test/workdir/liquid/node_modules/truffle/build/webpack:/~/xhr2-cookies/dist/xml-http-request.js:208:1)
      at XMLHttpRequest._onHttpResponseEnd (/home/fabianorodrigo/Projetos/bitbucket/solidity-test/workdir/liquid/node_modules/truffle/build/webpack:/~/xhr2-cookies/dist/xml-http-request.js:318:1)
      at IncomingMessage.<anonymous> (/home/fabianorodrigo/Projetos/bitbucket/solidity-test/workdir/liquid/node_modules/truffle/build/webpack:/~/xhr2-cookies/dist/xml-http-request.js:289:47)
      at endReadableNT (_stream_readable.js:1125:12)
      at process._tickCallback (internal/process/next_tick.js:63:19)
[0m
[0m  10) Contract: DoubleCurveToken
       Should execute withdraw() WHEN reserveAsset==0x0000000000000000000000000000000000000000,contributions>0:
[0m[31m     Error: Returned error: VM Exception while processing transaction: revert[0m[90m
      at Object.ErrorResponse (/home/fabianorodrigo/Projetos/bitbucket/solidity-test/workdir/liquid/node_modules/truffle/build/webpack:/~/web3-core-requestmanager/~/web3-core-helpers/src/errors.js:29:1)
      at /home/fabianorodrigo/Projetos/bitbucket/solidity-test/workdir/liquid/node_modules/truffle/build/webpack:/~/web3-core-requestmanager/src/index.js:140:1
      at /home/fabianorodrigo/Projetos/bitbucket/solidity-test/workdir/liquid/node_modules/truffle/build/webpack:/packages/truffle-provider/wrapper.js:112:1
      at XMLHttpRequest.request.onreadystatechange (/home/fabianorodrigo/Projetos/bitbucket/solidity-test/workdir/liquid/node_modules/truffle/build/webpack:/~/web3-providers-http/src/index.js:96:1)
      at XMLHttpRequestEventTarget.dispatchEvent (/home/fabianorodrigo/Projetos/bitbucket/solidity-test/workdir/liquid/node_modules/truffle/build/webpack:/~/xhr2-cookies/dist/xml-http-request-event-target.js:34:1)
      at XMLHttpRequest._setReadyState (/home/fabianorodrigo/Projetos/bitbucket/solidity-test/workdir/liquid/node_modules/truffle/build/webpack:/~/xhr2-cookies/dist/xml-http-request.js:208:1)
      at XMLHttpRequest._onHttpResponseEnd (/home/fabianorodrigo/Projetos/bitbucket/solidity-test/workdir/liquid/node_modules/truffle/build/webpack:/~/xhr2-cookies/dist/xml-http-request.js:318:1)
      at IncomingMessage.<anonymous> (/home/fabianorodrigo/Projetos/bitbucket/solidity-test/workdir/liquid/node_modules/truffle/build/webpack:/~/xhr2-cookies/dist/xml-http-request.js:289:47)
      at endReadableNT (_stream_readable.js:1125:12)
      at process._tickCallback (internal/process/next_tick.js:63:19)
[0m
[0m  11) Contract: DoubleCurveToken
       Should execute withdraw() WHEN reserveAsset!=0x0000000000000000000000000000000000000000,contributions>0:
[0m[31m     Error: Returned error: VM Exception while processing transaction: revert[0m[90m
      at Object.ErrorResponse (/home/fabianorodrigo/Projetos/bitbucket/solidity-test/workdir/liquid/node_modules/truffle/build/webpack:/~/web3-core-requestmanager/~/web3-core-helpers/src/errors.js:29:1)
      at /home/fabianorodrigo/Projetos/bitbucket/solidity-test/workdir/liquid/node_modules/truffle/build/webpack:/~/web3-core-requestmanager/src/index.js:140:1
      at /home/fabianorodrigo/Projetos/bitbucket/solidity-test/workdir/liquid/node_modules/truffle/build/webpack:/packages/truffle-provider/wrapper.js:112:1
      at XMLHttpRequest.request.onreadystatechange (/home/fabianorodrigo/Projetos/bitbucket/solidity-test/workdir/liquid/node_modules/truffle/build/webpack:/~/web3-providers-http/src/index.js:96:1)
      at XMLHttpRequestEventTarget.dispatchEvent (/home/fabianorodrigo/Projetos/bitbucket/solidity-test/workdir/liquid/node_modules/truffle/build/webpack:/~/xhr2-cookies/dist/xml-http-request-event-target.js:34:1)
      at XMLHttpRequest._setReadyState (/home/fabianorodrigo/Projetos/bitbucket/solidity-test/workdir/liquid/node_modules/truffle/build/webpack:/~/xhr2-cookies/dist/xml-http-request.js:208:1)
      at XMLHttpRequest._onHttpResponseEnd (/home/fabianorodrigo/Projetos/bitbucket/solidity-test/workdir/liquid/node_modules/truffle/build/webpack:/~/xhr2-cookies/dist/xml-http-request.js:318:1)
      at IncomingMessage.<anonymous> (/home/fabianorodrigo/Projetos/bitbucket/solidity-test/workdir/liquid/node_modules/truffle/build/webpack:/~/xhr2-cookies/dist/xml-http-request.js:289:47)
      at endReadableNT (_stream_readable.js:1125:12)
      at process._tickCallback (internal/process/next_tick.js:63:19)
[0m
[0m  12) Contract: DoubleCurveToken
       Should fail withdraw() when NOT comply with: contributions > 0:
[0m[31m     Error: Returned error: VM Exception while processing transaction: revert[0m[90m
      at Object.ErrorResponse (/home/fabianorodrigo/Projetos/bitbucket/solidity-test/workdir/liquid/node_modules/truffle/build/webpack:/~/web3-core-requestmanager/~/web3-core-helpers/src/errors.js:29:1)
      at /home/fabianorodrigo/Projetos/bitbucket/solidity-test/workdir/liquid/node_modules/truffle/build/webpack:/~/web3-core-requestmanager/src/index.js:140:1
      at /home/fabianorodrigo/Projetos/bitbucket/solidity-test/workdir/liquid/node_modules/truffle/build/webpack:/packages/truffle-provider/wrapper.js:112:1
      at XMLHttpRequest.request.onreadystatechange (/home/fabianorodrigo/Projetos/bitbucket/solidity-test/workdir/liquid/node_modules/truffle/build/webpack:/~/web3-providers-http/src/index.js:96:1)
      at XMLHttpRequestEventTarget.dispatchEvent (/home/fabianorodrigo/Projetos/bitbucket/solidity-test/workdir/liquid/node_modules/truffle/build/webpack:/~/xhr2-cookies/dist/xml-http-request-event-target.js:34:1)
      at XMLHttpRequest._setReadyState (/home/fabianorodrigo/Projetos/bitbucket/solidity-test/workdir/liquid/node_modules/truffle/build/webpack:/~/xhr2-cookies/dist/xml-http-request.js:208:1)
      at XMLHttpRequest._onHttpResponseEnd (/home/fabianorodrigo/Projetos/bitbucket/solidity-test/workdir/liquid/node_modules/truffle/build/webpack:/~/xhr2-cookies/dist/xml-http-request.js:318:1)
      at IncomingMessage.<anonymous> (/home/fabianorodrigo/Projetos/bitbucket/solidity-test/workdir/liquid/node_modules/truffle/build/webpack:/~/xhr2-cookies/dist/xml-http-request.js:289:47)
      at endReadableNT (_stream_readable.js:1125:12)
      at process._tickCallback (internal/process/next_tick.js:63:19)
[0m
[0m  13) Contract: DoubleCurveToken
       Should execute buy(uint256,uint256) WHEN msg.value>cost,reserveAsset==0x0000000000000000000000000000000000000000,msg.gasprice<=GasPriceOracle.maxGas,cost<=_maxSpend,msg.sender!=0:
[0m[31m     Error: Returned error: VM Exception while processing transaction: revert Transaction gas price exceeds the oracle max gas. -- Reason given: Transaction gas price exceeds the oracle max gas..[0m[90m
      at Object.ErrorResponse (/home/fabianorodrigo/Projetos/bitbucket/solidity-test/workdir/liquid/node_modules/truffle/build/webpack:/~/web3-core-requestmanager/~/web3-core-helpers/src/errors.js:29:1)
      at /home/fabianorodrigo/Projetos/bitbucket/solidity-test/workdir/liquid/node_modules/truffle/build/webpack:/~/web3-core-requestmanager/src/index.js:140:1
      at /home/fabianorodrigo/Projetos/bitbucket/solidity-test/workdir/liquid/node_modules/truffle/build/webpack:/packages/truffle-provider/wrapper.js:112:1
      at XMLHttpRequest.request.onreadystatechange (/home/fabianorodrigo/Projetos/bitbucket/solidity-test/workdir/liquid/node_modules/truffle/build/webpack:/~/web3-providers-http/src/index.js:96:1)
      at XMLHttpRequestEventTarget.dispatchEvent (/home/fabianorodrigo/Projetos/bitbucket/solidity-test/workdir/liquid/node_modules/truffle/build/webpack:/~/xhr2-cookies/dist/xml-http-request-event-target.js:34:1)
      at XMLHttpRequest._setReadyState (/home/fabianorodrigo/Projetos/bitbucket/solidity-test/workdir/liquid/node_modules/truffle/build/webpack:/~/xhr2-cookies/dist/xml-http-request.js:208:1)
      at XMLHttpRequest._onHttpResponseEnd (/home/fabianorodrigo/Projetos/bitbucket/solidity-test/workdir/liquid/node_modules/truffle/build/webpack:/~/xhr2-cookies/dist/xml-http-request.js:318:1)
      at IncomingMessage.<anonymous> (/home/fabianorodrigo/Projetos/bitbucket/solidity-test/workdir/liquid/node_modules/truffle/build/webpack:/~/xhr2-cookies/dist/xml-http-request.js:289:47)
      at endReadableNT (_stream_readable.js:1125:12)
      at process._tickCallback (internal/process/next_tick.js:63:19)
[0m
[0m  14) Contract: DoubleCurveToken
       Should fail buy(uint256,uint256) when NOT comply with: msg.sender != 0:
[0m[31m     AssertionError: Expected to fail with revert, but failed with: Error: Returned error: from not found; is required[0m[90m
      at fails (/home/fabianorodrigo/.nvm/versions/node/v10.15.3/lib/node_modules/truffle-assertions/index.js:152:13)
      at process._tickCallback (internal/process/next_tick.js:68:7)
[0m
[0m  15) Contract: DoubleCurveToken
       Should fail buy(uint256,uint256) when NOT comply with: msg.sender != 0:
[0m[31m     AssertionError: Expected to fail with revert, but failed with: Error: Returned error: from not found; is required[0m[90m
      at fails (/home/fabianorodrigo/.nvm/versions/node/v10.15.3/lib/node_modules/truffle-assertions/index.js:152:13)
      at process._tickCallback (internal/process/next_tick.js:68:7)
[0m
[0m  16) Contract: DoubleCurveToken
       Should execute buy(uint256,uint256) WHEN reserveAsset!=0x0000000000000000000000000000000000000000,msg.gasprice<=GasPriceOracle.maxGas,cost<=_maxSpend,msg.sender!=0:
[0m[31m     Error: Returned error: VM Exception while processing transaction: revert[0m[90m
      at Object.ErrorResponse (/home/fabianorodrigo/Projetos/bitbucket/solidity-test/workdir/liquid/node_modules/truffle/build/webpack:/~/web3-core-requestmanager/~/web3-core-helpers/src/errors.js:29:1)
      at /home/fabianorodrigo/Projetos/bitbucket/solidity-test/workdir/liquid/node_modules/truffle/build/webpack:/~/web3-core-requestmanager/src/index.js:140:1
      at /home/fabianorodrigo/Projetos/bitbucket/solidity-test/workdir/liquid/node_modules/truffle/build/webpack:/packages/truffle-provider/wrapper.js:112:1
      at XMLHttpRequest.request.onreadystatechange (/home/fabianorodrigo/Projetos/bitbucket/solidity-test/workdir/liquid/node_modules/truffle/build/webpack:/~/web3-providers-http/src/index.js:96:1)
      at XMLHttpRequestEventTarget.dispatchEvent (/home/fabianorodrigo/Projetos/bitbucket/solidity-test/workdir/liquid/node_modules/truffle/build/webpack:/~/xhr2-cookies/dist/xml-http-request-event-target.js:34:1)
      at XMLHttpRequest._setReadyState (/home/fabianorodrigo/Projetos/bitbucket/solidity-test/workdir/liquid/node_modules/truffle/build/webpack:/~/xhr2-cookies/dist/xml-http-request.js:208:1)
      at XMLHttpRequest._onHttpResponseEnd (/home/fabianorodrigo/Projetos/bitbucket/solidity-test/workdir/liquid/node_modules/truffle/build/webpack:/~/xhr2-cookies/dist/xml-http-request.js:318:1)
      at IncomingMessage.<anonymous> (/home/fabianorodrigo/Projetos/bitbucket/solidity-test/workdir/liquid/node_modules/truffle/build/webpack:/~/xhr2-cookies/dist/xml-http-request.js:289:47)
      at endReadableNT (_stream_readable.js:1125:12)
      at process._tickCallback (internal/process/next_tick.js:63:19)
[0m
[0m  17) Contract: DoubleCurveToken
       Should fail buy(uint256,uint256) when NOT comply with: msg.sender != 0:
[0m[31m     AssertionError: Expected to fail with revert, but failed with: Error: Returned error: from not found; is required[0m[90m
      at fails (/home/fabianorodrigo/.nvm/versions/node/v10.15.3/lib/node_modules/truffle-assertions/index.js:152:13)
      at process._tickCallback (internal/process/next_tick.js:68:7)
[0m
[0m  18) Contract: DoubleCurveToken
       Should execute sell(uint256,uint256) WHEN reserveAsset==0x0000000000000000000000000000000000000000,msg.gasprice<=GasPriceOracle.maxGas,amountReturned>=_minReturn,msg.sender!=0,_tokens<=_balances:
[0m[31m     Error: Returned error: VM Exception while processing transaction: revert[0m[90m
      at Object.ErrorResponse (/home/fabianorodrigo/Projetos/bitbucket/solidity-test/workdir/liquid/node_modules/truffle/build/webpack:/~/web3-core-requestmanager/~/web3-core-helpers/src/errors.js:29:1)
      at /home/fabianorodrigo/Projetos/bitbucket/solidity-test/workdir/liquid/node_modules/truffle/build/webpack:/~/web3-core-requestmanager/src/index.js:140:1
      at /home/fabianorodrigo/Projetos/bitbucket/solidity-test/workdir/liquid/node_modules/truffle/build/webpack:/packages/truffle-provider/wrapper.js:112:1
      at XMLHttpRequest.request.onreadystatechange (/home/fabianorodrigo/Projetos/bitbucket/solidity-test/workdir/liquid/node_modules/truffle/build/webpack:/~/web3-providers-http/src/index.js:96:1)
      at XMLHttpRequestEventTarget.dispatchEvent (/home/fabianorodrigo/Projetos/bitbucket/solidity-test/workdir/liquid/node_modules/truffle/build/webpack:/~/xhr2-cookies/dist/xml-http-request-event-target.js:34:1)
      at XMLHttpRequest._setReadyState (/home/fabianorodrigo/Projetos/bitbucket/solidity-test/workdir/liquid/node_modules/truffle/build/webpack:/~/xhr2-cookies/dist/xml-http-request.js:208:1)
      at XMLHttpRequest._onHttpResponseEnd (/home/fabianorodrigo/Projetos/bitbucket/solidity-test/workdir/liquid/node_modules/truffle/build/webpack:/~/xhr2-cookies/dist/xml-http-request.js:318:1)
      at IncomingMessage.<anonymous> (/home/fabianorodrigo/Projetos/bitbucket/solidity-test/workdir/liquid/node_modules/truffle/build/webpack:/~/xhr2-cookies/dist/xml-http-request.js:289:47)
      at endReadableNT (_stream_readable.js:1125:12)
      at process._tickCallback (internal/process/next_tick.js:63:19)
[0m
[0m  19) Contract: DoubleCurveToken
       Should fail sell(uint256,uint256) when NOT comply with: msg.sender != 0:
[0m[31m     AssertionError: Expected to fail with revert, but failed with: Error: Returned error: from not found; is required[0m[90m
      at fails (/home/fabianorodrigo/.nvm/versions/node/v10.15.3/lib/node_modules/truffle-assertions/index.js:152:13)
      at process._tickCallback (internal/process/next_tick.js:68:7)
[0m
[0m  20) Contract: DoubleCurveToken
       Should execute sell(uint256,uint256) WHEN reserveAsset!=0x0000000000000000000000000000000000000000,msg.gasprice<=GasPriceOracle.maxGas,amountReturned>=_minReturn,msg.sender!=0,_tokens<=_balances:
[0m[31m     Error: Returned error: VM Exception while processing transaction: revert[0m[90m
      at Object.ErrorResponse (/home/fabianorodrigo/Projetos/bitbucket/solidity-test/workdir/liquid/node_modules/truffle/build/webpack:/~/web3-core-requestmanager/~/web3-core-helpers/src/errors.js:29:1)
      at /home/fabianorodrigo/Projetos/bitbucket/solidity-test/workdir/liquid/node_modules/truffle/build/webpack:/~/web3-core-requestmanager/src/index.js:140:1
      at /home/fabianorodrigo/Projetos/bitbucket/solidity-test/workdir/liquid/node_modules/truffle/build/webpack:/packages/truffle-provider/wrapper.js:112:1
      at XMLHttpRequest.request.onreadystatechange (/home/fabianorodrigo/Projetos/bitbucket/solidity-test/workdir/liquid/node_modules/truffle/build/webpack:/~/web3-providers-http/src/index.js:96:1)
      at XMLHttpRequestEventTarget.dispatchEvent (/home/fabianorodrigo/Projetos/bitbucket/solidity-test/workdir/liquid/node_modules/truffle/build/webpack:/~/xhr2-cookies/dist/xml-http-request-event-target.js:34:1)
      at XMLHttpRequest._setReadyState (/home/fabianorodrigo/Projetos/bitbucket/solidity-test/workdir/liquid/node_modules/truffle/build/webpack:/~/xhr2-cookies/dist/xml-http-request.js:208:1)
      at XMLHttpRequest._onHttpResponseEnd (/home/fabianorodrigo/Projetos/bitbucket/solidity-test/workdir/liquid/node_modules/truffle/build/webpack:/~/xhr2-cookies/dist/xml-http-request.js:318:1)
      at IncomingMessage.<anonymous> (/home/fabianorodrigo/Projetos/bitbucket/solidity-test/workdir/liquid/node_modules/truffle/build/webpack:/~/xhr2-cookies/dist/xml-http-request.js:289:47)
      at endReadableNT (_stream_readable.js:1125:12)
      at process._tickCallback (internal/process/next_tick.js:63:19)
[0m
[0m  21) Contract: DoubleCurveToken
       Should fail sell(uint256,uint256) when NOT comply with: msg.sender != 0:
[0m[31m     AssertionError: Expected to fail with revert, but failed with: Error: Returned error: from not found; is required[0m[90m
      at fails (/home/fabianorodrigo/.nvm/versions/node/v10.15.3/lib/node_modules/truffle-assertions/index.js:152:13)
      at process._tickCallback (internal/process/next_tick.js:68:7)
[0m
[0m  22) Contract: DoubleCurveToken
       Should execute priceToBuy(uint256):
[0m[31m     Error: Returned error: VM Exception while processing transaction: revert[0m[90m
      at Object.ErrorResponse (/home/fabianorodrigo/Projetos/bitbucket/solidity-test/workdir/liquid/node_modules/truffle/build/webpack:/~/web3-core-requestmanager/~/web3-core-helpers/src/errors.js:29:1)
      at /home/fabianorodrigo/Projetos/bitbucket/solidity-test/workdir/liquid/node_modules/truffle/build/webpack:/~/web3-core-requestmanager/src/index.js:140:1
      at /home/fabianorodrigo/Projetos/bitbucket/solidity-test/workdir/liquid/node_modules/truffle/build/webpack:/packages/truffle-provider/wrapper.js:112:1
      at XMLHttpRequest.request.onreadystatechange (/home/fabianorodrigo/Projetos/bitbucket/solidity-test/workdir/liquid/node_modules/truffle/build/webpack:/~/web3-providers-http/src/index.js:96:1)
      at XMLHttpRequestEventTarget.dispatchEvent (/home/fabianorodrigo/Projetos/bitbucket/solidity-test/workdir/liquid/node_modules/truffle/build/webpack:/~/xhr2-cookies/dist/xml-http-request-event-target.js:34:1)
      at XMLHttpRequest._setReadyState (/home/fabianorodrigo/Projetos/bitbucket/solidity-test/workdir/liquid/node_modules/truffle/build/webpack:/~/xhr2-cookies/dist/xml-http-request.js:208:1)
      at XMLHttpRequest._onHttpResponseEnd (/home/fabianorodrigo/Projetos/bitbucket/solidity-test/workdir/liquid/node_modules/truffle/build/webpack:/~/xhr2-cookies/dist/xml-http-request.js:318:1)
      at IncomingMessage.<anonymous> (/home/fabianorodrigo/Projetos/bitbucket/solidity-test/workdir/liquid/node_modules/truffle/build/webpack:/~/xhr2-cookies/dist/xml-http-request.js:289:47)
      at endReadableNT (_stream_readable.js:1125:12)
      at process._tickCallback (internal/process/next_tick.js:63:19)
[0m
[0m  23) Contract: DoubleCurveToken
       Should execute returnForSell(uint256):
[0m[31m     Error: Returned error: VM Exception while processing transaction: revert[0m[90m
      at Object.ErrorResponse (/home/fabianorodrigo/Projetos/bitbucket/solidity-test/workdir/liquid/node_modules/truffle/build/webpack:/~/web3-core-requestmanager/~/web3-core-helpers/src/errors.js:29:1)
      at /home/fabianorodrigo/Projetos/bitbucket/solidity-test/workdir/liquid/node_modules/truffle/build/webpack:/~/web3-core-requestmanager/src/index.js:140:1
      at /home/fabianorodrigo/Projetos/bitbucket/solidity-test/workdir/liquid/node_modules/truffle/build/webpack:/packages/truffle-provider/wrapper.js:112:1
      at XMLHttpRequest.request.onreadystatechange (/home/fabianorodrigo/Projetos/bitbucket/solidity-test/workdir/liquid/node_modules/truffle/build/webpack:/~/web3-providers-http/src/index.js:96:1)
      at XMLHttpRequestEventTarget.dispatchEvent (/home/fabianorodrigo/Projetos/bitbucket/solidity-test/workdir/liquid/node_modules/truffle/build/webpack:/~/xhr2-cookies/dist/xml-http-request-event-target.js:34:1)
      at XMLHttpRequest._setReadyState (/home/fabianorodrigo/Projetos/bitbucket/solidity-test/workdir/liquid/node_modules/truffle/build/webpack:/~/xhr2-cookies/dist/xml-http-request.js:208:1)
      at XMLHttpRequest._onHttpResponseEnd (/home/fabianorodrigo/Projetos/bitbucket/solidity-test/workdir/liquid/node_modules/truffle/build/webpack:/~/xhr2-cookies/dist/xml-http-request.js:318:1)
      at IncomingMessage.<anonymous> (/home/fabianorodrigo/Projetos/bitbucket/solidity-test/workdir/liquid/node_modules/truffle/build/webpack:/~/xhr2-cookies/dist/xml-http-request.js:289:47)
      at endReadableNT (_stream_readable.js:1125:12)
      at process._tickCallback (internal/process/next_tick.js:63:19)
[0m
[0m  24) Contract: DoubleCurveToken
       Should execute marketCap() WHEN NumberLiteral ** NumberLiteral>0:
[0m[31m     Error: Returned error: VM Exception while processing transaction: revert[0m[90m
      at Object.ErrorResponse (/home/fabianorodrigo/Projetos/bitbucket/solidity-test/workdir/liquid/node_modules/truffle/build/webpack:/~/web3-core-requestmanager/~/web3-core-helpers/src/errors.js:29:1)
      at /home/fabianorodrigo/Projetos/bitbucket/solidity-test/workdir/liquid/node_modules/truffle/build/webpack:/~/web3-core-requestmanager/src/index.js:140:1
      at /home/fabianorodrigo/Projetos/bitbucket/solidity-test/workdir/liquid/node_modules/truffle/build/webpack:/packages/truffle-provider/wrapper.js:112:1
      at XMLHttpRequest.request.onreadystatechange (/home/fabianorodrigo/Projetos/bitbucket/solidity-test/workdir/liquid/node_modules/truffle/build/webpack:/~/web3-providers-http/src/index.js:96:1)
      at XMLHttpRequestEventTarget.dispatchEvent (/home/fabianorodrigo/Projetos/bitbucket/solidity-test/workdir/liquid/node_modules/truffle/build/webpack:/~/xhr2-cookies/dist/xml-http-request-event-target.js:34:1)
      at XMLHttpRequest._setReadyState (/home/fabianorodrigo/Projetos/bitbucket/solidity-test/workdir/liquid/node_modules/truffle/build/webpack:/~/xhr2-cookies/dist/xml-http-request.js:208:1)
      at XMLHttpRequest._onHttpResponseEnd (/home/fabianorodrigo/Projetos/bitbucket/solidity-test/workdir/liquid/node_modules/truffle/build/webpack:/~/xhr2-cookies/dist/xml-http-request.js:318:1)
      at IncomingMessage.<anonymous> (/home/fabianorodrigo/Projetos/bitbucket/solidity-test/workdir/liquid/node_modules/truffle/build/webpack:/~/xhr2-cookies/dist/xml-http-request.js:289:47)
      at endReadableNT (_stream_readable.js:1125:12)
      at process._tickCallback (internal/process/next_tick.js:63:19)
[0m


------------------------|----------|----------|----------|----------|----------------|
File                    |  % Stmts | % Branch |  % Funcs |  % Lines |Uncovered Lines |
------------------------|----------|----------|----------|----------|----------------|
 contracts/             |       75 |    53.13 |     93.1 |    73.56 |                |
  Account.sol           |    88.24 |    66.67 |      100 |    88.89 |         85,121 |
  ConvergentBeta.sol    |    64.29 |       50 |    66.67 |       60 |... 1,85,88,102 |
  DoubleCurveToken.sol  |    71.43 |       50 |      100 |       70 |... 136,138,141 |
  GasPriceOracle.sol    |      100 |      100 |      100 |      100 |                |
 contracts/Test/        |      100 |      100 |      100 |      100 |                |
  MockERC20.sol         |      100 |      100 |      100 |      100 |                |
 contracts/proxy4tests/ |      100 |      100 |      100 |      100 |                |
  DoubleCurveToken.sol  |      100 |      100 |      100 |      100 |                |
------------------------|----------|----------|----------|----------|----------------|
All files               |    75.86 |    53.13 |    93.75 |    74.44 |                |
------------------------|----------|----------|----------|----------|----------------|

Istanbul coverage reports generated
Cleaning up...
Shutting down testrpc-sc (pid 6363)
Some truffle tests failed while running coverage
