{"contracts/ERC721Mintable.sol":{"l":{"15":4,"19":1125,"20":1125,"24":958,"25":950,"31":5,"33":3,"34":3,"36":3,"48":942,"50":942,"51":0,"53":942,"57":940,"61":0,"62":0,"65":0,"66":0,"90":940,"97":1,"104":3184,"105":3184,"144":940,"150":2,"155":14,"162":3,"167":3,"172":1,"175":1,"180":14,"181":0,"191":3,"192":1,"193":1,"203":3,"207":12,"209":0,"213":4,"217":8,"218":0,"227":26,"228":26,"239":13,"240":13,"248":9,"251":9,"252":3,"255":3,"256":3,"259":3,"267":8,"271":0,"274":0,"277":0,"278":0,"279":0,"282":0,"297":2,"298":2,"301":0,"302":0,"307":0,"308":0,"339":747,"349":1,"350":0,"358":2,"368":1,"369":0,"380":4,"382":0,"384":0,"394":6,"396":2,"398":2,"407":1,"416":2,"417":2,"425":2,"426":2,"441":0,"442":0,"445":0,"446":0,"448":0,"449":0,"453":0,"468":0,"469":0,"474":0,"476":0,"477":0,"480":0,"481":0,"505":557,"506":557,"507":557,"509":557,"514":1,"518":1,"522":1,"526":1,"527":0,"537":1,"538":1,"557":3,"558":1,"559":1},"path":"/home/fabianorodrigo/Projetos/bitbucket/solidity-test/workdir/real-estate-marketplace/contracts/ERC721Mintable.sol","s":{"1":4,"2":1125,"3":1125,"4":958,"5":5,"6":3,"7":3,"8":3,"9":942,"10":942,"11":0,"12":942,"13":940,"14":0,"15":0,"16":940,"17":1,"18":3184,"19":3184,"20":940,"21":2,"22":14,"23":3,"24":3,"25":1,"26":1,"27":14,"28":0,"29":3,"30":1,"31":1,"32":3,"33":12,"34":0,"35":4,"36":8,"37":0,"38":26,"39":26,"40":13,"41":13,"42":9,"43":9,"44":3,"45":3,"46":3,"47":3,"48":8,"49":0,"50":0,"51":0,"52":0,"53":0,"54":0,"55":2,"56":2,"57":0,"58":0,"59":0,"60":0,"61":747,"62":1,"63":0,"64":2,"65":1,"66":0,"67":4,"68":0,"69":0,"70":6,"71":2,"72":2,"73":1,"74":2,"75":2,"76":2,"77":2,"78":0,"79":0,"80":0,"81":0,"82":0,"83":0,"84":0,"85":0,"86":0,"87":0,"88":0,"89":0,"90":557,"91":557,"92":557,"93":557,"94":1,"95":1,"96":1,"97":1,"98":0,"99":1,"100":1,"101":3,"102":1,"103":1},"b":{"1":[950,8],"2":[3,2],"3":[0,942],"4":[0,0],"5":[0,0],"6":[3184,0],"7":[3,0],"8":[1,2],"9":[0,14],"10":[1,2],"11":[0,12],"12":[0,0],"13":[9,0],"14":[3,6],"15":[3,0],"16":[0,8],"17":[0,0],"18":[2,0],"19":[0,0],"20":[0,1],"21":[0,1],"22":[0,0],"23":[0,1],"24":[1,0]},"f":{"1":4,"2":1125,"3":958,"4":5,"5":942,"6":940,"7":0,"8":0,"9":940,"10":1,"11":3184,"12":940,"13":2,"14":14,"15":3,"16":14,"17":3,"18":3,"19":12,"20":4,"21":8,"22":26,"23":13,"24":9,"25":8,"26":2,"27":0,"28":747,"29":1,"30":2,"31":1,"32":4,"33":6,"34":1,"35":2,"36":2,"37":0,"38":0,"39":557,"40":1,"41":1,"42":1,"43":1,"44":1,"45":372,"46":3},"fnMap":{"1":{"name":"getOwner","line":14,"loc":{"start":{"line":14,"column":4},"end":{"line":14,"column":51}}},"2":{"name":"constructor","line":18,"loc":{"start":{"line":18,"column":4},"end":{"line":18,"column":22}}},"3":{"name":"onlyOwner","line":23,"loc":{"start":{"line":23,"column":4},"end":{"line":23,"column":22}}},"4":{"name":"transferOwnership","line":28,"loc":{"start":{"line":28,"column":4},"end":{"line":28,"column":63}}},"5":{"name":"setPaused","line":47,"loc":{"start":{"line":47,"column":4},"end":{"line":47,"column":50}}},"6":{"name":"constructor","line":56,"loc":{"start":{"line":56,"column":4},"end":{"line":56,"column":24}}},"7":{"name":"whenNotPaused","line":60,"loc":{"start":{"line":60,"column":4},"end":{"line":60,"column":26}}},"8":{"name":"paused","line":64,"loc":{"start":{"line":64,"column":4},"end":{"line":64,"column":19}}},"9":{"name":"constructor","line":89,"loc":{"start":{"line":89,"column":4},"end":{"line":89,"column":25}}},"10":{"name":"supportsInterface","line":96,"loc":{"start":{"line":96,"column":4},"end":{"line":96,"column":77}}},"11":{"name":"_registerInterface","line":103,"loc":{"start":{"line":103,"column":4},"end":{"line":103,"column":58}}},"12":{"name":"constructor","line":142,"loc":{"start":{"line":142,"column":4},"end":{"line":142,"column":23}}},"13":{"name":"balanceOf","line":147,"loc":{"start":{"line":147,"column":4},"end":{"line":147,"column":65}}},"14":{"name":"ownerOf","line":153,"loc":{"start":{"line":153,"column":4},"end":{"line":153,"column":65}}},"15":{"name":"approve","line":159,"loc":{"start":{"line":159,"column":4},"end":{"line":159,"column":54}}},"16":{"name":"getApproved","line":178,"loc":{"start":{"line":178,"column":4},"end":{"line":178,"column":69}}},"17":{"name":"setApprovalForAll","line":190,"loc":{"start":{"line":190,"column":4},"end":{"line":190,"column":62}}},"18":{"name":"isApprovedForAll","line":202,"loc":{"start":{"line":202,"column":4},"end":{"line":202,"column":87}}},"19":{"name":"transferFrom","line":206,"loc":{"start":{"line":206,"column":4},"end":{"line":206,"column":73}}},"20":{"name":"safeTransferFrom","line":212,"loc":{"start":{"line":212,"column":4},"end":{"line":212,"column":77}}},"21":{"name":"safeTransferFrom","line":216,"loc":{"start":{"line":216,"column":4},"end":{"line":216,"column":97}}},"22":{"name":"_exists","line":226,"loc":{"start":{"line":226,"column":4},"end":{"line":226,"column":64}}},"23":{"name":"_isApprovedOrOwner","line":238,"loc":{"start":{"line":238,"column":4},"end":{"line":238,"column":92}}},"24":{"name":"_mint","line":245,"loc":{"start":{"line":245,"column":4},"end":{"line":245,"column":54}}},"25":{"name":"_transferFrom","line":264,"loc":{"start":{"line":264,"column":4},"end":{"line":264,"column":76}}},"26":{"name":"_checkOnERC721Received","line":294,"loc":{"start":{"line":294,"column":4},"end":{"line":296,"column":5}}},"27":{"name":"_clearApproval","line":306,"loc":{"start":{"line":306,"column":4},"end":{"line":306,"column":50}}},"28":{"name":"constructor","line":337,"loc":{"start":{"line":337,"column":4},"end":{"line":337,"column":23}}},"29":{"name":"tokenOfOwnerByIndex","line":348,"loc":{"start":{"line":348,"column":4},"end":{"line":348,"column":90}}},"30":{"name":"totalSupply","line":357,"loc":{"start":{"line":357,"column":4},"end":{"line":357,"column":54}}},"31":{"name":"tokenByIndex","line":367,"loc":{"start":{"line":367,"column":4},"end":{"line":367,"column":68}}},"32":{"name":"_transferFrom","line":379,"loc":{"start":{"line":379,"column":4},"end":{"line":379,"column":76}}},"33":{"name":"_mint","line":393,"loc":{"start":{"line":393,"column":4},"end":{"line":393,"column":54}}},"34":{"name":"_tokensOfOwner","line":406,"loc":{"start":{"line":406,"column":4},"end":{"line":406,"column":82}}},"35":{"name":"_addTokenToOwnerEnumeration","line":415,"loc":{"start":{"line":415,"column":4},"end":{"line":415,"column":75}}},"36":{"name":"_addTokenToAllTokensEnumeration","line":424,"loc":{"start":{"line":424,"column":4},"end":{"line":424,"column":67}}},"37":{"name":"_removeTokenFromOwnerEnumeration","line":437,"loc":{"start":{"line":437,"column":4},"end":{"line":437,"column":82}}},"38":{"name":"_removeTokenFromAllTokensEnumeration","line":464,"loc":{"start":{"line":464,"column":4},"end":{"line":464,"column":72}}},"39":{"name":"constructor","line":503,"loc":{"start":{"line":503,"column":4},"end":{"line":503,"column":91}}},"40":{"name":"getName","line":513,"loc":{"start":{"line":513,"column":4},"end":{"line":513,"column":58}}},"41":{"name":"getSymbol","line":517,"loc":{"start":{"line":517,"column":4},"end":{"line":517,"column":60}}},"42":{"name":"getBaseTokenURI","line":521,"loc":{"start":{"line":521,"column":4},"end":{"line":521,"column":66}}},"43":{"name":"tokenURI","line":525,"loc":{"start":{"line":525,"column":4},"end":{"line":525,"column":74}}},"44":{"name":"setTokenURI","line":536,"loc":{"start":{"line":536,"column":4},"end":{"line":536,"column":48}}},"45":{"name":"constructor","line":549,"loc":{"start":{"line":549,"column":4},"end":{"line":549,"column":106}}},"46":{"name":"mint","line":556,"loc":{"start":{"line":556,"column":4},"end":{"line":556,"column":76}}}},"statementMap":{"1":{"start":{"line":15,"column":8},"end":{"line":15,"column":21}},"2":{"start":{"line":19,"column":8},"end":{"line":19,"column":26}},"3":{"start":{"line":20,"column":8},"end":{"line":20,"column":53}},"4":{"start":{"line":24,"column":8},"end":{"line":24,"column":63}},"5":{"start":{"line":31,"column":8},"end":{"line":31,"column":71}},"6":{"start":{"line":33,"column":8},"end":{"line":33,"column":38}},"7":{"start":{"line":34,"column":8},"end":{"line":34,"column":24}},"8":{"start":{"line":36,"column":8},"end":{"line":36,"column":58}},"9":{"start":{"line":48,"column":8},"end":{"line":48,"column":23}},"10":{"start":{"line":50,"column":8},"end":{"line":50,"column":2016}},"11":{"start":{"line":51,"column":12},"end":{"line":51,"column":35}},"12":{"start":{"line":53,"column":12},"end":{"line":53,"column":37}},"13":{"start":{"line":57,"column":8},"end":{"line":57,"column":23}},"14":{"start":{"line":61,"column":8},"end":{"line":61,"column":67}},"15":{"start":{"line":65,"column":8},"end":{"line":65,"column":62}},"16":{"start":{"line":90,"column":8},"end":{"line":90,"column":47}},"17":{"start":{"line":97,"column":8},"end":{"line":97,"column":48}},"18":{"start":{"line":104,"column":8},"end":{"line":104,"column":41}},"19":{"start":{"line":105,"column":8},"end":{"line":105,"column":47}},"20":{"start":{"line":144,"column":8},"end":{"line":144,"column":47}},"21":{"start":{"line":150,"column":8},"end":{"line":150,"column":49}},"22":{"start":{"line":155,"column":8},"end":{"line":155,"column":35}},"23":{"start":{"line":162,"column":8},"end":{"line":162,"column":6151}},"24":{"start":{"line":167,"column":8},"end":{"line":167,"column":6376}},"25":{"start":{"line":172,"column":8},"end":{"line":172,"column":36}},"26":{"start":{"line":175,"column":8},"end":{"line":175,"column":56}},"27":{"start":{"line":180,"column":8},"end":{"line":180,"column":57}},"28":{"start":{"line":181,"column":8},"end":{"line":181,"column":39}},"29":{"start":{"line":191,"column":8},"end":{"line":191,"column":32}},"30":{"start":{"line":192,"column":8},"end":{"line":192,"column":52}},"31":{"start":{"line":193,"column":8},"end":{"line":193,"column":53}},"32":{"start":{"line":203,"column":8},"end":{"line":203,"column":50}},"33":{"start":{"line":207,"column":8},"end":{"line":207,"column":55}},"34":{"start":{"line":209,"column":8},"end":{"line":209,"column":39}},"35":{"start":{"line":213,"column":8},"end":{"line":213,"column":46}},"36":{"start":{"line":217,"column":8},"end":{"line":217,"column":38}},"37":{"start":{"line":218,"column":8},"end":{"line":218,"column":64}},"38":{"start":{"line":227,"column":8},"end":{"line":227,"column":44}},"39":{"start":{"line":228,"column":8},"end":{"line":228,"column":34}},"40":{"start":{"line":239,"column":8},"end":{"line":239,"column":40}},"41":{"start":{"line":240,"column":8},"end":{"line":240,"column":104}},"42":{"start":{"line":248,"column":8},"end":{"line":248,"column":9723}},"43":{"start":{"line":251,"column":8},"end":{"line":251,"column":65}},"44":{"start":{"line":252,"column":8},"end":{"line":252,"column":73}},"45":{"start":{"line":255,"column":8},"end":{"line":255,"column":32}},"46":{"start":{"line":256,"column":8},"end":{"line":256,"column":40}},"47":{"start":{"line":259,"column":8},"end":{"line":259,"column":46}},"48":{"start":{"line":267,"column":8},"end":{"line":267,"column":10598}},"49":{"start":{"line":271,"column":8},"end":{"line":271,"column":74}},"50":{"start":{"line":274,"column":8},"end":{"line":274,"column":30}},"51":{"start":{"line":277,"column":8},"end":{"line":277,"column":42}},"52":{"start":{"line":278,"column":8},"end":{"line":278,"column":40}},"53":{"start":{"line":279,"column":8},"end":{"line":279,"column":32}},"54":{"start":{"line":282,"column":8},"end":{"line":282,"column":40}},"55":{"start":{"line":297,"column":8},"end":{"line":297,"column":11790}},"56":{"start":{"line":298,"column":12},"end":{"line":298,"column":23}},"57":{"start":{"line":301,"column":8},"end":{"line":301,"column":94}},"58":{"start":{"line":302,"column":8},"end":{"line":302,"column":43}},"59":{"start":{"line":307,"column":8},"end":{"line":307,"column":12136}},"60":{"start":{"line":308,"column":12},"end":{"line":308,"column":48}},"61":{"start":{"line":339,"column":8},"end":{"line":339,"column":58}},"62":{"start":{"line":349,"column":8},"end":{"line":349,"column":40}},"63":{"start":{"line":350,"column":8},"end":{"line":350,"column":41}},"64":{"start":{"line":358,"column":8},"end":{"line":358,"column":32}},"65":{"start":{"line":368,"column":8},"end":{"line":368,"column":37}},"66":{"start":{"line":369,"column":8},"end":{"line":369,"column":32}},"67":{"start":{"line":380,"column":8},"end":{"line":380,"column":45}},"68":{"start":{"line":382,"column":8},"end":{"line":382,"column":54}},"69":{"start":{"line":384,"column":8},"end":{"line":384,"column":47}},"70":{"start":{"line":394,"column":8},"end":{"line":394,"column":31}},"71":{"start":{"line":396,"column":8},"end":{"line":396,"column":47}},"72":{"start":{"line":398,"column":8},"end":{"line":398,"column":47}},"73":{"start":{"line":407,"column":8},"end":{"line":407,"column":34}},"74":{"start":{"line":416,"column":8},"end":{"line":416,"column":59}},"75":{"start":{"line":417,"column":8},"end":{"line":417,"column":37}},"76":{"start":{"line":425,"column":8},"end":{"line":425,"column":51}},"77":{"start":{"line":426,"column":8},"end":{"line":426,"column":31}},"78":{"start":{"line":441,"column":8},"end":{"line":441,"column":65}},"79":{"start":{"line":442,"column":8},"end":{"line":442,"column":55}},"80":{"start":{"line":445,"column":8},"end":{"line":445,"column":17859}},"81":{"start":{"line":446,"column":12},"end":{"line":446,"column":68}},"82":{"start":{"line":448,"column":12},"end":{"line":448,"column":55}},"83":{"start":{"line":449,"column":12},"end":{"line":449,"column":54}},"84":{"start":{"line":468,"column":8},"end":{"line":468,"column":57}},"85":{"start":{"line":469,"column":8},"end":{"line":469,"column":53}},"86":{"start":{"line":474,"column":8},"end":{"line":474,"column":56}},"87":{"start":{"line":476,"column":8},"end":{"line":476,"column":43}},"88":{"start":{"line":477,"column":8},"end":{"line":477,"column":48}},"89":{"start":{"line":481,"column":8},"end":{"line":481,"column":35}},"90":{"start":{"line":505,"column":8},"end":{"line":505,"column":19}},"91":{"start":{"line":506,"column":8},"end":{"line":506,"column":23}},"92":{"start":{"line":507,"column":8},"end":{"line":507,"column":35}},"93":{"start":{"line":509,"column":8},"end":{"line":509,"column":56}},"94":{"start":{"line":514,"column":8},"end":{"line":514,"column":20}},"95":{"start":{"line":518,"column":8},"end":{"line":518,"column":22}},"96":{"start":{"line":522,"column":8},"end":{"line":522,"column":28}},"97":{"start":{"line":526,"column":8},"end":{"line":526,"column":32}},"98":{"start":{"line":527,"column":8},"end":{"line":527,"column":34}},"99":{"start":{"line":537,"column":8},"end":{"line":537,"column":57}},"100":{"start":{"line":538,"column":8},"end":{"line":538,"column":72}},"101":{"start":{"line":557,"column":8},"end":{"line":557,"column":25}},"102":{"start":{"line":558,"column":8},"end":{"line":558,"column":27}},"103":{"start":{"line":559,"column":8},"end":{"line":559,"column":19}}},"branchMap":{"1":{"line":24,"type":"if","locations":[{"start":{"line":24,"column":8},"end":{"line":24,"column":8}},{"start":{"line":24,"column":8},"end":{"line":24,"column":8}}]},"2":{"line":31,"type":"if","locations":[{"start":{"line":31,"column":8},"end":{"line":31,"column":8}},{"start":{"line":31,"column":8},"end":{"line":31,"column":8}}]},"3":{"line":50,"type":"if","locations":[{"start":{"line":50,"column":8},"end":{"line":50,"column":8}},{"start":{"line":50,"column":8},"end":{"line":50,"column":8}}]},"4":{"line":61,"type":"if","locations":[{"start":{"line":61,"column":8},"end":{"line":61,"column":8}},{"start":{"line":61,"column":8},"end":{"line":61,"column":8}}]},"5":{"line":65,"type":"if","locations":[{"start":{"line":65,"column":8},"end":{"line":65,"column":8}},{"start":{"line":65,"column":8},"end":{"line":65,"column":8}}]},"6":{"line":104,"type":"if","locations":[{"start":{"line":104,"column":8},"end":{"line":104,"column":8}},{"start":{"line":104,"column":8},"end":{"line":104,"column":8}}]},"7":{"line":162,"type":"if","locations":[{"start":{"line":162,"column":8},"end":{"line":162,"column":8}},{"start":{"line":162,"column":8},"end":{"line":162,"column":8}}]},"8":{"line":167,"type":"if","locations":[{"start":{"line":167,"column":8},"end":{"line":167,"column":8}},{"start":{"line":167,"column":8},"end":{"line":167,"column":8}}]},"9":{"line":180,"type":"if","locations":[{"start":{"line":180,"column":8},"end":{"line":180,"column":8}},{"start":{"line":180,"column":8},"end":{"line":180,"column":8}}]},"10":{"line":191,"type":"if","locations":[{"start":{"line":191,"column":8},"end":{"line":191,"column":8}},{"start":{"line":191,"column":8},"end":{"line":191,"column":8}}]},"11":{"line":207,"type":"if","locations":[{"start":{"line":207,"column":8},"end":{"line":207,"column":8}},{"start":{"line":207,"column":8},"end":{"line":207,"column":8}}]},"12":{"line":218,"type":"if","locations":[{"start":{"line":218,"column":8},"end":{"line":218,"column":8}},{"start":{"line":218,"column":8},"end":{"line":218,"column":8}}]},"13":{"line":248,"type":"if","locations":[{"start":{"line":248,"column":8},"end":{"line":248,"column":8}},{"start":{"line":248,"column":8},"end":{"line":248,"column":8}}]},"14":{"line":251,"type":"if","locations":[{"start":{"line":251,"column":8},"end":{"line":251,"column":8}},{"start":{"line":251,"column":8},"end":{"line":251,"column":8}}]},"15":{"line":252,"type":"if","locations":[{"start":{"line":252,"column":8},"end":{"line":252,"column":8}},{"start":{"line":252,"column":8},"end":{"line":252,"column":8}}]},"16":{"line":267,"type":"if","locations":[{"start":{"line":267,"column":8},"end":{"line":267,"column":8}},{"start":{"line":267,"column":8},"end":{"line":267,"column":8}}]},"17":{"line":271,"type":"if","locations":[{"start":{"line":271,"column":8},"end":{"line":271,"column":8}},{"start":{"line":271,"column":8},"end":{"line":271,"column":8}}]},"18":{"line":297,"type":"if","locations":[{"start":{"line":297,"column":8},"end":{"line":297,"column":8}},{"start":{"line":297,"column":8},"end":{"line":297,"column":8}}]},"19":{"line":307,"type":"if","locations":[{"start":{"line":307,"column":8},"end":{"line":307,"column":8}},{"start":{"line":307,"column":8},"end":{"line":307,"column":8}}]},"20":{"line":349,"type":"if","locations":[{"start":{"line":349,"column":8},"end":{"line":349,"column":8}},{"start":{"line":349,"column":8},"end":{"line":349,"column":8}}]},"21":{"line":368,"type":"if","locations":[{"start":{"line":368,"column":8},"end":{"line":368,"column":8}},{"start":{"line":368,"column":8},"end":{"line":368,"column":8}}]},"22":{"line":445,"type":"if","locations":[{"start":{"line":445,"column":8},"end":{"line":445,"column":8}},{"start":{"line":445,"column":8},"end":{"line":445,"column":8}}]},"23":{"line":526,"type":"if","locations":[{"start":{"line":526,"column":8},"end":{"line":526,"column":8}},{"start":{"line":526,"column":8},"end":{"line":526,"column":8}}]},"24":{"line":537,"type":"if","locations":[{"start":{"line":537,"column":8},"end":{"line":537,"column":8}},{"start":{"line":537,"column":8},"end":{"line":537,"column":8}}]}}},"contracts/Oraclize.sol":{"l":{"91":7,"92":7,"93":4,"95":7,"96":7,"105":4,"106":4,"107":2,"111":2,"112":0,"114":2,"125":14,"126":2,"128":12,"129":12,"130":12,"131":12,"138":12,"139":4,"142":4,"143":4,"145":12,"146":12,"151":12,"163":22,"164":2,"166":22,"184":3,"185":0,"187":3,"188":3,"195":3,"212":14,"213":12,"215":2,"216":2,"218":0,"219":0,"221":0,"222":0,"224":0,"225":0,"230":7,"234":1,"238":2,"239":1,"241":1,"246":2,"247":2,"251":9,"252":9,"256":3,"260":1,"264":3,"301":124,"302":124,"304":124,"305":0,"307":0,"312":0,"313":0,"314":0,"315":0,"319":125,"320":0,"324":1,"328":1,"332":126,"333":0,"334":0,"335":0,"337":126,"338":0,"339":0,"340":0,"342":126,"343":0,"344":0,"345":0,"347":126,"348":0,"349":0,"350":0,"352":126,"353":0,"354":0,"356":126,"357":0,"358":0,"360":126,"361":0,"362":0,"364":126,"368":1,"372":2,"377":0,"381":0,"385":0,"386":0,"387":0,"389":0,"393":0,"394":0,"395":0,"397":0,"401":0,"402":0,"403":0,"405":0,"409":0,"410":0,"411":0,"413":0,"417":0,"418":0,"419":0,"421":0,"425":0,"426":0,"427":0,"429":0,"433":0,"434":0,"435":0,"437":0,"441":0,"442":0,"443":0,"445":0,"449":0,"450":0,"451":0,"453":0,"454":0,"458":0,"459":0,"460":0,"462":0,"463":0,"467":0,"468":0,"469":0,"471":0,"472":0,"476":0,"477":0,"478":0,"480":0,"481":0,"485":0,"486":0,"487":0,"491":0,"492":0,"493":0,"497":0,"498":0,"499":0,"503":0,"504":0,"505":0,"509":0,"510":0,"511":0,"512":0,"516":0,"517":0,"518":0,"519":0,"523":0,"524":0,"525":0,"526":0,"530":0,"531":0,"532":0,"533":0,"537":0,"538":0,"539":0,"540":0,"541":0,"545":0,"546":0,"547":0,"548":0,"549":0,"553":0,"554":0,"555":0,"556":0,"557":0,"561":0,"562":0,"563":0,"564":0,"565":0,"569":0,"570":0,"571":0,"572":0,"573":0,"574":0,"578":0,"579":0,"580":0,"581":0,"582":0,"583":0,"587":0,"588":0,"589":0,"590":0,"591":0,"592":0,"596":0,"597":0,"598":0,"599":0,"600":0,"601":0,"605":0,"606":0,"607":0,"608":0,"609":0,"610":0,"611":0,"615":0,"616":0,"617":0,"618":0,"619":0,"620":0,"621":0,"625":0,"626":0,"627":0,"628":0,"629":0,"630":0,"631":0,"635":0,"636":0,"637":0,"638":0,"639":0,"640":0,"641":0,"645":0,"646":0,"647":0,"649":0,"650":0,"654":0,"655":0,"656":0,"658":0,"659":0,"663":0,"664":0,"665":0,"667":0,"668":0,"672":0,"673":0,"674":0,"676":0,"677":0,"681":0,"682":0,"683":0,"687":0,"688":0,"689":0,"693":0,"694":0,"695":0,"699":0,"700":0,"701":0,"705":0,"706":0,"707":0,"708":0,"712":0,"713":0,"714":0,"715":0,"719":0,"720":0,"721":0,"722":0,"726":0,"727":0,"728":0,"729":0,"733":0,"734":0,"735":0,"736":0,"737":0,"741":0,"742":0,"743":0,"744":0,"745":0,"749":0,"750":0,"751":0,"752":0,"753":0,"757":0,"758":0,"759":0,"760":0,"761":0,"765":0,"766":0,"767":0,"768":0,"769":0,"770":0,"774":0,"775":0,"776":0,"777":0,"778":0,"779":0,"783":0,"784":0,"785":0,"786":0,"787":0,"788":0,"792":0,"793":0,"794":0,"795":0,"796":0,"797":0,"801":0,"802":0,"803":0,"804":0,"805":0,"806":0,"807":0,"811":0,"812":0,"813":0,"814":0,"815":0,"816":0,"817":0,"821":0,"822":0,"823":0,"824":0,"825":0,"826":0,"827":0,"831":0,"832":0,"833":0,"834":0,"835":0,"836":0,"837":0,"841":0,"846":0,"850":883,"856":0,"860":0,"864":1,"865":1,"866":1,"867":1,"868":1,"869":3,"870":3,"871":2,"872":2,"873":0,"875":0,"877":1,"879":2,"880":0,"882":0,"884":1,"886":2,"888":0,"892":1,"893":1,"894":1,"895":1,"896":1,"898":1,"899":1,"900":1,"902":0,"905":0,"906":0,"908":0,"910":0,"915":1,"916":1,"917":1,"918":0,"920":0,"922":1,"923":1,"924":34,"925":2,"926":2,"927":0,"929":2,"930":0,"934":1,"939":2,"943":1,"947":1,"951":5,"952":5,"953":5,"954":5,"955":5,"956":5,"957":5,"958":5,"959":5,"960":5,"961":85,"963":5,"964":103,"966":5,"967":54,"969":5,"970":91,"972":5,"973":6,"975":5,"979":1,"983":3,"984":3,"985":3,"986":3,"987":3,"988":0,"989":0,"992":0,"993":0,"995":0,"996":0,"998":3,"1001":0,"1002":0,"1004":0,"1008":1,"1012":3,"1013":3,"1014":3,"1015":3,"1016":70,"1017":4,"1018":0,"1019":0,"1021":0,"1024":4,"1025":4,"1027":2,"1030":3,"1031":1,"1033":3,"1037":3,"1038":1,"1040":2,"1041":2,"1042":2,"1043":4,"1044":4,"1046":2,"1047":2,"1048":2,"1049":4,"1050":4,"1052":2,"1056":1,"1057":1,"1058":1,"1059":1,"1060":1,"1061":8,"1063":1,"1064":1,"1068":1,"1069":1,"1070":1,"1071":1,"1072":1,"1073":1,"1075":1,"1076":1,"1080":2,"1081":0,"1082":0,"1083":0,"1084":0,"1085":0,"1086":0,"1087":0,"1098":0,"1099":0,"1102":0,"1103":0,"1104":0,"1105":0,"1106":0,"1107":0,"1118":0,"1119":0,"1123":1,"1127":2,"1128":2,"1129":2,"1130":2,"1131":2,"1132":2,"1133":2,"1134":2,"1135":2,"1136":2,"1137":2,"1141":2,"1142":2,"1143":0,"1145":2,"1146":2,"1151":3,"1153":3,"1154":1,"1155":1,"1156":1,"1157":1,"1158":1,"1159":1,"1160":1,"1161":1,"1162":1,"1163":1,"1164":1,"1167":0,"1168":0,"1169":0,"1170":0,"1171":0,"1172":0,"1173":0,"1174":0,"1179":2,"1180":2,"1182":0,"1183":0,"1184":0,"1186":0,"1190":2,"1191":2,"1192":1,"1193":32,"1194":31,"1197":1,"1202":16,"1203":0,"1204":0,"1205":0,"1206":0,"1208":0,"1209":0,"1211":0,"1212":0,"1216":0,"1217":0,"1218":0,"1219":0,"1220":0,"1221":0,"1222":0,"1223":0,"1226":0,"1227":0,"1228":0,"1229":0,"1232":0,"1233":0,"1235":0,"1241":9,"1242":9,"1243":8,"1244":8,"1245":8,"1246":14,"1250":14,"1251":14,"1253":8,"1268":5,"1269":5,"1270":5,"1279":5,"1285":2,"1286":2,"1287":2,"1288":2,"1289":1,"1296":1,"1318":1,"1319":0,"1321":1,"1322":1,"1324":0,"1328":3},"path":"/home/fabianorodrigo/Projetos/bitbucket/solidity-test/workdir/real-estate-marketplace/contracts/Oraclize.sol","s":{"1":7,"2":7,"3":4,"4":7,"5":4,"6":4,"7":2,"8":2,"9":0,"10":2,"11":14,"12":2,"13":12,"14":12,"15":12,"16":12,"17":4,"18":4,"19":12,"20":12,"21":22,"22":2,"23":3,"24":0,"25":3,"26":3,"27":14,"28":12,"29":2,"30":2,"31":2,"32":0,"33":0,"34":0,"35":0,"36":0,"37":0,"38":0,"39":0,"40":0,"41":7,"42":1,"43":2,"44":1,"45":1,"46":2,"47":2,"48":9,"49":9,"50":3,"51":1,"52":3,"53":124,"54":124,"55":124,"56":0,"57":0,"58":0,"59":0,"60":125,"61":1,"62":1,"63":126,"64":0,"65":0,"66":0,"67":126,"68":0,"69":0,"70":0,"71":126,"72":0,"73":0,"74":0,"75":126,"76":0,"77":0,"78":0,"79":126,"80":0,"81":0,"82":126,"83":0,"84":0,"85":126,"86":0,"87":0,"88":126,"89":1,"90":2,"91":0,"92":0,"93":0,"94":0,"95":0,"96":0,"97":0,"98":0,"99":0,"100":0,"101":0,"102":0,"103":0,"104":0,"105":0,"106":0,"107":0,"108":0,"109":0,"110":0,"111":0,"112":0,"113":0,"114":0,"115":0,"116":0,"117":0,"118":0,"119":0,"120":0,"121":0,"122":0,"123":0,"124":0,"125":0,"126":0,"127":0,"128":0,"129":0,"130":0,"131":0,"132":0,"133":0,"134":0,"135":0,"136":0,"137":0,"138":0,"139":0,"140":0,"141":0,"142":0,"143":0,"144":0,"145":0,"146":0,"147":0,"148":0,"149":0,"150":0,"151":0,"152":0,"153":0,"154":0,"155":0,"156":0,"157":0,"158":0,"159":0,"160":0,"161":0,"162":0,"163":0,"164":0,"165":0,"166":0,"167":0,"168":0,"169":0,"170":0,"171":0,"172":0,"173":0,"174":0,"175":0,"176":0,"177":0,"178":0,"179":0,"180":0,"181":0,"182":0,"183":0,"184":0,"185":0,"186":0,"187":0,"188":0,"189":0,"190":0,"191":0,"192":0,"193":0,"194":0,"195":0,"196":0,"197":0,"198":0,"199":0,"200":0,"201":0,"202":0,"203":0,"204":0,"205":0,"206":0,"207":0,"208":0,"209":0,"210":0,"211":0,"212":0,"213":0,"214":0,"215":0,"216":0,"217":0,"218":0,"219":0,"220":0,"221":0,"222":0,"223":0,"224":0,"225":0,"226":0,"227":0,"228":0,"229":0,"230":0,"231":0,"232":0,"233":0,"234":0,"235":0,"236":0,"237":0,"238":0,"239":0,"240":0,"241":0,"242":0,"243":0,"244":0,"245":0,"246":0,"247":0,"248":0,"249":0,"250":0,"251":0,"252":0,"253":0,"254":0,"255":0,"256":0,"257":0,"258":0,"259":0,"260":0,"261":0,"262":0,"263":0,"264":0,"265":0,"266":0,"267":0,"268":0,"269":0,"270":0,"271":0,"272":0,"273":0,"274":0,"275":0,"276":0,"277":0,"278":0,"279":0,"280":0,"281":0,"282":0,"283":0,"284":0,"285":0,"286":0,"287":0,"288":0,"289":0,"290":0,"291":0,"292":0,"293":0,"294":0,"295":0,"296":0,"297":0,"298":0,"299":0,"300":0,"301":0,"302":0,"303":0,"304":0,"305":0,"306":0,"307":0,"308":0,"309":0,"310":0,"311":0,"312":0,"313":0,"314":0,"315":0,"316":0,"317":0,"318":0,"319":0,"320":0,"321":0,"322":0,"323":0,"324":0,"325":0,"326":0,"327":0,"328":0,"329":0,"330":0,"331":0,"332":0,"333":0,"334":0,"335":0,"336":0,"337":0,"338":0,"339":0,"340":0,"341":0,"342":0,"343":0,"344":0,"345":0,"346":0,"347":0,"348":0,"349":0,"350":0,"351":0,"352":0,"353":0,"354":0,"355":0,"356":0,"357":0,"358":0,"359":0,"360":0,"361":0,"362":0,"363":0,"364":0,"365":0,"366":0,"367":0,"368":0,"369":1,"370":1,"371":1,"372":1,"373":1,"374":3,"375":3,"376":2,"377":2,"378":0,"379":2,"380":0,"381":2,"382":1,"383":2,"384":0,"385":2,"386":0,"387":2,"388":1,"389":2,"390":0,"391":1,"392":1,"393":1,"394":1,"395":1,"396":1,"397":1,"398":1,"399":0,"400":0,"401":0,"402":0,"403":0,"404":0,"405":0,"406":1,"407":1,"408":1,"409":0,"410":1,"411":0,"412":1,"413":1,"414":34,"415":2,"416":2,"417":2,"418":0,"419":1,"420":2,"421":1,"422":1,"423":5,"424":5,"425":5,"426":5,"427":5,"428":5,"429":5,"430":5,"431":5,"432":5,"433":85,"434":5,"435":103,"436":5,"437":54,"438":5,"439":91,"440":5,"441":6,"442":5,"443":1,"444":3,"445":3,"446":3,"447":3,"448":3,"449":0,"450":0,"451":0,"452":0,"453":3,"454":0,"455":0,"456":3,"457":0,"458":0,"459":0,"460":1,"461":3,"462":3,"463":3,"464":3,"465":70,"466":4,"467":0,"468":4,"469":4,"470":66,"471":2,"472":3,"473":1,"474":3,"475":3,"476":1,"477":2,"478":2,"479":2,"480":4,"481":2,"482":2,"483":2,"484":4,"485":4,"486":2,"487":1,"488":1,"489":1,"490":1,"491":1,"492":8,"493":1,"494":1,"495":1,"496":1,"497":1,"498":1,"499":1,"500":1,"501":1,"502":1,"503":2,"504":0,"505":0,"506":0,"507":0,"508":0,"509":0,"510":0,"511":0,"512":0,"513":0,"514":0,"515":0,"516":0,"517":0,"518":1,"519":2,"520":2,"521":2,"522":2,"523":2,"524":2,"525":2,"526":2,"527":2,"528":2,"529":2,"530":2,"531":0,"532":2,"533":2,"534":3,"535":3,"536":1,"537":1,"538":1,"539":1,"540":1,"541":1,"542":1,"543":1,"544":1,"545":1,"546":1,"547":0,"548":0,"549":0,"550":0,"551":0,"552":0,"553":0,"554":0,"555":2,"556":2,"557":0,"558":0,"559":0,"560":0,"561":2,"562":2,"563":1,"564":32,"565":31,"566":1,"567":16,"568":0,"569":0,"570":0,"571":0,"572":0,"573":0,"574":0,"575":0,"576":0,"577":0,"578":0,"579":0,"580":0,"581":0,"582":0,"583":0,"584":0,"585":0,"586":0,"587":0,"588":0,"589":0,"590":0,"591":9,"592":9,"593":8,"594":8,"595":8,"596":14,"597":14,"598":8,"599":5,"600":5,"601":5,"602":2,"603":2,"604":2,"605":2,"606":1,"607":1,"608":0,"609":1,"610":1,"611":0},"b":{"1":[4,3],"2":[0,2],"3":[2,12],"4":[2,20],"5":[0,3],"6":[12,2],"7":[2,0],"8":[0,0],"9":[0,0],"10":[0,0],"11":[1,1],"12":[124,0],"13":[0,0],"14":[0,0],"15":[0,0],"16":[0,126],"17":[0,126],"18":[0,126],"19":[0,126],"20":[0,126],"21":[0,126],"22":[0,126],"23":[0,0],"24":[0,0],"25":[0,0],"26":[0,0],"27":[0,0],"28":[0,0],"29":[0,0],"30":[0,0],"31":[0,0],"32":[0,0],"33":[0,0],"34":[0,0],"35":[0,0],"36":[0,0],"37":[0,0],"38":[0,0],"39":[0,2],"40":[0,2],"41":[1,1],"42":[0,2],"43":[0,2],"44":[1,1],"45":[1,0],"46":[1,0],"47":[0,0],"48":[0,0],"49":[0,0],"50":[0,1],"51":[0,1],"52":[2,32],"53":[0,2],"54":[0,3],"55":[0,0],"56":[0,0],"57":[0,3],"58":[0,0],"59":[0,0],"60":[4,66],"61":[0,4],"62":[0,0],"63":[2,64],"64":[1,2],"65":[1,2],"66":[0,2],"67":[0,2],"68":[1,0],"69":[2,0],"70":[0,0],"71":[1,1],"72":[31,1],"73":[0,0],"74":[0,0],"75":[0,0],"76":[0,0],"77":[0,0],"78":[8,1],"79":[1,1],"80":[0,1],"81":[1,0]},"f":{"1":7,"2":4,"3":2,"4":14,"5":22,"6":3,"7":14,"8":7,"9":1,"10":2,"11":2,"12":9,"13":3,"14":1,"15":3,"16":124,"17":0,"18":125,"19":1,"20":1,"21":126,"22":1,"23":2,"24":0,"25":0,"26":0,"27":0,"28":0,"29":0,"30":0,"31":0,"32":0,"33":0,"34":0,"35":0,"36":0,"37":0,"38":0,"39":0,"40":0,"41":0,"42":0,"43":0,"44":0,"45":0,"46":0,"47":0,"48":0,"49":0,"50":0,"51":0,"52":0,"53":0,"54":0,"55":0,"56":0,"57":0,"58":0,"59":0,"60":0,"61":0,"62":0,"63":0,"64":0,"65":0,"66":0,"67":0,"68":0,"69":0,"70":0,"71":0,"72":0,"73":0,"74":0,"75":0,"76":0,"77":0,"78":0,"79":0,"80":0,"81":0,"82":0,"83":0,"84":883,"85":0,"86":0,"87":1,"88":1,"89":1,"90":2,"91":1,"92":1,"93":5,"94":1,"95":3,"96":1,"97":3,"98":3,"99":1,"100":1,"101":2,"102":1,"103":2,"104":3,"105":2,"106":2,"107":16,"108":9,"109":5,"110":2,"111":3},"fnMap":{"1":{"name":"init","line":90,"loc":{"start":{"line":90,"column":4},"end":{"line":90,"column":65}}},"2":{"name":"resize","line":104,"loc":{"start":{"line":104,"column":4},"end":{"line":104,"column":66}}},"3":{"name":"max","line":110,"loc":{"start":{"line":110,"column":4},"end":{"line":110,"column":65}}},"4":{"name":"append","line":124,"loc":{"start":{"line":124,"column":4},"end":{"line":124,"column":103}}},"5":{"name":"append","line":162,"loc":{"start":{"line":162,"column":4},"end":{"line":162,"column":64}}},"6":{"name":"appendInt","line":183,"loc":{"start":{"line":183,"column":4},"end":{"line":183,"column":109}}},"7":{"name":"encodeType","line":211,"loc":{"start":{"line":211,"column":4},"end":{"line":211,"column":88}}},"8":{"name":"encodeIndefiniteLengthType","line":229,"loc":{"start":{"line":229,"column":4},"end":{"line":229,"column":91}}},"9":{"name":"encodeUInt","line":233,"loc":{"start":{"line":233,"column":4},"end":{"line":233,"column":75}}},"10":{"name":"encodeInt","line":237,"loc":{"start":{"line":237,"column":4},"end":{"line":237,"column":73}}},"11":{"name":"encodeBytes","line":245,"loc":{"start":{"line":245,"column":4},"end":{"line":245,"column":84}}},"12":{"name":"encodeString","line":250,"loc":{"start":{"line":250,"column":4},"end":{"line":250,"column":86}}},"13":{"name":"startArray","line":255,"loc":{"start":{"line":255,"column":4},"end":{"line":255,"column":62}}},"14":{"name":"startMap","line":259,"loc":{"start":{"line":259,"column":4},"end":{"line":259,"column":60}}},"15":{"name":"endSequence","line":263,"loc":{"start":{"line":263,"column":4},"end":{"line":263,"column":63}}},"16":{"name":"oraclizeAPI","line":300,"loc":{"start":{"line":300,"column":4},"end":{"line":300,"column":22}}},"17":{"name":"oraclize_randomDS_proofVerify","line":310,"loc":{"start":{"line":310,"column":4},"end":{"line":310,"column":102}}},"18":{"name":"oraclize_setNetwork","line":318,"loc":{"start":{"line":318,"column":4},"end":{"line":318,"column":84}}},"19":{"name":"oraclize_setNetworkName","line":323,"loc":{"start":{"line":323,"column":4},"end":{"line":323,"column":72}}},"20":{"name":"oraclize_getNetworkName","line":327,"loc":{"start":{"line":327,"column":4},"end":{"line":327,"column":87}}},"21":{"name":"oraclize_setNetwork","line":331,"loc":{"start":{"line":331,"column":4},"end":{"line":331,"column":68}}},"22":{"name":"__callback","line":367,"loc":{"start":{"line":367,"column":4},"end":{"line":367,"column":66}}},"23":{"name":"__callback","line":371,"loc":{"start":{"line":371,"column":4},"end":{"line":371,"column":87}}},"24":{"name":"oraclize_getPrice","line":376,"loc":{"start":{"line":376,"column":4},"end":{"line":376,"column":103}}},"25":{"name":"oraclize_getPrice","line":380,"loc":{"start":{"line":380,"column":4},"end":{"line":380,"column":119}}},"26":{"name":"oraclize_query","line":384,"loc":{"start":{"line":384,"column":4},"end":{"line":384,"column":115}}},"27":{"name":"oraclize_query","line":392,"loc":{"start":{"line":392,"column":4},"end":{"line":392,"column":132}}},"28":{"name":"oraclize_query","line":400,"loc":{"start":{"line":400,"column":4},"end":{"line":400,"column":148}}},"29":{"name":"oraclize_query","line":408,"loc":{"start":{"line":408,"column":4},"end":{"line":408,"column":131}}},"30":{"name":"oraclize_query","line":416,"loc":{"start":{"line":416,"column":4},"end":{"line":416,"column":137}}},"31":{"name":"oraclize_query","line":424,"loc":{"start":{"line":424,"column":4},"end":{"line":424,"column":154}}},"32":{"name":"oraclize_query","line":432,"loc":{"start":{"line":432,"column":4},"end":{"line":432,"column":170}}},"33":{"name":"oraclize_query","line":440,"loc":{"start":{"line":440,"column":4},"end":{"line":440,"column":153}}},"34":{"name":"oraclize_query","line":448,"loc":{"start":{"line":448,"column":4},"end":{"line":448,"column":118}}},"35":{"name":"oraclize_query","line":457,"loc":{"start":{"line":457,"column":4},"end":{"line":457,"column":135}}},"36":{"name":"oraclize_query","line":466,"loc":{"start":{"line":466,"column":4},"end":{"line":466,"column":151}}},"37":{"name":"oraclize_query","line":475,"loc":{"start":{"line":475,"column":4},"end":{"line":475,"column":134}}},"38":{"name":"oraclize_query","line":484,"loc":{"start":{"line":484,"column":4},"end":{"line":484,"column":119}}},"39":{"name":"oraclize_query","line":490,"loc":{"start":{"line":490,"column":4},"end":{"line":490,"column":136}}},"40":{"name":"oraclize_query","line":496,"loc":{"start":{"line":496,"column":4},"end":{"line":496,"column":152}}},"41":{"name":"oraclize_query","line":502,"loc":{"start":{"line":502,"column":4},"end":{"line":502,"column":135}}},"42":{"name":"oraclize_query","line":508,"loc":{"start":{"line":508,"column":4},"end":{"line":508,"column":119}}},"43":{"name":"oraclize_query","line":515,"loc":{"start":{"line":515,"column":4},"end":{"line":515,"column":136}}},"44":{"name":"oraclize_query","line":522,"loc":{"start":{"line":522,"column":4},"end":{"line":522,"column":152}}},"45":{"name":"oraclize_query","line":529,"loc":{"start":{"line":529,"column":4},"end":{"line":529,"column":135}}},"46":{"name":"oraclize_query","line":536,"loc":{"start":{"line":536,"column":4},"end":{"line":536,"column":119}}},"47":{"name":"oraclize_query","line":544,"loc":{"start":{"line":544,"column":4},"end":{"line":544,"column":136}}},"48":{"name":"oraclize_query","line":552,"loc":{"start":{"line":552,"column":4},"end":{"line":552,"column":152}}},"49":{"name":"oraclize_query","line":560,"loc":{"start":{"line":560,"column":4},"end":{"line":560,"column":135}}},"50":{"name":"oraclize_query","line":568,"loc":{"start":{"line":568,"column":4},"end":{"line":568,"column":119}}},"51":{"name":"oraclize_query","line":577,"loc":{"start":{"line":577,"column":4},"end":{"line":577,"column":136}}},"52":{"name":"oraclize_query","line":586,"loc":{"start":{"line":586,"column":4},"end":{"line":586,"column":152}}},"53":{"name":"oraclize_query","line":595,"loc":{"start":{"line":595,"column":4},"end":{"line":595,"column":135}}},"54":{"name":"oraclize_query","line":604,"loc":{"start":{"line":604,"column":4},"end":{"line":604,"column":119}}},"55":{"name":"oraclize_query","line":614,"loc":{"start":{"line":614,"column":4},"end":{"line":614,"column":136}}},"56":{"name":"oraclize_query","line":624,"loc":{"start":{"line":624,"column":4},"end":{"line":624,"column":152}}},"57":{"name":"oraclize_query","line":634,"loc":{"start":{"line":634,"column":4},"end":{"line":634,"column":135}}},"58":{"name":"oraclize_query","line":644,"loc":{"start":{"line":644,"column":4},"end":{"line":644,"column":117}}},"59":{"name":"oraclize_query","line":653,"loc":{"start":{"line":653,"column":4},"end":{"line":653,"column":134}}},"60":{"name":"oraclize_query","line":662,"loc":{"start":{"line":662,"column":4},"end":{"line":662,"column":150}}},"61":{"name":"oraclize_query","line":671,"loc":{"start":{"line":671,"column":4},"end":{"line":671,"column":133}}},"62":{"name":"oraclize_query","line":680,"loc":{"start":{"line":680,"column":4},"end":{"line":680,"column":118}}},"63":{"name":"oraclize_query","line":686,"loc":{"start":{"line":686,"column":4},"end":{"line":686,"column":135}}},"64":{"name":"oraclize_query","line":692,"loc":{"start":{"line":692,"column":4},"end":{"line":692,"column":151}}},"65":{"name":"oraclize_query","line":698,"loc":{"start":{"line":698,"column":4},"end":{"line":698,"column":134}}},"66":{"name":"oraclize_query","line":704,"loc":{"start":{"line":704,"column":4},"end":{"line":704,"column":118}}},"67":{"name":"oraclize_query","line":711,"loc":{"start":{"line":711,"column":4},"end":{"line":711,"column":135}}},"68":{"name":"oraclize_query","line":718,"loc":{"start":{"line":718,"column":4},"end":{"line":718,"column":151}}},"69":{"name":"oraclize_query","line":725,"loc":{"start":{"line":725,"column":4},"end":{"line":725,"column":134}}},"70":{"name":"oraclize_query","line":732,"loc":{"start":{"line":732,"column":4},"end":{"line":732,"column":118}}},"71":{"name":"oraclize_query","line":740,"loc":{"start":{"line":740,"column":4},"end":{"line":740,"column":135}}},"72":{"name":"oraclize_query","line":748,"loc":{"start":{"line":748,"column":4},"end":{"line":748,"column":151}}},"73":{"name":"oraclize_query","line":756,"loc":{"start":{"line":756,"column":4},"end":{"line":756,"column":134}}},"74":{"name":"oraclize_query","line":764,"loc":{"start":{"line":764,"column":4},"end":{"line":764,"column":118}}},"75":{"name":"oraclize_query","line":773,"loc":{"start":{"line":773,"column":4},"end":{"line":773,"column":135}}},"76":{"name":"oraclize_query","line":782,"loc":{"start":{"line":782,"column":4},"end":{"line":782,"column":151}}},"77":{"name":"oraclize_query","line":791,"loc":{"start":{"line":791,"column":4},"end":{"line":791,"column":134}}},"78":{"name":"oraclize_query","line":800,"loc":{"start":{"line":800,"column":4},"end":{"line":800,"column":118}}},"79":{"name":"oraclize_query","line":810,"loc":{"start":{"line":810,"column":4},"end":{"line":810,"column":135}}},"80":{"name":"oraclize_query","line":820,"loc":{"start":{"line":820,"column":4},"end":{"line":820,"column":151}}},"81":{"name":"oraclize_query","line":830,"loc":{"start":{"line":830,"column":4},"end":{"line":830,"column":134}}},"82":{"name":"oraclize_setProof","line":840,"loc":{"start":{"line":840,"column":4},"end":{"line":840,"column":63}}},"83":{"name":"oraclize_cbAddress","line":845,"loc":{"start":{"line":845,"column":4},"end":{"line":845,"column":87}}},"84":{"name":"getCodeSize","line":849,"loc":{"start":{"line":849,"column":4},"end":{"line":849,"column":72}}},"85":{"name":"oraclize_setCustomGasPrice","line":855,"loc":{"start":{"line":855,"column":4},"end":{"line":855,"column":74}}},"86":{"name":"oraclize_randomDS_getSessionPubKeyHash","line":859,"loc":{"start":{"line":859,"column":4},"end":{"line":859,"column":106}}},"87":{"name":"parseAddr","line":863,"loc":{"start":{"line":863,"column":4},"end":{"line":863,"column":85}}},"88":{"name":"strCompare","line":891,"loc":{"start":{"line":891,"column":4},"end":{"line":891,"column":97}}},"89":{"name":"indexOf","line":914,"loc":{"start":{"line":914,"column":4},"end":{"line":914,"column":106}}},"90":{"name":"strConcat","line":938,"loc":{"start":{"line":938,"column":4},"end":{"line":938,"column":114}}},"91":{"name":"strConcat","line":942,"loc":{"start":{"line":942,"column":4},"end":{"line":942,"column":132}}},"92":{"name":"strConcat","line":946,"loc":{"start":{"line":946,"column":4},"end":{"line":946,"column":150}}},"93":{"name":"strConcat","line":950,"loc":{"start":{"line":950,"column":4},"end":{"line":950,"column":168}}},"94":{"name":"safeParseInt","line":978,"loc":{"start":{"line":978,"column":4},"end":{"line":978,"column":81}}},"95":{"name":"safeParseInt","line":982,"loc":{"start":{"line":982,"column":4},"end":{"line":982,"column":90}}},"96":{"name":"parseInt","line":1007,"loc":{"start":{"line":1007,"column":4},"end":{"line":1007,"column":77}}},"97":{"name":"parseInt","line":1011,"loc":{"start":{"line":1011,"column":4},"end":{"line":1011,"column":86}}},"98":{"name":"uint2str","line":1036,"loc":{"start":{"line":1036,"column":4},"end":{"line":1036,"column":80}}},"99":{"name":"stra2cbor","line":1055,"loc":{"start":{"line":1055,"column":4},"end":{"line":1055,"column":93}}},"100":{"name":"ba2cbor","line":1067,"loc":{"start":{"line":1067,"column":4},"end":{"line":1067,"column":90}}},"101":{"name":"oraclize_newRandomDSQuery","line":1079,"loc":{"start":{"line":1079,"column":4},"end":{"line":1079,"column":121}}},"102":{"name":"oraclize_randomDS_setCommitment","line":1122,"loc":{"start":{"line":1122,"column":4},"end":{"line":1122,"column":90}}},"103":{"name":"verifySig","line":1126,"loc":{"start":{"line":1126,"column":4},"end":{"line":1126,"column":119}}},"104":{"name":"oraclize_randomDS_proofVerify__sessionKeyValidity","line":1150,"loc":{"start":{"line":1150,"column":4},"end":{"line":1150,"column":138}}},"105":{"name":"oraclize_randomDS_proofVerify__returnCode","line":1177,"loc":{"start":{"line":1177,"column":4},"end":{"line":1177,"column":151}}},"106":{"name":"matchBytes32Prefix","line":1189,"loc":{"start":{"line":1189,"column":4},"end":{"line":1189,"column":133}}},"107":{"name":"oraclize_randomDS_proofVerify__main","line":1200,"loc":{"start":{"line":1200,"column":4},"end":{"line":1200,"column":174}}},"108":{"name":"copyBytes","line":1240,"loc":{"start":{"line":1240,"column":4},"end":{"line":1240,"column":156}}},"109":{"name":"safer_ecrecover","line":1259,"loc":{"start":{"line":1259,"column":4},"end":{"line":1259,"column":135}}},"110":{"name":"ecrecovery","line":1284,"loc":{"start":{"line":1284,"column":4},"end":{"line":1284,"column":115}}},"111":{"name":"safeMemoryCleaner","line":1327,"loc":{"start":{"line":1327,"column":4},"end":{"line":1327,"column":44}}}},"statementMap":{"1":{"start":{"line":91,"column":8},"end":{"line":91,"column":33}},"2":{"start":{"line":92,"column":8},"end":{"line":92,"column":4337}},"3":{"start":{"line":93,"column":12},"end":{"line":93,"column":43}},"4":{"start":{"line":95,"column":8},"end":{"line":95,"column":31}},"5":{"start":{"line":105,"column":8},"end":{"line":105,"column":38}},"6":{"start":{"line":106,"column":8},"end":{"line":106,"column":28}},"7":{"start":{"line":107,"column":8},"end":{"line":107,"column":27}},"8":{"start":{"line":111,"column":8},"end":{"line":111,"column":4921}},"9":{"start":{"line":112,"column":12},"end":{"line":112,"column":21}},"10":{"start":{"line":114,"column":8},"end":{"line":114,"column":17}},"11":{"start":{"line":125,"column":8},"end":{"line":125,"column":5392}},"12":{"start":{"line":126,"column":12},"end":{"line":126,"column":61}},"13":{"start":{"line":128,"column":8},"end":{"line":128,"column":17}},"14":{"start":{"line":129,"column":8},"end":{"line":129,"column":16}},"15":{"start":{"line":130,"column":8},"end":{"line":130,"column":31}},"16":{"start":{"line":138,"column":8},"end":{"line":138,"column":6011}},"17":{"start":{"line":142,"column":12},"end":{"line":142,"column":21}},"18":{"start":{"line":143,"column":12},"end":{"line":143,"column":20}},"19":{"start":{"line":145,"column":8},"end":{"line":145,"column":41}},"20":{"start":{"line":151,"column":8},"end":{"line":151,"column":19}},"21":{"start":{"line":163,"column":8},"end":{"line":163,"column":6850}},"22":{"start":{"line":164,"column":12},"end":{"line":164,"column":42}},"23":{"start":{"line":184,"column":8},"end":{"line":184,"column":7754}},"24":{"start":{"line":185,"column":12},"end":{"line":185,"column":53}},"25":{"start":{"line":187,"column":8},"end":{"line":187,"column":35}},"26":{"start":{"line":195,"column":8},"end":{"line":195,"column":19}},"27":{"start":{"line":212,"column":8},"end":{"line":212,"column":8884}},"28":{"start":{"line":213,"column":12},"end":{"line":213,"column":53}},"29":{"start":{"line":214,"column":15},"end":{"line":214,"column":8975}},"30":{"start":{"line":215,"column":12},"end":{"line":215,"column":49}},"31":{"start":{"line":216,"column":12},"end":{"line":216,"column":36}},"32":{"start":{"line":217,"column":15},"end":{"line":217,"column":9103}},"33":{"start":{"line":218,"column":12},"end":{"line":218,"column":49}},"34":{"start":{"line":219,"column":12},"end":{"line":219,"column":36}},"35":{"start":{"line":220,"column":15},"end":{"line":220,"column":9233}},"36":{"start":{"line":221,"column":12},"end":{"line":221,"column":49}},"37":{"start":{"line":222,"column":12},"end":{"line":222,"column":36}},"38":{"start":{"line":223,"column":15},"end":{"line":223,"column":9367}},"39":{"start":{"line":224,"column":12},"end":{"line":224,"column":49}},"40":{"start":{"line":225,"column":12},"end":{"line":225,"column":36}},"41":{"start":{"line":230,"column":8},"end":{"line":230,"column":45}},"42":{"start":{"line":234,"column":8},"end":{"line":234,"column":47}},"43":{"start":{"line":238,"column":8},"end":{"line":238,"column":9885}},"44":{"start":{"line":239,"column":12},"end":{"line":239,"column":57}},"45":{"start":{"line":241,"column":12},"end":{"line":241,"column":71}},"46":{"start":{"line":246,"column":8},"end":{"line":246,"column":56}},"47":{"start":{"line":247,"column":8},"end":{"line":247,"column":26}},"48":{"start":{"line":251,"column":8},"end":{"line":251,"column":64}},"49":{"start":{"line":252,"column":8},"end":{"line":252,"column":33}},"50":{"start":{"line":256,"column":8},"end":{"line":256,"column":57}},"51":{"start":{"line":260,"column":8},"end":{"line":260,"column":55}},"52":{"start":{"line":264,"column":8},"end":{"line":264,"column":64}},"53":{"start":{"line":301,"column":8},"end":{"line":301,"column":11810}},"54":{"start":{"line":302,"column":12},"end":{"line":302,"column":46}},"55":{"start":{"line":304,"column":8},"end":{"line":304,"column":11949}},"56":{"start":{"line":305,"column":12},"end":{"line":305,"column":49}},"57":{"start":{"line":312,"column":8},"end":{"line":312,"column":90}},"58":{"start":{"line":313,"column":8},"end":{"line":313,"column":125}},"59":{"start":{"line":314,"column":8},"end":{"line":314,"column":29}},"60":{"start":{"line":319,"column":6},"end":{"line":319,"column":34}},"61":{"start":{"line":324,"column":8},"end":{"line":324,"column":44}},"62":{"start":{"line":328,"column":8},"end":{"line":328,"column":36}},"63":{"start":{"line":332,"column":8},"end":{"line":332,"column":13097}},"64":{"start":{"line":333,"column":12},"end":{"line":333,"column":82}},"65":{"start":{"line":334,"column":12},"end":{"line":334,"column":49}},"66":{"start":{"line":335,"column":12},"end":{"line":335,"column":23}},"67":{"start":{"line":337,"column":8},"end":{"line":337,"column":13354}},"68":{"start":{"line":338,"column":12},"end":{"line":338,"column":82}},"69":{"start":{"line":339,"column":12},"end":{"line":339,"column":50}},"70":{"start":{"line":340,"column":12},"end":{"line":340,"column":23}},"71":{"start":{"line":342,"column":8},"end":{"line":342,"column":13620}},"72":{"start":{"line":343,"column":12},"end":{"line":343,"column":82}},"73":{"start":{"line":344,"column":12},"end":{"line":344,"column":47}},"74":{"start":{"line":345,"column":12},"end":{"line":345,"column":23}},"75":{"start":{"line":347,"column":8},"end":{"line":347,"column":13881}},"76":{"start":{"line":348,"column":12},"end":{"line":348,"column":82}},"77":{"start":{"line":349,"column":12},"end":{"line":349,"column":49}},"78":{"start":{"line":350,"column":12},"end":{"line":350,"column":23}},"79":{"start":{"line":352,"column":8},"end":{"line":352,"column":14146}},"80":{"start":{"line":353,"column":12},"end":{"line":353,"column":82}},"81":{"start":{"line":354,"column":12},"end":{"line":354,"column":23}},"82":{"start":{"line":356,"column":8},"end":{"line":356,"column":14359}},"83":{"start":{"line":357,"column":12},"end":{"line":357,"column":82}},"84":{"start":{"line":358,"column":12},"end":{"line":358,"column":23}},"85":{"start":{"line":360,"column":8},"end":{"line":360,"column":14571}},"86":{"start":{"line":361,"column":12},"end":{"line":361,"column":82}},"87":{"start":{"line":362,"column":12},"end":{"line":362,"column":23}},"88":{"start":{"line":364,"column":8},"end":{"line":364,"column":20}},"89":{"start":{"line":368,"column":8},"end":{"line":368,"column":47}},"90":{"start":{"line":372,"column":6},"end":{"line":372,"column":12}},"91":{"start":{"line":377,"column":8},"end":{"line":377,"column":45}},"92":{"start":{"line":381,"column":8},"end":{"line":381,"column":56}},"93":{"start":{"line":385,"column":8},"end":{"line":385,"column":51}},"94":{"start":{"line":386,"column":8},"end":{"line":386,"column":15638}},"95":{"start":{"line":387,"column":12},"end":{"line":387,"column":20}},"96":{"start":{"line":389,"column":8},"end":{"line":389,"column":64}},"97":{"start":{"line":393,"column":8},"end":{"line":393,"column":51}},"98":{"start":{"line":394,"column":8},"end":{"line":394,"column":16014}},"99":{"start":{"line":395,"column":12},"end":{"line":395,"column":20}},"100":{"start":{"line":397,"column":8},"end":{"line":397,"column":73}},"101":{"start":{"line":401,"column":8},"end":{"line":401,"column":61}},"102":{"start":{"line":402,"column":8},"end":{"line":402,"column":16425}},"103":{"start":{"line":403,"column":12},"end":{"line":403,"column":20}},"104":{"start":{"line":405,"column":8},"end":{"line":405,"column":97}},"105":{"start":{"line":409,"column":8},"end":{"line":409,"column":62}},"106":{"start":{"line":410,"column":8},"end":{"line":410,"column":16847}},"107":{"start":{"line":411,"column":11},"end":{"line":411,"column":19}},"108":{"start":{"line":413,"column":8},"end":{"line":413,"column":88}},"109":{"start":{"line":417,"column":8},"end":{"line":417,"column":51}},"110":{"start":{"line":418,"column":8},"end":{"line":418,"column":17254}},"111":{"start":{"line":419,"column":12},"end":{"line":419,"column":20}},"112":{"start":{"line":421,"column":8},"end":{"line":421,"column":73}},"113":{"start":{"line":425,"column":8},"end":{"line":425,"column":51}},"114":{"start":{"line":426,"column":8},"end":{"line":426,"column":17661}},"115":{"start":{"line":427,"column":12},"end":{"line":427,"column":20}},"116":{"start":{"line":429,"column":8},"end":{"line":429,"column":82}},"117":{"start":{"line":433,"column":8},"end":{"line":433,"column":62}},"118":{"start":{"line":434,"column":8},"end":{"line":434,"column":18104}},"119":{"start":{"line":435,"column":12},"end":{"line":435,"column":20}},"120":{"start":{"line":437,"column":8},"end":{"line":437,"column":106}},"121":{"start":{"line":441,"column":8},"end":{"line":441,"column":62}},"122":{"start":{"line":442,"column":8},"end":{"line":442,"column":18557}},"123":{"start":{"line":443,"column":12},"end":{"line":443,"column":20}},"124":{"start":{"line":445,"column":8},"end":{"line":445,"column":97}},"125":{"start":{"line":449,"column":8},"end":{"line":449,"column":51}},"126":{"start":{"line":450,"column":8},"end":{"line":450,"column":18955}},"127":{"start":{"line":451,"column":12},"end":{"line":451,"column":20}},"128":{"start":{"line":453,"column":8},"end":{"line":453,"column":44}},"129":{"start":{"line":454,"column":8},"end":{"line":454,"column":65}},"130":{"start":{"line":458,"column":8},"end":{"line":458,"column":51}},"131":{"start":{"line":459,"column":8},"end":{"line":459,"column":19381}},"132":{"start":{"line":460,"column":12},"end":{"line":460,"column":20}},"133":{"start":{"line":462,"column":8},"end":{"line":462,"column":44}},"134":{"start":{"line":463,"column":8},"end":{"line":463,"column":74}},"135":{"start":{"line":467,"column":8},"end":{"line":467,"column":62}},"136":{"start":{"line":468,"column":8},"end":{"line":468,"column":19843}},"137":{"start":{"line":469,"column":12},"end":{"line":469,"column":20}},"138":{"start":{"line":471,"column":8},"end":{"line":471,"column":44}},"139":{"start":{"line":472,"column":8},"end":{"line":472,"column":98}},"140":{"start":{"line":476,"column":8},"end":{"line":476,"column":62}},"141":{"start":{"line":477,"column":8},"end":{"line":477,"column":20315}},"142":{"start":{"line":478,"column":12},"end":{"line":478,"column":20}},"143":{"start":{"line":480,"column":8},"end":{"line":480,"column":44}},"144":{"start":{"line":481,"column":8},"end":{"line":481,"column":89}},"145":{"start":{"line":485,"column":8},"end":{"line":485,"column":49}},"146":{"start":{"line":486,"column":8},"end":{"line":486,"column":28}},"147":{"start":{"line":487,"column":8},"end":{"line":487,"column":51}},"148":{"start":{"line":491,"column":8},"end":{"line":491,"column":49}},"149":{"start":{"line":492,"column":8},"end":{"line":492,"column":28}},"150":{"start":{"line":493,"column":8},"end":{"line":493,"column":63}},"151":{"start":{"line":497,"column":8},"end":{"line":497,"column":49}},"152":{"start":{"line":498,"column":8},"end":{"line":498,"column":28}},"153":{"start":{"line":499,"column":8},"end":{"line":499,"column":74}},"154":{"start":{"line":503,"column":8},"end":{"line":503,"column":49}},"155":{"start":{"line":504,"column":8},"end":{"line":504,"column":28}},"156":{"start":{"line":505,"column":8},"end":{"line":505,"column":62}},"157":{"start":{"line":509,"column":8},"end":{"line":509,"column":49}},"158":{"start":{"line":510,"column":8},"end":{"line":510,"column":28}},"159":{"start":{"line":511,"column":8},"end":{"line":511,"column":28}},"160":{"start":{"line":512,"column":8},"end":{"line":512,"column":51}},"161":{"start":{"line":516,"column":8},"end":{"line":516,"column":49}},"162":{"start":{"line":517,"column":8},"end":{"line":517,"column":28}},"163":{"start":{"line":518,"column":8},"end":{"line":518,"column":28}},"164":{"start":{"line":519,"column":8},"end":{"line":519,"column":63}},"165":{"start":{"line":523,"column":8},"end":{"line":523,"column":49}},"166":{"start":{"line":524,"column":8},"end":{"line":524,"column":28}},"167":{"start":{"line":525,"column":8},"end":{"line":525,"column":28}},"168":{"start":{"line":526,"column":8},"end":{"line":526,"column":74}},"169":{"start":{"line":530,"column":8},"end":{"line":530,"column":49}},"170":{"start":{"line":531,"column":8},"end":{"line":531,"column":28}},"171":{"start":{"line":532,"column":8},"end":{"line":532,"column":28}},"172":{"start":{"line":533,"column":8},"end":{"line":533,"column":62}},"173":{"start":{"line":537,"column":8},"end":{"line":537,"column":49}},"174":{"start":{"line":538,"column":8},"end":{"line":538,"column":28}},"175":{"start":{"line":539,"column":8},"end":{"line":539,"column":28}},"176":{"start":{"line":540,"column":8},"end":{"line":540,"column":28}},"177":{"start":{"line":541,"column":8},"end":{"line":541,"column":51}},"178":{"start":{"line":545,"column":8},"end":{"line":545,"column":49}},"179":{"start":{"line":546,"column":8},"end":{"line":546,"column":28}},"180":{"start":{"line":547,"column":8},"end":{"line":547,"column":28}},"181":{"start":{"line":548,"column":8},"end":{"line":548,"column":28}},"182":{"start":{"line":549,"column":8},"end":{"line":549,"column":63}},"183":{"start":{"line":553,"column":8},"end":{"line":553,"column":49}},"184":{"start":{"line":554,"column":8},"end":{"line":554,"column":28}},"185":{"start":{"line":555,"column":8},"end":{"line":555,"column":28}},"186":{"start":{"line":556,"column":8},"end":{"line":556,"column":28}},"187":{"start":{"line":557,"column":8},"end":{"line":557,"column":74}},"188":{"start":{"line":561,"column":8},"end":{"line":561,"column":49}},"189":{"start":{"line":562,"column":8},"end":{"line":562,"column":28}},"190":{"start":{"line":563,"column":8},"end":{"line":563,"column":28}},"191":{"start":{"line":564,"column":8},"end":{"line":564,"column":28}},"192":{"start":{"line":565,"column":8},"end":{"line":565,"column":62}},"193":{"start":{"line":569,"column":8},"end":{"line":569,"column":49}},"194":{"start":{"line":570,"column":8},"end":{"line":570,"column":28}},"195":{"start":{"line":571,"column":8},"end":{"line":571,"column":28}},"196":{"start":{"line":572,"column":8},"end":{"line":572,"column":28}},"197":{"start":{"line":573,"column":8},"end":{"line":573,"column":28}},"198":{"start":{"line":574,"column":8},"end":{"line":574,"column":51}},"199":{"start":{"line":578,"column":8},"end":{"line":578,"column":49}},"200":{"start":{"line":579,"column":8},"end":{"line":579,"column":28}},"201":{"start":{"line":580,"column":8},"end":{"line":580,"column":28}},"202":{"start":{"line":581,"column":8},"end":{"line":581,"column":28}},"203":{"start":{"line":582,"column":8},"end":{"line":582,"column":28}},"204":{"start":{"line":583,"column":8},"end":{"line":583,"column":63}},"205":{"start":{"line":587,"column":8},"end":{"line":587,"column":49}},"206":{"start":{"line":588,"column":8},"end":{"line":588,"column":28}},"207":{"start":{"line":589,"column":8},"end":{"line":589,"column":28}},"208":{"start":{"line":590,"column":8},"end":{"line":590,"column":28}},"209":{"start":{"line":591,"column":8},"end":{"line":591,"column":28}},"210":{"start":{"line":592,"column":8},"end":{"line":592,"column":74}},"211":{"start":{"line":596,"column":8},"end":{"line":596,"column":49}},"212":{"start":{"line":597,"column":8},"end":{"line":597,"column":28}},"213":{"start":{"line":598,"column":8},"end":{"line":598,"column":28}},"214":{"start":{"line":599,"column":8},"end":{"line":599,"column":28}},"215":{"start":{"line":600,"column":8},"end":{"line":600,"column":28}},"216":{"start":{"line":601,"column":8},"end":{"line":601,"column":62}},"217":{"start":{"line":605,"column":8},"end":{"line":605,"column":49}},"218":{"start":{"line":606,"column":8},"end":{"line":606,"column":28}},"219":{"start":{"line":607,"column":8},"end":{"line":607,"column":28}},"220":{"start":{"line":608,"column":8},"end":{"line":608,"column":28}},"221":{"start":{"line":609,"column":8},"end":{"line":609,"column":28}},"222":{"start":{"line":610,"column":8},"end":{"line":610,"column":28}},"223":{"start":{"line":611,"column":8},"end":{"line":611,"column":51}},"224":{"start":{"line":615,"column":8},"end":{"line":615,"column":49}},"225":{"start":{"line":616,"column":8},"end":{"line":616,"column":28}},"226":{"start":{"line":617,"column":8},"end":{"line":617,"column":28}},"227":{"start":{"line":618,"column":8},"end":{"line":618,"column":28}},"228":{"start":{"line":619,"column":8},"end":{"line":619,"column":28}},"229":{"start":{"line":620,"column":8},"end":{"line":620,"column":28}},"230":{"start":{"line":621,"column":8},"end":{"line":621,"column":63}},"231":{"start":{"line":625,"column":8},"end":{"line":625,"column":49}},"232":{"start":{"line":626,"column":8},"end":{"line":626,"column":28}},"233":{"start":{"line":627,"column":8},"end":{"line":627,"column":28}},"234":{"start":{"line":628,"column":8},"end":{"line":628,"column":28}},"235":{"start":{"line":629,"column":8},"end":{"line":629,"column":28}},"236":{"start":{"line":630,"column":8},"end":{"line":630,"column":28}},"237":{"start":{"line":631,"column":8},"end":{"line":631,"column":74}},"238":{"start":{"line":635,"column":8},"end":{"line":635,"column":49}},"239":{"start":{"line":636,"column":8},"end":{"line":636,"column":28}},"240":{"start":{"line":637,"column":8},"end":{"line":637,"column":28}},"241":{"start":{"line":638,"column":8},"end":{"line":638,"column":28}},"242":{"start":{"line":639,"column":8},"end":{"line":639,"column":28}},"243":{"start":{"line":640,"column":8},"end":{"line":640,"column":28}},"244":{"start":{"line":641,"column":8},"end":{"line":641,"column":62}},"245":{"start":{"line":645,"column":8},"end":{"line":645,"column":51}},"246":{"start":{"line":646,"column":8},"end":{"line":646,"column":27870}},"247":{"start":{"line":647,"column":12},"end":{"line":647,"column":20}},"248":{"start":{"line":649,"column":8},"end":{"line":649,"column":42}},"249":{"start":{"line":650,"column":8},"end":{"line":650,"column":65}},"250":{"start":{"line":654,"column":8},"end":{"line":654,"column":51}},"251":{"start":{"line":655,"column":8},"end":{"line":655,"column":28293}},"252":{"start":{"line":656,"column":12},"end":{"line":656,"column":20}},"253":{"start":{"line":658,"column":8},"end":{"line":658,"column":42}},"254":{"start":{"line":659,"column":8},"end":{"line":659,"column":74}},"255":{"start":{"line":663,"column":8},"end":{"line":663,"column":62}},"256":{"start":{"line":664,"column":8},"end":{"line":664,"column":28752}},"257":{"start":{"line":665,"column":12},"end":{"line":665,"column":20}},"258":{"start":{"line":667,"column":8},"end":{"line":667,"column":42}},"259":{"start":{"line":668,"column":8},"end":{"line":668,"column":98}},"260":{"start":{"line":672,"column":8},"end":{"line":672,"column":62}},"261":{"start":{"line":673,"column":8},"end":{"line":673,"column":29221}},"262":{"start":{"line":674,"column":12},"end":{"line":674,"column":20}},"263":{"start":{"line":676,"column":8},"end":{"line":676,"column":42}},"264":{"start":{"line":677,"column":8},"end":{"line":677,"column":89}},"265":{"start":{"line":681,"column":8},"end":{"line":681,"column":47}},"266":{"start":{"line":682,"column":8},"end":{"line":682,"column":28}},"267":{"start":{"line":683,"column":8},"end":{"line":683,"column":51}},"268":{"start":{"line":687,"column":8},"end":{"line":687,"column":47}},"269":{"start":{"line":688,"column":8},"end":{"line":688,"column":28}},"270":{"start":{"line":689,"column":8},"end":{"line":689,"column":63}},"271":{"start":{"line":693,"column":8},"end":{"line":693,"column":47}},"272":{"start":{"line":694,"column":8},"end":{"line":694,"column":28}},"273":{"start":{"line":695,"column":8},"end":{"line":695,"column":74}},"274":{"start":{"line":699,"column":8},"end":{"line":699,"column":47}},"275":{"start":{"line":700,"column":8},"end":{"line":700,"column":28}},"276":{"start":{"line":701,"column":8},"end":{"line":701,"column":62}},"277":{"start":{"line":705,"column":8},"end":{"line":705,"column":47}},"278":{"start":{"line":706,"column":8},"end":{"line":706,"column":28}},"279":{"start":{"line":707,"column":8},"end":{"line":707,"column":28}},"280":{"start":{"line":708,"column":8},"end":{"line":708,"column":51}},"281":{"start":{"line":712,"column":8},"end":{"line":712,"column":47}},"282":{"start":{"line":713,"column":8},"end":{"line":713,"column":28}},"283":{"start":{"line":714,"column":8},"end":{"line":714,"column":28}},"284":{"start":{"line":715,"column":8},"end":{"line":715,"column":63}},"285":{"start":{"line":719,"column":8},"end":{"line":719,"column":47}},"286":{"start":{"line":720,"column":8},"end":{"line":720,"column":28}},"287":{"start":{"line":721,"column":8},"end":{"line":721,"column":28}},"288":{"start":{"line":722,"column":8},"end":{"line":722,"column":74}},"289":{"start":{"line":726,"column":8},"end":{"line":726,"column":47}},"290":{"start":{"line":727,"column":8},"end":{"line":727,"column":28}},"291":{"start":{"line":728,"column":8},"end":{"line":728,"column":28}},"292":{"start":{"line":729,"column":8},"end":{"line":729,"column":62}},"293":{"start":{"line":733,"column":8},"end":{"line":733,"column":47}},"294":{"start":{"line":734,"column":8},"end":{"line":734,"column":28}},"295":{"start":{"line":735,"column":8},"end":{"line":735,"column":28}},"296":{"start":{"line":736,"column":8},"end":{"line":736,"column":28}},"297":{"start":{"line":737,"column":8},"end":{"line":737,"column":51}},"298":{"start":{"line":741,"column":8},"end":{"line":741,"column":47}},"299":{"start":{"line":742,"column":8},"end":{"line":742,"column":28}},"300":{"start":{"line":743,"column":8},"end":{"line":743,"column":28}},"301":{"start":{"line":744,"column":8},"end":{"line":744,"column":28}},"302":{"start":{"line":745,"column":8},"end":{"line":745,"column":63}},"303":{"start":{"line":749,"column":8},"end":{"line":749,"column":47}},"304":{"start":{"line":750,"column":8},"end":{"line":750,"column":28}},"305":{"start":{"line":751,"column":8},"end":{"line":751,"column":28}},"306":{"start":{"line":752,"column":8},"end":{"line":752,"column":28}},"307":{"start":{"line":753,"column":8},"end":{"line":753,"column":74}},"308":{"start":{"line":757,"column":8},"end":{"line":757,"column":47}},"309":{"start":{"line":758,"column":8},"end":{"line":758,"column":28}},"310":{"start":{"line":759,"column":8},"end":{"line":759,"column":28}},"311":{"start":{"line":760,"column":8},"end":{"line":760,"column":28}},"312":{"start":{"line":761,"column":8},"end":{"line":761,"column":62}},"313":{"start":{"line":765,"column":8},"end":{"line":765,"column":47}},"314":{"start":{"line":766,"column":8},"end":{"line":766,"column":28}},"315":{"start":{"line":767,"column":8},"end":{"line":767,"column":28}},"316":{"start":{"line":768,"column":8},"end":{"line":768,"column":28}},"317":{"start":{"line":769,"column":8},"end":{"line":769,"column":28}},"318":{"start":{"line":770,"column":8},"end":{"line":770,"column":51}},"319":{"start":{"line":774,"column":8},"end":{"line":774,"column":47}},"320":{"start":{"line":775,"column":8},"end":{"line":775,"column":28}},"321":{"start":{"line":776,"column":8},"end":{"line":776,"column":28}},"322":{"start":{"line":777,"column":8},"end":{"line":777,"column":28}},"323":{"start":{"line":778,"column":8},"end":{"line":778,"column":28}},"324":{"start":{"line":779,"column":8},"end":{"line":779,"column":63}},"325":{"start":{"line":783,"column":8},"end":{"line":783,"column":47}},"326":{"start":{"line":784,"column":8},"end":{"line":784,"column":28}},"327":{"start":{"line":785,"column":8},"end":{"line":785,"column":28}},"328":{"start":{"line":786,"column":8},"end":{"line":786,"column":28}},"329":{"start":{"line":787,"column":8},"end":{"line":787,"column":28}},"330":{"start":{"line":788,"column":8},"end":{"line":788,"column":74}},"331":{"start":{"line":792,"column":8},"end":{"line":792,"column":47}},"332":{"start":{"line":793,"column":8},"end":{"line":793,"column":28}},"333":{"start":{"line":794,"column":8},"end":{"line":794,"column":28}},"334":{"start":{"line":795,"column":8},"end":{"line":795,"column":28}},"335":{"start":{"line":796,"column":8},"end":{"line":796,"column":28}},"336":{"start":{"line":797,"column":8},"end":{"line":797,"column":62}},"337":{"start":{"line":801,"column":8},"end":{"line":801,"column":47}},"338":{"start":{"line":802,"column":8},"end":{"line":802,"column":28}},"339":{"start":{"line":803,"column":8},"end":{"line":803,"column":28}},"340":{"start":{"line":804,"column":8},"end":{"line":804,"column":28}},"341":{"start":{"line":805,"column":8},"end":{"line":805,"column":28}},"342":{"start":{"line":806,"column":8},"end":{"line":806,"column":28}},"343":{"start":{"line":807,"column":8},"end":{"line":807,"column":51}},"344":{"start":{"line":811,"column":8},"end":{"line":811,"column":47}},"345":{"start":{"line":812,"column":8},"end":{"line":812,"column":28}},"346":{"start":{"line":813,"column":8},"end":{"line":813,"column":28}},"347":{"start":{"line":814,"column":8},"end":{"line":814,"column":28}},"348":{"start":{"line":815,"column":8},"end":{"line":815,"column":28}},"349":{"start":{"line":816,"column":8},"end":{"line":816,"column":28}},"350":{"start":{"line":817,"column":8},"end":{"line":817,"column":63}},"351":{"start":{"line":821,"column":8},"end":{"line":821,"column":47}},"352":{"start":{"line":822,"column":8},"end":{"line":822,"column":28}},"353":{"start":{"line":823,"column":8},"end":{"line":823,"column":28}},"354":{"start":{"line":824,"column":8},"end":{"line":824,"column":28}},"355":{"start":{"line":825,"column":8},"end":{"line":825,"column":28}},"356":{"start":{"line":826,"column":8},"end":{"line":826,"column":28}},"357":{"start":{"line":827,"column":8},"end":{"line":827,"column":74}},"358":{"start":{"line":831,"column":8},"end":{"line":831,"column":47}},"359":{"start":{"line":832,"column":8},"end":{"line":832,"column":28}},"360":{"start":{"line":833,"column":8},"end":{"line":833,"column":28}},"361":{"start":{"line":834,"column":8},"end":{"line":834,"column":28}},"362":{"start":{"line":835,"column":8},"end":{"line":835,"column":28}},"363":{"start":{"line":836,"column":8},"end":{"line":836,"column":28}},"364":{"start":{"line":837,"column":8},"end":{"line":837,"column":62}},"365":{"start":{"line":841,"column":8},"end":{"line":841,"column":45}},"366":{"start":{"line":846,"column":8},"end":{"line":846,"column":35}},"367":{"start":{"line":856,"column":8},"end":{"line":856,"column":52}},"368":{"start":{"line":860,"column":8},"end":{"line":860,"column":55}},"369":{"start":{"line":864,"column":8},"end":{"line":864,"column":36}},"370":{"start":{"line":865,"column":8},"end":{"line":865,"column":25}},"371":{"start":{"line":866,"column":8},"end":{"line":866,"column":18}},"372":{"start":{"line":867,"column":8},"end":{"line":867,"column":18}},"373":{"start":{"line":868,"column":8},"end":{"line":868,"column":37461}},"374":{"start":{"line":869,"column":12},"end":{"line":869,"column":23}},"375":{"start":{"line":870,"column":12},"end":{"line":870,"column":38}},"376":{"start":{"line":871,"column":12},"end":{"line":871,"column":42}},"377":{"start":{"line":872,"column":12},"end":{"line":872,"column":37632}},"378":{"start":{"line":873,"column":16},"end":{"line":873,"column":23}},"379":{"start":{"line":874,"column":19},"end":{"line":874,"column":37710}},"380":{"start":{"line":875,"column":16},"end":{"line":875,"column":23}},"381":{"start":{"line":876,"column":19},"end":{"line":876,"column":37787}},"382":{"start":{"line":877,"column":16},"end":{"line":877,"column":23}},"383":{"start":{"line":879,"column":12},"end":{"line":879,"column":37871}},"384":{"start":{"line":880,"column":16},"end":{"line":880,"column":23}},"385":{"start":{"line":881,"column":19},"end":{"line":881,"column":37949}},"386":{"start":{"line":882,"column":16},"end":{"line":882,"column":23}},"387":{"start":{"line":883,"column":19},"end":{"line":883,"column":38026}},"388":{"start":{"line":884,"column":16},"end":{"line":884,"column":23}},"389":{"start":{"line":886,"column":12},"end":{"line":886,"column":34}},"390":{"start":{"line":888,"column":8},"end":{"line":888,"column":29}},"391":{"start":{"line":892,"column":8},"end":{"line":892,"column":34}},"392":{"start":{"line":893,"column":8},"end":{"line":893,"column":34}},"393":{"start":{"line":894,"column":8},"end":{"line":894,"column":33}},"394":{"start":{"line":895,"column":8},"end":{"line":895,"column":38396}},"395":{"start":{"line":896,"column":12},"end":{"line":896,"column":31}},"396":{"start":{"line":898,"column":8},"end":{"line":898,"column":38476}},"397":{"start":{"line":899,"column":12},"end":{"line":899,"column":38532}},"398":{"start":{"line":900,"column":16},"end":{"line":900,"column":25}},"399":{"start":{"line":901,"column":19},"end":{"line":901,"column":38597}},"400":{"start":{"line":902,"column":16},"end":{"line":902,"column":24}},"401":{"start":{"line":905,"column":8},"end":{"line":905,"column":38670}},"402":{"start":{"line":906,"column":12},"end":{"line":906,"column":21}},"403":{"start":{"line":907,"column":15},"end":{"line":907,"column":38735}},"404":{"start":{"line":908,"column":12},"end":{"line":908,"column":20}},"405":{"start":{"line":910,"column":12},"end":{"line":910,"column":20}},"406":{"start":{"line":915,"column":8},"end":{"line":915,"column":41}},"407":{"start":{"line":916,"column":8},"end":{"line":916,"column":39}},"408":{"start":{"line":917,"column":8},"end":{"line":917,"column":39043}},"409":{"start":{"line":918,"column":12},"end":{"line":918,"column":21}},"410":{"start":{"line":919,"column":15},"end":{"line":919,"column":39142}},"411":{"start":{"line":920,"column":12},"end":{"line":920,"column":21}},"412":{"start":{"line":922,"column":12},"end":{"line":922,"column":29}},"413":{"start":{"line":923,"column":12},"end":{"line":923,"column":39262}},"414":{"start":{"line":924,"column":16},"end":{"line":924,"column":39320}},"415":{"start":{"line":925,"column":20},"end":{"line":925,"column":31}},"416":{"start":{"line":926,"column":20},"end":{"line":926,"column":39398}},"417":{"start":{"line":929,"column":20},"end":{"line":929,"column":39568}},"418":{"start":{"line":930,"column":24},"end":{"line":930,"column":37}},"419":{"start":{"line":934,"column":12},"end":{"line":934,"column":21}},"420":{"start":{"line":939,"column":8},"end":{"line":939,"column":44}},"421":{"start":{"line":943,"column":8},"end":{"line":943,"column":44}},"422":{"start":{"line":947,"column":8},"end":{"line":947,"column":44}},"423":{"start":{"line":951,"column":8},"end":{"line":951,"column":36}},"424":{"start":{"line":952,"column":8},"end":{"line":952,"column":36}},"425":{"start":{"line":953,"column":8},"end":{"line":953,"column":36}},"426":{"start":{"line":954,"column":8},"end":{"line":954,"column":36}},"427":{"start":{"line":955,"column":8},"end":{"line":955,"column":36}},"428":{"start":{"line":956,"column":8},"end":{"line":956,"column":104}},"429":{"start":{"line":957,"column":8},"end":{"line":957,"column":42}},"430":{"start":{"line":958,"column":8},"end":{"line":958,"column":18}},"431":{"start":{"line":959,"column":8},"end":{"line":959,"column":18}},"432":{"start":{"line":960,"column":8},"end":{"line":960,"column":40848}},"433":{"start":{"line":961,"column":12},"end":{"line":961,"column":31}},"434":{"start":{"line":963,"column":8},"end":{"line":963,"column":40935}},"435":{"start":{"line":964,"column":12},"end":{"line":964,"column":31}},"436":{"start":{"line":966,"column":8},"end":{"line":966,"column":41022}},"437":{"start":{"line":967,"column":12},"end":{"line":967,"column":31}},"438":{"start":{"line":969,"column":8},"end":{"line":969,"column":41109}},"439":{"start":{"line":970,"column":12},"end":{"line":970,"column":31}},"440":{"start":{"line":972,"column":8},"end":{"line":972,"column":41196}},"441":{"start":{"line":973,"column":12},"end":{"line":973,"column":31}},"442":{"start":{"line":975,"column":8},"end":{"line":975,"column":29}},"443":{"start":{"line":979,"column":8},"end":{"line":979,"column":34}},"444":{"start":{"line":983,"column":8},"end":{"line":983,"column":40}},"445":{"start":{"line":984,"column":8},"end":{"line":984,"column":21}},"446":{"start":{"line":985,"column":8},"end":{"line":985,"column":29}},"447":{"start":{"line":986,"column":8},"end":{"line":986,"column":41641}},"448":{"start":{"line":987,"column":12},"end":{"line":987,"column":41701}},"449":{"start":{"line":988,"column":16},"end":{"line":988,"column":41795}},"450":{"start":{"line":989,"column":19},"end":{"line":989,"column":41843}},"451":{"start":{"line":992,"column":16},"end":{"line":992,"column":25}},"452":{"start":{"line":993,"column":16},"end":{"line":993,"column":51}},"453":{"start":{"line":994,"column":19},"end":{"line":994,"column":41996}},"454":{"start":{"line":995,"column":16},"end":{"line":995,"column":81}},"455":{"start":{"line":996,"column":16},"end":{"line":996,"column":30}},"456":{"start":{"line":998,"column":16},"end":{"line":998,"column":69}},"457":{"start":{"line":1001,"column":8},"end":{"line":1001,"column":42271}},"458":{"start":{"line":1002,"column":12},"end":{"line":1002,"column":27}},"459":{"start":{"line":1004,"column":8},"end":{"line":1004,"column":19}},"460":{"start":{"line":1008,"column":8},"end":{"line":1008,"column":30}},"461":{"start":{"line":1012,"column":8},"end":{"line":1012,"column":40}},"462":{"start":{"line":1013,"column":8},"end":{"line":1013,"column":21}},"463":{"start":{"line":1014,"column":8},"end":{"line":1014,"column":29}},"464":{"start":{"line":1015,"column":8},"end":{"line":1015,"column":42669}},"465":{"start":{"line":1016,"column":12},"end":{"line":1016,"column":42729}},"466":{"start":{"line":1017,"column":16},"end":{"line":1017,"column":42823}},"467":{"start":{"line":1018,"column":19},"end":{"line":1018,"column":42861}},"468":{"start":{"line":1024,"column":16},"end":{"line":1024,"column":25}},"469":{"start":{"line":1025,"column":16},"end":{"line":1025,"column":51}},"470":{"start":{"line":1026,"column":19},"end":{"line":1026,"column":43096}},"471":{"start":{"line":1027,"column":16},"end":{"line":1027,"column":30}},"472":{"start":{"line":1030,"column":8},"end":{"line":1030,"column":43194}},"473":{"start":{"line":1031,"column":12},"end":{"line":1031,"column":27}},"474":{"start":{"line":1033,"column":8},"end":{"line":1033,"column":19}},"475":{"start":{"line":1037,"column":8},"end":{"line":1037,"column":43369}},"476":{"start":{"line":1038,"column":12},"end":{"line":1038,"column":22}},"477":{"start":{"line":1040,"column":8},"end":{"line":1040,"column":19}},"478":{"start":{"line":1041,"column":8},"end":{"line":1041,"column":16}},"479":{"start":{"line":1042,"column":8},"end":{"line":1042,"column":43465}},"480":{"start":{"line":1044,"column":12},"end":{"line":1044,"column":18}},"481":{"start":{"line":1046,"column":8},"end":{"line":1046,"column":42}},"482":{"start":{"line":1047,"column":8},"end":{"line":1047,"column":24}},"483":{"start":{"line":1048,"column":8},"end":{"line":1048,"column":43610}},"484":{"start":{"line":1049,"column":12},"end":{"line":1049,"column":48}},"485":{"start":{"line":1050,"column":12},"end":{"line":1050,"column":19}},"486":{"start":{"line":1052,"column":8},"end":{"line":1052,"column":27}},"487":{"start":{"line":1056,"column":8},"end":{"line":1056,"column":26}},"488":{"start":{"line":1057,"column":8},"end":{"line":1057,"column":32}},"489":{"start":{"line":1058,"column":8},"end":{"line":1058,"column":29}},"490":{"start":{"line":1059,"column":8},"end":{"line":1059,"column":23}},"491":{"start":{"line":1060,"column":8},"end":{"line":1060,"column":43974}},"492":{"start":{"line":1061,"column":12},"end":{"line":1061,"column":36}},"493":{"start":{"line":1063,"column":8},"end":{"line":1063,"column":24}},"494":{"start":{"line":1064,"column":8},"end":{"line":1064,"column":22}},"495":{"start":{"line":1068,"column":8},"end":{"line":1068,"column":26}},"496":{"start":{"line":1069,"column":8},"end":{"line":1069,"column":32}},"497":{"start":{"line":1070,"column":8},"end":{"line":1070,"column":29}},"498":{"start":{"line":1071,"column":8},"end":{"line":1071,"column":23}},"499":{"start":{"line":1072,"column":8},"end":{"line":1072,"column":44346}},"500":{"start":{"line":1073,"column":12},"end":{"line":1073,"column":35}},"501":{"start":{"line":1075,"column":8},"end":{"line":1075,"column":24}},"502":{"start":{"line":1076,"column":8},"end":{"line":1076,"column":22}},"503":{"start":{"line":1080,"column":8},"end":{"line":1080,"column":48}},"504":{"start":{"line":1081,"column":8},"end":{"line":1081,"column":19}},"505":{"start":{"line":1082,"column":8},"end":{"line":1082,"column":42}},"506":{"start":{"line":1083,"column":8},"end":{"line":1083,"column":39}},"507":{"start":{"line":1084,"column":8},"end":{"line":1084,"column":43}},"508":{"start":{"line":1085,"column":8},"end":{"line":1085,"column":51}},"509":{"start":{"line":1086,"column":8},"end":{"line":1086,"column":81}},"510":{"start":{"line
[...]
ne":225,"column":73}}},"13":{"name":"_fromJacobian","line":238,"loc":{"start":{"line":238,"column":4},"end":{"line":245,"column":7}}},"14":{"name":"_ECTwistAddJacobian","line":253,"loc":{"start":{"line":253,"column":4},"end":{"line":259,"column":85}}},"15":{"name":"_ECTwistDoubleJacobian","line":329,"loc":{"start":{"line":329,"column":4},"end":{"line":337,"column":7}}},"16":{"name":"_ECTwistMulJacobian","line":360,"loc":{"start":{"line":360,"column":4},"end":{"line":365,"column":52}}},"17":{"name":"P1","line":411,"loc":{"start":{"line":411,"column":4},"end":{"line":411,"column":54}}},"18":{"name":"P2","line":415,"loc":{"start":{"line":415,"column":4},"end":{"line":415,"column":54}}},"19":{"name":"negate","line":424,"loc":{"start":{"line":424,"column":4},"end":{"line":424,"column":74}}},"20":{"name":"addition","line":432,"loc":{"start":{"line":432,"column":4},"end":{"line":432,"column":93}}},"21":{"name":"addition","line":447,"loc":{"start":{"line":447,"column":4},"end":{"line":447,"column":98}}},"22":{"name":"scalar_mul","line":452,"loc":{"start":{"line":452,"column":4},"end":{"line":452,"column":83}}},"23":{"name":"pairing","line":469,"loc":{"start":{"line":469,"column":4},"end":{"line":469,"column":84}}},"24":{"name":"pairingProd2","line":494,"loc":{"start":{"line":494,"column":4},"end":{"line":494,"column":123}}},"25":{"name":"pairingProd3","line":504,"loc":{"start":{"line":504,"column":4},"end":{"line":508,"column":31}}},"26":{"name":"pairingProd4","line":520,"loc":{"start":{"line":520,"column":4},"end":{"line":525,"column":31}}},"27":{"name":"verifyingKey","line":554,"loc":{"start":{"line":554,"column":4},"end":{"line":554,"column":72}}},"28":{"name":"verify","line":564,"loc":{"start":{"line":564,"column":4},"end":{"line":564,"column":82}}},"29":{"name":"verifyTx","line":580,"loc":{"start":{"line":580,"column":4},"end":{"line":585,"column":35}}}},"statementMap":{"1":{"start":{"line":39,"column":8},"end":{"line":39,"column":1499}},"2":{"start":{"line":43,"column":12},"end":{"line":43,"column":1609}},"3":{"start":{"line":47,"column":16},"end":{"line":47,"column":1739}},"4":{"start":{"line":52,"column":12},"end":{"line":52,"column":1867}},"5":{"start":{"line":56,"column":15},"end":{"line":56,"column":1960}},"6":{"start":{"line":60,"column":12},"end":{"line":60,"column":2071}},"7":{"start":{"line":64,"column":12},"end":{"line":64,"column":2177}},"8":{"start":{"line":70,"column":8},"end":{"line":70,"column":2275}},"9":{"start":{"line":74,"column":8},"end":{"line":74,"column":2365}},"10":{"start":{"line":79,"column":8},"end":{"line":79,"column":2456}},"11":{"start":{"line":88,"column":8},"end":{"line":88,"column":2668}},"12":{"start":{"line":112,"column":8},"end":{"line":112,"column":25}},"13":{"start":{"line":113,"column":8},"end":{"line":113,"column":3357}},"14":{"start":{"line":117,"column":12},"end":{"line":117,"column":20}},"15":{"start":{"line":118,"column":12},"end":{"line":118,"column":20}},"16":{"start":{"line":119,"column":12},"end":{"line":119,"column":20}},"17":{"start":{"line":121,"column":12},"end":{"line":121,"column":3554}},"18":{"start":{"line":127,"column":8},"end":{"line":127,"column":3663}},"19":{"start":{"line":134,"column":8},"end":{"line":134,"column":3816}},"20":{"start":{"line":146,"column":8},"end":{"line":146,"column":28}},"21":{"start":{"line":150,"column":8},"end":{"line":150,"column":34}},"22":{"start":{"line":157,"column":8},"end":{"line":157,"column":4414}},"23":{"start":{"line":167,"column":8},"end":{"line":167,"column":4762}},"24":{"start":{"line":177,"column":8},"end":{"line":177,"column":5013}},"25":{"start":{"line":187,"column":8},"end":{"line":187,"column":5272}},"26":{"start":{"line":197,"column":8},"end":{"line":197,"column":33}},"27":{"start":{"line":198,"column":8},"end":{"line":198,"column":38}},"28":{"start":{"line":202,"column":8},"end":{"line":202,"column":125}},"29":{"start":{"line":203,"column":8},"end":{"line":203,"column":5820}},"30":{"start":{"line":213,"column":8},"end":{"line":213,"column":19}},"31":{"start":{"line":214,"column":8},"end":{"line":214,"column":19}},"32":{"start":{"line":215,"column":8},"end":{"line":215,"column":20}},"33":{"start":{"line":216,"column":8},"end":{"line":216,"column":20}},"34":{"start":{"line":217,"column":8},"end":{"line":217,"column":43}},"35":{"start":{"line":218,"column":8},"end":{"line":218,"column":45}},"36":{"start":{"line":219,"column":8},"end":{"line":219,"column":49}},"37":{"start":{"line":220,"column":8},"end":{"line":220,"column":49}},"38":{"start":{"line":221,"column":8},"end":{"line":221,"column":55}},"39":{"start":{"line":222,"column":8},"end":{"line":222,"column":35}},"40":{"start":{"line":226,"column":8},"end":{"line":226,"column":12}},"41":{"start":{"line":227,"column":8},"end":{"line":227,"column":24}},"42":{"start":{"line":228,"column":8},"end":{"line":228,"column":21}},"43":{"start":{"line":229,"column":8},"end":{"line":229,"column":24}},"44":{"start":{"line":230,"column":8},"end":{"line":230,"column":17}},"45":{"start":{"line":231,"column":8},"end":{"line":231,"column":6653}},"46":{"start":{"line":232,"column":12},"end":{"line":232,"column":23}},"47":{"start":{"line":233,"column":12},"end":{"line":233,"column":63}},"48":{"start":{"line":234,"column":12},"end":{"line":234,"column":43}},"49":{"start":{"line":246,"column":8},"end":{"line":246,"column":21}},"50":{"start":{"line":247,"column":8},"end":{"line":247,"column":21}},"51":{"start":{"line":248,"column":8},"end":{"line":248,"column":45}},"52":{"start":{"line":249,"column":8},"end":{"line":249,"column":59}},"53":{"start":{"line":250,"column":8},"end":{"line":250,"column":59}},"54":{"start":{"line":260,"column":12},"end":{"line":260,"column":7633}},"55":{"start":{"line":261,"column":16},"end":{"line":261,"column":7685}},"56":{"start":{"line":270,"column":16},"end":{"line":270,"column":26}},"57":{"start":{"line":271,"column":19},"end":{"line":271,"column":7997}},"58":{"start":{"line":272,"column":16},"end":{"line":272,"column":8049}},"59":{"start":{"line":281,"column":16},"end":{"line":281,"column":26}},"60":{"start":{"line":284,"column":12},"end":{"line":284,"column":71}},"61":{"start":{"line":285,"column":12},"end":{"line":285,"column":71}},"62":{"start":{"line":286,"column":12},"end":{"line":286,"column":71}},"63":{"start":{"line":287,"column":12},"end":{"line":287,"column":71}},"64":{"start":{"line":289,"column":12},"end":{"line":289,"column":8730}},"65":{"start":{"line":290,"column":16},"end":{"line":290,"column":8798}},"66":{"start":{"line":291,"column":20},"end":{"line":291,"column":8937}},"67":{"start":{"line":296,"column":20},"end":{"line":296,"column":30}},"68":{"start":{"line":298,"column":16},"end":{"line":298,"column":9161}},"69":{"start":{"line":307,"column":16},"end":{"line":307,"column":26}},"70":{"start":{"line":310,"column":12},"end":{"line":310,"column":75}},"71":{"start":{"line":311,"column":12},"end":{"line":311,"column":79}},"72":{"start":{"line":312,"column":12},"end":{"line":312,"column":79}},"73":{"start":{"line":313,"column":12},"end":{"line":313,"column":75}},"74":{"start":{"line":314,"column":12},"end":{"line":314,"column":79}},"75":{"start":{"line":315,"column":12},"end":{"line":315,"column":75}},"76":{"start":{"line":316,"column":12},"end":{"line":316,"column":75}},"77":{"start":{"line":317,"column":12},"end":{"line":317,"column":75}},"78":{"start":{"line":318,"column":12},"end":{"line":318,"column":75}},"79":{"start":{"line":319,"column":12},"end":{"line":319,"column":75}},"80":{"start":{"line":320,"column":12},"end":{"line":320,"column":60}},"81":{"start":{"line":321,"column":12},"end":{"line":321,"column":75}},"82":{"start":{"line":322,"column":12},"end":{"line":322,"column":75}},"83":{"start":{"line":323,"column":12},"end":{"line":323,"column":75}},"84":{"start":{"line":324,"column":12},"end":{"line":324,"column":75}},"85":{"start":{"line":325,"column":12},"end":{"line":325,"column":79}},"86":{"start":{"line":326,"column":12},"end":{"line":326,"column":75}},"87":{"start":{"line":338,"column":8},"end":{"line":338,"column":48}},"88":{"start":{"line":339,"column":8},"end":{"line":339,"column":59}},"89":{"start":{"line":340,"column":8},"end":{"line":340,"column":59}},"90":{"start":{"line":341,"column":8},"end":{"line":341,"column":59}},"91":{"start":{"line":342,"column":8},"end":{"line":342,"column":59}},"92":{"start":{"line":343,"column":8},"end":{"line":343,"column":59}},"93":{"start":{"line":344,"column":8},"end":{"line":344,"column":48}},"94":{"start":{"line":345,"column":8},"end":{"line":345,"column":59}},"95":{"start":{"line":346,"column":8},"end":{"line":346,"column":59}},"96":{"start":{"line":347,"column":8},"end":{"line":347,"column":48}},"97":{"start":{"line":348,"column":8},"end":{"line":348,"column":59}},"98":{"start":{"line":349,"column":8},"end":{"line":349,"column":59}},"99":{"start":{"line":350,"column":8},"end":{"line":350,"column":48}},"100":{"start":{"line":351,"column":8},"end":{"line":351,"column":59}},"101":{"start":{"line":352,"column":8},"end":{"line":352,"column":59}},"102":{"start":{"line":353,"column":8},"end":{"line":353,"column":59}},"103":{"start":{"line":354,"column":8},"end":{"line":354,"column":48}},"104":{"start":{"line":355,"column":8},"end":{"line":355,"column":59}},"105":{"start":{"line":356,"column":8},"end":{"line":356,"column":59}},"106":{"start":{"line":357,"column":8},"end":{"line":357,"column":48}},"107":{"start":{"line":366,"column":8},"end":{"line":366,"column":13374}},"108":{"start":{"line":367,"column":12},"end":{"line":367,"column":13407}},"109":{"start":{"line":368,"column":16},"end":{"line":368,"column":13463}},"110":{"start":{"line":376,"column":12},"end":{"line":376,"column":13725}},"111":{"start":{"line":386,"column":12},"end":{"line":386,"column":20}},"112":{"start":{"line":412,"column":8},"end":{"line":412,"column":28}},"113":{"start":{"line":416,"column":8},"end":{"line":416,"column":15560}},"114":{"start":{"line":426,"column":8},"end":{"line":426,"column":94}},"115":{"start":{"line":427,"column":8},"end":{"line":427,"column":16297}},"116":{"start":{"line":428,"column":12},"end":{"line":428,"column":32}},"117":{"start":{"line":429,"column":8},"end":{"line":429,"column":42}},"118":{"start":{"line":433,"column":8},"end":{"line":433,"column":28}},"119":{"start":{"line":434,"column":8},"end":{"line":434,"column":22}},"120":{"start":{"line":435,"column":8},"end":{"line":435,"column":22}},"121":{"start":{"line":436,"column":8},"end":{"line":436,"column":22}},"122":{"start":{"line":437,"column":8},"end":{"line":437,"column":22}},"123":{"start":{"line":438,"column":8},"end":{"line":438,"column":20}},"124":{"start":{"line":444,"column":8},"end":{"line":444,"column":23}},"125":{"start":{"line":448,"column":8},"end":{"line":448,"column":125}},"126":{"start":{"line":453,"column":8},"end":{"line":453,"column":28}},"127":{"start":{"line":454,"column":8},"end":{"line":454,"column":21}},"128":{"start":{"line":455,"column":8},"end":{"line":455,"column":21}},"129":{"start":{"line":456,"column":8},"end":{"line":456,"column":19}},"130":{"start":{"line":457,"column":8},"end":{"line":457,"column":20}},"131":{"start":{"line":463,"column":8},"end":{"line":463,"column":24}},"132":{"start":{"line":470,"column":8},"end":{"line":470,"column":38}},"133":{"start":{"line":471,"column":8},"end":{"line":471,"column":33}},"134":{"start":{"line":472,"column":8},"end":{"line":472,"column":37}},"135":{"start":{"line":473,"column":8},"end":{"line":473,"column":51}},"136":{"start":{"line":474,"column":8},"end":{"line":474,"column":18264}},"137":{"start":{"line":476,"column":12},"end":{"line":476,"column":37}},"138":{"start":{"line":477,"column":12},"end":{"line":477,"column":37}},"139":{"start":{"line":478,"column":12},"end":{"line":478,"column":40}},"140":{"start":{"line":479,"column":12},"end":{"line":479,"column":40}},"141":{"start":{"line":480,"column":12},"end":{"line":480,"column":40}},"142":{"start":{"line":481,"column":12},"end":{"line":481,"column":40}},"143":{"start":{"line":483,"column":8},"end":{"line":483,"column":26}},"144":{"start":{"line":484,"column":8},"end":{"line":484,"column":20}},"145":{"start":{"line":490,"column":8},"end":{"line":490,"column":23}},"146":{"start":{"line":491,"column":8},"end":{"line":491,"column":26}},"147":{"start":{"line":495,"column":8},"end":{"line":495,"column":46}},"148":{"start":{"line":496,"column":8},"end":{"line":496,"column":46}},"149":{"start":{"line":497,"column":8},"end":{"line":497,"column":17}},"150":{"start":{"line":498,"column":8},"end":{"line":498,"column":17}},"151":{"start":{"line":499,"column":8},"end":{"line":499,"column":17}},"152":{"start":{"line":500,"column":8},"end":{"line":500,"column":17}},"153":{"start":{"line":501,"column":8},"end":{"line":501,"column":30}},"154":{"start":{"line":509,"column":8},"end":{"line":509,"column":46}},"155":{"start":{"line":510,"column":8},"end":{"line":510,"column":46}},"156":{"start":{"line":511,"column":8},"end":{"line":511,"column":17}},"157":{"start":{"line":512,"column":8},"end":{"line":512,"column":17}},"158":{"start":{"line":513,"column":8},"end":{"line":513,"column":17}},"159":{"start":{"line":514,"column":8},"end":{"line":514,"column":17}},"160":{"start":{"line":515,"column":8},"end":{"line":515,"column":17}},"161":{"start":{"line":516,"column":8},"end":{"line":516,"column":17}},"162":{"start":{"line":517,"column":8},"end":{"line":517,"column":30}},"163":{"start":{"line":526,"column":8},"end":{"line":526,"column":46}},"164":{"start":{"line":527,"column":8},"end":{"line":527,"column":46}},"165":{"start":{"line":528,"column":8},"end":{"line":528,"column":17}},"166":{"start":{"line":529,"column":8},"end":{"line":529,"column":17}},"167":{"start":{"line":530,"column":8},"end":{"line":530,"column":17}},"168":{"start":{"line":531,"column":8},"end":{"line":531,"column":17}},"169":{"start":{"line":532,"column":8},"end":{"line":532,"column":17}},"170":{"start":{"line":533,"column":8},"end":{"line":533,"column":17}},"171":{"start":{"line":534,"column":8},"end":{"line":534,"column":17}},"172":{"start":{"line":535,"column":8},"end":{"line":535,"column":17}},"173":{"start":{"line":536,"column":8},"end":{"line":536,"column":30}},"174":{"start":{"line":555,"column":8},"end":{"line":555,"column":183}},"175":{"start":{"line":556,"column":8},"end":{"line":556,"column":341}},"176":{"start":{"line":557,"column":8},"end":{"line":557,"column":345}},"177":{"start":{"line":558,"column":8},"end":{"line":558,"column":345}},"178":{"start":{"line":559,"column":8},"end":{"line":559,"column":45}},"179":{"start":{"line":560,"column":8},"end":{"line":560,"column":193}},"180":{"start":{"line":561,"column":8},"end":{"line":561,"column":193}},"181":{"start":{"line":562,"column":8},"end":{"line":562,"column":193}},"182":{"start":{"line":565,"column":8},"end":{"line":565,"column":47}},"183":{"start":{"line":566,"column":8},"end":{"line":566,"column":54}},"184":{"start":{"line":568,"column":8},"end":{"line":568,"column":59}},"185":{"start":{"line":569,"column":8},"end":{"line":569,"column":23137}},"186":{"start":{"line":570,"column":12},"end":{"line":570,"column":90}},"187":{"start":{"line":571,"column":8},"end":{"line":571,"column":52}},"188":{"start":{"line":572,"column":8},"end":{"line":572,"column":23292}},"189":{"start":{"line":576,"column":42},"end":{"line":576,"column":50}},"190":{"start":{"line":577,"column":8},"end":{"line":577,"column":16}},"191":{"start":{"line":586,"column":8},"end":{"line":586,"column":26}},"192":{"start":{"line":587,"column":8},"end":{"line":587,"column":44}},"193":{"start":{"line":588,"column":8},"end":{"line":588,"column":72}},"194":{"start":{"line":589,"column":8},"end":{"line":589,"column":44}},"195":{"start":{"line":590,"column":8},"end":{"line":590,"column":60}},"196":{"start":{"line":591,"column":8},"end":{"line":591,"column":23958}},"197":{"start":{"line":592,"column":12},"end":{"line":592,"column":36}},"198":{"start":{"line":594,"column":8},"end":{"line":594,"column":24055}},"199":{"start":{"line":595,"column":12},"end":{"line":595,"column":63}},"200":{"start":{"line":596,"column":12},"end":{"line":596,"column":23}},"201":{"start":{"line":598,"column":12},"end":{"line":598,"column":24}}},"branchMap":{"1":{"line":39,"type":"if","locations":[{"start":{"line":39,"column":8},"end":{"line":39,"column":8}},{"start":{"line":39,"column":8},"end":{"line":39,"column":8}}]},"2":{"line":43,"type":"if","locations":[{"start":{"line":43,"column":12},"end":{"line":43,"column":12}},{"start":{"line":43,"column":12},"end":{"line":43,"column":12}}]},"3":{"line":47,"type":"if","locations":[{"start":{"line":47,"column":16},"end":{"line":47,"column":16}},{"start":{"line":47,"column":16},"end":{"line":47,"column":16}}]},"4":{"line":56,"type":"if","locations":[{"start":{"line":56,"column":15},"end":{"line":56,"column":15}},{"start":{"line":56,"column":15},"end":{"line":56,"column":15}}]},"5":{"line":60,"type":"if","locations":[{"start":{"line":60,"column":12},"end":{"line":60,"column":12}},{"start":{"line":60,"column":12},"end":{"line":60,"column":12}}]},"6":{"line":70,"type":"if","locations":[{"start":{"line":70,"column":8},"end":{"line":70,"column":8}},{"start":{"line":70,"column":8},"end":{"line":70,"column":8}}]},"7":{"line":74,"type":"if","locations":[{"start":{"line":74,"column":8},"end":{"line":74,"column":8}},{"start":{"line":74,"column":8},"end":{"line":74,"column":8}}]},"8":{"line":113,"type":"if","locations":[{"start":{"line":113,"column":8},"end":{"line":113,"column":8}},{"start":{"line":113,"column":8},"end":{"line":113,"column":8}}]},"9":{"line":121,"type":"if","locations":[{"start":{"line":121,"column":12},"end":{"line":121,"column":12}},{"start":{"line":121,"column":12},"end":{"line":121,"column":12}}]},"10":{"line":260,"type":"if","locations":[{"start":{"line":260,"column":12},"end":{"line":260,"column":12}},{"start":{"line":260,"column":12},"end":{"line":260,"column":12}}]},"11":{"line":271,"type":"if","locations":[{"start":{"line":271,"column":19},"end":{"line":271,"column":19}},{"start":{"line":271,"column":19},"end":{"line":271,"column":19}}]},"12":{"line":289,"type":"if","locations":[{"start":{"line":289,"column":12},"end":{"line":289,"column":12}},{"start":{"line":289,"column":12},"end":{"line":289,"column":12}}]},"13":{"line":290,"type":"if","locations":[{"start":{"line":290,"column":16},"end":{"line":290,"column":16}},{"start":{"line":290,"column":16},"end":{"line":290,"column":16}}]},"14":{"line":367,"type":"if","locations":[{"start":{"line":367,"column":12},"end":{"line":367,"column":12}},{"start":{"line":367,"column":12},"end":{"line":367,"column":12}}]},"15":{"line":427,"type":"if","locations":[{"start":{"line":427,"column":8},"end":{"line":427,"column":8}},{"start":{"line":427,"column":8},"end":{"line":427,"column":8}}]},"16":{"line":444,"type":"if","locations":[{"start":{"line":444,"column":8},"end":{"line":444,"column":8}},{"start":{"line":444,"column":8},"end":{"line":444,"column":8}}]},"17":{"line":463,"type":"if","locations":[{"start":{"line":463,"column":8},"end":{"line":463,"column":8}},{"start":{"line":463,"column":8},"end":{"line":463,"column":8}}]},"18":{"line":470,"type":"if","locations":[{"start":{"line":470,"column":8},"end":{"line":470,"column":8}},{"start":{"line":470,"column":8},"end":{"line":470,"column":8}}]},"19":{"line":490,"type":"if","locations":[{"start":{"line":490,"column":8},"end":{"line":490,"column":8}},{"start":{"line":490,"column":8},"end":{"line":490,"column":8}}]},"20":{"line":566,"type":"if","locations":[{"start":{"line":566,"column":8},"end":{"line":566,"column":8}},{"start":{"line":566,"column":8},"end":{"line":566,"column":8}}]},"21":{"line":572,"type":"if","locations":[{"start":{"line":572,"column":8},"end":{"line":572,"column":8}},{"start":{"line":572,"column":8},"end":{"line":572,"column":8}}]},"22":{"line":594,"type":"if","locations":[{"start":{"line":594,"column":8},"end":{"line":594,"column":8}},{"start":{"line":594,"column":8},"end":{"line":594,"column":8}}]}}}}