npm run coverage
qui 12 nov 2020 03:59:20 -03
Truffle v5.0.27 (core: 5.0.27)
Solidity - 0.4.24 (solc-js)
Node v10.15.3
Web3.js v1.0.0-beta.37

> vvisp-klaytn-sample@1.0.0 coverage /home/fabianorodrigo/Projetos/bitbucket/solidity-test/workdir/vvisp-klaytn-sample
> scripts/coverage.sh

Starting our own ganache instance
Generating coverage environment
Running: node --max-old-space-size=4096 ../node_modules/.bin/truffle compile --network coverage
(this can take a few seconds)...

Compiling your contracts...
===========================
> Compiling ./contracts/IERC20.sol
> Compiling ./contracts/Migrations.sol
> Compiling ./contracts/MyERC20.sol
> Compiling ./contracts/SafeMath.sol
> Compiling ./contracts/proxy4tests/MyERC20.sol
> Compiling ./contracts/proxy4tests/SafeMath.sol

    > compilation warnings encountered:

/home/fabianorodrigo/Projetos/bitbucket/solidity-test/workdir/vvisp-klaytn-sample/coverageEnv/contracts/proxy4tests/MyERC20.sol:1:1: Warning: Source file does not specify required compiler version!Consider adding "pragma solidity ^0.4.24;"
import "../MyERC20.sol";
^ (Relevant source part starts here and spans across multiple lines).
,/home/fabianorodrigo/Projetos/bitbucket/solidity-test/workdir/vvisp-klaytn-sample/coverageEnv/contracts/proxy4tests/SafeMath.sol:1:1: Warning: Source file does not specify required compiler version!Consider adding "pragma solidity ^0.4.24;"
import "../SafeMath.sol";
^ (Relevant source part starts here and spans across multiple lines).

> Artifacts written to /home/fabianorodrigo/Projetos/bitbucket/solidity-test/workdir/vvisp-klaytn-sample/coverageEnv/build/contracts
> Compiled successfully using:
   - solc: 0.4.24+commit.e67f0147.Emscripten.clang

Instrumenting  ./coverageEnv/contracts/IERC20.sol
Skipping instrumentation of  ./coverageEnv/contracts/Migrations.sol
Instrumenting  ./coverageEnv/contracts/MyERC20.sol
Instrumenting  ./coverageEnv/contracts/proxy4tests/MyERC20.sol
Instrumenting  ./coverageEnv/contracts/proxy4tests/SafeMath.sol
Instrumenting  ./coverageEnv/contracts/SafeMath.sol
Running: node --max-old-space-size=4096 ../node_modules/.bin/truffle compile --network coverage
(this can take a few seconds)...

Compiling your contracts...
===========================
> Compiling ./contracts/IERC20.sol
> Compiling ./contracts/Migrations.sol
> Compiling ./contracts/MyERC20.sol
> Compiling ./contracts/SafeMath.sol
> Compiling ./contracts/proxy4tests/MyERC20.sol
> Compiling ./contracts/proxy4tests/SafeMath.sol

    > compilation warnings encountered:

/home/fabianorodrigo/Projetos/bitbucket/solidity-test/workdir/vvisp-klaytn-sample/coverageEnv/contracts/proxy4tests/MyERC20.sol:1:1: Warning: Source file does not specify required compiler version!Consider adding "pragma solidity ^0.4.24;"
import "../MyERC20.sol";
^ (Relevant source part starts here and spans across multiple lines).
,/home/fabianorodrigo/Projetos/bitbucket/solidity-test/workdir/vvisp-klaytn-sample/coverageEnv/contracts/proxy4tests/SafeMath.sol:1:1: Warning: Source file does not specify required compiler version!Consider adding "pragma solidity ^0.4.24;"
import "../SafeMath.sol";
^ (Relevant source part starts here and spans across multiple lines).

> Artifacts written to /home/fabianorodrigo/Projetos/bitbucket/solidity-test/workdir/vvisp-klaytn-sample/coverageEnv/build/contracts
> Compiled successfully using:
   - solc: 0.4.24+commit.e67f0147.Emscripten.clang

Running: node --max-old-space-size=4096 ../node_modules/.bin/truffle test --network coverage
(this can take a few seconds)...
Using network 'coverage'.


Compiling your contracts...
===========================
> Everything is up to date, there is nothing to compile.


  Contract: contractProxyMyERC20

    1) Should execute test_transfer(address,address,uint256) WHEN sender!=0x0000000000000000000000000000000000000000,recipient!=0x0000000000000000000000000000000000000000

    Events emitted during test:
    ---------------------------

    Transfer(from: <indexed> 0x0000000000000000000000000000000000000000 (address), to: <indexed> 0x11c867D90c6db6f743c301C8D299E7a3055D5bF2 (address), value: 10000000000000000000000 (uint256))
    Transfer(from: <indexed> 0x0000000000000000000000000000000000000000 (address), to: <indexed> 0x11c867D90c6db6f743c301C8D299E7a3055D5bF2 (address), value: 10000000000000000000000 (uint256))

    ---------------------------
    ✓ Should fail test_transfer(address,address,uint256) when NOT comply with: sender != 0x0000000000000000000000000000000000000000 (28682 gas)
    ✓ Should fail test_transfer(address,address,uint256) when NOT comply with: recipient != 0x0000000000000000000000000000000000000000 (31644 gas)
    ✓ Should execute test_mint(address,uint256) WHEN account!=0x0000000000000000000000000000000000000000 (73358 gas)
    ✓ Should fail test_mint(address,uint256) when NOT comply with: account != 0x0000000000000000000000000000000000000000 (27373 gas)

    2) Should execute test_burn(address,uint256) WHEN account!=0x0000000000000000000000000000000000000000

    Events emitted during test:
    ---------------------------

    Transfer(from: <indexed> 0x0000000000000000000000000000000000000000 (address), to: <indexed> 0x11c867D90c6db6f743c301C8D299E7a3055D5bF2 (address), value: 10000000000000000000000 (uint256))
    Transfer(from: <indexed> 0x0000000000000000000000000000000000000000 (address), to: <indexed> 0x11c867D90c6db6f743c301C8D299E7a3055D5bF2 (address), value: 10000000000000000000000 (uint256))

    ---------------------------
    ✓ Should fail test_burn(address,uint256) when NOT comply with: account != 0x0000000000000000000000000000000000000000 (27038 gas)
    ✓ Should execute test_approve(address,address,uint256) WHEN owner!=0x0000000000000000000000000000000000000000,spender!=0x0000000000000000000000000000000000000000 (58506 gas)
    ✓ Should fail test_approve(address,address,uint256) when NOT comply with: owner != 0x0000000000000000000000000000000000000000 (28616 gas)
    ✓ Should fail test_approve(address,address,uint256) when NOT comply with: spender != 0x0000000000000000000000000000000000000000 (31578 gas)

    3) Should execute test_burnFrom(address,uint256) WHEN account!=0x0000000000000000000000000000000000000000,account!=0x0000000000000000000000000000000000000000,msg.sender!=0x0000000000000000000000000000000000000000

    Events emitted during test:
    ---------------------------

    Transfer(from: <indexed> 0x0000000000000000000000000000000000000000 (address), to: <indexed> 0x11c867D90c6db6f743c301C8D299E7a3055D5bF2 (address), value: 10000000000000000000000 (uint256))
    Transfer(from: <indexed> 0x0000000000000000000000000000000000000000 (address), to: <indexed> 0x11c867D90c6db6f743c301C8D299E7a3055D5bF2 (address), value: 10000000000000000000000 (uint256))

    ---------------------------
    ✓ Should fail test_burnFrom(address,uint256) when NOT comply with: account != 0x0000000000000000000000000000000000000000 (29471 gas)
    ✓ Should fail test_burnFrom(address,uint256) when NOT comply with: account != 0x0000000000000000000000000000000000000000 (29471 gas)

    4) Should fail test_burnFrom(address,uint256) when NOT comply with: msg.sender != 0x0000000000000000000000000000000000000000

    Events emitted during test:
    ---------------------------

    Transfer(from: <indexed> 0x0000000000000000000000000000000000000000 (address), to: <indexed> 0x11c867D90c6db6f743c301C8D299E7a3055D5bF2 (address), value: 10000000000000000000000 (uint256))
    Transfer(from: <indexed> 0x0000000000000000000000000000000000000000 (address), to: <indexed> 0x11c867D90c6db6f743c301C8D299E7a3055D5bF2 (address), value: 10000000000000000000000 (uint256))

    ---------------------------

  Contract: MyERC20
    ✓ Should execute name()
    ✓ Should execute symbol()
    ✓ Should execute decimals()
    ✓ Should execute totalSupply()
    ✓ Should execute balanceOf(address)

    5) Should execute transfer(address,uint256) WHEN msg.sender!=0x0000000000000000000000000000000000000000,recipient!=0x0000000000000000000000000000000000000000

    Events emitted during test:
    ---------------------------

    Transfer(from: <indexed> 0x0000000000000000000000000000000000000000 (address), to: <indexed> 0x11c867D90c6db6f743c301C8D299E7a3055D5bF2 (address), value: 10000000000000000000000 (uint256))

    ---------------------------

    6) Should fail transfer(address,uint256) when NOT comply with: msg.sender != 0x0000000000000000000000000000000000000000

    Events emitted during test:
    ---------------------------

    Transfer(from: <indexed> 0x0000000000000000000000000000000000000000 (address), to: <indexed> 0x11c867D90c6db6f743c301C8D299E7a3055D5bF2 (address), value: 10000000000000000000000 (uint256))

    ---------------------------
    ✓ Should fail transfer(address,uint256) when NOT comply with: recipient != 0x0000000000000000000000000000000000000000 (30301 gas)
    ✓ Should execute allowance(address,address)
    ✓ Should execute approve(address,uint256) WHEN msg.sender!=0x0000000000000000000000000000000000000000,spender!=0x0000000000000000000000000000000000000000 (58606 gas)

    7) Should fail approve(address,uint256) when NOT comply with: msg.sender != 0x0000000000000000000000000000000000000000

    Events emitted during test:
    ---------------------------

    Transfer(from: <indexed> 0x0000000000000000000000000000000000000000 (address), to: <indexed> 0x11c867D90c6db6f743c301C8D299E7a3055D5bF2 (address), value: 10000000000000000000000 (uint256))

    ---------------------------
    ✓ Should fail approve(address,uint256) when NOT comply with: spender != 0x0000000000000000000000000000000000000000 (30189 gas)

    8) Should execute transferFrom(address,address,uint256) WHEN sender!=0x0000000000000000000000000000000000000000,recipient!=0x0000000000000000000000000000000000000000,sender!=0x0000000000000000000000000000000000000000,msg.sender!=0x0000000000000000000000000000000000000000

    Events emitted during test:
    ---------------------------

    Transfer(from: <indexed> 0x0000000000000000000000000000000000000000 (address), to: <indexed> 0x11c867D90c6db6f743c301C8D299E7a3055D5bF2 (address), value: 10000000000000000000000 (uint256))

    ---------------------------
    ✓ Should fail transferFrom(address,address,uint256) when NOT comply with: sender != 0x0000000000000000000000000000000000000000 (28631 gas)
    ✓ Should fail transferFrom(address,address,uint256) when NOT comply with: recipient != 0x0000000000000000000000000000000000000000 (31593 gas)
    ✓ Should fail transferFrom(address,address,uint256) when NOT comply with: sender != 0x0000000000000000000000000000000000000000 (28631 gas)

    9) Should fail transferFrom(address,address,uint256) when NOT comply with: msg.sender != 0x0000000000000000000000000000000000000000

    Events emitted during test:
    ---------------------------

    Transfer(from: <indexed> 0x0000000000000000000000000000000000000000 (address), to: <indexed> 0x11c867D90c6db6f743c301C8D299E7a3055D5bF2 (address), value: 10000000000000000000000 (uint256))

    ---------------------------
    ✓ Should execute increaseAllowance(address,uint256) WHEN msg.sender!=0x0000000000000000000000000000000000000000,spender!=0x0000000000000000000000000000000000000000 (65228 gas)

    10) Should fail increaseAllowance(address,uint256) when NOT comply with: msg.sender != 0x0000000000000000000000000000000000000000

    Events emitted during test:
    ---------------------------

    Transfer(from: <indexed> 0x0000000000000000000000000000000000000000 (address), to: <indexed> 0x11c867D90c6db6f743c301C8D299E7a3055D5bF2 (address), value: 10000000000000000000000 (uint256))

    ---------------------------
    ✓ Should fail increaseAllowance(address,uint256) when NOT comply with: spender != 0x0000000000000000000000000000000000000000 (36805 gas)

    11) Should execute decreaseAllowance(address,uint256) WHEN msg.sender!=0x0000000000000000000000000000000000000000,spender!=0x0000000000000000000000000000000000000000

    Events emitted during test:
    ---------------------------

    Transfer(from: <indexed> 0x0000000000000000000000000000000000000000 (address), to: <indexed> 0x11c867D90c6db6f743c301C8D299E7a3055D5bF2 (address), value: 10000000000000000000000 (uint256))

    ---------------------------

    12) Should fail decreaseAllowance(address,uint256) when NOT comply with: msg.sender != 0x0000000000000000000000000000000000000000

    Events emitted during test:
    ---------------------------

    Transfer(from: <indexed> 0x0000000000000000000000000000000000000000 (address), to: <indexed> 0x11c867D90c6db6f743c301C8D299E7a3055D5bF2 (address), value: 10000000000000000000000 (uint256))

    ---------------------------
    ✓ Should fail decreaseAllowance(address,uint256) when NOT comply with: spender != 0x0000000000000000000000000000000000000000 (27525 gas)

  Contract: contractProxySafeMath
    ✓ Should execute testadd(uint256,uint256)
    ✓ Should execute testsub(uint256,uint256) WHEN b<=a
    ✓ Should fail testsub(uint256,uint256) when NOT comply with: b <= a
    ✓ Should execute testmul(uint256,uint256) WHEN a==0
    ✓ Should execute testmul(uint256,uint256) WHEN a!=0
    ✓ Should execute testdiv(uint256,uint256) WHEN b>0
    ✓ Should fail testdiv(uint256,uint256) when NOT comply with: b > 0
    ✓ Should execute testmod(uint256,uint256) WHEN b!=0
    ✓ Should fail testmod(uint256,uint256) when NOT comply with: b != 0

·----------------------------------------|---------------------------|-------------|-----------------------------------·
|  [90mSolc version: 0.4.24+commit.e67f0147[39m  ·  [90mOptimizer enabled: true[39m  ·  [90mRuns: 200[39m  ·  [90mBlock limit: 17592186044415 gas[39m  │
·········································|···························|·············|····································
|  [32m[1mMethods[22m[39m                                                                                                             │
··················|······················|·············|·············|·············|··················|·················
|  [1mContract[22m       ·  [1mMethod[22m              ·  [32mMin[39m        ·  [32mMax[39m        ·  [32mAvg[39m        ·  [1m# calls[22m         ·  [1mkrw (avg)[22m     │
··················|······················|·············|·············|·············|··················|·················
|  [90mMigrations[39m     ·  setCompleted        ·          -  ·          -  ·      41908  ·               [90m2[39m  ·             [32m[90m-[32m[39m  │
··················|······················|·············|·············|·············|··················|·················
|  [90mMyERC20[39m        ·  approve             ·          -  ·          -  ·      58606  ·               [90m1[39m  ·             [32m[90m-[32m[39m  │
··················|······················|·············|·············|·············|··················|·················
|  [90mMyERC20[39m        ·  increaseAllowance   ·          -  ·          -  ·      65228  ·               [90m1[39m  ·             [32m[90m-[32m[39m  │
··················|······················|·············|·············|·············|··················|·················
|  [90mProxyMyERC20[39m   ·  test_approve        ·          -  ·          -  ·      58506  ·               [90m2[39m  ·             [32m[90m-[32m[39m  │
··················|······················|·············|·············|·············|··················|·················
|  [90mProxyMyERC20[39m   ·  test_mint           ·          -  ·          -  ·      73358  ·               [90m2[39m  ·             [32m[90m-[32m[39m  │
··················|······················|·············|·············|·············|··················|·················
|  [32m[1mDeployments[22m[39m                           ·                                         ·  [1m% of limit[22m      ·                │
·········································|·············|·············|·············|··················|·················
|  Migrations                            ·          -  ·          -  ·     224195  ·             [90m0 %[39m  ·             [32m[90m-[32m[39m  │
·········································|·············|·············|·············|··················|·················
|  MyERC20                               ·          -  ·          -  ·    4296078  ·             [90m0 %[39m  ·             [32m[90m-[32m[39m  │
·········································|·············|·············|·············|··················|·················
|  ProxyMyERC20                          ·          -  ·          -  ·    5998765  ·             [90m0 %[39m  ·             [32m[90m-[32m[39m  │
·········································|·············|·············|·············|··················|·················
|  ProxySafeMath                         ·          -  ·          -  ·    2594567  ·             [90m0 %[39m  ·             [32m[90m-[32m[39m  │
·········································|·············|·············|·············|··················|·················
|  SafeMath                              ·          -  ·          -  ·      74748  ·             [90m0 %[39m  ·             [32m[90m-[32m[39m  │
·----------------------------------------|-------------|-------------|-------------|------------------|----------------·

  34 passing (33s)
  12 failing

  1) Contract: contractProxyMyERC20
       Should execute test_transfer(address,address,uint256) WHEN sender!=0x0000000000000000000000000000000000000000,recipient!=0x0000000000000000000000000000000000000000:
     Error: Returned error: VM Exception while processing transaction: revert -- Reason given: SafeMath: subtraction overflow.
      at Object.ErrorResponse (/home/fabianorodrigo/Projetos/bitbucket/solidity-test/workdir/vvisp-klaytn-sample/node_modules/truffle/build/webpack:/~/web3-core-requestmanager/~/web3-core-helpers/src/errors.js:29:1)
      at /home/fabianorodrigo/Projetos/bitbucket/solidity-test/workdir/vvisp-klaytn-sample/node_modules/truffle/build/webpack:/~/web3-core-requestmanager/src/index.js:140:1
      at /home/fabianorodrigo/Projetos/bitbucket/solidity-test/workdir/vvisp-klaytn-sample/node_modules/truffle/build/webpack:/packages/truffle-provider/wrapper.js:112:1
      at XMLHttpRequest.request.onreadystatechange (/home/fabianorodrigo/Projetos/bitbucket/solidity-test/workdir/vvisp-klaytn-sample/node_modules/truffle/build/webpack:/~/web3-providers-http/src/index.js:96:1)
      at XMLHttpRequestEventTarget.dispatchEvent (/home/fabianorodrigo/Projetos/bitbucket/solidity-test/workdir/vvisp-klaytn-sample/node_modules/truffle/build/webpack:/~/xhr2-cookies/dist/xml-http-request-event-target.js:34:1)
      at XMLHttpRequest._setReadyState (/home/fabianorodrigo/Projetos/bitbucket/solidity-test/workdir/vvisp-klaytn-sample/node_modules/truffle/build/webpack:/~/xhr2-cookies/dist/xml-http-request.js:208:1)
      at XMLHttpRequest._onHttpResponseEnd (/home/fabianorodrigo/Projetos/bitbucket/solidity-test/workdir/vvisp-klaytn-sample/node_modules/truffle/build/webpack:/~/xhr2-cookies/dist/xml-http-request.js:318:1)
      at IncomingMessage.<anonymous> (/home/fabianorodrigo/Projetos/bitbucket/solidity-test/workdir/vvisp-klaytn-sample/node_modules/truffle/build/webpack:/~/xhr2-cookies/dist/xml-http-request.js:289:47)
      at endReadableNT (_stream_readable.js:1125:12)
      at process._tickCallback (internal/process/next_tick.js:63:19)

  2) Contract: contractProxyMyERC20
       Should execute test_burn(address,uint256) WHEN account!=0x0000000000000000000000000000000000000000:
     Error: Returned error: VM Exception while processing transaction: revert -- Reason given: SafeMath: subtraction overflow.
      at Object.ErrorResponse (/home/fabianorodrigo/Projetos/bitbucket/solidity-test/workdir/vvisp-klaytn-sample/node_modules/truffle/build/webpack:/~/web3-core-requestmanager/~/web3-core-helpers/src/errors.js:29:1)
      at /home/fabianorodrigo/Projetos/bitbucket/solidity-test/workdir/vvisp-klaytn-sample/node_modules/truffle/build/webpack:/~/web3-core-requestmanager/src/index.js:140:1
      at /home/fabianorodrigo/Projetos/bitbucket/solidity-test/workdir/vvisp-klaytn-sample/node_modules/truffle/build/webpack:/packages/truffle-provider/wrapper.js:112:1
      at XMLHttpRequest.request.onreadystatechange (/home/fabianorodrigo/Projetos/bitbucket/solidity-test/workdir/vvisp-klaytn-sample/node_modules/truffle/build/webpack:/~/web3-providers-http/src/index.js:96:1)
      at XMLHttpRequestEventTarget.dispatchEvent (/home/fabianorodrigo/Projetos/bitbucket/solidity-test/workdir/vvisp-klaytn-sample/node_modules/truffle/build/webpack:/~/xhr2-cookies/dist/xml-http-request-event-target.js:34:1)
      at XMLHttpRequest._setReadyState (/home/fabianorodrigo/Projetos/bitbucket/solidity-test/workdir/vvisp-klaytn-sample/node_modules/truffle/build/webpack:/~/xhr2-cookies/dist/xml-http-request.js:208:1)
      at XMLHttpRequest._onHttpResponseEnd (/home/fabianorodrigo/Projetos/bitbucket/solidity-test/workdir/vvisp-klaytn-sample/node_modules/truffle/build/webpack:/~/xhr2-cookies/dist/xml-http-request.js:318:1)
      at IncomingMessage.<anonymous> (/home/fabianorodrigo/Projetos/bitbucket/solidity-test/workdir/vvisp-klaytn-sample/node_modules/truffle/build/webpack:/~/xhr2-cookies/dist/xml-http-request.js:289:47)
      at endReadableNT (_stream_readable.js:1125:12)
      at process._tickCallback (internal/process/next_tick.js:63:19)

  3) Contract: contractProxyMyERC20
       Should execute test_burnFrom(address,uint256) WHEN account!=0x0000000000000000000000000000000000000000,account!=0x0000000000000000000000000000000000000000,msg.sender!=0x0000000000000000000000000000000000000000:
     Error: Returned error: VM Exception while processing transaction: revert -- Reason given: SafeMath: subtraction overflow.
      at Object.ErrorResponse (/home/fabianorodrigo/Projetos/bitbucket/solidity-test/workdir/vvisp-klaytn-sample/node_modules/truffle/build/webpack:/~/web3-core-requestmanager/~/web3-core-helpers/src/errors.js:29:1)
      at /home/fabianorodrigo/Projetos/bitbucket/solidity-test/workdir/vvisp-klaytn-sample/node_modules/truffle/build/webpack:/~/web3-core-requestmanager/src/index.js:140:1
      at /home/fabianorodrigo/Projetos/bitbucket/solidity-test/workdir/vvisp-klaytn-sample/node_modules/truffle/build/webpack:/packages/truffle-provider/wrapper.js:112:1
      at XMLHttpRequest.request.onreadystatechange (/home/fabianorodrigo/Projetos/bitbucket/solidity-test/workdir/vvisp-klaytn-sample/node_modules/truffle/build/webpack:/~/web3-providers-http/src/index.js:96:1)
      at XMLHttpRequestEventTarget.dispatchEvent (/home/fabianorodrigo/Projetos/bitbucket/solidity-test/workdir/vvisp-klaytn-sample/node_modules/truffle/build/webpack:/~/xhr2-cookies/dist/xml-http-request-event-target.js:34:1)
      at XMLHttpRequest._setReadyState (/home/fabianorodrigo/Projetos/bitbucket/solidity-test/workdir/vvisp-klaytn-sample/node_modules/truffle/build/webpack:/~/xhr2-cookies/dist/xml-http-request.js:208:1)
      at XMLHttpRequest._onHttpResponseEnd (/home/fabianorodrigo/Projetos/bitbucket/solidity-test/workdir/vvisp-klaytn-sample/node_modules/truffle/build/webpack:/~/xhr2-cookies/dist/xml-http-request.js:318:1)
      at IncomingMessage.<anonymous> (/home/fabianorodrigo/Projetos/bitbucket/solidity-test/workdir/vvisp-klaytn-sample/node_modules/truffle/build/webpack:/~/xhr2-cookies/dist/xml-http-request.js:289:47)
      at endReadableNT (_stream_readable.js:1125:12)
      at process._tickCallback (internal/process/next_tick.js:63:19)

  4) Contract: contractProxyMyERC20
       Should fail test_burnFrom(address,uint256) when NOT comply with: msg.sender != 0x0000000000000000000000000000000000000000:
     AssertionError: Expected to fail with revert, but failed with: Error: Returned error: i.addHexPrefix(...).toLowerCase is not a function
      at fails (/home/fabianorodrigo/.nvm/versions/node/v10.15.3/lib/node_modules/truffle-assertions/index.js:152:13)
      at process._tickCallback (internal/process/next_tick.js:68:7)

  5) Contract: MyERC20
       Should execute transfer(address,uint256) WHEN msg.sender!=0x0000000000000000000000000000000000000000,recipient!=0x0000000000000000000000000000000000000000:
     Error: Returned error: VM Exception while processing transaction: revert -- Reason given: SafeMath: subtraction overflow.
      at Object.ErrorResponse (/home/fabianorodrigo/Projetos/bitbucket/solidity-test/workdir/vvisp-klaytn-sample/node_modules/truffle/build/webpack:/~/web3-core-requestmanager/~/web3-core-helpers/src/errors.js:29:1)
      at /home/fabianorodrigo/Projetos/bitbucket/solidity-test/workdir/vvisp-klaytn-sample/node_modules/truffle/build/webpack:/~/web3-core-requestmanager/src/index.js:140:1
      at /home/fabianorodrigo/Projetos/bitbucket/solidity-test/workdir/vvisp-klaytn-sample/node_modules/truffle/build/webpack:/packages/truffle-provider/wrapper.js:112:1
      at XMLHttpRequest.request.onreadystatechange (/home/fabianorodrigo/Projetos/bitbucket/solidity-test/workdir/vvisp-klaytn-sample/node_modules/truffle/build/webpack:/~/web3-providers-http/src/index.js:96:1)
      at XMLHttpRequestEventTarget.dispatchEvent (/home/fabianorodrigo/Projetos/bitbucket/solidity-test/workdir/vvisp-klaytn-sample/node_modules/truffle/build/webpack:/~/xhr2-cookies/dist/xml-http-request-event-target.js:34:1)
      at XMLHttpRequest._setReadyState (/home/fabianorodrigo/Projetos/bitbucket/solidity-test/workdir/vvisp-klaytn-sample/node_modules/truffle/build/webpack:/~/xhr2-cookies/dist/xml-http-request.js:208:1)
      at XMLHttpRequest._onHttpResponseEnd (/home/fabianorodrigo/Projetos/bitbucket/solidity-test/workdir/vvisp-klaytn-sample/node_modules/truffle/build/webpack:/~/xhr2-cookies/dist/xml-http-request.js:318:1)
      at IncomingMessage.<anonymous> (/home/fabianorodrigo/Projetos/bitbucket/solidity-test/workdir/vvisp-klaytn-sample/node_modules/truffle/build/webpack:/~/xhr2-cookies/dist/xml-http-request.js:289:47)
      at endReadableNT (_stream_readable.js:1125:12)
      at process._tickCallback (internal/process/next_tick.js:63:19)

  6) Contract: MyERC20
       Should fail transfer(address,uint256) when NOT comply with: msg.sender != 0x0000000000000000000000000000000000000000:
     AssertionError: Expected to fail with revert, but failed with: Error: Returned error: i.addHexPrefix(...).toLowerCase is not a function
      at fails (/home/fabianorodrigo/.nvm/versions/node/v10.15.3/lib/node_modules/truffle-assertions/index.js:152:13)
      at process._tickCallback (internal/process/next_tick.js:68:7)

  7) Contract: MyERC20
       Should fail approve(address,uint256) when NOT comply with: msg.sender != 0x0000000000000000000000000000000000000000:
     AssertionError: Expected to fail with revert, but failed with: Error: Returned error: i.addHexPrefix(...).toLowerCase is not a function
      at fails (/home/fabianorodrigo/.nvm/versions/node/v10.15.3/lib/node_modules/truffle-assertions/index.js:152:13)
      at process._tickCallback (internal/process/next_tick.js:68:7)

  8) Contract: MyERC20
       Should execute transferFrom(address,address,uint256) WHEN sender!=0x0000000000000000000000000000000000000000,recipient!=0x0000000000000000000000000000000000000000,sender!=0x0000000000000000000000000000000000000000,msg.sender!=0x0000000000000000000000000000000000000000:
     Error: Returned error: VM Exception while processing transaction: revert -- Reason given: SafeMath: subtraction overflow.
      at Object.ErrorResponse (/home/fabianorodrigo/Projetos/bitbucket/solidity-test/workdir/vvisp-klaytn-sample/node_modules/truffle/build/webpack:/~/web3-core-requestmanager/~/web3-core-helpers/src/errors.js:29:1)
      at /home/fabianorodrigo/Projetos/bitbucket/solidity-test/workdir/vvisp-klaytn-sample/node_modules/truffle/build/webpack:/~/web3-core-requestmanager/src/index.js:140:1
      at /home/fabianorodrigo/Projetos/bitbucket/solidity-test/workdir/vvisp-klaytn-sample/node_modules/truffle/build/webpack:/packages/truffle-provider/wrapper.js:112:1
      at XMLHttpRequest.request.onreadystatechange (/home/fabianorodrigo/Projetos/bitbucket/solidity-test/workdir/vvisp-klaytn-sample/node_modules/truffle/build/webpack:/~/web3-providers-http/src/index.js:96:1)
      at XMLHttpRequestEventTarget.dispatchEvent (/home/fabianorodrigo/Projetos/bitbucket/solidity-test/workdir/vvisp-klaytn-sample/node_modules/truffle/build/webpack:/~/xhr2-cookies/dist/xml-http-request-event-target.js:34:1)
      at XMLHttpRequest._setReadyState (/home/fabianorodrigo/Projetos/bitbucket/solidity-test/workdir/vvisp-klaytn-sample/node_modules/truffle/build/webpack:/~/xhr2-cookies/dist/xml-http-request.js:208:1)
      at XMLHttpRequest._onHttpResponseEnd (/home/fabianorodrigo/Projetos/bitbucket/solidity-test/workdir/vvisp-klaytn-sample/node_modules/truffle/build/webpack:/~/xhr2-cookies/dist/xml-http-request.js:318:1)
      at IncomingMessage.<anonymous> (/home/fabianorodrigo/Projetos/bitbucket/solidity-test/workdir/vvisp-klaytn-sample/node_modules/truffle/build/webpack:/~/xhr2-cookies/dist/xml-http-request.js:289:47)
      at endReadableNT (_stream_readable.js:1125:12)
      at process._tickCallback (internal/process/next_tick.js:63:19)

  9) Contract: MyERC20
       Should fail transferFrom(address,address,uint256) when NOT comply with: msg.sender != 0x0000000000000000000000000000000000000000:
     AssertionError: Expected to fail with revert, but failed with: Error: Returned error: i.addHexPrefix(...).toLowerCase is not a function
      at fails (/home/fabianorodrigo/.nvm/versions/node/v10.15.3/lib/node_modules/truffle-assertions/index.js:152:13)
      at process._tickCallback (internal/process/next_tick.js:68:7)

  10) Contract: MyERC20
       Should fail increaseAllowance(address,uint256) when NOT comply with: msg.sender != 0x0000000000000000000000000000000000000000:
     AssertionError: Expected to fail with revert, but failed with: Error: Returned error: i.addHexPrefix(...).toLowerCase is not a function
      at fails (/home/fabianorodrigo/.nvm/versions/node/v10.15.3/lib/node_modules/truffle-assertions/index.js:152:13)
      at process._tickCallback (internal/process/next_tick.js:68:7)

  11) Contract: MyERC20
       Should execute decreaseAllowance(address,uint256) WHEN msg.sender!=0x0000000000000000000000000000000000000000,spender!=0x0000000000000000000000000000000000000000:
     Error: Returned error: VM Exception while processing transaction: revert -- Reason given: SafeMath: subtraction overflow.
      at Object.ErrorResponse (/home/fabianorodrigo/Projetos/bitbucket/solidity-test/workdir/vvisp-klaytn-sample/node_modules/truffle/build/webpack:/~/web3-core-requestmanager/~/web3-core-helpers/src/errors.js:29:1)
      at /home/fabianorodrigo/Projetos/bitbucket/solidity-test/workdir/vvisp-klaytn-sample/node_modules/truffle/build/webpack:/~/web3-core-requestmanager/src/index.js:140:1
      at /home/fabianorodrigo/Projetos/bitbucket/solidity-test/workdir/vvisp-klaytn-sample/node_modules/truffle/build/webpack:/packages/truffle-provider/wrapper.js:112:1
      at XMLHttpRequest.request.onreadystatechange (/home/fabianorodrigo/Projetos/bitbucket/solidity-test/workdir/vvisp-klaytn-sample/node_modules/truffle/build/webpack:/~/web3-providers-http/src/index.js:96:1)
      at XMLHttpRequestEventTarget.dispatchEvent (/home/fabianorodrigo/Projetos/bitbucket/solidity-test/workdir/vvisp-klaytn-sample/node_modules/truffle/build/webpack:/~/xhr2-cookies/dist/xml-http-request-event-target.js:34:1)
      at XMLHttpRequest._setReadyState (/home/fabianorodrigo/Projetos/bitbucket/solidity-test/workdir/vvisp-klaytn-sample/node_modules/truffle/build/webpack:/~/xhr2-cookies/dist/xml-http-request.js:208:1)
      at XMLHttpRequest._onHttpResponseEnd (/home/fabianorodrigo/Projetos/bitbucket/solidity-test/workdir/vvisp-klaytn-sample/node_modules/truffle/build/webpack:/~/xhr2-cookies/dist/xml-http-request.js:318:1)
      at IncomingMessage.<anonymous> (/home/fabianorodrigo/Projetos/bitbucket/solidity-test/workdir/vvisp-klaytn-sample/node_modules/truffle/build/webpack:/~/xhr2-cookies/dist/xml-http-request.js:289:47)
      at endReadableNT (_stream_readable.js:1125:12)
      at process._tickCallback (internal/process/next_tick.js:63:19)

  12) Contract: MyERC20
       Should fail decreaseAllowance(address,uint256) when NOT comply with: msg.sender != 0x0000000000000000000000000000000000000000:
     AssertionError: Expected to fail with revert, but failed with: Error: Returned error: i.addHexPrefix(...).toLowerCase is not a function
      at fails (/home/fabianorodrigo/.nvm/versions/node/v10.15.3/lib/node_modules/truffle-assertions/index.js:152:13)
      at process._tickCallback (internal/process/next_tick.js:68:7)



------------------------|----------|----------|----------|----------|----------------|
File                    |  % Stmts | % Branch |  % Funcs |  % Lines |Uncovered Lines |
------------------------|----------|----------|----------|----------|----------------|
 contracts/             |    89.29 |    91.67 |      100 |    89.29 |                |
  IERC20.sol            |      100 |      100 |      100 |      100 |                |
  MyERC20.sol           |       85 |      100 |      100 |       85 |... 179,201,202 |
  SafeMath.sol          |      100 |    83.33 |      100 |      100 |                |
 contracts/proxy4tests/ |      100 |      100 |      100 |      100 |                |
  MyERC20.sol           |      100 |      100 |      100 |      100 |                |
  SafeMath.sol          |      100 |      100 |      100 |      100 |                |
------------------------|----------|----------|----------|----------|----------------|
All files               |    90.91 |    91.67 |      100 |    90.91 |                |
------------------------|----------|----------|----------|----------|----------------|

Istanbul coverage reports generated
Cleaning up...
Some truffle tests failed while running coverage
