{"contracts/Account.sol":{"l":{"30":1,"49":9,"63":9,"64":9,"72":1,"73":1,"81":2,"85":0,"93":1,"95":1,"103":2,"105":2,"118":2,"119":2,"121":0,"125":16,"129":13,"130":5},"path":"/home/fabianorodrigo/Projetos/bitbucket/solidity-test/workdir/liquid/contracts/Account.sol","s":{"1":1,"2":9,"3":9,"4":9,"5":1,"6":1,"7":2,"8":0,"9":1,"10":1,"11":2,"12":2,"13":2,"14":2,"15":0,"16":16,"17":13},"b":{"1":[0,2],"2":[2,0],"3":[5,8]},"f":{"1":1,"2":9,"3":1,"4":2,"5":1,"6":2,"7":16,"8":13},"fnMap":{"1":{"name":"proxy","line":26,"loc":{"start":{"line":26,"column":4},"end":{"line":28,"column":5}}},"2":{"name":"initialize","line":33,"loc":{"start":{"line":33,"column":4},"end":{"line":48,"column":5}}},"3":{"name":"addService","line":67,"loc":{"start":{"line":67,"column":4},"end":{"line":71,"column":5}}},"4":{"name":"removeService","line":76,"loc":{"start":{"line":76,"column":4},"end":{"line":80,"column":5}}},"5":{"name":"updateMetadata","line":88,"loc":{"start":{"line":88,"column":4},"end":{"line":92,"column":5}}},"6":{"name":"requestService","line":98,"loc":{"start":{"line":98,"column":4},"end":{"line":102,"column":5}}},"7":{"name":"creator","line":124,"loc":{"start":{"line":124,"column":4},"end":{"line":124,"column":50}}},"8":{"name":"onlyCreator","line":128,"loc":{"start":{"line":128,"column":4},"end":{"line":128,"column":24}}}},"statementMap":{"1":{"start":{"line":30,"column":8},"end":{"line":30,"column":51}},"2":{"start":{"line":49,"column":8},"end":{"line":49,"column":1402}},"3":{"start":{"line":63,"column":8},"end":{"line":63,"column":27}},"4":{"start":{"line":64,"column":8},"end":{"line":64,"column":39}},"5":{"start":{"line":72,"column":8},"end":{"line":72,"column":41}},"6":{"start":{"line":73,"column":8},"end":{"line":73,"column":57}},"7":{"start":{"line":81,"column":8},"end":{"line":81,"column":2078}},"8":{"start":{"line":85,"column":8},"end":{"line":85,"column":34}},"9":{"start":{"line":93,"column":8},"end":{"line":93,"column":27}},"10":{"start":{"line":95,"column":8},"end":{"line":95,"column":39}},"11":{"start":{"line":103,"column":8},"end":{"line":103,"column":47}},"12":{"start":{"line":105,"column":8},"end":{"line":105,"column":2587}},"13":{"start":{"line":118,"column":8},"end":{"line":118,"column":31}},"14":{"start":{"line":119,"column":8},"end":{"line":119,"column":30}},"15":{"start":{"line":121,"column":8},"end":{"line":121,"column":66}},"16":{"start":{"line":125,"column":8},"end":{"line":125,"column":26}},"17":{"start":{"line":129,"column":8},"end":{"line":129,"column":39}}},"branchMap":{"1":{"line":81,"type":"if","locations":[{"start":{"line":81,"column":8},"end":{"line":81,"column":8}},{"start":{"line":81,"column":8},"end":{"line":81,"column":8}}]},"2":{"line":105,"type":"if","locations":[{"start":{"line":105,"column":8},"end":{"line":105,"column":8}},{"start":{"line":105,"column":8},"end":{"line":105,"column":8}}]},"3":{"line":129,"type":"if","locations":[{"start":{"line":129,"column":8},"end":{"line":129,"column":8}},{"start":{"line":129,"column":8},"end":{"line":129,"column":8}}]}}},"contracts/ConvergentBeta.sol":{"l":{"28":3,"30":3,"31":3,"37":3,"42":1,"43":1,"63":2,"78":2,"79":0,"80":0,"81":0,"85":0,"88":0,"102":0,"108":1},"path":"/home/fabianorodrigo/Projetos/bitbucket/solidity-test/workdir/liquid/contracts/ConvergentBeta.sol","s":{"1":3,"2":3,"3":3,"4":3,"5":1,"6":1,"7":2,"8":2,"9":0,"10":0,"11":0,"12":0,"13":0,"14":1},"b":{"1":[1,2],"2":[0,0]},"f":{"1":3,"2":3,"3":2,"4":0,"5":0,"6":1},"fnMap":{"1":{"name":"initialize","line":19,"loc":{"start":{"line":19,"column":4},"end":{"line":24,"column":5}}},"2":{"name":"setBaseAccount","line":34,"loc":{"start":{"line":34,"column":4},"end":{"line":36,"column":5}}},"3":{"name":"createAccount","line":50,"loc":{"start":{"line":50,"column":4},"end":{"line":62,"column":5}}},"4":{"name":"onlyCreator","line":84,"loc":{"start":{"line":84,"column":4},"end":{"line":84,"column":40}}},"5":{"name":"upgradeAccount","line":91,"loc":{"start":{"line":91,"column":4},"end":{"line":91,"column":87}}},"6":{"name":"getImplementationForAccount","line":105,"loc":{"start":{"line":105,"column":4},"end":{"line":107,"column":5}}}},"statementMap":{"1":{"start":{"line":28,"column":8},"end":{"line":28,"column":36}},"2":{"start":{"line":30,"column":8},"end":{"line":30,"column":33}},"3":{"start":{"line":31,"column":8},"end":{"line":31,"column":39}},"4":{"start":{"line":37,"column":8},"end":{"line":37,"column":1030}},"5":{"start":{"line":42,"column":8},"end":{"line":42,"column":36}},"6":{"start":{"line":43,"column":8},"end":{"line":43,"column":19}},"7":{"start":{"line":63,"column":8},"end":{"line":63,"column":1730}},"8":{"start":{"line":78,"column":8},"end":{"line":78,"column":82}},"9":{"start":{"line":79,"column":8},"end":{"line":79,"column":53}},"10":{"start":{"line":80,"column":8},"end":{"line":80,"column":54}},"11":{"start":{"line":81,"column":8},"end":{"line":81,"column":31}},"12":{"start":{"line":85,"column":8},"end":{"line":85,"column":2467}},"13":{"start":{"line":102,"column":8},"end":{"line":102,"column":64}},"14":{"start":{"line":108,"column":8},"end":{"line":108,"column":66}}},"branchMap":{"1":{"line":37,"type":"if","locations":[{"start":{"line":37,"column":8},"end":{"line":37,"column":8}},{"start":{"line":37,"column":8},"end":{"line":37,"column":8}}]},"2":{"line":85,"type":"if","locations":[{"start":{"line":85,"column":8},"end":{"line":85,"column":8}},{"start":{"line":85,"column":8},"end":{"line":85,"column":8}}]}}},"contracts/DoubleCurveToken.sol":{"l":{"57":31,"59":31,"60":30,"63":31,"64":31,"65":31,"66":31,"67":31,"68":31,"69":31,"70":31,"74":4,"75":0,"76":0,"78":0,"79":0,"81":0,"83":0,"89":12,"91":4,"95":2,"96":2,"97":2,"100":2,"103":2,"104":2,"105":0,"109":0,"113":2,"114":2,"120":4,"124":0,"126":0,"130":0,"133":0,"135":0,"136":0,"138":0,"141":0,"147":13,"153":1,"163":4,"171":3,"178":1,"184":5,"190":22,"193":22,"197":16,"201":16,"205":16},"path":"/home/fabianorodrigo/Projetos/bitbucket/solidity-test/workdir/liquid/contracts/DoubleCurveToken.sol","s":{"1":2,"2":31,"3":31,"4":30,"5":31,"6":31,"7":31,"8":31,"9":31,"10":31,"11":31,"12":31,"13":4,"14":0,"15":0,"16":0,"17":0,"18":0,"19":12,"20":4,"21":2,"22":2,"23":2,"24":2,"25":2,"26":2,"27":0,"28":0,"29":2,"30":2,"31":4,"32":0,"33":0,"34":0,"35":0,"36":0,"37":0,"38":0,"39":0,"40":13,"41":1,"42":4,"43":3,"44":1,"45":5,"46":22,"47":22,"48":16,"49":16},"b":{"1":[30,1],"2":[0,4],"3":[0,0],"4":[2,2],"5":[2,0],"6":[0,2],"7":[0,4],"8":[0,0],"9":[0,0],"10":[16,0],"11":[16,0]},"f":{"1":2,"2":31,"3":4,"4":12,"5":4,"6":13,"7":1,"8":4,"9":3,"10":1,"11":5,"12":22,"13":16},"fnMap":{"1":{"name":"","line":24,"loc":{"start":{"line":24,"column":4},"end":{"line":24,"column":30}}},"2":{"name":"initialize","line":42,"loc":{"start":{"line":42,"column":4},"end":{"line":56,"column":5}}},"3":{"name":"withdraw","line":73,"loc":{"start":{"line":73,"column":4},"end":{"line":73,"column":43}}},"4":{"name":"buy","line":86,"loc":{"start":{"line":86,"column":4},"end":{"line":88,"column":5}}},"5":{"name":"sell","line":117,"loc":{"start":{"line":117,"column":4},"end":{"line":119,"column":5}}},"6":{"name":"priceToBuy","line":144,"loc":{"start":{"line":144,"column":4},"end":{"line":146,"column":5}}},"7":{"name":"returnForSell","line":150,"loc":{"start":{"line":150,"column":4},"end":{"line":152,"column":5}}},"8":{"name":"amountToReserve","line":160,"loc":{"start":{"line":160,"column":4},"end":{"line":162,"column":5}}},"9":{"name":"currentPrice","line":168,"loc":{"start":{"line":168,"column":4},"end":{"line":170,"column":5}}},"10":{"name":"marketCap","line":174,"loc":{"start":{"line":174,"column":4},"end":{"line":176,"column":5}}},"11":{"name":"solveForY","line":181,"loc":{"start":{"line":181,"column":4},"end":{"line":183,"column":5}}},"12":{"name":"curveIntegral","line":187,"loc":{"start":{"line":187,"column":4},"end":{"line":189,"column":5}}},"13":{"name":"validateGasPrice","line":196,"loc":{"start":{"line":196,"column":4},"end":{"line":196,"column":27}}}},"statementMap":{"1":{"start":{"line":24,"column":35},"end":{"line":24,"column":61}},"2":{"start":{"line":57,"column":8},"end":{"line":57,"column":51}},"3":{"start":{"line":59,"column":8},"end":{"line":59,"column":1790}},"4":{"start":{"line":60,"column":12},"end":{"line":60,"column":43}},"5":{"start":{"line":63,"column":8},"end":{"line":63,"column":35}},"6":{"start":{"line":64,"column":8},"end":{"line":64,"column":33}},"7":{"start":{"line":65,"column":8},"end":{"line":65,"column":23}},"8":{"start":{"line":66,"column":8},"end":{"line":66,"column":23}},"9":{"start":{"line":67,"column":8},"end":{"line":67,"column":27}},"10":{"start":{"line":68,"column":8},"end":{"line":68,"column":25}},"11":{"start":{"line":69,"column":8},"end":{"line":69,"column":25}},"12":{"start":{"line":70,"column":8},"end":{"line":70,"column":28}},"13":{"start":{"line":74,"column":8},"end":{"line":74,"column":61}},"14":{"start":{"line":75,"column":8},"end":{"line":75,"column":38}},"15":{"start":{"line":78,"column":8},"end":{"line":78,"column":2308}},"16":{"start":{"line":79,"column":12},"end":{"line":79,"column":39}},"17":{"start":{"line":81,"column":12},"end":{"line":81,"column":60}},"18":{"start":{"line":83,"column":8},"end":{"line":83,"column":19}},"19":{"start":{"line":89,"column":8},"end":{"line":89,"column":42}},"20":{"start":{"line":91,"column":8},"end":{"line":91,"column":2682}},"21":{"start":{"line":95,"column":8},"end":{"line":95,"column":56}},"22":{"start":{"line":96,"column":8},"end":{"line":96,"column":65}},"23":{"start":{"line":97,"column":8},"end":{"line":97,"column":43}},"24":{"start":{"line":100,"column":8},"end":{"line":100,"column":33}},"25":{"start":{"line":103,"column":8},"end":{"line":103,"column":3092}},"26":{"start":{"line":104,"column":12},"end":{"line":104,"column":3144}},"27":{"start":{"line":105,"column":16},"end":{"line":105,"column":55}},"28":{"start":{"line":109,"column":12},"end":{"line":109,"column":76}},"29":{"start":{"line":113,"column":8},"end":{"line":113,"column":61}},"30":{"start":{"line":114,"column":8},"end":{"line":114,"column":46}},"31":{"start":{"line":120,"column":8},"end":{"line":120,"column":3622}},"32":{"start":{"line":124,"column":8},"end":{"line":124,"column":55}},"33":{"start":{"line":126,"column":8},"end":{"line":126,"column":3774}},"34":{"start":{"line":130,"column":8},"end":{"line":130,"column":44}},"35":{"start":{"line":133,"column":8},"end":{"line":133,"column":33}},"36":{"start":{"line":135,"column":8},"end":{"line":135,"column":4010}},"37":{"start":{"line":136,"column":12},"end":{"line":136,"column":46}},"38":{"start":{"line":138,"column":12},"end":{"line":138,"column":67}},"39":{"start":{"line":141,"column":8},"end":{"line":141,"column":54}},"40":{"start":{"line":147,"column":8},"end":{"line":147,"column":90}},"41":{"start":{"line":153,"column":8},"end":{"line":153,"column":4537}},"42":{"start":{"line":163,"column":8},"end":{"line":163,"column":4809}},"43":{"start":{"line":171,"column":8},"end":{"line":171,"column":39}},"44":{"start":{"line":178,"column":8},"end":{"line":178,"column":60}},"45":{"start":{"line":184,"column":8},"end":{"line":184,"column":53}},"46":{"start":{"line":190,"column":8},"end":{"line":190,"column":38}},"47":{"start":{"line":193,"column":8},"end":{"line":193,"column":73}},"48":{"start":{"line":197,"column":8},"end":{"line":197,"column":5645}},"49":{"start":{"line":201,"column":8},"end":{"line":201,"column":5794}}},"branchMap":{"1":{"line":59,"type":"if","locations":[{"start":{"line":59,"column":8},"end":{"line":59,"column":8}},{"start":{"line":59,"column":8},"end":{"line":59,"column":8}}]},"2":{"line":74,"type":"if","locations":[{"start":{"line":74,"column":8},"end":{"line":74,"column":8}},{"start":{"line":74,"column":8},"end":{"line":74,"column":8}}]},"3":{"line":78,"type":"if","locations":[{"start":{"line":78,"column":8},"end":{"line":78,"column":8}},{"start":{"line":78,"column":8},"end":{"line":78,"column":8}}]},"4":{"line":91,"type":"if","locations":[{"start":{"line":91,"column":8},"end":{"line":91,"column":8}},{"start":{"line":91,"column":8},"end":{"line":91,"column":8}}]},"5":{"line":103,"type":"if","locations":[{"start":{"line":103,"column":8},"end":{"line":103,"column":8}},{"start":{"line":103,"column":8},"end":{"line":103,"column":8}}]},"6":{"line":104,"type":"if","locations":[{"start":{"line":104,"column":12},"end":{"line":104,"column":12}},{"start":{"line":104,"column":12},"end":{"line":104,"column":12}}]},"7":{"line":120,"type":"if","locations":[{"start":{"line":120,"column":8},"end":{"line":120,"column":8}},{"start":{"line":120,"column":8},"end":{"line":120,"column":8}}]},"8":{"line":126,"type":"if","locations":[{"start":{"line":126,"column":8},"end":{"line":126,"column":8}},{"start":{"line":126,"column":8},"end":{"line":126,"column":8}}]},"9":{"line":135,"type":"if","locations":[{"start":{"line":135,"column":8},"end":{"line":135,"column":8}},{"start":{"line":135,"column":8},"end":{"line":135,"column":8}}]},"10":{"line":197,"type":"if","locations":[{"start":{"line":197,"column":8},"end":{"line":197,"column":8}},{"start":{"line":197,"column":8},"end":{"line":197,"column":8}}]},"11":{"line":201,"type":"if","locations":[{"start":{"line":201,"column":8},"end":{"line":201,"column":8}},{"start":{"line":201,"column":8},"end":{"line":201,"column":8}}]}}},"contracts/GasPriceOracle.sol":{"l":{"19":16,"20":16,"26":1,"27":1},"path":"/home/fabianorodrigo/Projetos/bitbucket/solidity-test/workdir/liquid/contracts/GasPriceOracle.sol","s":{"1":16,"2":16,"3":1,"4":1},"b":{},"f":{"1":16,"2":1},"fnMap":{"1":{"name":"initialize","line":13,"loc":{"start":{"line":13,"column":4},"end":{"line":17,"column":5}}},"2":{"name":"setGasPrice","line":23,"loc":{"start":{"line":23,"column":4},"end":{"line":25,"column":5}}}},"statementMap":{"1":{"start":{"line":19,"column":8},"end":{"line":19,"column":36}},"2":{"start":{"line":20,"column":8},"end":{"line":20,"column":23}},"3":{"start":{"line":26,"column":8},"end":{"line":26,"column":23}},"4":{"start":{"line":27,"column":8},"end":{"line":27,"column":19}}},"branchMap":{}},"contracts/proxy4tests/DoubleCurveToken.sol":{"l":{"6":2,"10":1},"path":"/home/fabianorodrigo/Projetos/bitbucket/solidity-test/workdir/liquid/contracts/proxy4tests/DoubleCurveToken.sol","s":{"1":2,"2":1},"b":{},"f":{"1":2,"2":1},"fnMap":{"1":{"name":"testsolveForY","line":5,"loc":{"start":{"line":5,"column":7},"end":{"line":5,"column":67}}},"2":{"name":"testcurveIntegral","line":9,"loc":{"start":{"line":9,"column":3},"end":{"line":9,"column":73}}}},"statementMap":{"1":{"start":{"line":6,"column":4},"end":{"line":6,"column":24}},"2":{"start":{"line":10,"column":4},"end":{"line":10,"column":30}}},"branchMap":{}},"contracts/Test/MockERC20.sol":{"l":{"7":47},"path":"/home/fabianorodrigo/Projetos/bitbucket/solidity-test/workdir/liquid/contracts/Test/MockERC20.sol","s":{"1":47},"b":{},"f":{"1":47},"fnMap":{"1":{"name":"constructor","line":6,"loc":{"start":{"line":6,"column":4},"end":{"line":6,"column":45}}}},"statementMap":{"1":{"start":{"line":7,"column":8},"end":{"line":7,"column":41}}},"branchMap":{}}}