TN:
SF:/home/fabianorodrigo/Projetos/bitbucket/solidity-test/workdir/06/contracts/library/Ownable.sol
FN:18,constructor
FN:26,owner
FN:33,onlyOwner
FN:41,isOwner
FN:52,renounceOwnership
FN:61,transferOwnership
FN:69,_transferOwnership
FNF:7
FNH:7
FNDA:56,constructor
FNDA:1,owner
FNDA:43,onlyOwner
FNDA:44,isOwner
FNDA:1,renounceOwnership
FNDA:3,transferOwnership
FNDA:3,_transferOwnership
DA:19,56
DA:20,56
DA:27,1
DA:34,43
DA:35,37
DA:42,44
DA:53,1
DA:54,1
DA:62,3
DA:70,3
DA:71,1
DA:72,1
LF:12
LH:12
BRDA:34,1,0,37
BRDA:34,1,1,6
BRDA:70,2,0,1
BRDA:70,2,1,2
BRF:4
BRH:4
end_of_record
TN:
SF:/home/fabianorodrigo/Projetos/bitbucket/solidity-test/workdir/06/contracts/library/SafeMath.sol
FN:26,add
FN:42,sub
FN:58,mul
FN:83,div
FN:103,mod
FNF:5
FNH:5
FNDA:65,add
FNDA:2,sub
FNDA:4,mul
FNDA:2,div
FNDA:2,mod
DA:27,65
DA:28,65
DA:30,65
DA:43,2
DA:44,1
DA:46,1
DA:62,4
DA:63,3
DA:66,1
DA:67,1
DA:69,1
DA:85,2
DA:86,1
DA:89,1
DA:104,2
DA:105,1
LF:16
LH:16
BRDA:28,1,0,65
BRDA:28,1,1,0
BRDA:43,2,0,1
BRDA:43,2,1,1
BRDA:62,3,0,3
BRDA:62,3,1,1
BRDA:67,4,0,1
BRDA:67,4,1,0
BRDA:85,5,0,1
BRDA:85,5,1,1
BRDA:104,6,0,1
BRDA:104,6,1,1
BRF:12
BRH:10
end_of_record
TN:
SF:/home/fabianorodrigo/Projetos/bitbucket/solidity-test/workdir/06/contracts/proxy4tests/SafeMath.sol
FN:7,testadd
FN:11,testsub
FN:15,testmul
FN:19,testdiv
FN:23,testmod
FNF:5
FNH:5
FNDA:1,testadd
FNDA:2,testsub
FNDA:2,testmul
FNDA:2,testdiv
FNDA:2,testmod
DA:8,1
DA:12,2
DA:16,2
DA:20,2
DA:24,2
LF:5
LH:5
BRF:0
BRH:0
end_of_record
TN:
SF:/home/fabianorodrigo/Projetos/bitbucket/solidity-test/workdir/06/contracts/SimpleCrowdfund.sol
FN:18,constructor
FN:26,buyTokens
FN:43,getRate
FN:57,
FNF:4
FNH:4
FNDA:29,constructor
FNDA:2,buyTokens
FNDA:3,getRate
FNDA:1,
DA:19,29
DA:20,29
DA:21,29
DA:22,29
DA:28,2
DA:30,2
DA:32,2
DA:34,2
DA:36,2
DA:38,2
DA:39,2
DA:45,3
DA:46,0
DA:48,0
DA:50,0
DA:52,3
DA:58,1
LF:17
LH:14
BRDA:21,1,0,29
BRDA:21,1,1,0
BRDA:28,2,0,2
BRDA:28,2,1,0
BRDA:30,3,0,2
BRDA:30,3,1,0
BRDA:34,4,0,2
BRDA:34,4,1,0
BRDA:45,5,0,0
BRDA:45,5,1,3
BRDA:47,6,0,0
BRDA:47,6,1,3
BRDA:49,7,0,0
BRDA:49,7,1,3
BRF:14
BRH:7
end_of_record
TN:
SF:/home/fabianorodrigo/Projetos/bitbucket/solidity-test/workdir/06/contracts/SimpleToken.sol
FN:27,transferFrom
FN:28,approve
FN:29,allowance
FN:31,balanceOf
FN:33,transfer
FN:48,mint
FNF:6
FNH:6
FNDA:1,transferFrom
FNDA:1,approve
FNDA:1,allowance
FNDA:1,balanceOf
FNDA:4,transfer
FNDA:33,mint
DA:34,4
DA:35,2
DA:36,0
DA:37,0
DA:38,0
DA:39,0
DA:50,33
DA:52,33
DA:54,31
DA:56,31
DA:57,31
DA:58,31
LF:12
LH:8
BRDA:34,1,0,2
BRDA:34,1,1,2
BRDA:35,2,0,0
BRDA:35,2,1,2
BRDA:52,3,0,31
BRDA:52,3,1,2
BRF:6
BRH:5
end_of_record
