npx solidity-coverage
qui 12 nov 2020 02:02:15 -03
Truffle v5.0.27 (core: 5.0.27)
Solidity v0.5.0 (solc-js)
Node v10.15.3
Web3.js v1.0.0-beta.37
Generating coverage environment
Running: truffle compile --network coverage 
(this can take a few seconds)...

Compiling your contracts...
===========================
> Compiling ./contracts/Example.sol
> Compiling ./contracts/Migrations.sol
> Compiling ./contracts/SafeMath.sol
> Compiling ./contracts/Token.sol
> Compiling ./contracts/proxy4tests/SafeMath.sol
> Compiling ./contracts/proxy4tests/Token.sol

    > compilation warnings encountered:

/home/fabianorodrigo/Projetos/bitbucket/solidity-test/workdir/try-catch-solidity/coverageEnv/contracts/proxy4tests/SafeMath.sol:1:1: Warning: Source file does not specify required compiler version! Consider adding "pragma solidity ^0.5.8;"
import "../SafeMath.sol";
^ (Relevant source part starts here and spans across multiple lines).
,/home/fabianorodrigo/Projetos/bitbucket/solidity-test/workdir/try-catch-solidity/coverageEnv/contracts/proxy4tests/Token.sol:1:1: Warning: Source file does not specify required compiler version! Consider adding "pragma solidity ^0.5.8;"
import "../Token.sol";
^ (Relevant source part starts here and spans across multiple lines).

> Artifacts written to /home/fabianorodrigo/Projetos/bitbucket/solidity-test/workdir/try-catch-solidity/coverageEnv/build/contracts
> Compiled successfully using:
   - solc: 0.5.8+commit.23d335f2.Emscripten.clang

Instrumenting  ./coverageEnv/contracts/Example.sol
Skipping instrumentation of  ./coverageEnv/contracts/Migrations.sol
Instrumenting  ./coverageEnv/contracts/proxy4tests/SafeMath.sol
Instrumenting  ./coverageEnv/contracts/proxy4tests/Token.sol
Instrumenting  ./coverageEnv/contracts/SafeMath.sol
Instrumenting  ./coverageEnv/contracts/Token.sol
Running: truffle compile --network coverage 
(this can take a few seconds)...

Compiling your contracts...
===========================
> Compiling ./contracts/Example.sol
> Compiling ./contracts/Migrations.sol
> Compiling ./contracts/SafeMath.sol
> Compiling ./contracts/Token.sol
> Compiling ./contracts/proxy4tests/SafeMath.sol
> Compiling ./contracts/proxy4tests/Token.sol

    > compilation warnings encountered:

/home/fabianorodrigo/Projetos/bitbucket/solidity-test/workdir/try-catch-solidity/coverageEnv/contracts/proxy4tests/SafeMath.sol:1:1: Warning: Source file does not specify required compiler version! Consider adding "pragma solidity ^0.5.8;"
import "../SafeMath.sol";
^ (Relevant source part starts here and spans across multiple lines).
,/home/fabianorodrigo/Projetos/bitbucket/solidity-test/workdir/try-catch-solidity/coverageEnv/contracts/proxy4tests/Token.sol:1:1: Warning: Source file does not specify required compiler version! Consider adding "pragma solidity ^0.5.8;"
import "../Token.sol";
^ (Relevant source part starts here and spans across multiple lines).

> Artifacts written to /home/fabianorodrigo/Projetos/bitbucket/solidity-test/workdir/try-catch-solidity/coverageEnv/build/contracts
> Compiled successfully using:
   - solc: 0.5.8+commit.23d335f2.Emscripten.clang

Launched testrpc on port 8555
Running: truffle test --network coverage 
(this can take a few seconds)...
Using network 'coverage'.


Compiling your contracts...
===========================
> Everything is up to date, there is nothing to compile.


[0m[0m
[0m  Contract: Example[0m
  [32m  âœ“[0m[90m Should execute tryTransferFrom(address,address,uint256) WHEN success==true[0m[31m (96ms)[0m
  [32m  âœ“[0m[90m Should execute tryTransferFrom(address,address,uint256) WHEN success!=true[0m[33m (67ms)[0m

[0m  Contract: contractProxySafeMath[0m
  [32m  âœ“[0m[90m Should execute testadd(uint256,uint256)[0m
  [32m  âœ“[0m[90m Should execute testsub(uint256,uint256) WHEN b<=a[0m
  [32m  âœ“[0m[90m Should fail testsub(uint256,uint256) when NOT comply with: b <= a[0m
  [32m  âœ“[0m[90m Should execute testmul(uint256,uint256) WHEN a==0[0m
  [32m  âœ“[0m[90m Should execute testmul(uint256,uint256) WHEN a!=0[0m
  [32m  âœ“[0m[90m Should execute testdiv(uint256,uint256) WHEN b>0[0m
  [32m  âœ“[0m[90m Should fail testdiv(uint256,uint256) when NOT comply with: b > 0[0m
  [32m  âœ“[0m[90m Should execute testmod(uint256,uint256) WHEN b!=0[0m
  [32m  âœ“[0m[90m Should fail testmod(uint256,uint256) when NOT comply with: b != 0[0m

[0m  Contract: contractProxyToken[0m
  [31m  1) Should execute test_transfer(address,address,uint256) WHEN sender!=0x0000000000000000000000000000000000000000,recipient!=0x0000000000000000000000000000000000000000[0m

    Events emitted during test:
    ---------------------------

    Transfer(from: <indexed> 0x0000000000000000000000000000000000000000 (address), to: <indexed> 0xF9A37ac4194e18c1168FDE83B83b7Fa429389819 (address), value: 1000 (uint256))
    Transfer(from: <indexed> 0x0000000000000000000000000000000000000000 (address), to: <indexed> 0x41e99bcFC41a4fa5FF1d3130DC44AeC718942097 (address), value: 1000 (uint256))

    ---------------------------
  [32m  âœ“[0m[90m Should fail test_transfer(address,address,uint256) when NOT comply with: sender != 0x0000000000000000000000000000000000000000[0m[33m (42ms)[0m
  [32m  âœ“[0m[90m Should fail test_transfer(address,address,uint256) when NOT comply with: recipient != 0x0000000000000000000000000000000000000000[0m[33m (41ms)[0m
  [32m  âœ“[0m[90m Should execute test_mint(address,uint256) WHEN account!=0x0000000000000000000000000000000000000000[0m[33m (49ms)[0m
  [32m  âœ“[0m[90m Should fail test_mint(address,uint256) when NOT comply with: account != 0x0000000000000000000000000000000000000000[0m[33m (42ms)[0m
  [31m  2) Should execute test_burn(address,uint256) WHEN account!=0x0000000000000000000000000000000000000000[0m

    Events emitted during test:
    ---------------------------

    Transfer(from: <indexed> 0x0000000000000000000000000000000000000000 (address), to: <indexed> 0xF9A37ac4194e18c1168FDE83B83b7Fa429389819 (address), value: 1000 (uint256))
    Transfer(from: <indexed> 0x0000000000000000000000000000000000000000 (address), to: <indexed> 0x41e99bcFC41a4fa5FF1d3130DC44AeC718942097 (address), value: 1000 (uint256))

    ---------------------------
  [32m  âœ“[0m[90m Should fail test_burn(address,uint256) when NOT comply with: account != 0x0000000000000000000000000000000000000000[0m[33m (41ms)[0m
  [32m  âœ“[0m[90m Should execute test_approve(address,address,uint256) WHEN owner!=0x0000000000000000000000000000000000000000,spender!=0x0000000000000000000000000000000000000000[0m[33m (39ms)[0m
  [32m  âœ“[0m[90m Should fail test_approve(address,address,uint256) when NOT comply with: owner != 0x0000000000000000000000000000000000000000[0m
  [32m  âœ“[0m[90m Should fail test_approve(address,address,uint256) when NOT comply with: spender != 0x0000000000000000000000000000000000000000[0m[33m (49ms)[0m
  [31m  3) Should execute test_burnFrom(address,uint256) WHEN account!=0x0000000000000000000000000000000000000000,account!=0x0000000000000000000000000000000000000000,msg.sender!=0x0000000000000000000000000000000000000000[0m

    Events emitted during test:
    ---------------------------

    Transfer(from: <indexed> 0x0000000000000000000000000000000000000000 (address), to: <indexed> 0xF9A37ac4194e18c1168FDE83B83b7Fa429389819 (address), value: 1000 (uint256))
    Transfer(from: <indexed> 0x0000000000000000000000000000000000000000 (address), to: <indexed> 0x41e99bcFC41a4fa5FF1d3130DC44AeC718942097 (address), value: 1000 (uint256))

    ---------------------------
  [32m  âœ“[0m[90m Should fail test_burnFrom(address,uint256) when NOT comply with: account != 0x0000000000000000000000000000000000000000[0m[33m (47ms)[0m
  [32m  âœ“[0m[90m Should fail test_burnFrom(address,uint256) when NOT comply with: account != 0x0000000000000000000000000000000000000000[0m[33m (49ms)[0m
  [31m  4) Should fail test_burnFrom(address,uint256) when NOT comply with: msg.sender != 0x0000000000000000000000000000000000000000[0m

    Events emitted during test:
    ---------------------------

    Transfer(from: <indexed> 0x0000000000000000000000000000000000000000 (address), to: <indexed> 0xF9A37ac4194e18c1168FDE83B83b7Fa429389819 (address), value: 1000 (uint256))
    Transfer(from: <indexed> 0x0000000000000000000000000000000000000000 (address), to: <indexed> 0x41e99bcFC41a4fa5FF1d3130DC44AeC718942097 (address), value: 1000 (uint256))

    ---------------------------

[0m  Contract: Token[0m
  [32m  âœ“[0m[90m Should execute totalSupply()[0m
  [32m  âœ“[0m[90m Should execute balanceOf(address)[0m
  [31m  5) Should execute transfer(address,uint256) WHEN msg.sender!=0x0000000000000000000000000000000000000000,recipient!=0x0000000000000000000000000000000000000000[0m

    Events emitted during test:
    ---------------------------

    Transfer(from: <indexed> 0x0000000000000000000000000000000000000000 (address), to: <indexed> 0xF9A37ac4194e18c1168FDE83B83b7Fa429389819 (address), value: 1000 (uint256))

    ---------------------------
  [31m  6) Should fail transfer(address,uint256) when NOT comply with: msg.sender != 0x0000000000000000000000000000000000000000[0m

    Events emitted during test:
    ---------------------------

    Transfer(from: <indexed> 0x0000000000000000000000000000000000000000 (address), to: <indexed> 0xF9A37ac4194e18c1168FDE83B83b7Fa429389819 (address), value: 1000 (uint256))

    ---------------------------
  [32m  âœ“[0m[90m Should fail transfer(address,uint256) when NOT comply with: recipient != 0x0000000000000000000000000000000000000000[0m[33m (38ms)[0m
  [32m  âœ“[0m[90m Should execute allowance(address,address)[0m
  [32m  âœ“[0m[90m Should execute approve(address,uint256) WHEN msg.sender!=0x0000000000000000000000000000000000000000,spender!=0x0000000000000000000000000000000000000000[0m
  [31m  7) Should fail approve(address,uint256) when NOT comply with: msg.sender != 0x0000000000000000000000000000000000000000[0m

    Events emitted during test:
    ---------------------------

    Transfer(from: <indexed> 0x0000000000000000000000000000000000000000 (address), to: <indexed> 0xF9A37ac4194e18c1168FDE83B83b7Fa429389819 (address), value: 1000 (uint256))

    ---------------------------
  [32m  âœ“[0m[90m Should fail approve(address,uint256) when NOT comply with: spender != 0x0000000000000000000000000000000000000000[0m[33m (40ms)[0m
  [31m  8) Should execute transferFrom(address,address,uint256) WHEN sender!=0x0000000000000000000000000000000000000000,recipient!=0x0000000000000000000000000000000000000000,sender!=0x0000000000000000000000000000000000000000,msg.sender!=0x0000000000000000000000000000000000000000[0m

    Events emitted during test:
    ---------------------------

    Transfer(from: <indexed> 0x0000000000000000000000000000000000000000 (address), to: <indexed> 0xF9A37ac4194e18c1168FDE83B83b7Fa429389819 (address), value: 1000 (uint256))

    ---------------------------
  [32m  âœ“[0m[90m Should fail transferFrom(address,address,uint256) when NOT comply with: sender != 0x0000000000000000000000000000000000000000[0m[33m (43ms)[0m
  [32m  âœ“[0m[90m Should fail transferFrom(address,address,uint256) when NOT comply with: recipient != 0x0000000000000000000000000000000000000000[0m[33m (43ms)[0m
  [32m  âœ“[0m[90m Should fail transferFrom(address,address,uint256) when NOT comply with: sender != 0x0000000000000000000000000000000000000000[0m[33m (49ms)[0m
  [31m  9) Should fail transferFrom(address,address,uint256) when NOT comply with: msg.sender != 0x0000000000000000000000000000000000000000[0m

    Events emitted during test:
    ---------------------------

    Transfer(from: <indexed> 0x0000000000000000000000000000000000000000 (address), to: <indexed> 0xF9A37ac4194e18c1168FDE83B83b7Fa429389819 (address), value: 1000 (uint256))

    ---------------------------
  [32m  âœ“[0m[90m Should execute increaseAllowance(address,uint256) WHEN msg.sender!=0x0000000000000000000000000000000000000000,spender!=0x0000000000000000000000000000000000000000[0m[33m (39ms)[0m
  [31m  10) Should fail increaseAllowance(address,uint256) when NOT comply with: msg.sender != 0x0000000000000000000000000000000000000000[0m

    Events emitted during test:
    ---------------------------

    Transfer(from: <indexed> 0x0000000000000000000000000000000000000000 (address), to: <indexed> 0xF9A37ac4194e18c1168FDE83B83b7Fa429389819 (address), value: 1000 (uint256))

    ---------------------------
  [32m  âœ“[0m[90m Should fail increaseAllowance(address,uint256) when NOT comply with: spender != 0x0000000000000000000000000000000000000000[0m[33m (48ms)[0m
  [32m  âœ“[0m[90m Should execute decreaseAllowance(address,uint256) WHEN msg.sender!=0x0000000000000000000000000000000000000000,spender!=0x0000000000000000000000000000000000000000[0m[33m (39ms)[0m
  [31m  11) Should fail decreaseAllowance(address,uint256) when NOT comply with: msg.sender != 0x0000000000000000000000000000000000000000[0m

    Events emitted during test:
    ---------------------------

    Transfer(from: <indexed> 0x0000000000000000000000000000000000000000 (address), to: <indexed> 0xF9A37ac4194e18c1168FDE83B83b7Fa429389819 (address), value: 1000 (uint256))

    ---------------------------
  [32m  âœ“[0m[90m Should fail decreaseAllowance(address,uint256) when NOT comply with: spender != 0x0000000000000000000000000000000000000000[0m[33m (48ms)[0m


[92m [0m[32m 34 passing[0m[90m (12s)[0m
[31m  11 failing[0m

[0m  1) Contract: contractProxyToken
       Should execute test_transfer(address,address,uint256) WHEN sender!=0x0000000000000000000000000000000000000000,recipient!=0x0000000000000000000000000000000000000000:
[0m[31m     Error: Returned error: VM Exception while processing transaction: revert SafeMath: subtraction overflow -- Reason given: SafeMath: subtraction overflow.[0m[90m
      at Object.ErrorResponse (/home/fabianorodrigo/Projetos/bitbucket/solidity-test/workdir/try-catch-solidity/node_modules/truffle/build/webpack:/~/web3-core-requestmanager/~/web3-core-helpers/src/errors.js:29:1)
      at /home/fabianorodrigo/Projetos/bitbucket/solidity-test/workdir/try-catch-solidity/node_modules/truffle/build/webpack:/~/web3-core-requestmanager/src/index.js:140:1
      at /home/fabianorodrigo/Projetos/bitbucket/solidity-test/workdir/try-catch-solidity/node_modules/truffle/build/webpack:/packages/truffle-provider/wrapper.js:112:1
      at XMLHttpRequest.request.onreadystatechange (/home/fabianorodrigo/Projetos/bitbucket/solidity-test/workdir/try-catch-solidity/node_modules/truffle/build/webpack:/~/web3-providers-http/src/index.js:96:1)
      at XMLHttpRequestEventTarget.dispatchEvent (/home/fabianorodrigo/Projetos/bitbucket/solidity-test/workdir/try-catch-solidity/node_modules/truffle/build/webpack:/~/xhr2-cookies/dist/xml-http-request-event-target.js:34:1)
      at XMLHttpRequest._setReadyState (/home/fabianorodrigo/Projetos/bitbucket/solidity-test/workdir/try-catch-solidity/node_modules/truffle/build/webpack:/~/xhr2-cookies/dist/xml-http-request.js:208:1)
      at XMLHttpRequest._onHttpResponseEnd (/home/fabianorodrigo/Projetos/bitbucket/solidity-test/workdir/try-catch-solidity/node_modules/truffle/build/webpack:/~/xhr2-cookies/dist/xml-http-request.js:318:1)
      at IncomingMessage.<anonymous> (/home/fabianorodrigo/Projetos/bitbucket/solidity-test/workdir/try-catch-solidity/node_modules/truffle/build/webpack:/~/xhr2-cookies/dist/xml-http-request.js:289:47)
      at endReadableNT (_stream_readable.js:1125:12)
      at process._tickCallback (internal/process/next_tick.js:63:19)
[0m
[0m  2) Contract: contractProxyToken
       Should execute test_burn(address,uint256) WHEN account!=0x0000000000000000000000000000000000000000:
[0m[31m     Error: Returned error: VM Exception while processing transaction: revert SafeMath: subtraction overflow -- Reason given: SafeMath: subtraction overflow.[0m[90m
      at Object.ErrorResponse (/home/fabianorodrigo/Projetos/bitbucket/solidity-test/workdir/try-catch-solidity/node_modules/truffle/build/webpack:/~/web3-core-requestmanager/~/web3-core-helpers/src/errors.js:29:1)
      at /home/fabianorodrigo/Projetos/bitbucket/solidity-test/workdir/try-catch-solidity/node_modules/truffle/build/webpack:/~/web3-core-requestmanager/src/index.js:140:1
      at /home/fabianorodrigo/Projetos/bitbucket/solidity-test/workdir/try-catch-solidity/node_modules/truffle/build/webpack:/packages/truffle-provider/wrapper.js:112:1
      at XMLHttpRequest.request.onreadystatechange (/home/fabianorodrigo/Projetos/bitbucket/solidity-test/workdir/try-catch-solidity/node_modules/truffle/build/webpack:/~/web3-providers-http/src/index.js:96:1)
      at XMLHttpRequestEventTarget.dispatchEvent (/home/fabianorodrigo/Projetos/bitbucket/solidity-test/workdir/try-catch-solidity/node_modules/truffle/build/webpack:/~/xhr2-cookies/dist/xml-http-request-event-target.js:34:1)
      at XMLHttpRequest._setReadyState (/home/fabianorodrigo/Projetos/bitbucket/solidity-test/workdir/try-catch-solidity/node_modules/truffle/build/webpack:/~/xhr2-cookies/dist/xml-http-request.js:208:1)
      at XMLHttpRequest._onHttpResponseEnd (/home/fabianorodrigo/Projetos/bitbucket/solidity-test/workdir/try-catch-solidity/node_modules/truffle/build/webpack:/~/xhr2-cookies/dist/xml-http-request.js:318:1)
      at IncomingMessage.<anonymous> (/home/fabianorodrigo/Projetos/bitbucket/solidity-test/workdir/try-catch-solidity/node_modules/truffle/build/webpack:/~/xhr2-cookies/dist/xml-http-request.js:289:47)
      at endReadableNT (_stream_readable.js:1125:12)
      at process._tickCallback (internal/process/next_tick.js:63:19)
[0m
[0m  3) Contract: contractProxyToken
       Should execute test_burnFrom(address,uint256) WHEN account!=0x0000000000000000000000000000000000000000,account!=0x0000000000000000000000000000000000000000,msg.sender!=0x0000000000000000000000000000000000000000:
[0m[31m     Error: Returned error: VM Exception while processing transaction: revert SafeMath: subtraction overflow -- Reason given: SafeMath: subtraction overflow.[0m[90m
      at Object.ErrorResponse (/home/fabianorodrigo/Projetos/bitbucket/solidity-test/workdir/try-catch-solidity/node_modules/truffle/build/webpack:/~/web3-core-requestmanager/~/web3-core-helpers/src/errors.js:29:1)
      at /home/fabianorodrigo/Projetos/bitbucket/solidity-test/workdir/try-catch-solidity/node_modules/truffle/build/webpack:/~/web3-core-requestmanager/src/index.js:140:1
      at /home/fabianorodrigo/Projetos/bitbucket/solidity-test/workdir/try-catch-solidity/node_modules/truffle/build/webpack:/packages/truffle-provider/wrapper.js:112:1
      at XMLHttpRequest.request.onreadystatechange (/home/fabianorodrigo/Projetos/bitbucket/solidity-test/workdir/try-catch-solidity/node_modules/truffle/build/webpack:/~/web3-providers-http/src/index.js:96:1)
      at XMLHttpRequestEventTarget.dispatchEvent (/home/fabianorodrigo/Projetos/bitbucket/solidity-test/workdir/try-catch-solidity/node_modules/truffle/build/webpack:/~/xhr2-cookies/dist/xml-http-request-event-target.js:34:1)
      at XMLHttpRequest._setReadyState (/home/fabianorodrigo/Projetos/bitbucket/solidity-test/workdir/try-catch-solidity/node_modules/truffle/build/webpack:/~/xhr2-cookies/dist/xml-http-request.js:208:1)
      at XMLHttpRequest._onHttpResponseEnd (/home/fabianorodrigo/Projetos/bitbucket/solidity-test/workdir/try-catch-solidity/node_modules/truffle/build/webpack:/~/xhr2-cookies/dist/xml-http-request.js:318:1)
      at IncomingMessage.<anonymous> (/home/fabianorodrigo/Projetos/bitbucket/solidity-test/workdir/try-catch-solidity/node_modules/truffle/build/webpack:/~/xhr2-cookies/dist/xml-http-request.js:289:47)
      at endReadableNT (_stream_readable.js:1125:12)
      at process._tickCallback (internal/process/next_tick.js:63:19)
[0m
[0m  4) Contract: contractProxyToken
       Should fail test_burnFrom(address,uint256) when NOT comply with: msg.sender != 0x0000000000000000000000000000000000000000:
[0m[31m     AssertionError: Expected to fail with revert, but failed with: Error: Returned error: from not found; is required[0m[90m
      at fails (/home/fabianorodrigo/.nvm/versions/node/v10.15.3/lib/node_modules/truffle-assertions/index.js:152:13)
      at process._tickCallback (internal/process/next_tick.js:68:7)
[0m
[0m  5) Contract: Token
       Should execute transfer(address,uint256) WHEN msg.sender!=0x0000000000000000000000000000000000000000,recipient!=0x0000000000000000000000000000000000000000:
[0m[31m     Error: Returned error: VM Exception while processing transaction: revert SafeMath: subtraction overflow -- Reason given: SafeMath: subtraction overflow.[0m[90m
      at Object.ErrorResponse (/home/fabianorodrigo/Projetos/bitbucket/solidity-test/workdir/try-catch-solidity/node_modules/truffle/build/webpack:/~/web3-core-requestmanager/~/web3-core-helpers/src/errors.js:29:1)
      at /home/fabianorodrigo/Projetos/bitbucket/solidity-test/workdir/try-catch-solidity/node_modules/truffle/build/webpack:/~/web3-core-requestmanager/src/index.js:140:1
      at /home/fabianorodrigo/Projetos/bitbucket/solidity-test/workdir/try-catch-solidity/node_modules/truffle/build/webpack:/packages/truffle-provider/wrapper.js:112:1
      at XMLHttpRequest.request.onreadystatechange (/home/fabianorodrigo/Projetos/bitbucket/solidity-test/workdir/try-catch-solidity/node_modules/truffle/build/webpack:/~/web3-providers-http/src/index.js:96:1)
      at XMLHttpRequestEventTarget.dispatchEvent (/home/fabianorodrigo/Projetos/bitbucket/solidity-test/workdir/try-catch-solidity/node_modules/truffle/build/webpack:/~/xhr2-cookies/dist/xml-http-request-event-target.js:34:1)
      at XMLHttpRequest._setReadyState (/home/fabianorodrigo/Projetos/bitbucket/solidity-test/workdir/try-catch-solidity/node_modules/truffle/build/webpack:/~/xhr2-cookies/dist/xml-http-request.js:208:1)
      at XMLHttpRequest._onHttpResponseEnd (/home/fabianorodrigo/Projetos/bitbucket/solidity-test/workdir/try-catch-solidity/node_modules/truffle/build/webpack:/~/xhr2-cookies/dist/xml-http-request.js:318:1)
      at IncomingMessage.<anonymous> (/home/fabianorodrigo/Projetos/bitbucket/solidity-test/workdir/try-catch-solidity/node_modules/truffle/build/webpack:/~/xhr2-cookies/dist/xml-http-request.js:289:47)
      at endReadableNT (_stream_readable.js:1125:12)
      at process._tickCallback (internal/process/next_tick.js:63:19)
[0m
[0m  6) Contract: Token
       Should fail transfer(address,uint256) when NOT comply with: msg.sender != 0x0000000000000000000000000000000000000000:
[0m[31m     AssertionError: Expected to fail with revert, but failed with: Error: Returned error: from not found; is required[0m[90m
      at fails (/home/fabianorodrigo/.nvm/versions/node/v10.15.3/lib/node_modules/truffle-assertions/index.js:152:13)
      at process._tickCallback (internal/process/next_tick.js:68:7)
[0m
[0m  7) Contract: Token
       Should fail approve(address,uint256) when NOT comply with: msg.sender != 0x0000000000000000000000000000000000000000:
[0m[31m     AssertionError: Expected to fail with revert, but failed with: Error: Returned error: from not found; is required[0m[90m
      at fails (/home/fabianorodrigo/.nvm/versions/node/v10.15.3/lib/node_modules/truffle-assertions/index.js:152:13)
      at process._tickCallback (internal/process/next_tick.js:68:7)
[0m
[0m  8) Contract: Token
       Should execute transferFrom(address,address,uint256) WHEN sender!=0x0000000000000000000000000000000000000000,recipient!=0x0000000000000000000000000000000000000000,sender!=0x0000000000000000000000000000000000000000,msg.sender!=0x0000000000000000000000000000000000000000:
[0m[31m     Error: Returned error: VM Exception while processing transaction: revert SafeMath: subtraction overflow -- Reason given: SafeMath: subtraction overflow.[0m[90m
      at Object.ErrorResponse (/home/fabianorodrigo/Projetos/bitbucket/solidity-test/workdir/try-catch-solidity/node_modules/truffle/build/webpack:/~/web3-core-requestmanager/~/web3-core-helpers/src/errors.js:29:1)
      at /home/fabianorodrigo/Projetos/bitbucket/solidity-test/workdir/try-catch-solidity/node_modules/truffle/build/webpack:/~/web3-core-requestmanager/src/index.js:140:1
      at /home/fabianorodrigo/Projetos/bitbucket/solidity-test/workdir/try-catch-solidity/node_modules/truffle/build/webpack:/packages/truffle-provider/wrapper.js:112:1
      at XMLHttpRequest.request.onreadystatechange (/home/fabianorodrigo/Projetos/bitbucket/solidity-test/workdir/try-catch-solidity/node_modules/truffle/build/webpack:/~/web3-providers-http/src/index.js:96:1)
      at XMLHttpRequestEventTarget.dispatchEvent (/home/fabianorodrigo/Projetos/bitbucket/solidity-test/workdir/try-catch-solidity/node_modules/truffle/build/webpack:/~/xhr2-cookies/dist/xml-http-request-event-target.js:34:1)
      at XMLHttpRequest._setReadyState (/home/fabianorodrigo/Projetos/bitbucket/solidity-test/workdir/try-catch-solidity/node_modules/truffle/build/webpack:/~/xhr2-cookies/dist/xml-http-request.js:208:1)
      at XMLHttpRequest._onHttpResponseEnd (/home/fabianorodrigo/Projetos/bitbucket/solidity-test/workdir/try-catch-solidity/node_modules/truffle/build/webpack:/~/xhr2-cookies/dist/xml-http-request.js:318:1)
      at IncomingMessage.<anonymous> (/home/fabianorodrigo/Projetos/bitbucket/solidity-test/workdir/try-catch-solidity/node_modules/truffle/build/webpack:/~/xhr2-cookies/dist/xml-http-request.js:289:47)
      at endReadableNT (_stream_readable.js:1125:12)
      at process._tickCallback (internal/process/next_tick.js:63:19)
[0m
[0m  9) Contract: Token
       Should fail transferFrom(address,address,uint256) when NOT comply with: msg.sender != 0x0000000000000000000000000000000000000000:
[0m[31m     AssertionError: Expected to fail with revert, but failed with: Error: Returned error: from not found; is required[0m[90m
      at fails (/home/fabianorodrigo/.nvm/versions/node/v10.15.3/lib/node_modules/truffle-assertions/index.js:152:13)
      at process._tickCallback (internal/process/next_tick.js:68:7)
[0m
[0m  10) Contract: Token
       Should fail increaseAllowance(address,uint256) when NOT comply with: msg.sender != 0x0000000000000000000000000000000000000000:
[0m[31m     AssertionError: Expected to fail with revert, but failed with: Error: Returned error: from not found; is required[0m[90m
      at fails (/home/fabianorodrigo/.nvm/versions/node/v10.15.3/lib/node_modules/truffle-assertions/index.js:152:13)
      at process._tickCallback (internal/process/next_tick.js:68:7)
[0m
[0m  11) Contract: Token
       Should fail decreaseAllowance(address,uint256) when NOT comply with: msg.sender != 0x0000000000000000000000000000000000000000:
[0m[31m     AssertionError: Expected to fail with revert, but failed with: Error: Returned error: from not found; is required[0m[90m
      at fails (/home/fabianorodrigo/.nvm/versions/node/v10.15.3/lib/node_modules/truffle-assertions/index.js:152:13)
      at process._tickCallback (internal/process/next_tick.js:68:7)
[0m


------------------------|----------|----------|----------|----------|----------------|
File                    |  % Stmts | % Branch |  % Funcs |  % Lines |Uncovered Lines |
------------------------|----------|----------|----------|----------|----------------|
 contracts/             |    85.71 |    88.46 |      100 |    85.71 |                |
  Example.sol           |    83.33 |       50 |      100 |    83.33 |             30 |
  SafeMath.sol          |      100 |    83.33 |      100 |      100 |                |
  Token.sol             |    79.41 |      100 |      100 |    79.41 |... 157,193,225 |
 contracts/proxy4tests/ |      100 |      100 |      100 |      100 |                |
  SafeMath.sol          |      100 |      100 |      100 |      100 |                |
  Token.sol             |      100 |      100 |      100 |      100 |                |
------------------------|----------|----------|----------|----------|----------------|
All files               |    87.88 |    88.46 |      100 |    87.88 |                |
------------------------|----------|----------|----------|----------|----------------|

Istanbul coverage reports generated
Cleaning up...
Shutting down testrpc-sc (pid 493349)
Some truffle tests failed while running coverage
