{"contracts/EcTools.sol":{"l":{"11":5,"12":5,"13":5,"16":5,"17":4,"21":1,"28":1,"29":0,"33":1,"34":1,"36":0,"41":3,"42":3,"46":2,"47":2},"path":"/home/fabianorodrigo/Projetos/bitbucket/solidity-test/workdir/EIP712/contracts/EcTools.sol","s":{"1":5,"2":5,"3":5,"4":5,"5":4,"6":1,"7":0,"8":1,"9":1,"10":0,"11":3,"12":3,"13":2,"14":2},"b":{"1":[4,1],"2":[0,1],"3":[1,0]},"f":{"1":5,"2":3,"3":2},"fnMap":{"1":{"name":"recover","line":10,"loc":{"start":{"line":10,"column":2},"end":{"line":10,"column":101}}},"2":{"name":"toEthereumSignedMessage","line":40,"loc":{"start":{"line":40,"column":2},"end":{"line":40,"column":78}}},"3":{"name":"prefixedRecover","line":45,"loc":{"start":{"line":45,"column":2},"end":{"line":45,"column":88}}}},"statementMap":{"1":{"start":{"line":11,"column":4},"end":{"line":11,"column":13}},"2":{"start":{"line":12,"column":4},"end":{"line":12,"column":13}},"3":{"start":{"line":13,"column":4},"end":{"line":13,"column":11}},"4":{"start":{"line":16,"column":4},"end":{"line":16,"column":488}},"5":{"start":{"line":17,"column":6},"end":{"line":17,"column":25}},"6":{"start":{"line":28,"column":4},"end":{"line":28,"column":853}},"7":{"start":{"line":29,"column":6},"end":{"line":29,"column":12}},"8":{"start":{"line":33,"column":4},"end":{"line":33,"column":952}},"9":{"start":{"line":34,"column":6},"end":{"line":34,"column":25}},"10":{"start":{"line":36,"column":6},"end":{"line":36,"column":48}},"11":{"start":{"line":41,"column":4},"end":{"line":41,"column":60}},"12":{"start":{"line":42,"column":4},"end":{"line":42,"column":52}},"13":{"start":{"line":46,"column":4},"end":{"line":46,"column":56}},"14":{"start":{"line":47,"column":4},"end":{"line":47,"column":37}}},"branchMap":{"1":{"line":16,"type":"if","locations":[{"start":{"line":16,"column":4},"end":{"line":16,"column":4}},{"start":{"line":16,"column":4},"end":{"line":16,"column":4}}]},"2":{"line":28,"type":"if","locations":[{"start":{"line":28,"column":4},"end":{"line":28,"column":4}},{"start":{"line":28,"column":4},"end":{"line":28,"column":4}}]},"3":{"line":33,"type":"if","locations":[{"start":{"line":33,"column":4},"end":{"line":33,"column":4}},{"start":{"line":33,"column":4},"end":{"line":33,"column":4}}]}}},"contracts/proxy4tests/EcTools.sol":{"l":{"9":2,"13":1,"17":1},"path":"/home/fabianorodrigo/Projetos/bitbucket/solidity-test/workdir/EIP712/contracts/proxy4tests/EcTools.sol","s":{"1":2,"2":1,"3":1},"b":{},"f":{"1":2,"2":1,"3":1},"fnMap":{"1":{"name":"testrecover","line":8,"loc":{"start":{"line":8,"column":3},"end":{"line":8,"column":106}}},"2":{"name":"testtoEthereumSignedMessage","line":12,"loc":{"start":{"line":12,"column":3},"end":{"line":12,"column":83}}},"3":{"name":"testprefixedRecover","line":16,"loc":{"start":{"line":16,"column":3},"end":{"line":16,"column":93}}}},"statementMap":{"1":{"start":{"line":9,"column":4},"end":{"line":9,"column":49}},"2":{"start":{"line":13,"column":4},"end":{"line":13,"column":41}},"3":{"start":{"line":17,"column":4},"end":{"line":17,"column":36}}},"branchMap":{}},"contracts/SignatureVerifier.sol":{"l":{"43":4,"51":4,"63":1,"68":1,"73":1,"74":1,"75":1,"76":1,"78":1,"82":1,"86":1},"path":"/home/fabianorodrigo/Projetos/bitbucket/solidity-test/workdir/EIP712/contracts/SignatureVerifier.sol","s":{"1":4,"2":4,"3":1,"4":1,"5":1,"6":1,"7":1,"8":1,"9":1,"10":1,"11":1},"b":{},"f":{"1":4,"2":4,"3":1,"4":1,"5":1},"fnMap":{"1":{"name":"hashIdentity","line":42,"loc":{"start":{"line":42,"column":4},"end":{"line":42,"column":80}}},"2":{"name":"hashBid","line":50,"loc":{"start":{"line":50,"column":4},"end":{"line":50,"column":63}}},"3":{"name":"verifyHardCoded","line":62,"loc":{"start":{"line":62,"column":4},"end":{"line":62,"column":55}}},"4":{"name":"verifySpecificWithPrefix","line":81,"loc":{"start":{"line":81,"column":4},"end":{"line":81,"column":105}}},"5":{"name":"verifySpecificWithoutPrefix","line":85,"loc":{"start":{"line":85,"column":4},"end":{"line":85,"column":108}}}},"statementMap":{"1":{"start":{"line":43,"column":8},"end":{"line":43,"column":1653}},"2":{"start":{"line":51,"column":8},"end":{"line":51,"column":1881}},"3":{"start":{"line":63,"column":8},"end":{"line":63,"column":2237}},"4":{"start":{"line":68,"column":8},"end":{"line":68,"column":2386}},"5":{"start":{"line":73,"column":8},"end":{"line":73,"column":89}},"6":{"start":{"line":74,"column":8},"end":{"line":74,"column":89}},"7":{"start":{"line":75,"column":8},"end":{"line":75,"column":23}},"8":{"start":{"line":76,"column":8},"end":{"line":76,"column":67}},"9":{"start":{"line":78,"column":8},"end":{"line":78,"column":66}},"10":{"start":{"line":82,"column":8},"end":{"line":82,"column":63}},"11":{"start":{"line":86,"column":8},"end":{"line":86,"column":55}}},"branchMap":{}}}