{"contracts/IAction.sol":{"l":{},"path":"/home/fabianorodrigo/Projetos/bitbucket/solidity-test/workdir/Action/contracts/IAction.sol","s":{},"b":{},"f":{},"fnMap":{},"statementMap":{},"branchMap":{}},"contracts/testContracts/ActionTest.sol":{"l":{"15":3,"16":3,"20":1,"24":2,"25":0,"30":3,"31":3,"32":3,"33":0,"35":0},"path":"/home/fabianorodrigo/Projetos/bitbucket/solidity-test/workdir/Action/contracts/testContracts/ActionTest.sol","s":{"1":3,"2":3,"3":1,"4":2,"5":0,"6":3,"7":3,"8":3,"9":0,"10":0},"b":{"1":[0,0],"2":[0,0]},"f":{"1":3,"2":1,"3":2,"4":3},"fnMap":{"1":{"name":"constructor","line":14,"loc":{"start":{"line":14,"column":4},"end":{"line":14,"column":76}}},"2":{"name":"","line":19,"loc":{"start":{"line":19,"column":4},"end":{"line":19,"column":27}}},"3":{"name":"execute","line":23,"loc":{"start":{"line":23,"column":4},"end":{"line":23,"column":29}}},"4":{"name":"canExecute","line":29,"loc":{"start":{"line":29,"column":4},"end":{"line":29,"column":50}}}},"statementMap":{"1":{"start":{"line":15,"column":8},"end":{"line":15,"column":45}},"2":{"start":{"line":16,"column":8},"end":{"line":16,"column":41}},"3":{"start":{"line":20,"column":8},"end":{"line":20,"column":49}},"4":{"start":{"line":24,"column":8},"end":{"line":24,"column":756}},"5":{"start":{"line":25,"column":12},"end":{"line":25,"column":44}},"6":{"start":{"line":30,"column":8},"end":{"line":30,"column":97}},"7":{"start":{"line":31,"column":8},"end":{"line":31,"column":101}},"8":{"start":{"line":32,"column":8},"end":{"line":32,"column":1110}},"9":{"start":{"line":33,"column":12},"end":{"line":33,"column":20}},"10":{"start":{"line":35,"column":12},"end":{"line":35,"column":20}}},"branchMap":{"1":{"line":24,"type":"if","locations":[{"start":{"line":24,"column":8},"end":{"line":24,"column":8}},{"start":{"line":24,"column":8},"end":{"line":24,"column":8}}]},"2":{"line":32,"type":"if","locations":[{"start":{"line":32,"column":8},"end":{"line":32,"column":8}},{"start":{"line":32,"column":8},"end":{"line":32,"column":8}}]}}},"contracts/testContracts/FreezableTestToken.sol":{"l":{"7":3,"8":3},"path":"/home/fabianorodrigo/Projetos/bitbucket/solidity-test/workdir/Action/contracts/testContracts/FreezableTestToken.sol","s":{"1":3,"2":3},"b":{},"f":{"1":3},"fnMap":{"1":{"name":"constructor","line":6,"loc":{"start":{"line":6,"column":4},"end":{"line":6,"column":22}}}},"statementMap":{"1":{"start":{"line":7,"column":8},"end":{"line":7,"column":32}},"2":{"start":{"line":8,"column":8},"end":{"line":8,"column":28}}},"branchMap":{}}}