{"contracts/CanonicalBurner.sol":{"l":{"13":51,"14":51,"18":3,"19":1},"path":"/home/fabianorodrigo/Projetos/bitbucket/solidity-test/workdir/noia-token/contracts/CanonicalBurner.sol","s":{"1":51,"2":51,"3":3,"4":1},"b":{"1":[1,2]},"f":{"1":51,"2":3},"fnMap":{"1":{"name":"constructor","line":12,"loc":{"start":{"line":12,"column":4},"end":{"line":12,"column":36}}},"2":{"name":"tokensReceived","line":17,"loc":{"start":{"line":17,"column":4},"end":{"line":17,"column":68}}}},"statementMap":{"1":{"start":{"line":13,"column":8},"end":{"line":13,"column":21}},"2":{"start":{"line":14,"column":8},"end":{"line":14,"column":34}},"3":{"start":{"line":18,"column":8},"end":{"line":18,"column":65}},"4":{"start":{"line":19,"column":8},"end":{"line":19,"column":36}}},"branchMap":{"1":{"line":18,"type":"if","locations":[{"start":{"line":18,"column":8},"end":{"line":18,"column":8}},{"start":{"line":18,"column":8},"end":{"line":18,"column":8}}]}}},"contracts/ITokenReceiver.sol":{"l":{},"path":"/home/fabianorodrigo/Projetos/bitbucket/solidity-test/workdir/noia-token/contracts/ITokenReceiver.sol","s":{},"b":{},"f":{},"fnMap":{},"statementMap":{},"branchMap":{}},"contracts/NOIAToken.sol":{"l":{"28":14,"29":10,"33":53,"37":1,"41":8,"45":3,"54":4,"55":0,"56":0,"58":0,"70":4,"71":0,"72":0,"74":0,"78":16,"79":0,"81":0,"83":16,"84":8,"90":16,"91":0,"101":13,"102":13,"103":13,"104":11,"105":5,"113":3,"114":2,"118":7,"120":7,"143":10,"145":4,"146":4,"147":4,"149":0,"150":0,"151":0,"153":0,"154":0,"155":0,"157":0,"158":0,"159":0,"160":0,"163":0,"164":0,"187":5},"path":"/home/fabianorodrigo/Projetos/bitbucket/solidity-test/workdir/noia-token/contracts/NOIAToken.sol","s":{"1":14,"2":53,"3":1,"4":8,"5":3,"6":4,"7":0,"8":0,"9":0,"10":4,"11":0,"12":0,"13":0,"14":16,"15":0,"16":0,"17":0,"18":16,"19":8,"20":16,"21":0,"22":13,"23":13,"24":13,"25":11,"26":5,"27":3,"28":2,"29":7,"30":7,"31":10,"32":4,"33":4,"34":4,"35":0,"36":0,"37":0,"38":0,"39":0,"40":0,"41":0,"42":0,"43":0,"44":0,"45":0,"46":0,"47":5},"b":{"1":[10,4],"2":[0,0],"3":[0,0],"4":[0,16],"5":[0,0],"6":[8,8],"7":[0,16],"8":[13,0],"9":[2,1],"10":[7,0],"11":[4,6],"12":[0,4],"13":[0,0],"14":[0,0]},"f":{"1":14,"2":53,"3":1,"4":8,"5":3,"6":4,"7":4,"8":16,"9":16,"10":13,"11":3,"12":7,"13":10,"14":5},"fnMap":{"1":{"name":"onlyEtherlessTransferEnabled","line":27,"loc":{"start":{"line":27,"column":4},"end":{"line":27,"column":39}}},"2":{"name":"register","line":32,"loc":{"start":{"line":32,"column":4},"end":{"line":32,"column":28}}},"3":{"name":"unregister","line":36,"loc":{"start":{"line":36,"column":4},"end":{"line":36,"column":30}}},"4":{"name":"enableEtherlessTransfer","line":40,"loc":{"start":{"line":40,"column":4},"end":{"line":40,"column":53}}},"5":{"name":"disableEtherlessTransfer","line":44,"loc":{"start":{"line":44,"column":4},"end":{"line":44,"column":54}}},"6":{"name":"transfer","line":53,"loc":{"start":{"line":53,"column":4},"end":{"line":53,"column":68}}},"7":{"name":"transferFrom","line":69,"loc":{"start":{"line":69,"column":4},"end":{"line":69,"column":86}}},"8":{"name":"_postTransfer","line":77,"loc":{"start":{"line":77,"column":4},"end":{"line":77,"column":74}}},"9":{"name":"_burn","line":89,"loc":{"start":{"line":89,"column":4},"end":{"line":89,"column":57}}},"10":{"name":"mint","line":100,"loc":{"start":{"line":100,"column":4},"end":{"line":100,"column":74}}},"11":{"name":"burn","line":112,"loc":{"start":{"line":112,"column":4},"end":{"line":112,"column":37}}},"12":{"name":"setBurnAddress","line":117,"loc":{"start":{"line":117,"column":4},"end":{"line":117,"column":66}}},"13":{"name":"transferPreSigned","line":132,"loc":{"start":{"line":132,"column":4},"end":{"line":142,"column":5}}},"14":{"name":"hashForSign","line":175,"loc":{"start":{"line":175,"column":4},"end":{"line":186,"column":5}}}},"statementMap":{"1":{"start":{"line":28,"column":8},"end":{"line":28,"column":93}},"2":{"start":{"line":33,"column":8},"end":{"line":33,"column":32}},"3":{"start":{"line":37,"column":8},"end":{"line":37,"column":33}},"4":{"start":{"line":41,"column":8},"end":{"line":41,"column":38}},"5":{"start":{"line":45,"column":8},"end":{"line":45,"column":39}},"6":{"start":{"line":54,"column":8},"end":{"line":54,"column":48}},"7":{"start":{"line":55,"column":8},"end":{"line":55,"column":1822}},"8":{"start":{"line":56,"column":12},"end":{"line":56,"column":47}},"9":{"start":{"line":58,"column":8},"end":{"line":58,"column":22}},"10":{"start":{"line":70,"column":8},"end":{"line":70,"column":58}},"11":{"start":{"line":71,"column":8},"end":{"line":71,"column":2544}},"12":{"start":{"line":72,"column":12},"end":{"line":72,"column":41}},"13":{"start":{"line":74,"column":8},"end":{"line":74,"column":22}},"14":{"start":{"line":78,"column":8},"end":{"line":78,"column":2731}},"15":{"start":{"line":79,"column":12},"end":{"line":79,"column":43}},"16":{"start":{"line":79,"column":37},"end":{"line":79,"column":43}},"17":{"start":{"line":81,"column":12},"end":{"line":81,"column":61}},"18":{"start":{"line":83,"column":12},"end":{"line":83,"column":2897}},"19":{"start":{"line":84,"column":16},"end":{"line":84,"column":40}},"20":{"start":{"line":90,"column":8},"end":{"line":90,"column":77}},"21":{"start":{"line":91,"column":8},"end":{"line":91,"column":34}},"22":{"start":{"line":101,"column":8},"end":{"line":101,"column":70}},"23":{"start":{"line":102,"column":8},"end":{"line":102,"column":45}},"24":{"start":{"line":103,"column":8},"end":{"line":103,"column":23}},"25":{"start":{"line":104,"column":8},"end":{"line":104,"column":43}},"26":{"start":{"line":105,"column":8},"end":{"line":105,"column":19}},"27":{"start":{"line":113,"column":8},"end":{"line":113,"column":77}},"28":{"start":{"line":114,"column":8},"end":{"line":114,"column":31}},"29":{"start":{"line":118,"column":8},"end":{"line":118,"column":84}},"30":{"start":{"line":120,"column":8},"end":{"line":120,"column":33}},"31":{"start":{"line":143,"column":8},"end":{"line":143,"column":65}},"32":{"start":{"line":145,"column":8},"end":{"line":145,"column":93}},"33":{"start":{"line":146,"column":8},"end":{"line":146,"column":80}},"34":{"start":{"line":147,"column":8},"end":{"line":147,"column":55}},"35":{"start":{"line":149,"column":8},"end":{"line":149,"column":74}},"36":{"start":{"line":150,"column":8},"end":{"line":150,"column":66}},"37":{"start":{"line":151,"column":8},"end":{"line":151,"column":33}},"38":{"start":{"line":153,"column":8},"end":{"line":153,"column":5401}},"39":{"start":{"line":154,"column":12},"end":{"line":154,"column":49}},"40":{"start":{"line":155,"column":12},"end":{"line":155,"column":53}},"41":{"start":{"line":157,"column":12},"end":{"line":157,"column":39}},"42":{"start":{"line":158,"column":12},"end":{"line":158,"column":43}},"43":{"start":{"line":159,"column":12},"end":{"line":159,"column":44}},"44":{"start":{"line":160,"column":12},"end":{"line":160,"column":48}},"45":{"start":{"line":163,"column":8},"end":{"line":163,"column":67}},"46":{"start":{"line":164,"column":8},"end":{"line":164,"column":19}},"47":{"start":{"line":187,"column":8},"end":{"line":187,"column":88}}},"branchMap":{"1":{"line":28,"type":"if","locations":[{"start":{"line":28,"column":8},"end":{"line":28,"column":8}},{"start":{"line":28,"column":8},"end":{"line":28,"column":8}}]},"2":{"line":55,"type":"if","locations":[{"start":{"line":55,"column":8},"end":{"line":55,"column":8}},{"start":{"line":55,"column":8},"end":{"line":55,"column":8}}]},"3":{"line":71,"type":"if","locations":[{"start":{"line":71,"column":8},"end":{"line":71,"column":8}},{"start":{"line":71,"column":8},"end":{"line":71,"column":8}}]},"4":{"line":78,"type":"if","locations":[{"start":{"line":78,"column":8},"end":{"line":78,"column":8}},{"start":{"line":78,"column":8},"end":{"line":78,"column":8}}]},"5":{"line":79,"type":"if","locations":[{"start":{"line":79,"column":12},"end":{"line":79,"column":12}},{"start":{"line":79,"column":12},"end":{"line":79,"column":12}}]},"6":{"line":83,"type":"if","locations":[{"start":{"line":83,"column":12},"end":{"line":83,"column":12}},{"start":{"line":83,"column":12},"end":{"line":83,"column":12}}]},"7":{"line":90,"type":"if","locations":[{"start":{"line":90,"column":8},"end":{"line":90,"column":8}},{"start":{"line":90,"column":8},"end":{"line":90,"column":8}}]},"8":{"line":101,"type":"if","locations":[{"start":{"line":101,"column":8},"end":{"line":101,"column":8}},{"start":{"line":101,"column":8},"end":{"line":101,"column":8}}]},"9":{"line":113,"type":"if","locations":[{"start":{"line":113,"column":8},"end":{"line":113,"column":8}},{"start":{"line":113,"column":8},"end":{"line":113,"column":8}}]},"10":{"line":118,"type":"if","locations":[{"start":{"line":118,"column":8},"end":{"line":118,"column":8}},{"start":{"line":118,"column":8},"end":{"line":118,"column":8}}]},"11":{"line":143,"type":"if","locations":[{"start":{"line":143,"column":8},"end":{"line":143,"column":8}},{"start":{"line":143,"column":8},"end":{"line":143,"column":8}}]},"12":{"line":147,"type":"if","locations":[{"start":{"line":147,"column":8},"end":{"line":147,"column":8}},{"start":{"line":147,"column":8},"end":{"line":147,"column":8}}]},"13":{"line":150,"type":"if","locations":[{"start":{"line":150,"column":8},"end":{"line":150,"column":8}},{"start":{"line":150,"column":8},"end":{"line":150,"column":8}}]},"14":{"line":153,"type":"if","locations":[{"start":{"line":153,"column":8},"end":{"line":153,"column":8}},{"start":{"line":153,"column":8},"end":{"line":153,"column":8}}]}}},"contracts/NOIAVault.sol":{"l":{"19":2,"20":0,"25":5,"26":5,"27":3,"29":1,"31":1,"32":1,"33":1,"37":6,"39":6,"40":6,"41":0,"45":0,"46":0,"47":0,"48":0,"56":2},"path":"/home/fabianorodrigo/Projetos/bitbucket/solidity-test/workdir/noia-token/contracts/NOIAVault.sol","s":{"1":2,"2":5,"3":5,"4":3,"5":1,"6":1,"7":1,"8":1,"9":6,"10":0,"11":6,"12":6,"13":0,"14":0,"15":0,"16":0,"17":0,"18":2},"b":{"1":[0,2],"2":[5,0],"3":[3,2],"4":[1,2],"5":[0,6],"6":[0,0],"7":[0,0]},"f":{"1":2,"2":5,"3":6,"4":0,"5":2},"fnMap":{"1":{"name":"onlyOwner","line":18,"loc":{"start":{"line":18,"column":4},"end":{"line":18,"column":22}}},"2":{"name":"initialize","line":24,"loc":{"start":{"line":24,"column":4},"end":{"line":24,"column":95}}},"3":{"name":"release","line":36,"loc":{"start":{"line":36,"column":4},"end":{"line":36,"column":27}}},"4":{"name":"recoverTokens","line":44,"loc":{"start":{"line":44,"column":4},"end":{"line":44,"column":83}}},"5":{"name":"tokensReceived","line":51,"loc":{"start":{"line":51,"column":4},"end":{"line":55,"column":16}}}},"statementMap":{"1":{"start":{"line":19,"column":8},"end":{"line":19,"column":101}},"2":{"start":{"line":25,"column":8},"end":{"line":25,"column":73}},"3":{"start":{"line":26,"column":8},"end":{"line":26,"column":73}},"4":{"start":{"line":27,"column":8},"end":{"line":27,"column":65}},"5":{"start":{"line":29,"column":8},"end":{"line":29,"column":44}},"6":{"start":{"line":31,"column":8},"end":{"line":31,"column":33}},"7":{"start":{"line":32,"column":8},"end":{"line":32,"column":27}},"8":{"start":{"line":33,"column":8},"end":{"line":33,"column":47}},"9":{"start":{"line":37,"column":8},"end":{"line":37,"column":34}},"10":{"start":{"line":37,"column":28},"end":{"line":37,"column":34}},"11":{"start":{"line":39,"column":8},"end":{"line":39,"column":55}},"12":{"start":{"line":40,"column":8},"end":{"line":40,"column":56}},"13":{"start":{"line":41,"column":8},"end":{"line":41,"column":43}},"14":{"start":{"line":45,"column":8},"end":{"line":45,"column":81}},"15":{"start":{"line":46,"column":8},"end":{"line":46,"column":56}},"16":{"start":{"line":47,"column":8},"end":{"line":47,"column":80}},"17":{"start":{"line":48,"column":8},"end":{"line":48,"column":37}},"18":{"start":{"line":56,"column":8},"end":{"line":56,"column":16}}},"branchMap":{"1":{"line":19,"type":"if","locations":[{"start":{"line":19,"column":8},"end":{"line":19,"column":8}},{"start":{"line":19,"column":8},"end":{"line":19,"column":8}}]},"2":{"line":25,"type":"if","locations":[{"start":{"line":25,"column":8},"end":{"line":25,"column":8}},{"start":{"line":25,"column":8},"end":{"line":25,"column":8}}]},"3":{"line":26,"type":"if","locations":[{"start":{"line":26,"column":8},"end":{"line":26,"column":8}},{"start":{"line":26,"column":8},"end":{"line":26,"column":8}}]},"4":{"line":27,"type":"if","locations":[{"start":{"line":27,"column":8},"end":{"line":27,"column":8}},{"start":{"line":27,"column":8},"end":{"line":27,"column":8}}]},"5":{"line":37,"type":"if","locations":[{"start":{"line":37,"column":8},"end":{"line":37,"column":8}},{"start":{"line":37,"column":8},"end":{"line":37,"column":8}}]},"6":{"line":45,"type":"if","locations":[{"start":{"line":45,"column":8},"end":{"line":45,"column":8}},{"start":{"line":45,"column":8},"end":{"line":45,"column":8}}]},"7":{"line":47,"type":"if","locations":[{"start":{"line":47,"column":8},"end":{"line":47,"column":8}},{"start":{"line":47,"column":8},"end":{"line":47,"column":8}}]}}},"contracts/NOIAVaultFactory.sol":{"l":{"21":2,"22":2,"26":52,"27":52,"31":1,"33":1,"34":1,"36":1,"40":1,"41":1,"42":1,"43":0,"44":0,"45":0,"48":1,"52":1,"53":1,"54":1,"55":0,"57":1,"61":1,"65":2,"66":2,"67":0,"72":2,"73":2},"path":"/home/fabianorodrigo/Projetos/bitbucket/solidity-test/workdir/noia-token/contracts/NOIAVaultFactory.sol","s":{"1":2,"2":52,"3":52,"4":1,"5":1,"6":1,"7":1,"8":1,"9":1,"10":1,"11":0,"12":0,"13":0,"14":1,"15":1,"16":1,"17":1,"18":0,"19":1,"20":1,"21":2,"22":2,"23":0,"24":2},"b":{"1":[2,0],"2":[0,0],"3":[0,2]},"f":{"1":2,"2":52,"3":1,"4":1,"5":1,"6":1,"7":2,"8":2},"fnMap":{"1":{"name":"onlyOwner","line":20,"loc":{"start":{"line":20,"column":4},"end":{"line":20,"column":22}}},"2":{"name":"constructor","line":25,"loc":{"start":{"line":25,"column":4},"end":{"line":25,"column":74}}},"3":{"name":"createVault","line":30,"loc":{"start":{"line":30,"column":4},"end":{"line":30,"column":70}}},"4":{"name":"unlockableBalanceOf","line":39,"loc":{"start":{"line":39,"column":4},"end":{"line":39,"column":82}}},"5":{"name":"totalBalanceOf","line":51,"loc":{"start":{"line":51,"column":4},"end":{"line":51,"column":77}}},"6":{"name":"getVaultsCount","line":60,"loc":{"start":{"line":60,"column":4},"end":{"line":60,"column":76}}},"7":{"name":"recoverTokens","line":64,"loc":{"start":{"line":64,"column":4},"end":{"line":64,"column":83}}},"8":{"name":"createClone","line":71,"loc":{"start":{"line":71,"column":4},"end":{"line":71,"column":72}}}},"statementMap":{"1":{"start":{"line":21,"column":8},"end":{"line":21,"column":99}},"2":{"start":{"line":26,"column":8},"end":{"line":26,"column":45}},"3":{"start":{"line":27,"column":8},"end":{"line":27,"column":45}},"4":{"start":{"line":31,"column":8},"end":{"line":31,"column":55}},"5":{"start":{"line":33,"column":8},"end":{"line":33,"column":79}},"6":{"start":{"line":34,"column":8},"end":{"line":34,"column":39}},"7":{"start":{"line":36,"column":8},"end":{"line":36,"column":57}},"8":{"start":{"line":40,"column":8},"end":{"line":40,"column":25}},"9":{"start":{"line":41,"column":8},"end":{"line":41,"column":53}},"10":{"start":{"line":42,"column":8},"end":{"line":42,"column":1928}},"11":{"start":{"line":43,"column":12},"end":{"line":43,"column":49}},"12":{"start":{"line":44,"column":12},"end":{"line":44,"column":2040}},"13":{"start":{"line":45,"column":16},"end":{"line":45,"column":80}},"14":{"start":{"line":48,"column":8},"end":{"line":48,"column":20}},"15":{"start":{"line":52,"column":8},"end":{"line":52,"column":25}},"16":{"start":{"line":53,"column":8},"end":{"line":53,"column":53}},"17":{"start":{"line":54,"column":8},"end":{"line":54,"column":2374}},"18":{"start":{"line":55,"column":12},"end":{"line":55,"column":76}},"19":{"start":{"line":57,"column":8},"end":{"line":57,"column":20}},"20":{"start":{"line":61,"column":8},"end":{"line":61,"column":41}},"21":{"start":{"line":65,"column":8},"end":{"line":65,"column":56}},"22":{"start":{"line":66,"column":8},"end":{"line":66,"column":80}},"23":{"start":{"line":67,"column":8},"end":{"line":67,"column":37}},"24":{"start":{"line":72,"column":8},"end":{"line":72,"column":45}}},"branchMap":{"1":{"line":21,"type":"if","locations":[{"start":{"line":21,"column":8},"end":{"line":21,"column":8}},{"start":{"line":21,"column":8},"end":{"line":21,"column":8}}]},"2":{"line":44,"type":"if","locations":[{"start":{"line":44,"column":12},"end":{"line":44,"column":12}},{"start":{"line":44,"column":12},"end":{"line":44,"column":12}}]},"3":{"line":66,"type":"if","locations":[{"start":{"line":66,"column":8},"end":{"line":66,"column":8}},{"start":{"line":66,"column":8},"end":{"line":66,"column":8}}]}}},"contracts/proxy4tests/NOIAToken.sol":{"l":{"6":5,"10":6},"path":"/home/fabianorodrigo/Projetos/bitbucket/solidity-test/workdir/noia-token/contracts/proxy4tests/NOIAToken.sol","s":{"1":5,"2":6},"b":{},"f":{"1":5,"2":6},"fnMap":{"1":{"name":"test_postTransfer","line":5,"loc":{"start":{"line":5,"column":7},"end":{"line":5,"column":80}}},"2":{"name":"test_burn","line":9,"loc":{"start":{"line":9,"column":3},"end":{"line":9,"column":62}}}},"statementMap":{"1":{"start":{"line":6,"column":4},"end":{"line":6,"column":31}},"2":{"start":{"line":10,"column":4},"end":{"line":10,"column":23}}},"branchMap":{}},"contracts/proxy4tests/NOIAVaultFactory.sol":{"l":{"7":1},"path":"/home/fabianorodrigo/Projetos/bitbucket/solidity-test/workdir/noia-token/contracts/proxy4tests/NOIAVaultFactory.sol","s":{"1":1},"b":{},"f":{"1":1,"2":1},"fnMap":{"1":{"name":"constructor","line":5,"loc":{"start":{"line":5,"column":6},"end":{"line":5,"column":131}}},"2":{"name":"testcreateClone","line":6,"loc":{"start":{"line":6,"column":3},"end":{"line":6,"column":69}}}},"statementMap":{"1":{"start":{"line":7,"column":4},"end":{"line":7,"column":30}}},"branchMap":{}},"contracts/TokenRecoverable.sol":{"l":{"12":2,"13":2,"14":0},"path":"/home/fabianorodrigo/Projetos/bitbucket/solidity-test/workdir/noia-token/contracts/TokenRecoverable.sol","s":{"1":2,"2":2,"3":0},"b":{"1":[0,2]},"f":{"1":2},"fnMap":{"1":{"name":"recoverTokens","line":11,"loc":{"start":{"line":11,"column":4},"end":{"line":11,"column":83}}}},"statementMap":{"1":{"start":{"line":12,"column":8},"end":{"line":12,"column":56}},"2":{"start":{"line":13,"column":8},"end":{"line":13,"column":80}},"3":{"start":{"line":14,"column":8},"end":{"line":14,"column":37}}},"branchMap":{"1":{"line":13,"type":"if","locations":[{"start":{"line":13,"column":8},"end":{"line":13,"column":8}},{"start":{"line":13,"column":8},"end":{"line":13,"column":8}}]}}}}