{"contracts/Helper.sol":{"l":{"14":1,"15":1,"19":1,"20":1,"24":1,"28":1,"29":1,"33":1,"34":1,"38":1,"39":0,"43":1,"44":1,"48":1,"49":1,"53":1,"54":1,"58":1,"59":1,"63":1,"64":1,"68":1,"69":1,"73":1,"74":1,"81":1,"82":1,"86":1,"87":0,"88":0,"92":1,"93":0,"102":1,"103":1,"107":1,"108":0,"111":0,"114":0,"125":1,"129":0},"path":"/home/fabianorodrigo/Projetos/bitbucket/solidity-test/workdir/Solidity-RLP/contracts/Helper.sol","s":{"1":1,"2":1,"3":1,"4":1,"5":1,"6":1,"7":1,"8":1,"9":1,"10":0,"11":1,"12":1,"13":1,"14":1,"15":1,"16":1,"17":1,"18":1,"19":1,"20":1,"21":1,"22":1,"23":1,"24":1,"25":1,"26":1,"27":1,"28":0,"29":0,"30":1,"31":0,"32":1,"33":1,"34":0,"35":1,"36":0,"37":1,"38":1,"39":1},"b":{"1":[0,1],"2":[0,1],"3":[0,1],"4":[1,0]},"f":{"1":1,"2":1,"3":1,"4":1,"5":1,"6":1,"7":1,"8":1,"9":1,"10":1,"11":1,"12":1,"13":1,"14":1,"15":1,"16":1},"fnMap":{"1":{"name":"isList","line":13,"loc":{"start":{"line":13,"column":4},"end":{"line":13,"column":63}}},"2":{"name":"itemLength","line":18,"loc":{"start":{"line":18,"column":4},"end":{"line":18,"column":67}}},"3":{"name":"rlpLen","line":27,"loc":{"start":{"line":27,"column":4},"end":{"line":27,"column":63}}},"4":{"name":"payloadLen","line":32,"loc":{"start":{"line":32,"column":4},"end":{"line":32,"column":67}}},"5":{"name":"numItems","line":37,"loc":{"start":{"line":37,"column":4},"end":{"line":37,"column":65}}},"6":{"name":"toRlpBytes","line":42,"loc":{"start":{"line":42,"column":4},"end":{"line":42,"column":75}}},"7":{"name":"toBytes","line":47,"loc":{"start":{"line":47,"column":4},"end":{"line":47,"column":72}}},"8":{"name":"toUint","line":52,"loc":{"start":{"line":52,"column":4},"end":{"line":52,"column":63}}},"9":{"name":"toUintStrict","line":57,"loc":{"start":{"line":57,"column":4},"end":{"line":57,"column":69}}},"10":{"name":"toAddress","line":62,"loc":{"start":{"line":62,"column":4},"end":{"line":62,"column":69}}},"11":{"name":"toBoolean","line":67,"loc":{"start":{"line":67,"column":4},"end":{"line":67,"column":66}}},"12":{"name":"bytesToString","line":72,"loc":{"start":{"line":72,"column":4},"end":{"line":72,"column":79}}},"13":{"name":"customDestructure","line":79,"loc":{"start":{"line":79,"column":4},"end":{"line":79,"column":89}}},"14":{"name":"customNestedDestructure","line":85,"loc":{"start":{"line":85,"column":4},"end":{"line":85,"column":89}}},"15":{"name":"customNestedToRlpBytes","line":91,"loc":{"start":{"line":91,"column":4},"end":{"line":91,"column":87}}},"16":{"name":"_itemLength","line":101,"loc":{"start":{"line":101,"column":4},"end":{"line":101,"column":67}}}},"statementMap":{"1":{"start":{"line":14,"column":8},"end":{"line":14,"column":59}},"2":{"start":{"line":15,"column":8},"end":{"line":15,"column":31}},"3":{"start":{"line":19,"column":8},"end":{"line":19,"column":19}},"4":{"start":{"line":24,"column":8},"end":{"line":24,"column":34}},"5":{"start":{"line":28,"column":8},"end":{"line":28,"column":59}},"6":{"start":{"line":29,"column":8},"end":{"line":29,"column":31}},"7":{"start":{"line":33,"column":8},"end":{"line":33,"column":59}},"8":{"start":{"line":34,"column":8},"end":{"line":34,"column":35}},"9":{"start":{"line":38,"column":8},"end":{"line":38,"column":70}},"10":{"start":{"line":39,"column":8},"end":{"line":39,"column":29}},"11":{"start":{"line":43,"column":8},"end":{"line":43,"column":59}},"12":{"start":{"line":44,"column":8},"end":{"line":44,"column":35}},"13":{"start":{"line":48,"column":8},"end":{"line":48,"column":59}},"14":{"start":{"line":49,"column":8},"end":{"line":49,"column":32}},"15":{"start":{"line":53,"column":8},"end":{"line":53,"column":59}},"16":{"start":{"line":54,"column":8},"end":{"line":54,"column":31}},"17":{"start":{"line":58,"column":8},"end":{"line":58,"column":59}},"18":{"start":{"line":59,"column":8},"end":{"line":59,"column":37}},"19":{"start":{"line":63,"column":8},"end":{"line":63,"column":59}},"20":{"start":{"line":64,"column":8},"end":{"line":64,"column":34}},"21":{"start":{"line":68,"column":8},"end":{"line":68,"column":59}},"22":{"start":{"line":69,"column":8},"end":{"line":69,"column":34}},"23":{"start":{"line":73,"column":8},"end":{"line":73,"column":59}},"24":{"start":{"line":74,"column":8},"end":{"line":74,"column":40}},"25":{"start":{"line":81,"column":8},"end":{"line":81,"column":68}},"26":{"start":{"line":82,"column":8},"end":{"line":82,"column":78}},"27":{"start":{"line":86,"column":8},"end":{"line":86,"column":68}},"28":{"start":{"line":87,"column":8},"end":{"line":87,"column":32}},"29":{"start":{"line":88,"column":8},"end":{"line":88,"column":56}},"30":{"start":{"line":92,"column":8},"end":{"line":92,"column":68}},"31":{"start":{"line":93,"column":8},"end":{"line":93,"column":36}},"32":{"start":{"line":102,"column":8},"end":{"line":102,"column":18}},"33":{"start":{"line":107,"column":8},"end":{"line":107,"column":3670}},"34":{"start":{"line":108,"column":12},"end":{"line":108,"column":20}},"35":{"start":{"line":110,"column":13},"end":{"line":110,"column":3746}},"36":{"start":{"line":111,"column":12},"end":{"line":111,"column":49}},"37":{"start":{"line":113,"column":13},"end":{"line":113,"column":3842}},"38":{"start":{"line":124,"column":13},"end":{"line":124,"column":4308}},"39":{"start":{"line":125,"column":12},"end":{"line":125,"column":47}}},"branchMap":{"1":{"line":107,"type":"if","locations":[{"start":{"line":107,"column":8},"end":{"line":107,"column":8}},{"start":{"line":107,"column":8},"end":{"line":107,"column":8}}]},"2":{"line":110,"type":"if","locations":[{"start":{"line":110,"column":13},"end":{"line":110,"column":13}},{"start":{"line":110,"column":13},"end":{"line":110,"column":13}}]},"3":{"line":113,"type":"if","locations":[{"start":{"line":113,"column":13},"end":{"line":113,"column":13}},{"start":{"line":113,"column":13},"end":{"line":113,"column":13}}]},"4":{"line":124,"type":"if","locations":[{"start":{"line":124,"column":13},"end":{"line":124,"column":13}},{"start":{"line":124,"column":13},"end":{"line":124,"column":13}}]}}},"contracts/proxy4tests/RLPReader.sol":{"l":{"10":1,"14":1,"18":1,"22":1,"26":2,"30":1,"34":2,"38":2,"42":3,"46":2,"50":2},"path":"/home/fabianorodrigo/Projetos/bitbucket/solidity-test/workdir/Solidity-RLP/contracts/proxy4tests/RLPReader.sol","s":{"1":1,"2":1,"3":1,"4":1,"5":2,"6":1,"7":2,"8":2,"9":3,"10":2,"11":2},"b":{},"f":{"1":1,"2":1,"3":1,"4":1,"5":2,"6":1,"7":2,"8":2,"9":3,"10":2,"11":2},"fnMap":{"1":{"name":"testtoRlpItem","line":9,"loc":{"start":{"line":9,"column":3},"end":{"line":9,"column":89}}},"2":{"name":"testrlpLen","line":13,"loc":{"start":{"line":13,"column":3},"end":{"line":13,"column":79}}},"3":{"name":"testpayloadLen","line":17,"loc":{"start":{"line":17,"column":3},"end":{"line":17,"column":83}}},"4":{"name":"testtoList","line":21,"loc":{"start":{"line":21,"column":3},"end":{"line":21,"column":100}}},"5":{"name":"testisList","line":25,"loc":{"start":{"line":25,"column":3},"end":{"line":25,"column":79}}},"6":{"name":"testtoRlpBytes","line":29,"loc":{"start":{"line":29,"column":3},"end":{"line":29,"column":90}}},"7":{"name":"testtoBoolean","line":33,"loc":{"start":{"line":33,"column":3},"end":{"line":33,"column":82}}},"8":{"name":"testtoAddress","line":37,"loc":{"start":{"line":37,"column":3},"end":{"line":37,"column":85}}},"9":{"name":"testtoUint","line":41,"loc":{"start":{"line":41,"column":3},"end":{"line":41,"column":79}}},"10":{"name":"testtoUintStrict","line":45,"loc":{"start":{"line":45,"column":3},"end":{"line":45,"column":85}}},"11":{"name":"testtoBytes","line":49,"loc":{"start":{"line":49,"column":3},"end":{"line":49,"column":87}}}},"statementMap":{"1":{"start":{"line":10,"column":4},"end":{"line":10,"column":27}},"2":{"start":{"line":14,"column":4},"end":{"line":14,"column":24}},"3":{"start":{"line":18,"column":4},"end":{"line":18,"column":28}},"4":{"start":{"line":22,"column":4},"end":{"line":22,"column":24}},"5":{"start":{"line":26,"column":4},"end":{"line":26,"column":24}},"6":{"start":{"line":30,"column":4},"end":{"line":30,"column":28}},"7":{"start":{"line":34,"column":4},"end":{"line":34,"column":27}},"8":{"start":{"line":38,"column":4},"end":{"line":38,"column":27}},"9":{"start":{"line":42,"column":4},"end":{"line":42,"column":24}},"10":{"start":{"line":46,"column":4},"end":{"line":46,"column":30}},"11":{"start":{"line":50,"column":4},"end":{"line":50,"column":25}}},"branchMap":{}},"contracts/RLPReader.sol":{"l":{"24":15,"25":15,"29":15,"36":2,"43":2,"50":5,"52":1,"53":1,"55":1,"56":1,"57":1,"58":3,"59":3,"60":3,"66":8,"68":7,"69":7,"70":7,"74":7,"75":5,"76":2,"83":2,"84":2,"86":2,"87":2,"91":2,"92":2,"97":3,"98":1,"99":1,"100":1,"104":1,"109":4,"111":1,"115":5,"117":3,"118":3,"120":3,"121":3,"122":3,"131":3,"137":3,"139":1,"140":1,"141":1,"145":1,"149":4,"151":3,"152":3,"153":3,"155":3,"156":3,"160":3,"161":3,"170":1,"172":1,"173":1,"174":1,"175":1,"176":3,"177":3,"180":1,"185":6,"186":6,"190":6,"191":4,"194":0,"197":0,"208":0,"212":2,"224":10,"225":10,"229":10,"230":5,"232":4,"234":0,"236":1,"245":5,"248":5,"249":10,"253":10,"254":10,"258":5,"259":5},"path":"/home/fabianorodrigo/Projetos/bitbucket/solidity-test/workdir/Solidity-RLP/contracts/RLPReader.sol","s":{"1":15,"2":15,"3":2,"4":2,"5":5,"6":1,"7":1,"8":1,"9":1,"10":1,"11":3,"12":3,"13":3,"14":8,"15":1,"16":7,"17":7,"18":7,"19":5,"20":2,"21":2,"22":2,"23":0,"24":2,"25":2,"26":2,"27":3,"28":1,"29":1,"30":1,"31":4,"32":1,"33":5,"34":3,"35":3,"36":3,"37":3,"38":3,"39":3,"40":1,"41":1,"42":1,"43":4,"44":3,"45":3,"46":3,"47":3,"48":3,"49":3,"50":1,"51":0,"52":1,"53":1,"54":1,"55":1,"56":3,"57":1,"58":6,"59":6,"60":4,"61":2,"62":0,"63":2,"64":2,"65":0,"66":10,"67":10,"68":5,"69":5,"70":4,"71":1,"72":0,"73":1,"74":5,"75":0,"76":5,"77":10,"78":10,"79":5},"b":{"1":[1,4],"2":[1,7],"3":[5,2],"4":[0,2],"5":[1,2],"6":[1,3],"7":[3,2],"8":[1,2],"9":[3,1],"10":[0,1],"11":[4,2],"12":[0,2],"13":[0,2],"14":[0,2],"15":[5,5],"16":[4,1],"17":[0,1],"18":[0,5]},"f":{"1":15,"2":2,"3":2,"4":5,"5":8,"6":2,"7":3,"8":4,"9":5,"10":3,"11":4,"12":1,"13":6,"14":10,"15":5},"fnMap":{"1":{"name":"toRlpItem","line":23,"loc":{"start":{"line":23,"column":4},"end":{"line":23,"column":78}}},"2":{"name":"rlpLen","line":35,"loc":{"start":{"line":35,"column":4},"end":{"line":35,"column":67}}},"3":{"name":"payloadLen","line":42,"loc":{"start":{"line":42,"column":4},"end":{"line":42,"column":71}}},"4":{"name":"toList","line":49,"loc":{"start":{"line":49,"column":4},"end":{"line":49,"column":86}}},"5":{"name":"isList","line":65,"loc":{"start":{"line":65,"column":4},"end":{"line":65,"column":67}}},"6":{"name":"toRlpBytes","line":82,"loc":{"start":{"line":82,"column":4},"end":{"line":82,"column":79}}},"7":{"name":"toBoolean","line":96,"loc":{"start":{"line":96,"column":4},"end":{"line":96,"column":70}}},"8":{"name":"toAddress","line":107,"loc":{"start":{"line":107,"column":4},"end":{"line":107,"column":73}}},"9":{"name":"toUint","line":114,"loc":{"start":{"line":114,"column":4},"end":{"line":114,"column":67}}},"10":{"name":"toUintStrict","line":135,"loc":{"start":{"line":135,"column":4},"end":{"line":135,"column":73}}},"11":{"name":"toBytes","line":148,"loc":{"start":{"line":148,"column":4},"end":{"line":148,"column":76}}},"12":{"name":"numItems","line":169,"loc":{"start":{"line":169,"column":4},"end":{"line":169,"column":68}}},"13":{"name":"_itemLength","line":184,"loc":{"start":{"line":184,"column":4},"end":{"line":184,"column":67}}},"14":{"name":"_payloadOffset","line":223,"loc":{"start":{"line":223,"column":4},"end":{"line":223,"column":66}}},"15":{"name":"copy","line":244,"loc":{"start":{"line":244,"column":4},"end":{"line":244,"column":59}}}},"statementMap":{"1":{"start":{"line":24,"column":8},"end":{"line":24,"column":19}},"2":{"start":{"line":29,"column":8},"end":{"line":29,"column":43}},"3":{"start":{"line":36,"column":8},"end":{"line":36,"column":23}},"4":{"start":{"line":43,"column":8},"end":{"line":43,"column":53}},"5":{"start":{"line":50,"column":8},"end":{"line":50,"column":28}},"6":{"start":{"line":52,"column":8},"end":{"line":52,"column":35}},"7":{"start":{"line":53,"column":8},"end":{"line":53,"column":36}},"8":{"start":{"line":55,"column":8},"end":{"line":55,"column":63}},"9":{"start":{"line":56,"column":8},"end":{"line":56,"column":20}},"10":{"start":{"line":57,"column":8},"end":{"line":57,"column":1413}},"11":{"start":{"line":58,"column":12},"end":{"line":58,"column":40}},"12":{"start":{"line":59,"column":12},"end":{"line":59,"column":47}},"13":{"start":{"line":60,"column":12},"end":{"line":60,"column":36}},"14":{"start":{"line":66,"column":8},"end":{"line":66,"column":39}},"15":{"start":{"line":66,"column":27},"end":{"line":66,"column":39}},"16":{"start":{"line":68,"column":8},"end":{"line":68,"column":19}},"17":{"start":{"line":69,"column":8},"end":{"line":69,"column":33}},"18":{"start":{"line":74,"column":8},"end":{"line":74,"column":1964}},"19":{"start":{"line":75,"column":12},"end":{"line":75,"column":24}},"20":{"start":{"line":76,"column":8},"end":{"line":76,"column":19}},"21":{"start":{"line":83,"column":8},"end":{"line":83,"column":49}},"22":{"start":{"line":84,"column":8},"end":{"line":84,"column":45}},"23":{"start":{"line":84,"column":32},"end":{"line":84,"column":45}},"24":{"start":{"line":86,"column":8},"end":{"line":86,"column":16}},"25":{"start":{"line":91,"column":8},"end":{"line":91,"column":39}},"26":{"start":{"line":92,"column":8},"end":{"line":92,"column":21}},"27":{"start":{"line":97,"column":8},"end":{"line":97,"column":29}},"28":{"start":{"line":98,"column":8},"end":{"line":98,"column":19}},"29":{"start":{"line":99,"column":8},"end":{"line":99,"column":33}},"30":{"start":{"line":104,"column":8},"end":{"line":104,"column":41}},"31":{"start":{"line":109,"column":8},"end":{"line":109,"column":30}},"32":{"start":{"line":111,"column":8},"end":{"line":111,"column":36}},"33":{"start":{"line":115,"column":8},"end":{"line":115,"column":46}},"34":{"start":{"line":117,"column":8},"end":{"line":117,"column":49}},"35":{"start":{"line":118,"column":8},"end":{"line":118,"column":36}},"36":{"start":{"line":120,"column":8},"end":{"line":120,"column":19}},"37":{"start":{"line":121,"column":8},"end":{"line":121,"column":42}},"38":{"start":{"line":131,"column":8},"end":{"line":131,"column":21}},"39":{"start":{"line":137,"column":8},"end":{"line":137,"column":30}},"40":{"start":{"line":139,"column":8},"end":{"line":139,"column":19}},"41":{"start":{"line":140,"column":8},"end":{"line":140,"column":37}},"42":{"start":{"line":145,"column":8},"end":{"line":145,"column":21}},"43":{"start":{"line":149,"column":8},"end":{"line":149,"column":28}},"44":{"start":{"line":151,"column":8},"end":{"line":151,"column":49}},"45":{"start":{"line":152,"column":8},"end":{"line":152,"column":36}},"46":{"start":{"line":153,"column":8},"end":{"line":153,"column":44}},"47":{"start":{"line":155,"column":8},"end":{"line":155,"column":20}},"48":{"start":{"line":160,"column":8},"end":{"line":160,"column":47}},"49":{"start":{"line":161,"column":8},"end":{"line":161,"column":21}},"50":{"start":{"line":170,"column":8},"end":{"line":170,"column":35}},"51":{"start":{"line":170,"column":27},"end":{"line":170,"column":35}},"52":{"start":{"line":172,"column":8},"end":{"line":172,"column":22}},"53":{"start":{"line":173,"column":8},"end":{"line":173,"column":64}},"54":{"start":{"line":174,"column":8},"end":{"line":174,"column":44}},"55":{"start":{"line":175,"column":8},"end":{"line":175,"column":4655}},"56":{"start":{"line":176,"column":11},"end":{"line":176,"column":50}},"57":{"start":{"line":180,"column":8},"end":{"line":180,"column":20}},"58":{"start":{"line":185,"column":8},"end":{"line":185,"column":18}},"59":{"start":{"line":190,"column":8},"end":{"line":190,"column":5033}},"60":{"start":{"line":191,"column":12},"end":{"line":191,"column":20}},"61":{"start":{"line":193,"column":13},"end":{"line":193,"column":5109}},"62":{"start":{"line":194,"column":12},"end":{"line":194,"column":49}},"63":{"start":{"line":196,"column":13},"end":{"line":196,"column":5205}},"64":{"start":{"line":207,"column":13},"end":{"line":207,"column":5671}},"65":{"start":{"line":208,"column":12},"end":{"line":208,"column":47}},"66":{"start":{"line":224,"column":8},"end":{"line":224,"column":18}},"67":{"start":{"line":229,"column":8},"end":{"line":229,"column":6356}},"68":{"start":{"line":230,"column":12},"end":{"line":230,"column":20}},"69":{"start":{"line":231,"column":13},"end":{"line":231,"column":6424}},"70":{"start":{"line":232,"column":12},"end":{"line":232,"column":20}},"71":{"start":{"line":233,"column":13},"end":{"line":233,"column":6548}},"72":{"start":{"line":234,"column":12},"end":{"line":234,"column":54}},"73":{"start":{"line":236,"column":12},"end":{"line":236,"column":52}},"74":{"start":{"line":245,"column":8},"end":{"line":245,"column":28}},"75":{"start":{"line":245,"column":22},"end":{"line":245,"column":28}},"76":{"start":{"line":248,"column":8},"end":{"line":248,"column":6981}},"77":{"start":{"line":253,"column":12},"end":{"line":253,"column":27}},"78":{"start":{"line":254,"column":12},"end":{"line":254,"column":28}},"79":{"start":{"line":258,"column":8},"end":{"line":258,"column":48}}},"branchMap":{"1":{"line":50,"type":"if","locations":[{"start":{"line":50,"column":8},"end":{"line":50,"column":8}},{"start":{"line":50,"column":8},"end":{"line":50,"column":8}}]},"2":{"line":66,"type":"if","locations":[{"start":{"line":66,"column":8},"end":{"line":66,"column":8}},{"start":{"line":66,"column":8},"end":{"line":66,"column":8}}]},"3":{"line":74,"type":"if","locations":[{"start":{"line":74,"column":8},"end":{"line":74,"column":8}},{"start":{"line":74,"column":8},"end":{"line":74,"column":8}}]},"4":{"line":84,"type":"if","locations":[{"start":{"line":84,"column":8},"end":{"line":84,"column":8}},{"start":{"line":84,"column":8},"end":{"line":84,"column":8}}]},"5":{"line":97,"type":"if","locations":[{"start":{"line":97,"column":8},"end":{"line":97,"column":8}},{"start":{"line":97,"column":8},"end":{"line":97,"column":8}}]},"6":{"line":109,"type":"if","locations":[{"start":{"line":109,"column":8},"end":{"line":109,"column":8}},{"start":{"line":109,"column":8},"end":{"line":109,"column":8}}]},"7":{"line":115,"type":"if","locations":[{"start":{"line":115,"column":8},"end":{"line":115,"column":8}},{"start":{"line":115,"column":8},"end":{"line":115,"column":8}}]},"8":{"line":137,"type":"if","locations":[{"start":{"line":137,"column":8},"end":{"line":137,"column":8}},{"start":{"line":137,"column":8},"end":{"line":137,"column":8}}]},"9":{"line":149,"type":"if","locations":[{"start":{"line":149,"column":8},"end":{"line":149,"column":8}},{"start":{"line":149,"column":8},"end":{"line":149,"column":8}}]},"10":{"line":170,"type":"if","locations":[{"start":{"line":170,"column":8},"end":{"line":170,"column":8}},{"start":{"line":170,"column":8},"end":{"line":170,"column":8}}]},"11":{"line":190,"type":"if","locations":[{"start":{"line":190,"column":8},"end":{"line":190,"column":8}},{"start":{"line":190,"column":8},"end":{"line":190,"column":8}}]},"12":{"line":193,"type":"if","locations":[{"start":{"line":193,"column":13},"end":{"line":193,"column":13}},{"start":{"line":193,"column":13},"end":{"line":193,"column":13}}]},"13":{"line":196,"type":"if","locations":[{"start":{"line":196,"column":13},"end":{"line":196,"column":13}},{"start":{"line":196,"column":13},"end":{"line":196,"column":13}}]},"14":{"line":207,"type":"if","locations":[{"start":{"line":207,"column":13},"end":{"line":207,"column":13}},{"start":{"line":207,"column":13},"end":{"line":207,"column":13}}]},"15":{"line":229,"type":"if","locations":[{"start":{"line":229,"column":8},"end":{"line":229,"column":8}},{"start":{"line":229,"column":8},"end":{"line":229,"column":8}}]},"16":{"line":231,"type":"if","locations":[{"start":{"line":231,"column":13},"end":{"line":231,"column":13}},{"start":{"line":231,"column":13},"end":{"line":231,"column":13}}]},"17":{"line":233,"type":"if","locations":[{"start":{"line":233,"column":13},"end":{"line":233,"column":13}},{"start":{"line":233,"column":13},"end":{"line":233,"column":13}}]},"18":{"line":245,"type":"if","locations":[{"start":{"line":245,"column":8},"end":{"line":245,"column":8}},{"start":{"line":245,"column":8},"end":{"line":245,"column":8}}]}}}}