{"contracts/AclStorage.sol":{"l":{},"path":"/home/fabianorodrigo/Projetos/bitbucket/solidity-test/workdir/secretstore-acl/contracts/AclStorage.sol","s":{},"b":{},"f":{},"fnMap":{},"statementMap":{},"branchMap":{}},"contracts/OnceTransferablePermission.sol":{"l":{"36":1,"37":1,"42":1,"43":1,"44":1,"49":2,"51":2,"52":2,"53":0,"54":0},"path":"/home/fabianorodrigo/Projetos/bitbucket/solidity-test/workdir/secretstore-acl/contracts/OnceTransferablePermission.sol","s":{"1":1,"2":1,"3":1,"4":1,"5":1,"6":2,"7":2,"8":2,"9":0,"10":0},"b":{"1":[1,0],"2":[2,0],"3":[0,2]},"f":{"1":1,"2":1,"3":2},"fnMap":{"1":{"name":"checkPermissions","line":35,"loc":{"start":{"line":35,"column":1},"end":{"line":35,"column":100}}},"2":{"name":"createKey","line":41,"loc":{"start":{"line":41,"column":1},"end":{"line":41,"column":48}}},"3":{"name":"transferPermission","line":48,"loc":{"start":{"line":48,"column":1},"end":{"line":48,"column":75}}}},"statementMap":{"1":{"start":{"line":36,"column":2},"end":{"line":36,"column":41}},"2":{"start":{"line":37,"column":2},"end":{"line":37,"column":31}},"3":{"start":{"line":42,"column":2},"end":{"line":42,"column":41}},"4":{"start":{"line":43,"column":2},"end":{"line":43,"column":33}},"5":{"start":{"line":44,"column":2},"end":{"line":44,"column":23}},"6":{"start":{"line":49,"column":2},"end":{"line":49,"column":32}},"7":{"start":{"line":51,"column":2},"end":{"line":51,"column":41}},"8":{"start":{"line":52,"column":2},"end":{"line":52,"column":54}},"9":{"start":{"line":53,"column":2},"end":{"line":53,"column":24}},"10":{"start":{"line":54,"column":2},"end":{"line":54,"column":21}}},"branchMap":{"1":{"line":43,"type":"if","locations":[{"start":{"line":43,"column":2},"end":{"line":43,"column":2}},{"start":{"line":43,"column":2},"end":{"line":43,"column":2}}]},"2":{"line":49,"type":"if","locations":[{"start":{"line":49,"column":2},"end":{"line":49,"column":2}},{"start":{"line":49,"column":2},"end":{"line":49,"column":2}}]},"3":{"line":52,"type":"if","locations":[{"start":{"line":52,"column":2},"end":{"line":52,"column":2}},{"start":{"line":52,"column":2},"end":{"line":52,"column":2}}]}}}}